#
# There is insufficient memory for the Java Runtime Environment to continue.
# Native memory allocation (mmap) failed to map 67108864 bytes for G1 virtual space
# Possible reasons:
#   The system is out of physical RAM or swap space
#   The process is running with CompressedOops enabled, and the Java Heap may be blocking the growth of the native heap
# Possible solutions:
#   Reduce memory load on the system
#   Increase physical memory or swap space
#   Check if swap backing store is full
#   Decrease Java heap size (-Xmx/-Xms)
#   Decrease number of Java threads
#   Decrease Java thread stack sizes (-Xss)
#   Set larger code cache with -XX:ReservedCodeCacheSize=
#   JVM is running with Unscaled Compressed Oops mode in which the Java heap is
#     placed in the first 4GB address space. The Java Heap base address is the
#     maximum limit for the native heap growth. Please use -XX:HeapBaseMinAddress
#     to set the Java Heap base and to place the Java Heap above 4GB virtual address.
# This output file may be truncated or incomplete.
#
#  Out of Memory Error (./open/src/hotspot/os/windows/os_windows.cpp:3321), pid=8180, tid=19328
#
# JRE version:  (15.0.2+7) (build )
# Java VM: Java HotSpot(TM) 64-Bit Server VM (15.0.2+7-27, mixed mode, sharing, tiered, compressed oops, g1 gc, windows-amd64)
# No core dump will be written. Minidumps are not enabled by default on client versions of Windows
#

---------------  S U M M A R Y ------------

Command Line: -Xmx64m -Xms64m -Dorg.gradle.appname=gradlew org.gradle.wrapper.GradleWrapperMain app:installDebug -PreactNativeDevServerPort=8081

Host: Intel(R) Core(TM) i5-6300U CPU @ 2.40GHz, 4 cores, 3G,  Windows 10 , 64 bit Build 19041 (10.0.19041.928)
Time: Wed Apr 28 08:27:14 2021 Pakistan Standard Time elapsed time: 0.056858 seconds (0d 0h 0m 0s)

---------------  T H R E A D  ---------------

Current thread (0x000001b26cf6bfe0):  JavaThread "Unknown thread" [_thread_in_vm, id=19328, stack(0x0000002130800000,0x0000002130900000)]

Stack: [0x0000002130800000,0x0000002130900000]
Native frames: (J=compiled Java code, j=interpreted, Vv=VM code, C=native code)
V  [jvm.dll+0x62ae9a]
V  [jvm.dll+0x7817a9]
V  [jvm.dll+0x782f03]
V  [jvm.dll+0x783563]
V  [jvm.dll+0x216325]
V  [jvm.dll+0x6281d9]
V  [jvm.dll+0x61cf55]
V  [jvm.dll+0x2cffdd]
V  [jvm.dll+0x2cfe42]
V  [jvm.dll+0x2d5e1c]
V  [jvm.dll+0x32590a]
V  [jvm.dll+0x324fd4]
V  [jvm.dll+0x2a6f5a]
V  [jvm.dll+0x2a80f8]
V  [jvm.dll+0x75e241]
V  [jvm.dll+0x3341c4]
V  [jvm.dll+0x73e926]
V  [jvm.dll+0x3b7557]
V  [jvm.dll+0x3b8fe1]
C  [jli.dll+0x52fb]
C  [ucrtbase.dll+0x21bb2]
C  [KERNEL32.DLL+0x17034]
C  [ntdll.dll+0x52651]


---------------  P R O C E S S  ---------------

Threads class SMR info:
_java_thread_list=0x00007fffff3d4ff0, length=0, elements={
}

Java Threads: ( => current thread )

Other Threads:
  0x000001b26cf8bd30 GCTaskThread "GC Thread#0" [stack: 0x0000002130900000,0x0000002130a00000] [id=17452]
  0x000001b26cf8d680 ConcurrentGCThread "G1 Main Marker" [stack: 0x0000002130a00000,0x0000002130b00000] [id=1068]
  0x000001b26cf8eae0 ConcurrentGCThread "G1 Conc#0" [stack: 0x0000002130b00000,0x0000002130c00000] [id=10828]

[error occurred during error reporting (printing all threads), id 0xc0000005, EXCEPTION_ACCESS_VIOLATION (0xc0000005) at pc=0x00007ffffebc7e27]

VM state: not at safepoint (not fully initialized)

VM Mutex/Monitor currently owned by a thread:  ([mutex/lock_event])
[0x000001b26cf662b0] Heap_lock - owner thread: 0x000001b26cf6bfe0

Heap address: 0x00000000fc000000, size: 64 MB, Compressed Oops mode: 32-bit
CDS archive(s) mapped at: [0x0000000000000000-0x0000000000000000-0x0000000000000000), size 0, SharedBaseAddress: 0x0000000800000000, ArchiveRelocationMode: 0.
Narrow klass base: 0x0000000000000000, Narrow klass shift: 0, Narrow klass range: 0x0

Heap:
 garbage-first heap   total 65536K, used 0K [0x00000000fc000000, 0x0000000100000000)
  region size 1024K, 0 young (0K), 0 survivors (0K)
 Metaspace       used 0K, capacity 0K, committed 0K, reserved 0K
  class space    used 0K, capacity 0K, committed 0K, reserved 0K

Heap Regions: E=young(eden), S=young(survivor), O=old, HS=humongous(starts), HC=humongous(continues), CS=collection set, F=free, OA=open archive, CA=closed archive, TAMS=top-at-mark-start (previous, next)

Card table byte_map: [0x000001b276fb0000,0x000001b276fd0000] _byte_map_base: 0x000001b2767d0000

Marking Bits (Prev, Next): (CMBitMap*) 0x000001b26cf8c520, (CMBitMap*) 0x000001b26cf8c560
 Prev Bits: [0x000001b276ff0000, 0x000001b2770f0000)
 Next Bits: [0x000001b2770f0000, 0x000001b2771f0000)

GC Heap History (0 events):
No events

Deoptimization events (0 events):
No events

Classes unloaded (0 events):
No events

Classes redefined (0 events):
No events

Internal exceptions (0 events):
No events

Events (1 events):
Event: 0.028 Loaded shared library C:\Program Files\Java\jdk-15.0.2\bin\java.dll


Dynamic libraries:
0x00007ff701450000 - 0x00007ff70145f000 	C:\Program Files\Java\jdk-15.0.2\bin\java.exe
0x00007ff8535b0000 - 0x00007ff8537a5000 	C:\WINDOWS\SYSTEM32\ntdll.dll
0x00007ff81cb40000 - 0x00007ff81cb53000 	C:\Program Files\AVAST Software\Avast\aswhook.dll
0x00007ff851640000 - 0x00007ff8516fd000 	C:\WINDOWS\System32\KERNEL32.DLL
0x00007ff851210000 - 0x00007ff8514d8000 	C:\WINDOWS\System32\KERNELBASE.dll
0x00007ff850cf0000 - 0x00007ff850df0000 	C:\WINDOWS\System32\ucrtbase.dll
0x00007ff84b6d0000 - 0x00007ff84b6e8000 	C:\Program Files\Java\jdk-15.0.2\bin\jli.dll
0x00007ff8534c0000 - 0x00007ff85356c000 	C:\WINDOWS\System32\ADVAPI32.dll
0x00007ff852de0000 - 0x00007ff852e7e000 	C:\WINDOWS\System32\msvcrt.dll
0x00007ff8531e0000 - 0x00007ff85327b000 	C:\WINDOWS\System32\sechost.dll
0x00007ff851b30000 - 0x00007ff851c5b000 	C:\WINDOWS\System32\RPCRT4.dll
0x00007ff849fd0000 - 0x00007ff849fe9000 	C:\Program Files\Java\jdk-15.0.2\bin\VCRUNTIME140.dll
0x00007ff851d20000 - 0x00007ff851ec0000 	C:\WINDOWS\System32\USER32.dll
0x00007ff8514e0000 - 0x00007ff851502000 	C:\WINDOWS\System32\win32u.dll
0x00007ff851610000 - 0x00007ff85163a000 	C:\WINDOWS\System32\GDI32.dll
0x00007ff851100000 - 0x00007ff85120b000 	C:\WINDOWS\System32\gdi32full.dll
0x00007ff851570000 - 0x00007ff85160d000 	C:\WINDOWS\System32\msvcp_win.dll
0x00007ff81ef70000 - 0x00007ff81f20a000 	C:\WINDOWS\WinSxS\amd64_microsoft.windows.common-controls_6595b64144ccf1df_6.0.19041.844_none_ca00b6081b84eb1d\COMCTL32.dll
0x00007ff84c810000 - 0x00007ff84c81a000 	C:\WINDOWS\SYSTEM32\VERSION.dll
0x00007ff851a30000 - 0x00007ff851a60000 	C:\WINDOWS\System32\IMM32.DLL
0x00007ff84b3f0000 - 0x00007ff84b3fc000 	C:\Program Files\Java\jdk-15.0.2\bin\vcruntime140_1.dll
0x00007ff804200000 - 0x00007ff804291000 	C:\Program Files\Java\jdk-15.0.2\bin\msvcp140.dll
0x00007ffffe910000 - 0x00007fffff46e000 	C:\Program Files\Java\jdk-15.0.2\bin\server\jvm.dll
0x00007ff851c60000 - 0x00007ff851c68000 	C:\WINDOWS\System32\PSAPI.DLL
0x00007ff842a60000 - 0x00007ff842a69000 	C:\WINDOWS\SYSTEM32\WSOCK32.dll
0x00007ff852430000 - 0x00007ff85249b000 	C:\WINDOWS\System32\WS2_32.dll
0x00007ff828a70000 - 0x00007ff828a97000 	C:\WINDOWS\SYSTEM32\WINMM.dll
0x00007ff84ec30000 - 0x00007ff84ec42000 	C:\WINDOWS\SYSTEM32\kernel.appcore.dll
0x00007ff84b390000 - 0x00007ff84b39a000 	C:\Program Files\Java\jdk-15.0.2\bin\jimage.dll
0x00007ff84c140000 - 0x00007ff84c324000 	C:\WINDOWS\SYSTEM32\DBGHELP.DLL
0x00007ff84be60000 - 0x00007ff84be8c000 	C:\WINDOWS\SYSTEM32\dbgcore.DLL
0x00007ff850fa0000 - 0x00007ff851020000 	C:\WINDOWS\System32\bcryptPrimitives.dll
0x00007ff849d20000 - 0x00007ff849d45000 	C:\Program Files\Java\jdk-15.0.2\bin\java.dll

dbghelp: loaded successfully - version: 4.0.5 - missing functions: none
symbol engine: initialized successfully - sym options: 0x614 - pdb path: .;C:\Program Files\Java\jdk-15.0.2\bin;C:\WINDOWS\SYSTEM32;C:\Program Files\AVAST Software\Avast;C:\WINDOWS\WinSxS\amd64_microsoft.windows.common-controls_6595b64144ccf1df_6.0.19041.844_none_ca00b6081b84eb1d;C:\Program Files\Java\jdk-15.0.2\bin\server

VM Arguments:
jvm_args: -Xmx64m -Xms64m -Dorg.gradle.appname=gradlew 
java_command: org.gradle.wrapper.GradleWrapperMain app:installDebug -PreactNativeDevServerPort=8081
java_class_path (initial): C:\Users\Abdullah\Desktop\reactnative\AwesomeProject\android\\gradle\wrapper\gradle-wrapper.jar
Launcher Type: SUN_STANDARD

[Global flags]
     intx CICompilerCount                          = 3                                         {product} {ergonomic}
     uint ConcGCThreads                            = 1                                         {product} {ergonomic}
     uint G1ConcRefinementThreads                  = 4                                         {product} {ergonomic}
   size_t G1HeapRegionSize                         = 1048576                                   {product} {ergonomic}
    uintx GCDrainStackTargetSize                   = 64                                        {product} {ergonomic}
   size_t InitialHeapSize                          = 67108864                                  {product} {command line}
   size_t MarkStackSize                            = 4194304                                   {product} {ergonomic}
   size_t MaxHeapSize                              = 67108864                                  {product} {command line}
   size_t MinHeapDeltaBytes                        = 1048576                                   {product} {ergonomic}
   size_t MinHeapSize                              = 67108864                                  {product} {command line}
    uintx NonNMethodCodeHeapSize                   = 5832780                                {pd product} {ergonomic}
    uintx NonProfiledCodeHeapSize                  = 122912730                              {pd product} {ergonomic}
    uintx ProfiledCodeHeapSize                     = 122912730                              {pd product} {ergonomic}
    uintx ReservedCodeCacheSize                    = 251658240                              {pd product} {ergonomic}
     bool SegmentedCodeCache                       = true                                      {product} {ergonomic}
   size_t SoftMaxHeapSize                          = 67108864                               {manageable} {ergonomic}
     bool UseCompressedClassPointers               = true                                 {lp64_product} {ergonomic}
     bool UseCompressedOops                        = true                                 {lp64_product} {ergonomic}
     bool UseG1GC                                  = true                                      {product} {ergonomic}
     bool UseLargePagesIndividualAllocation        = false                                  {pd product} {ergonomic}

Logging:
Log output configuration:
 #0: stdout all=warning uptime,level,tags
 #1: stderr all=off uptime,level,tags

Environment Variables:
JAVA_HOME=C:\Program Files\Java\jdk-15.0.2
CLASSPATH=C:\Users\Abdullah\Desktop\reactnative\AwesomeProject\android\\gradle\wrapper\gradle-wrapper.jar
PATH=C:\Users\Abdullah\Desktop\reactnative\AwesomeProject\android\node_modules\.bin;C:\Users\Abdullah\Desktop\reactnative\AwesomeProject\node_modules\.bin;C:\Users\Abdullah\Desktop\reactnative\node_modules\.bin;C:\Users\Abdullah\Desktop\node_modules\.bin;C:\Users\Abdullah\node_modules\.bin;C:\Users\node_modules\.bin;C:\node_modules\.bin;C:\Program Files\nodejs;C:\Users\Abdullah\Desktop\reactnative\AwesomeProject\node_modules\.bin;C:\Program Files\Common Files\Oracle\Java\javapath;C:\ProgramData\Oracle\Java\javapath;C:\WINDOWS\system32;C:\WINDOWS;C:\WINDOWS\System32\Wbem;C:\WINDOWS\System32\WindowsPowerShell\v1.0\;E:\Program Files\MATLAB\MATLAB Production Server\R2015a\runtime\win64;E:\Program Files\MATLAB\MATLAB Production Server\R2015a\bin;C:\Program Files\MATLAB\MATLAB Production Server\R2015a\runtime\win64;C:\Program Files\MATLAB\MATLAB Production Server\R2015a\bin;C:\Program Files\MATLAB\MATLAB Production Server\R2015a\polyspace\bin;C:\WINDOWS\System32\OpenSSH\;E:\Program Files\MATLAB\MATLAB Production Server\R2015a\polyspace\bin;C:\Program Files\Git\cmd;C:\Program Files\Microsoft SQL Server\130\Tools\Binn\;C:\Program Files\Microsoft SQL Server\Client SDK\ODBC\170\Tools\Binn\;C:\Program Files\dotnet\;C:\Program Files\nodejs\;C:\Program Files\Microsoft SQL Server\Client SDK\ODBC\110\Tools\Binn\;C:\Program Files (x86)\Microsoft SQL Server\120\Tools\Binn\;C:\Program Files\Microsoft SQL Server\120\Tools\Binn\;C:\Program Files\Microsoft SQL Server\120\DTS\Binn\;C:\Program Files (x86)\Microsoft SQL Server\120\Tools\Binn\ManagementStudio\;C:\Program Files (x86)\Microsoft SQL Server\120\DTS\Binn\;D:\OpenSSL-Win64\bin;D:\Tesseract-OCR;C:\Program Files\Java\jdk-15.0.2\bin;C:\Users\Abdullah\AppData\Local\Microsoft\WindowsApps;C:\Users\Abdullah\AppData\Local\Programs\Microsoft VS Code\bin;C:\Users\Abdullah\AppData\Roaming\npm;C:\Program Files\heroku\bin;C:\Users\Abdullah\AppData\Local\Programs\Python\Python38-32\Scripts;C:\Users\Abdullah\AppData\Local\Programs\Python\Python38-
USERNAME=Abdullah
LANG=en_US.UTF-8
OS=Windows_NT
PROCESSOR_IDENTIFIER=Intel64 Family 6 Model 78 Stepping 3, GenuineIntel



---------------  S Y S T E M  ---------------

OS:
 Windows 10 , 64 bit Build 19041 (10.0.19041.928)
OS uptime: 11 days 7:57 hours

CPU: total 4 (initial active 4) (2 cores per cpu, 2 threads per core) family 6 model 78 stepping 3 microcode 0xd6, cmov, cx8, fxsr, mmx, sse, sse2, sse3, ssse3, sse4.1, sse4.2, popcnt, vzeroupper, avx, avx2, aes, clmul, erms, rtm, 3dnowpref, lzcnt, ht, tsc, tscinvbit, bmi1, bmi2, adx, fma, clflush, clflushopt

Memory: 4k page, system-wide physical 3992M (369M free)
TotalPageFile size 13775M (AvailPageFile size 56M)
current process WorkingSet (physical memory assigned to process): 10M, peak: 10M
current process commit charge ("private bytes"): 51M, peak: 115M

vm_info: Java HotSpot(TM) 64-Bit Server VM (15.0.2+7-27) for windows-amd64 JRE (15.0.2+7-27), built on Dec  7 2020 20:07:01 by "mach5one" with unknown MS VC++:1925

END.
