#
# There is insufficient memory for the Java Runtime Environment to continue.
# Native memory allocation (mmap) failed to map 780140544 bytes for G1 virtual space
# Possible reasons:
#   The system is out of physical RAM or swap space
#   The process is running with CompressedOops enabled, and the Java Heap may be blocking the growth of the native heap
# Possible solutions:
#   Reduce memory load on the system
#   Increase physical memory or swap space
#   Check if swap backing store is full
#   Decrease Java heap size (-Xmx/-Xms)
#   Decrease number of Java threads
#   Decrease Java thread stack sizes (-Xss)
#   Set larger code cache with -XX:ReservedCodeCacheSize=
#   JVM is running with Zero Based Compressed Oops mode in which the Java heap is
#     placed in the first 32GB address space. The Java Heap base address is the
#     maximum limit for the native heap growth. Please use -XX:HeapBaseMinAddress
#     to set the Java Heap base and to place the Java Heap above 32GB virtual address.
# This output file may be truncated or incomplete.
#
#  Out of Memory Error (./open/src/hotspot/os/windows/os_windows.cpp:3321), pid=13220, tid=18344
#
# JRE version: Java(TM) SE Runtime Environment (15.0.2+7) (build 15.0.2+7-27)
# Java VM: Java HotSpot(TM) 64-Bit Server VM (15.0.2+7-27, mixed mode, sharing, tiered, compressed oops, g1 gc, windows-amd64)
# No core dump will be written. Minidumps are not enabled by default on client versions of Windows
#

---------------  S U M M A R Y ------------

Command Line: --add-opens=java.base/java.util=ALL-UNNAMED --add-opens=java.base/java.lang=ALL-UNNAMED --add-opens=java.base/java.lang.invoke=ALL-UNNAMED --add-opens=java.prefs/java.util.prefs=ALL-UNNAMED -Xmx4608m -Dfile.encoding=windows-1252 -Duser.country=US -Duser.language=en -Duser.variant org.gradle.launcher.daemon.bootstrap.GradleDaemon 6.3

Host: Intel(R) Core(TM) i5-6300U CPU @ 2.40GHz, 4 cores, 3G,  Windows 10 , 64 bit Build 19041 (10.0.19041.1023)
Time: Mon Jul  5 19:40:50 2021 Pakistan Standard Time elapsed time: 50.619094 seconds (0d 0h 0m 50s)

---------------  T H R E A D  ---------------

Current thread (0x000001387ea86fe0):  VMThread "VM Thread" [stack: 0x00000014df600000,0x00000014df700000] [id=18344]

Stack: [0x00000014df600000,0x00000014df700000]
[error occurred during error reporting (printing stack bounds), id 0xc0000005, EXCEPTION_ACCESS_VIOLATION (0xc0000005) at pc=0x000001386bb010ad]

Native frames: (J=compiled Java code, j=interpreted, Vv=VM code, C=native code)
V  [jvm.dll+0x62ae9a]
V  [jvm.dll+0x7817a9]
V  [jvm.dll+0x782f03]
V  [jvm.dll+0x7834c5]
V  [jvm.dll+0x78347b]
V  [jvm.dll+0x62a2b9]
V  [jvm.dll+0x62aa88]
C  [ntdll.dll+0xa217f]
C  [ntdll.dll+0x51454]
C  [ntdll.dll+0xa0cae]
C  0x000001386bb010ad

VM_Operation (0x00000014e31fec00): G1CollectForAllocation, mode: safepoint, requested by thread 0x0000013810cfe530


---------------  P R O C E S S  ---------------

Threads class SMR info:
_java_thread_list=0x000001380c6b91f0, length=50, elements={
0x00000138638cea50, 0x000001387ea88500, 0x000001387ea88fe0, 0x000001387eaa07c0,
0x000001387eaa3190, 0x000001387eaa3c40, 0x000001387eaa7770, 0x000001387eaaaf00,
0x000001387eab4620, 0x000001387f4e6920, 0x000001387f4eede0, 0x0000013809411430,
0x000001387f5e1760, 0x0000013809d10de0, 0x0000013809eb2070, 0x000001380a4488b0,
0x0000013809716db0, 0x0000013809717280, 0x000001380a1a0230, 0x000001380968e500,
0x000001380a007460, 0x000001380a007930, 0x000001380a006f90, 0x000001380a007e00,
0x000001380a0082d0, 0x000001380a0087a0, 0x000001380c28c170, 0x000001380c28bca0,
0x000001380c28c640, 0x000001380c28cb10, 0x000001380c28cfe0, 0x000001380c28fb30,
0x000001380c28b7d0, 0x000001380c28a960, 0x000001380c289620, 0x000001380c28d980,
0x000001380c290000, 0x000001380c28ae30, 0x000001380c28b300, 0x0000013810d03230,
0x0000013810d058b0, 0x0000013810d03bd0, 0x0000013810d02d60, 0x0000013810cfeed0,
0x0000013810d02890, 0x0000013810d04f10, 0x0000013810d01550, 0x0000013810d01080,
0x0000013810d04a40, 0x0000013810cfe530
}

Java Threads: ( => current thread )
  0x00000138638cea50 JavaThread "main" [_thread_blocked, id=3492, stack(0x00000014df000000,0x00000014df100000)]
  0x000001387ea88500 JavaThread "Reference Handler" daemon [_thread_blocked, id=3320, stack(0x00000014df700000,0x00000014df800000)]
  0x000001387ea88fe0 JavaThread "Finalizer" daemon [_thread_blocked, id=11460, stack(0x00000014df800000,0x00000014df900000)]
  0x000001387eaa07c0 JavaThread "Signal Dispatcher" daemon [_thread_blocked, id=19960, stack(0x00000014df900000,0x00000014dfa00000)]
  0x000001387eaa3190 JavaThread "Attach Listener" daemon [_thread_blocked, id=17044, stack(0x00000014dfa00000,0x00000014dfb00000)]
  0x000001387eaa3c40 JavaThread "Service Thread" daemon [_thread_blocked, id=20232, stack(0x00000014dfb00000,0x00000014dfc00000)]
  0x000001387eaa7770 JavaThread "C2 CompilerThread0" daemon [_thread_blocked, id=13928, stack(0x00000014dfc00000,0x00000014dfd00000)]
  0x000001387eaaaf00 JavaThread "C1 CompilerThread0" daemon [_thread_blocked, id=19312, stack(0x00000014dfd00000,0x00000014dfe00000)]
  0x000001387eab4620 JavaThread "Sweeper thread" daemon [_thread_blocked, id=17212, stack(0x00000014dfe00000,0x00000014dff00000)]
  0x000001387f4e6920 JavaThread "Common-Cleaner" daemon [_thread_blocked, id=8176, stack(0x00000014dff00000,0x00000014e0000000)]
  0x000001387f4eede0 JavaThread "Notification Thread" daemon [_thread_blocked, id=10748, stack(0x00000014e0000000,0x00000014e0100000)]
  0x0000013809411430 JavaThread "Daemon health stats" [_thread_blocked, id=19044, stack(0x00000014e0400000,0x00000014e0500000)]
  0x000001387f5e1760 JavaThread "Incoming local TCP Connector on port 59694" [_thread_in_native, id=19920, stack(0x00000014e0200000,0x00000014e0300000)]
  0x0000013809d10de0 JavaThread "Daemon periodic checks" [_thread_blocked, id=18756, stack(0x00000014e0700000,0x00000014e0800000)]
  0x0000013809eb2070 JavaThread "Daemon" [_thread_blocked, id=6648, stack(0x00000014e0800000,0x00000014e0900000)]
  0x000001380a4488b0 JavaThread "Handler for socket connection from /127.0.0.1:59694 to /127.0.0.1:59695" [_thread_in_native, id=15100, stack(0x00000014e0900000,0x00000014e0a00000)]
  0x0000013809716db0 JavaThread "Cancel handler" [_thread_blocked, id=16000, stack(0x00000014e0a00000,0x00000014e0b00000)]
  0x0000013809717280 JavaThread "Daemon worker" [_thread_blocked, id=19864, stack(0x00000014e0b00000,0x00000014e0c00000)]
  0x000001380a1a0230 JavaThread "Asynchronous log dispatcher for DefaultDaemonConnection: socket connection from /127.0.0.1:59694 to /127.0.0.1:59695" [_thread_blocked, id=18312, stack(0x00000014e0c00000,0x00000014e0d00000)]
  0x000001380968e500 JavaThread "Stdin handler" [_thread_blocked, id=11608, stack(0x00000014e0d00000,0x00000014e0e00000)]
  0x000001380a007460 JavaThread "Thread-8" [_thread_blocked, id=18488, stack(0x00000014e0e00000,0x00000014e0f00000)]
  0x000001380a007930 JavaThread "Cache worker for journal cache (C:\Users\Abdullah\.gradle\caches\journal-1)" [_thread_blocked, id=14708, stack(0x00000014e0f00000,0x00000014e1000000)]
  0x000001380a006f90 JavaThread "File lock request listener" [_thread_in_native, id=9964, stack(0x00000014e1000000,0x00000014e1100000)]
  0x000001380a007e00 JavaThread "Cache worker for file hash cache (C:\Users\Abdullah\.gradle\caches\6.3\fileHashes)" [_thread_blocked, id=3176, stack(0x00000014e1100000,0x00000014e1200000)]
  0x000001380a0082d0 JavaThread "Cache worker for checksums cache (C:\Users\Abdullah\Desktop\reactnative\AwesomeProject\android\.gradle\checksums)" [_thread_blocked, id=11604, stack(0x00000014e1200000,0x00000014e1300000)]
  0x000001380a0087a0 JavaThread "Cache worker for file hash cache (C:\Users\Abdullah\Desktop\reactnative\AwesomeProject\android\.gradle\6.3\fileHashes)" [_thread_blocked, id=18884, stack(0x00000014e1300000,0x00000014e1400000)]
  0x000001380c28c170 JavaThread "Cache worker for cache directory md-supplier (C:\Users\Abdullah\.gradle\caches\6.3\md-supplier)" [_thread_blocked, id=9316, stack(0x00000014e1400000,0x00000014e1500000)]
  0x000001380c28bca0 JavaThread "Cache worker for cache directory md-rule (C:\Users\Abdullah\.gradle\caches\6.3\md-rule)" [_thread_blocked, id=14912, stack(0x00000014e1500000,0x00000014e1600000)]
  0x000001380c28c640 JavaThread "Cache worker for execution history cache (C:\Users\Abdullah\.gradle\caches\6.3\executionHistory)" [_thread_blocked, id=11772, stack(0x00000014e1600000,0x00000014e1700000)]
  0x000001380c28cb10 JavaThread "Build operations" [_thread_blocked, id=5432, stack(0x00000014e1700000,0x00000014e1800000)]
  0x000001380c28cfe0 JavaThread "Build operations Thread 2" [_thread_blocked, id=19416, stack(0x00000014e1800000,0x00000014e1900000)]
  0x000001380c28fb30 JavaThread "Build operations Thread 3" [_thread_blocked, id=7052, stack(0x00000014e1900000,0x00000014e1a00000)]
  0x000001380c28b7d0 JavaThread "Build operations Thread 4" [_thread_blocked, id=4152, stack(0x00000014e1a00000,0x00000014e1b00000)]
  0x000001380c28a960 JavaThread "pool-1-thread-1" [_thread_blocked, id=16300, stack(0x00000014e1d00000,0x00000014e1e00000)]
  0x000001380c289620 JavaThread "Cache worker for Build Output Cleanup Cache (C:\Users\Abdullah\Desktop\reactnative\AwesomeProject\android\.gradle\buildOutputCleanup)" [_thread_blocked, id=20204, stack(0x00000014e1e00000,0x00000014e1f00000)]
  0x000001380c28d980 JavaThread "Memory manager" [_thread_blocked, id=7256, stack(0x00000014e1f00000,0x00000014e2000000)]
  0x000001380c290000 JavaThread "Cache worker for file content cache (C:\Users\Abdullah\.gradle\caches\6.3\fileContent)" [_thread_blocked, id=16952, stack(0x00000014e2100000,0x00000014e2200000)]
  0x000001380c28ae30 JavaThread "Cache worker for file content cache (C:\Users\Abdullah\Desktop\reactnative\AwesomeProject\android\.gradle\6.3\fileContent)" [_thread_blocked, id=14672, stack(0x00000014e2200000,0x00000014e2300000)]
  0x000001380c28b300 JavaThread "Execution worker for ':'" [_thread_blocked, id=12104, stack(0x00000014e2300000,0x00000014e2400000)]
  0x0000013810d03230 JavaThread "Execution worker for ':' Thread 2" [_thread_blocked, id=17620, stack(0x00000014e2400000,0x00000014e2500000)]
  0x0000013810d058b0 JavaThread "Execution worker for ':' Thread 3" [_thread_blocked, id=20296, stack(0x00000014e2500000,0x00000014e2600000)]
  0x0000013810d03bd0 JavaThread "Cache worker for execution history cache (C:\Users\Abdullah\Desktop\reactnative\AwesomeProject\android\.gradle\6.3\executionHistory)" [_thread_blocked, id=8496, stack(0x00000014e2600000,0x00000014e2700000)]
  0x0000013810d02d60 JavaThread "WorkerExecutor Queue" [_thread_blocked, id=19216, stack(0x00000014e2900000,0x00000014e2a00000)]
  0x0000013810cfeed0 JavaThread "WorkerExecutor Queue Thread 2" [_thread_blocked, id=19136, stack(0x00000014e2a00000,0x00000014e2b00000)]
  0x0000013810d02890 JavaThread "WorkerExecutor Queue Thread 3" [_thread_blocked, id=1164, stack(0x00000014e2b00000,0x00000014e2c00000)]
  0x0000013810d04f10 JavaThread "WorkerExecutor Queue Thread 4" [_thread_blocked, id=13628, stack(0x00000014e2c00000,0x00000014e2d00000)]
  0x0000013810d01550 JavaThread "pool-2-thread-1" [_thread_blocked, id=17040, stack(0x00000014e2e00000,0x00000014e2f00000)]
  0x0000013810d01080 JavaThread "pool-4-thread-1" [_thread_blocked, id=17680, stack(0x00000014e2f00000,0x00000014e3000000)]
  0x0000013810d04a40 JavaThread "pool-5-thread-1" [_thread_blocked, id=3300, stack(0x00000014e3000000,0x00000014e3100000)]
  0x0000013810cfe530 JavaThread "pool-3-thread-1" [_thread_blocked, id=11524, stack(0x00000014e3100000,0x00000014e3200000)]

Other Threads:
=>0x000001387ea86fe0 VMThread "VM Thread" [stack: 0x00000014df600000,0x00000014df700000] [id=18344]
  0x000001387f4ef770 WatcherThread [stack: 0x00000014e0100000,0x00000014e0200000] [id=10252]
  0x000001386391da40 GCTaskThread "GC Thread#0" [stack: 0x00000014df100000,0x00000014df200000] [id=16088]
  0x000001387f4ce740 GCTaskThread "GC Thread#1" [stack: 0x00000014e0300000,0x00000014e0400000] [id=16460]
  0x00000138090a7090 GCTaskThread "GC Thread#2" [stack: 0x00000014e0500000,0x00000014e0600000] [id=12272]
  0x00000138090a6700 GCTaskThread "GC Thread#3" [stack: 0x00000014e0600000,0x00000014e0700000] [id=3756]
  0x0000013863927c60 ConcurrentGCThread "G1 Main Marker" [stack: 0x00000014df200000,0x00000014df300000] [id=12004]
  0x0000013863928ff0 ConcurrentGCThread "G1 Conc#0" [stack: 0x00000014df300000,0x00000014df400000] [id=1836]
  0x000001386395eb20 ConcurrentGCThread "G1 Refine#0" [stack: 0x00000014df400000,0x00000014df500000] [id=17552]
  0x000001380c691f30 ConcurrentGCThread "G1 Refine#1" [stack: 0x00000014e1b00000,0x00000014e1c00000] [id=14704]
  0x000001380e1e7410 ConcurrentGCThread "G1 Refine#2" [stack: 0x00000014e1c00000,0x00000014e1d00000] [id=1136]
  0x000001380e1e7ad0 ConcurrentGCThread "G1 Refine#3" [stack: 0x00000014e2000000,0x00000014e2100000] [id=15376]
  0x000001386395f720 ConcurrentGCThread "G1 Young RemSet Sampling" [stack: 0x00000014df500000,0x00000014df600000] [id=9608]

Threads with active compile tasks:

VM state: at safepoint (normal execution)

VM Mutex/Monitor currently owned by a thread:  ([mutex/lock_event])
[0x00000138638c8180] Threads_lock - owner thread: 0x000001387ea86fe0
[0x00000138638c7880] Heap_lock - owner thread: 0x0000013810cfe530

Heap address: 0x00000006e0000000, size: 4608 MB, Compressed Oops mode: Zero based, Oop shift amount: 3
CDS archive(s) mapped at: [0x0000000800000000-0x0000000800b50000-0x0000000800b50000), size 11862016, SharedBaseAddress: 0x0000000800000000, ArchiveRelocationMode: 0.
Compressed class space mapped at: 0x0000000800b50000-0x0000000840b50000, size: 1073741824
Narrow klass base: 0x0000000800000000, Narrow klass shift: 3, Narrow klass range: 0x100000000

GC Precious Log:
 CPUs: 4 total, 4 available
 Memory: 3992M
 Large Page Support: Disabled
 NUMA Support: Disabled
 Compressed Oops: Enabled (Zero based)
 Heap Region Size: 4M
 Heap Min Capacity: 8M
 Heap Initial Capacity: 64M
 Heap Max Capacity: 4608M
 Pre-touch: Disabled
 Parallel Workers: 4
 Concurrent Workers: 1
 Concurrent Refinement Workers: 4
 Periodic GC: Disabled

Heap:
 garbage-first heap   total 1671168K, used 518741K [0x00000006e0000000, 0x0000000800000000)
  region size 4096K, 3 young (12288K), 3 survivors (12288K)
 Metaspace       used 76000K, capacity 79054K, committed 79228K, reserved 1118208K
  class space    used 9813K, capacity 10760K, committed 10880K, reserved 1048576K

Heap Regions: E=young(eden), S=young(survivor), O=old, HS=humongous(starts), HC=humongous(continues), CS=collection set, F=free, OA=open archive, CA=closed archive, TAMS=top-at-mark-start (previous, next)
|   0|0x00000006e0000000, 0x00000006e0400000, 0x00000006e0400000|100%|HS|  |TAMS 0x00000006e0400000, 0x00000006e0400000| Complete 
|   1|0x00000006e0400000, 0x00000006e0800000, 0x00000006e0800000|100%| O|  |TAMS 0x00000006e0800000, 0x00000006e0800000| Untracked 
|   2|0x00000006e0800000, 0x00000006e0c00000, 0x00000006e0c00000|100%| O|  |TAMS 0x00000006e0c00000, 0x00000006e0c00000| Untracked 
|   3|0x00000006e0c00000, 0x00000006e1000000, 0x00000006e1000000|100%| O|  |TAMS 0x00000006e1000000, 0x00000006e1000000| Untracked 
|   4|0x00000006e1000000, 0x00000006e1400000, 0x00000006e1400000|100%| O|  |TAMS 0x00000006e1400000, 0x00000006e1400000| Untracked 
|   5|0x00000006e1400000, 0x00000006e1800000, 0x00000006e1800000|100%| O|  |TAMS 0x00000006e1800000, 0x00000006e1800000| Untracked 
|   6|0x00000006e1800000, 0x00000006e1c00000, 0x00000006e1c00000|100%| O|  |TAMS 0x00000006e1c00000, 0x00000006e1c00000| Untracked 
|   7|0x00000006e1c00000, 0x00000006e2000000, 0x00000006e2000000|100%| O|  |TAMS 0x00000006e2000000, 0x00000006e2000000| Untracked 
|   8|0x00000006e2000000, 0x00000006e2400000, 0x00000006e2400000|100%| O|  |TAMS 0x00000006e2400000, 0x00000006e2400000| Untracked 
|   9|0x00000006e2400000, 0x00000006e2800000, 0x00000006e2800000|100%| O|  |TAMS 0x00000006e2800000, 0x00000006e2800000| Untracked 
|  10|0x00000006e2800000, 0x00000006e2c00000, 0x00000006e2c00000|100%| O|  |TAMS 0x00000006e2c00000, 0x00000006e2c00000| Untracked 
|  11|0x00000006e2c00000, 0x00000006e3000000, 0x00000006e3000000|100%| O|  |TAMS 0x00000006e3000000, 0x00000006e3000000| Untracked 
|  12|0x00000006e3000000, 0x00000006e3400000, 0x00000006e3400000|100%| O|  |TAMS 0x00000006e3400000, 0x00000006e3400000| Untracked 
|  13|0x00000006e3400000, 0x00000006e3800000, 0x00000006e3800000|100%| O|  |TAMS 0x00000006e3800000, 0x00000006e3800000| Untracked 
|  14|0x00000006e3800000, 0x00000006e3c00000, 0x00000006e3c00000|100%| O|  |TAMS 0x00000006e3c00000, 0x00000006e3c00000| Untracked 
|  15|0x00000006e3c00000, 0x00000006e4000000, 0x00000006e4000000|100%| O|  |TAMS 0x00000006e4000000, 0x00000006e4000000| Untracked 
|  16|0x00000006e4000000, 0x00000006e4400000, 0x00000006e4400000|100%| O|  |TAMS 0x00000006e4400000, 0x00000006e4400000| Untracked 
|  17|0x00000006e4400000, 0x00000006e4800000, 0x00000006e4800000|100%| O|  |TAMS 0x00000006e4800000, 0x00000006e4800000| Untracked 
|  18|0x00000006e4800000, 0x00000006e4c00000, 0x00000006e4c00000|100%| O|  |TAMS 0x00000006e4c00000, 0x00000006e4c00000| Untracked 
|  19|0x00000006e4c00000, 0x00000006e5000000, 0x00000006e5000000|100%| O|  |TAMS 0x00000006e5000000, 0x00000006e5000000| Untracked 
|  20|0x00000006e5000000, 0x00000006e5400000, 0x00000006e5400000|100%| O|  |TAMS 0x00000006e5400000, 0x00000006e5400000| Untracked 
|  21|0x00000006e5400000, 0x00000006e5800000, 0x00000006e5800000|100%| O|  |TAMS 0x00000006e5800000, 0x00000006e5800000| Untracked 
|  22|0x00000006e5800000, 0x00000006e5c00000, 0x00000006e5c00000|100%| O|  |TAMS 0x00000006e5c00000, 0x00000006e5c00000| Untracked 
|  23|0x00000006e5c00000, 0x00000006e6000000, 0x00000006e6000000|100%| O|  |TAMS 0x00000006e6000000, 0x00000006e6000000| Untracked 
|  24|0x00000006e6000000, 0x00000006e6400000, 0x00000006e6400000|100%| O|  |TAMS 0x00000006e6400000, 0x00000006e6400000| Untracked 
|  25|0x00000006e6400000, 0x00000006e6800000, 0x00000006e6800000|100%| O|  |TAMS 0x00000006e6800000, 0x00000006e6800000| Untracked 
|  26|0x00000006e6800000, 0x00000006e6c00000, 0x00000006e6c00000|100%| O|  |TAMS 0x00000006e6c00000, 0x00000006e6c00000| Untracked 
|  27|0x00000006e6c00000, 0x00000006e7000000, 0x00000006e7000000|100%| O|  |TAMS 0x00000006e7000000, 0x00000006e7000000| Untracked 
|  28|0x00000006e7000000, 0x00000006e7400000, 0x00000006e7400000|100%| O|  |TAMS 0x00000006e7400000, 0x00000006e7400000| Untracked 
|  29|0x00000006e7400000, 0x00000006e7800000, 0x00000006e7800000|100%| O|  |TAMS 0x00000006e7800000, 0x00000006e7800000| Untracked 
|  30|0x00000006e7800000, 0x00000006e7c00000, 0x00000006e7c00000|100%| O|  |TAMS 0x00000006e7c00000, 0x00000006e7c00000| Untracked 
|  31|0x00000006e7c00000, 0x00000006e8000000, 0x00000006e8000000|100%| O|  |TAMS 0x00000006e8000000, 0x00000006e8000000| Untracked 
|  32|0x00000006e8000000, 0x00000006e8400000, 0x00000006e8400000|100%| O|  |TAMS 0x00000006e8400000, 0x00000006e8400000| Untracked 
|  33|0x00000006e8400000, 0x00000006e8800000, 0x00000006e8800000|100%| O|  |TAMS 0x00000006e8800000, 0x00000006e8800000| Untracked 
|  34|0x00000006e8800000, 0x00000006e8c00000, 0x00000006e8c00000|100%| O|  |TAMS 0x00000006e8c00000, 0x00000006e8c00000| Untracked 
|  35|0x00000006e8c00000, 0x00000006e8c00000, 0x00000006e9000000|  0%| F|  |TAMS 0x00000006e8c00000, 0x00000006e8c00000| Untracked 
|  36|0x00000006e9000000, 0x00000006e9400000, 0x00000006e9400000|100%| O|  |TAMS 0x00000006e9400000, 0x00000006e9400000| Untracked 
|  37|0x00000006e9400000, 0x00000006e9800000, 0x00000006e9800000|100%| O|  |TAMS 0x00000006e9800000, 0x00000006e9800000| Untracked 
|  38|0x00000006e9800000, 0x00000006e9c00000, 0x00000006e9c00000|100%| O|  |TAMS 0x00000006e9c00000, 0x00000006e9c00000| Untracked 
|  39|0x00000006e9c00000, 0x00000006ea000000, 0x00000006ea000000|100%| O|  |TAMS 0x00000006ea000000, 0x00000006ea000000| Untracked 
|  40|0x00000006ea000000, 0x00000006ea400000, 0x00000006ea400000|100%|HS|  |TAMS 0x00000006ea000000, 0x00000006ea400000| Complete 
|  41|0x00000006ea400000, 0x00000006ea800000, 0x00000006ea800000|100%|HC|  |TAMS 0x00000006ea400000, 0x00000006ea800000| Complete 
|  42|0x00000006ea800000, 0x00000006eac00000, 0x00000006eac00000|100%|HS|  |TAMS 0x00000006ea800000, 0x00000006eac00000| Complete 
|  43|0x00000006eac00000, 0x00000006eb000000, 0x00000006eb000000|100%|HC|  |TAMS 0x00000006eac00000, 0x00000006eb000000| Complete 
|  44|0x00000006eb000000, 0x00000006eb400000, 0x00000006eb400000|100%| O|  |TAMS 0x00000006eb400000, 0x00000006eb400000| Untracked 
|  45|0x00000006eb400000, 0x00000006eb800000, 0x00000006eb800000|100%|HS|  |TAMS 0x00000006eb400000, 0x00000006eb800000| Complete 
|  46|0x00000006eb800000, 0x00000006ebc00000, 0x00000006ebc00000|100%|HS|  |TAMS 0x00000006ebc00000, 0x00000006ebc00000| Complete 
|  47|0x00000006ebc00000, 0x00000006ec000000, 0x00000006ec000000|100%|HC|  |TAMS 0x00000006ec000000, 0x00000006ec000000| Complete 
|  48|0x00000006ec000000, 0x00000006ec400000, 0x00000006ec400000|100%| O|  |TAMS 0x00000006ec000000, 0x00000006ec400000| Untracked 
|  49|0x00000006ec400000, 0x00000006ec800000, 0x00000006ec800000|100%| O|  |TAMS 0x00000006ec800000, 0x00000006ec800000| Untracked 
|  50|0x00000006ec800000, 0x00000006ecc00000, 0x00000006ecc00000|100%| O|  |TAMS 0x00000006ec800000, 0x00000006ec800000| Untracked 
|  51|0x00000006ecc00000, 0x00000006ed000000, 0x00000006ed000000|100%| O|  |TAMS 0x00000006ecc00000, 0x00000006ecc00000| Untracked 
|  52|0x00000006ed000000, 0x00000006ed400000, 0x00000006ed400000|100%| O|  |TAMS 0x00000006ed000000, 0x00000006ed400000| Untracked 
|  53|0x00000006ed400000, 0x00000006ed800000, 0x00000006ed800000|100%| O|  |TAMS 0x00000006ed400000, 0x00000006ed800000| Untracked 
|  54|0x00000006ed800000, 0x00000006edc00000, 0x00000006edc00000|100%| O|  |TAMS 0x00000006edc00000, 0x00000006edc00000| Untracked 
|  55|0x00000006edc00000, 0x00000006ee000000, 0x00000006ee000000|100%|HS|  |TAMS 0x00000006ee000000, 0x00000006ee000000| Complete 
|  56|0x00000006ee000000, 0x00000006ee400000, 0x00000006ee400000|100%|HC|  |TAMS 0x00000006ee400000, 0x00000006ee400000| Complete 
|  57|0x00000006ee400000, 0x00000006ee800000, 0x00000006ee800000|100%|HS|  |TAMS 0x00000006ee800000, 0x00000006ee800000| Complete 
|  58|0x00000006ee800000, 0x00000006eec00000, 0x00000006eec00000|100%|HC|  |TAMS 0x00000006eec00000, 0x00000006eec00000| Complete 
|  59|0x00000006eec00000, 0x00000006ef000000, 0x00000006ef000000|100%| O|  |TAMS 0x00000006eec00000, 0x00000006ef000000| Untracked 
|  60|0x00000006ef000000, 0x00000006ef400000, 0x00000006ef400000|100%| O|  |TAMS 0x00000006ef000000, 0x00000006ef400000| Untracked 
|  61|0x00000006ef400000, 0x00000006ef800000, 0x00000006ef800000|100%|HS|  |TAMS 0x00000006ef800000, 0x00000006ef800000| Complete 
|  62|0x00000006ef800000, 0x00000006efc00000, 0x00000006efc00000|100%| O|  |TAMS 0x00000006efc00000, 0x00000006efc00000| Untracked 
|  63|0x00000006efc00000, 0x00000006f0000000, 0x00000006f0000000|100%| O|  |TAMS 0x00000006f0000000, 0x00000006f0000000| Untracked 
|  64|0x00000006f0000000, 0x00000006f0400000, 0x00000006f0400000|100%|HS|  |TAMS 0x00000006f0400000, 0x00000006f0400000| Complete 
|  65|0x00000006f0400000, 0x00000006f0800000, 0x00000006f0800000|100%|HC|  |TAMS 0x00000006f0800000, 0x00000006f0800000| Complete 
|  66|0x00000006f0800000, 0x00000006f0c00000, 0x00000006f0c00000|100%|HS|  |TAMS 0x00000006f0c00000, 0x00000006f0c00000| Complete 
|  67|0x00000006f0c00000, 0x00000006f1000000, 0x00000006f1000000|100%|HC|  |TAMS 0x00000006f1000000, 0x00000006f1000000| Complete 
|  68|0x00000006f1000000, 0x00000006f1400000, 0x00000006f1400000|100%| O|  |TAMS 0x00000006f1000000, 0x00000006f1000000| Untracked 
|  69|0x00000006f1400000, 0x00000006f1800000, 0x00000006f1800000|100%| O|  |TAMS 0x00000006f1800000, 0x00000006f1800000| Untracked 
|  70|0x00000006f1800000, 0x00000006f1c00000, 0x00000006f1c00000|100%|HS|  |TAMS 0x00000006f1c00000, 0x00000006f1c00000| Complete 
|  71|0x00000006f1c00000, 0x00000006f2000000, 0x00000006f2000000|100%|HC|  |TAMS 0x00000006f2000000, 0x00000006f2000000| Complete 
|  72|0x00000006f2000000, 0x00000006f2400000, 0x00000006f2400000|100%| O|  |TAMS 0x00000006f217dc00, 0x00000006f2400000| Untracked 
|  73|0x00000006f2400000, 0x00000006f2800000, 0x00000006f2800000|100%|HS|  |TAMS 0x00000006f2800000, 0x00000006f2800000| Complete 
|  74|0x00000006f2800000, 0x00000006f2c00000, 0x00000006f2c00000|100%| O|  |TAMS 0x00000006f2c00000, 0x00000006f2c00000| Untracked 
|  75|0x00000006f2c00000, 0x00000006f3000000, 0x00000006f3000000|100%| O|  |TAMS 0x00000006f3000000, 0x00000006f3000000| Untracked 
|  76|0x00000006f3000000, 0x00000006f3400000, 0x00000006f3400000|100%|HS|  |TAMS 0x00000006f3400000, 0x00000006f3400000| Complete 
|  77|0x00000006f3400000, 0x00000006f3800000, 0x00000006f3800000|100%|HC|  |TAMS 0x00000006f3800000, 0x00000006f3800000| Complete 
|  78|0x00000006f3800000, 0x00000006f3c00000, 0x00000006f3c00000|100%|HS|  |TAMS 0x00000006f3c00000, 0x00000006f3c00000| Complete 
|  79|0x00000006f3c00000, 0x00000006f4000000, 0x00000006f4000000|100%|HC|  |TAMS 0x00000006f4000000, 0x00000006f4000000| Complete 
|  80|0x00000006f4000000, 0x00000006f4400000, 0x00000006f4400000|100%|HS|  |TAMS 0x00000006f4400000, 0x00000006f4400000| Complete 
|  81|0x00000006f4400000, 0x00000006f4800000, 0x00000006f4800000|100%|HS|  |TAMS 0x00000006f4800000, 0x00000006f4800000| Complete 
|  82|0x00000006f4800000, 0x00000006f4c00000, 0x00000006f4c00000|100%|HS|  |TAMS 0x00000006f4c00000, 0x00000006f4c00000| Complete 
|  83|0x00000006f4c00000, 0x00000006f5000000, 0x00000006f5000000|100%|HC|  |TAMS 0x00000006f5000000, 0x00000006f5000000| Complete 
|  84|0x00000006f5000000, 0x00000006f5400000, 0x00000006f5400000|100%|HS|  |TAMS 0x00000006f5400000, 0x00000006f5400000| Complete 
|  85|0x00000006f5400000, 0x00000006f5800000, 0x00000006f5800000|100%|HC|  |TAMS 0x00000006f5800000, 0x00000006f5800000| Complete 
|  86|0x00000006f5800000, 0x00000006f5c00000, 0x00000006f5c00000|100%|HS|  |TAMS 0x00000006f5c00000, 0x00000006f5c00000| Complete 
|  87|0x00000006f5c00000, 0x00000006f6000000, 0x00000006f6000000|100%|HS|  |TAMS 0x00000006f6000000, 0x00000006f6000000| Complete 
|  88|0x00000006f6000000, 0x00000006f6400000, 0x00000006f6400000|100%|HS|  |TAMS 0x00000006f6400000, 0x00000006f6400000| Complete 
|  89|0x00000006f6400000, 0x00000006f6800000, 0x00000006f6800000|100%|HC|  |TAMS 0x00000006f6800000, 0x00000006f6800000| Complete 
|  90|0x00000006f6800000, 0x00000006f6c00000, 0x00000006f6c00000|100%| O|  |TAMS 0x00000006f6800000, 0x00000006f6899e00| Untracked 
|  91|0x00000006f6c00000, 0x00000006f7000000, 0x00000006f7000000|100%|HS|  |TAMS 0x00000006f6c00000, 0x00000006f7000000| Complete 
|  92|0x00000006f7000000, 0x00000006f7000000, 0x00000006f7400000|  0%| F|  |TAMS 0x00000006f7000000, 0x00000006f7000000| Untracked 
|  93|0x00000006f7400000, 0x00000006f7800000, 0x00000006f7800000|100%| O|  |TAMS 0x00000006f7800000, 0x00000006f7800000| Untracked 
|  94|0x00000006f7800000, 0x00000006f7c00000, 0x00000006f7c00000|100%|HS|  |TAMS 0x00000006f7c00000, 0x00000006f7c00000| Complete 
|  95|0x00000006f7c00000, 0x00000006f8000000, 0x00000006f8000000|100%|HC|  |TAMS 0x00000006f8000000, 0x00000006f8000000| Complete 
|  96|0x00000006f8000000, 0x00000006f81e1000, 0x00000006f8400000| 46%| O|  |TAMS 0x00000006f8000000, 0x00000006f8000000| Untracked 
|  97|0x00000006f8400000, 0x00000006f8400000, 0x00000006f8800000|  0%| F|  |TAMS 0x00000006f8400000, 0x00000006f8400000| Untracked 
|  98|0x00000006f8800000, 0x00000006f8800000, 0x00000006f8c00000|  0%| F|  |TAMS 0x00000006f8800000, 0x00000006f8800000| Untracked 
|  99|0x00000006f8c00000, 0x00000006f9000000, 0x00000006f9000000|100%|HS|  |TAMS 0x00000006f9000000, 0x00000006f9000000| Complete 
| 100|0x00000006f9000000, 0x00000006f9400000, 0x00000006f9400000|100%|HC|  |TAMS 0x00000006f9400000, 0x00000006f9400000| Complete 
| 101|0x00000006f9400000, 0x00000006f9800000, 0x00000006f9800000|100%|HC|  |TAMS 0x00000006f9800000, 0x00000006f9800000| Complete 
| 102|0x00000006f9800000, 0x00000006f9c00000, 0x00000006f9c00000|100%|HS|  |TAMS 0x00000006f9c00000, 0x00000006f9c00000| Complete 
| 103|0x00000006f9c00000, 0x00000006fa000000, 0x00000006fa000000|100%|HC|  |TAMS 0x00000006fa000000, 0x00000006fa000000| Complete 
| 104|0x00000006fa000000, 0x00000006fa400000, 0x00000006fa400000|100%|HC|  |TAMS 0x00000006fa400000, 0x00000006fa400000| Complete 
| 105|0x00000006fa400000, 0x00000006fa800000, 0x00000006fa800000|100%|HS|  |TAMS 0x00000006fa800000, 0x00000006fa800000| Complete 
| 106|0x00000006fa800000, 0x00000006fac00000, 0x00000006fac00000|100%|HC|  |TAMS 0x00000006fac00000, 0x00000006fac00000| Complete 
| 107|0x00000006fac00000, 0x00000006fb000000, 0x00000006fb000000|100%|HS|  |TAMS 0x00000006fb000000, 0x00000006fb000000| Complete 
| 108|0x00000006fb000000, 0x00000006fb400000, 0x00000006fb400000|100%|HC|  |TAMS 0x00000006fb400000, 0x00000006fb400000| Complete 
| 109|0x00000006fb400000, 0x00000006fb800000, 0x00000006fb800000|100%|HC|  |TAMS 0x00000006fb800000, 0x00000006fb800000| Complete 
| 110|0x00000006fb800000, 0x00000006fbc00000, 0x00000006fbc00000|100%| O|  |TAMS 0x00000006fbc00000, 0x00000006fbc00000| Untracked 
| 111|0x00000006fbc00000, 0x00000006fc000000, 0x00000006fc000000|100%|HS|  |TAMS 0x00000006fc000000, 0x00000006fc000000| Complete 
| 112|0x00000006fc000000, 0x00000006fc400000, 0x00000006fc400000|100%|HC|  |TAMS 0x00000006fc400000, 0x00000006fc400000| Complete 
| 113|0x00000006fc400000, 0x00000006fc800000, 0x00000006fc800000|100%|HC|  |TAMS 0x00000006fc800000, 0x00000006fc800000| Complete 
| 114|0x00000006fc800000, 0x00000006fcc00000, 0x00000006fcc00000|100%| O|  |TAMS 0x00000006fcc00000, 0x00000006fcc00000| Untracked 
| 115|0x00000006fcc00000, 0x00000006fd000000, 0x00000006fd000000|100%| O|  |TAMS 0x00000006fd000000, 0x00000006fd000000| Untracked 
| 116|0x00000006fd000000, 0x00000006fd000000, 0x00000006fd400000|  0%| F|  |TAMS 0x00000006fd000000, 0x00000006fd000000| Untracked 
| 117|0x00000006fd400000, 0x00000006fd800000, 0x00000006fd800000|100%|HS|  |TAMS 0x00000006fd800000, 0x00000006fd800000| Complete 
| 118|0x00000006fd800000, 0x00000006fdc00000, 0x00000006fdc00000|100%|HC|  |TAMS 0x00000006fdc00000, 0x00000006fdc00000| Complete 
| 119|0x00000006fdc00000, 0x00000006fe000000, 0x00000006fe000000|100%| O|  |TAMS 0x00000006fe000000, 0x00000006fe000000| Untracked 
| 120|0x00000006fe000000, 0x00000006fe400000, 0x00000006fe400000|100%| O|  |TAMS 0x00000006fe400000, 0x00000006fe400000| Untracked 
| 121|0x00000006fe400000, 0x00000006fe800000, 0x00000006fe800000|100%| O|  |TAMS 0x00000006fe800000, 0x00000006fe800000| Untracked 
| 122|0x00000006fe800000, 0x00000006fe800000, 0x00000006fec00000|  0%| F|  |TAMS 0x00000006fe800000, 0x00000006fe800000| Untracked 
| 123|0x00000006fec00000, 0x00000006fec00000, 0x00000006ff000000|  0%| F|  |TAMS 0x00000006fec00000, 0x00000006fec00000| Untracked 
| 124|0x00000006ff000000, 0x00000006ff000000, 0x00000006ff400000|  0%| F|  |TAMS 0x00000006ff000000, 0x00000006ff000000| Untracked 
| 125|0x00000006ff400000, 0x00000006ff400000, 0x00000006ff800000|  0%| F|  |TAMS 0x00000006ff400000, 0x00000006ff400000| Untracked 
| 126|0x00000006ff800000, 0x00000006ff800000, 0x00000006ffc00000|  0%| F|  |TAMS 0x00000006ff800000, 0x00000006ff800000| Untracked 
| 127|0x00000006ffc00000, 0x00000006ffc00000, 0x0000000700000000|  0%| F|  |TAMS 0x00000006ffc00000, 0x00000006ffc00000| Untracked 
| 128|0x0000000700000000, 0x0000000700000000, 0x0000000700400000|  0%| F|  |TAMS 0x0000000700000000, 0x0000000700000000| Untracked 
| 129|0x0000000700400000, 0x0000000700400000, 0x0000000700800000|  0%| F|  |TAMS 0x0000000700400000, 0x0000000700400000| Untracked 
| 130|0x0000000700800000, 0x0000000700800000, 0x0000000700c00000|  0%| F|  |TAMS 0x0000000700800000, 0x0000000700800000| Untracked 
| 131|0x0000000700c00000, 0x0000000700c00000, 0x0000000701000000|  0%| F|  |TAMS 0x0000000700c00000, 0x0000000700c00000| Untracked 
| 132|0x0000000701000000, 0x0000000701000000, 0x0000000701400000|  0%| F|  |TAMS 0x0000000701000000, 0x0000000701000000| Untracked 
| 133|0x0000000701400000, 0x0000000701400000, 0x0000000701800000|  0%| F|  |TAMS 0x0000000701400000, 0x0000000701400000| Untracked 
| 134|0x0000000701800000, 0x0000000701800000, 0x0000000701c00000|  0%| F|  |TAMS 0x0000000701800000, 0x0000000701800000| Untracked 
| 135|0x0000000701c00000, 0x0000000701c00000, 0x0000000702000000|  0%| F|  |TAMS 0x0000000701c00000, 0x0000000701c00000| Untracked 
| 136|0x0000000702000000, 0x0000000702000000, 0x0000000702400000|  0%| F|  |TAMS 0x0000000702000000, 0x0000000702000000| Untracked 
| 137|0x0000000702400000, 0x0000000702400000, 0x0000000702800000|  0%| F|  |TAMS 0x0000000702400000, 0x0000000702400000| Untracked 
| 138|0x0000000702800000, 0x0000000702800000, 0x0000000702c00000|  0%| F|  |TAMS 0x0000000702800000, 0x0000000702800000| Untracked 
| 139|0x0000000702c00000, 0x0000000702c00000, 0x0000000703000000|  0%| F|  |TAMS 0x0000000702c00000, 0x0000000702c00000| Untracked 
| 140|0x0000000703000000, 0x0000000703000000, 0x0000000703400000|  0%| F|  |TAMS 0x0000000703000000, 0x0000000703000000| Untracked 
| 141|0x0000000703400000, 0x0000000703800000, 0x0000000703800000|100%|HS|  |TAMS 0x0000000703800000, 0x0000000703800000| Complete 
| 142|0x0000000703800000, 0x0000000703c00000, 0x0000000703c00000|100%|HC|  |TAMS 0x0000000703c00000, 0x0000000703c00000| Complete 
| 143|0x0000000703c00000, 0x0000000703c00000, 0x0000000704000000|  0%| F|  |TAMS 0x0000000703c00000, 0x0000000703c00000| Untracked 
| 144|0x0000000704000000, 0x0000000704000000, 0x0000000704400000|  0%| F|  |TAMS 0x0000000704000000, 0x0000000704000000| Untracked 
| 145|0x0000000704400000, 0x0000000704400000, 0x0000000704800000|  0%| F|  |TAMS 0x0000000704400000, 0x0000000704400000| Untracked 
| 146|0x0000000704800000, 0x0000000704800000, 0x0000000704c00000|  0%| F|  |TAMS 0x0000000704800000, 0x0000000704800000| Untracked 
| 147|0x0000000704c00000, 0x0000000704c00000, 0x0000000705000000|  0%| F|  |TAMS 0x0000000704c00000, 0x0000000704c00000| Untracked 
| 148|0x0000000705000000, 0x0000000705000000, 0x0000000705400000|  0%| F|  |TAMS 0x0000000705000000, 0x0000000705000000| Untracked 
| 149|0x0000000705400000, 0x0000000705400000, 0x0000000705800000|  0%| F|  |TAMS 0x0000000705400000, 0x0000000705400000| Untracked 
| 150|0x0000000705800000, 0x0000000705800000, 0x0000000705c00000|  0%| F|  |TAMS 0x0000000705800000, 0x0000000705800000| Untracked 
| 151|0x0000000705c00000, 0x0000000705c00000, 0x0000000706000000|  0%| F|  |TAMS 0x0000000705c00000, 0x0000000705c00000| Untracked 
| 152|0x0000000706000000, 0x0000000706000000, 0x0000000706400000|  0%| F|  |TAMS 0x0000000706000000, 0x0000000706000000| Untracked 
| 153|0x0000000706400000, 0x0000000706400000, 0x0000000706800000|  0%| F|  |TAMS 0x0000000706400000, 0x0000000706400000| Untracked 
| 154|0x0000000706800000, 0x0000000706800000, 0x0000000706c00000|  0%| F|  |TAMS 0x0000000706800000, 0x0000000706800000| Untracked 
| 155|0x0000000706c00000, 0x0000000706c00000, 0x0000000707000000|  0%| F|  |TAMS 0x0000000706c00000, 0x0000000706c00000| Untracked 
| 156|0x0000000707000000, 0x0000000707000000, 0x0000000707400000|  0%| F|  |TAMS 0x0000000707000000, 0x0000000707000000| Untracked 
| 157|0x0000000707400000, 0x0000000707400000, 0x0000000707800000|  0%| F|  |TAMS 0x0000000707400000, 0x0000000707400000| Untracked 
| 158|0x0000000707800000, 0x0000000707800000, 0x0000000707c00000|  0%| F|  |TAMS 0x0000000707800000, 0x0000000707800000| Untracked 
| 159|0x0000000707c00000, 0x0000000707c00000, 0x0000000708000000|  0%| F|  |TAMS 0x0000000707c00000, 0x0000000707c00000| Untracked 
| 160|0x0000000708000000, 0x0000000708000000, 0x0000000708400000|  0%| F|  |TAMS 0x0000000708000000, 0x0000000708000000| Untracked 
| 161|0x0000000708400000, 0x0000000708400000, 0x0000000708800000|  0%| F|  |TAMS 0x0000000708400000, 0x0000000708400000| Untracked 
| 162|0x0000000708800000, 0x0000000708800000, 0x0000000708c00000|  0%| F|  |TAMS 0x0000000708800000, 0x0000000708800000| Untracked 
| 163|0x0000000708c00000, 0x0000000708c00000, 0x0000000709000000|  0%| F|  |TAMS 0x0000000708c00000, 0x0000000708c00000| Untracked 
| 164|0x0000000709000000, 0x0000000709000000, 0x0000000709400000|  0%| F|  |TAMS 0x0000000709000000, 0x0000000709000000| Untracked 
| 165|0x0000000709400000, 0x0000000709400000, 0x0000000709800000|  0%| F|  |TAMS 0x0000000709400000, 0x0000000709400000| Untracked 
| 166|0x0000000709800000, 0x0000000709800000, 0x0000000709c00000|  0%| F|  |TAMS 0x0000000709800000, 0x0000000709800000| Untracked 
| 167|0x0000000709c00000, 0x0000000709c00000, 0x000000070a000000|  0%| F|  |TAMS 0x0000000709c00000, 0x0000000709c00000| Untracked 
| 168|0x000000070a000000, 0x000000070a000000, 0x000000070a400000|  0%| F|  |TAMS 0x000000070a000000, 0x000000070a000000| Untracked 
| 169|0x000000070a400000, 0x000000070a400000, 0x000000070a800000|  0%| F|  |TAMS 0x000000070a400000, 0x000000070a400000| Untracked 
| 170|0x000000070a800000, 0x000000070a800000, 0x000000070ac00000|  0%| F|  |TAMS 0x000000070a800000, 0x000000070a800000| Untracked 
| 171|0x000000070ac00000, 0x000000070ac00000, 0x000000070b000000|  0%| F|  |TAMS 0x000000070ac00000, 0x000000070ac00000| Untracked 
| 172|0x000000070b000000, 0x000000070b000000, 0x000000070b400000|  0%| F|  |TAMS 0x000000070b000000, 0x000000070b000000| Untracked 
| 173|0x000000070b400000, 0x000000070b400000, 0x000000070b800000|  0%| F|  |TAMS 0x000000070b400000, 0x000000070b400000| Untracked 
| 174|0x000000070b800000, 0x000000070b800000, 0x000000070bc00000|  0%| F|  |TAMS 0x000000070b800000, 0x000000070b800000| Untracked 
| 175|0x000000070bc00000, 0x000000070bc00000, 0x000000070c000000|  0%| F|  |TAMS 0x000000070bc00000, 0x000000070bc00000| Untracked 
| 176|0x000000070c000000, 0x000000070c000000, 0x000000070c400000|  0%| F|  |TAMS 0x000000070c000000, 0x000000070c000000| Untracked 
| 177|0x000000070c400000, 0x000000070c400000, 0x000000070c800000|  0%| F|  |TAMS 0x000000070c400000, 0x000000070c400000| Untracked 
| 178|0x000000070c800000, 0x000000070c800000, 0x000000070cc00000|  0%| F|  |TAMS 0x000000070c800000, 0x000000070c800000| Untracked 
| 179|0x000000070cc00000, 0x000000070cc00000, 0x000000070d000000|  0%| F|  |TAMS 0x000000070cc00000, 0x000000070cc00000| Untracked 
| 180|0x000000070d000000, 0x000000070d000000, 0x000000070d400000|  0%| F|  |TAMS 0x000000070d000000, 0x000000070d000000| Untracked 
| 181|0x000000070d400000, 0x000000070d400000, 0x000000070d800000|  0%| F|  |TAMS 0x000000070d400000, 0x000000070d400000| Untracked 
| 182|0x000000070d800000, 0x000000070d800000, 0x000000070dc00000|  0%| F|  |TAMS 0x000000070d800000, 0x000000070d800000| Untracked 
| 183|0x000000070dc00000, 0x000000070dc00000, 0x000000070e000000|  0%| F|  |TAMS 0x000000070dc00000, 0x000000070dc00000| Untracked 
| 184|0x000000070e000000, 0x000000070e000000, 0x000000070e400000|  0%| F|  |TAMS 0x000000070e000000, 0x000000070e000000| Untracked 
| 185|0x000000070e400000, 0x000000070e400000, 0x000000070e800000|  0%| F|  |TAMS 0x000000070e400000, 0x000000070e400000| Untracked 
| 186|0x000000070e800000, 0x000000070e800000, 0x000000070ec00000|  0%| F|  |TAMS 0x000000070e800000, 0x000000070e800000| Untracked 
| 187|0x000000070ec00000, 0x000000070ec00000, 0x000000070f000000|  0%| F|  |TAMS 0x000000070ec00000, 0x000000070ec00000| Untracked 
| 188|0x000000070f000000, 0x000000070f000000, 0x000000070f400000|  0%| F|  |TAMS 0x000000070f000000, 0x000000070f000000| Untracked 
| 189|0x000000070f400000, 0x000000070f400000, 0x000000070f800000|  0%| F|  |TAMS 0x000000070f400000, 0x000000070f400000| Untracked 
| 190|0x000000070f800000, 0x000000070f800000, 0x000000070fc00000|  0%| F|  |TAMS 0x000000070f800000, 0x000000070f800000| Untracked 
| 191|0x000000070fc00000, 0x000000070fc00000, 0x0000000710000000|  0%| F|  |TAMS 0x000000070fc00000, 0x000000070fc00000| Untracked 
| 192|0x0000000710000000, 0x0000000710000000, 0x0000000710400000|  0%| F|  |TAMS 0x0000000710000000, 0x0000000710000000| Untracked 
| 193|0x0000000710400000, 0x0000000710400000, 0x0000000710800000|  0%| F|  |TAMS 0x0000000710400000, 0x0000000710400000| Untracked 
| 194|0x0000000710800000, 0x0000000710800000, 0x0000000710c00000|  0%| F|  |TAMS 0x0000000710800000, 0x0000000710800000| Untracked 
| 195|0x0000000710c00000, 0x0000000710c00000, 0x0000000711000000|  0%| F|  |TAMS 0x0000000710c00000, 0x0000000710c00000| Untracked 
| 196|0x0000000711000000, 0x0000000711000000, 0x0000000711400000|  0%| F|  |TAMS 0x0000000711000000, 0x0000000711000000| Untracked 
| 197|0x0000000711400000, 0x0000000711400000, 0x0000000711800000|  0%| F|  |TAMS 0x0000000711400000, 0x0000000711400000| Untracked 
| 198|0x0000000711800000, 0x0000000711800000, 0x0000000711c00000|  0%| F|  |TAMS 0x0000000711800000, 0x0000000711800000| Untracked 
| 199|0x0000000711c00000, 0x0000000711cb47d0, 0x0000000712000000| 17%| S|CS|TAMS 0x0000000711c00000, 0x0000000711c00000| Complete 
| 200|0x0000000712000000, 0x0000000712400000, 0x0000000712400000|100%| S|CS|TAMS 0x0000000712000000, 0x0000000712000000| Complete 
| 201|0x0000000712400000, 0x0000000712800000, 0x0000000712800000|100%| S|CS|TAMS 0x0000000712400000, 0x0000000712400000| Complete 
| 202|0x0000000712800000, 0x0000000712800000, 0x0000000712c00000|  0%| F|  |TAMS 0x0000000712800000, 0x0000000712800000| Untracked 
| 203|0x0000000712c00000, 0x0000000712c00000, 0x0000000713000000|  0%| F|  |TAMS 0x0000000712c00000, 0x0000000712c00000| Untracked 
| 204|0x0000000713000000, 0x0000000713000000, 0x0000000713400000|  0%| F|  |TAMS 0x0000000713000000, 0x0000000713000000| Untracked 
| 205|0x0000000713400000, 0x0000000713400000, 0x0000000713800000|  0%| F|  |TAMS 0x0000000713400000, 0x0000000713400000| Untracked 
| 206|0x0000000713800000, 0x0000000713800000, 0x0000000713c00000|  0%| F|  |TAMS 0x0000000713800000, 0x0000000713800000| Untracked 
| 207|0x0000000713c00000, 0x0000000713c00000, 0x0000000714000000|  0%| F|  |TAMS 0x0000000713c00000, 0x0000000713c00000| Untracked 
| 208|0x0000000714000000, 0x0000000714000000, 0x0000000714400000|  0%| F|  |TAMS 0x0000000714000000, 0x0000000714000000| Untracked 
| 209|0x0000000714400000, 0x0000000714400000, 0x0000000714800000|  0%| F|  |TAMS 0x0000000714400000, 0x0000000714400000| Untracked 
| 210|0x0000000714800000, 0x0000000714800000, 0x0000000714c00000|  0%| F|  |TAMS 0x0000000714800000, 0x0000000714800000| Untracked 
| 211|0x0000000714c00000, 0x0000000714c00000, 0x0000000715000000|  0%| F|  |TAMS 0x0000000714c00000, 0x0000000714c00000| Untracked 
| 212|0x0000000715000000, 0x0000000715000000, 0x0000000715400000|  0%| F|  |TAMS 0x0000000715000000, 0x0000000715000000| Untracked 
| 213|0x0000000715400000, 0x0000000715400000, 0x0000000715800000|  0%| F|  |TAMS 0x0000000715400000, 0x0000000715400000| Untracked 
| 214|0x0000000715800000, 0x0000000715800000, 0x0000000715c00000|  0%| F|  |TAMS 0x0000000715800000, 0x0000000715800000| Untracked 
| 215|0x0000000715c00000, 0x0000000715c00000, 0x0000000716000000|  0%| F|  |TAMS 0x0000000715c00000, 0x0000000715c00000| Untracked 
|1146|0x00000007fe800000, 0x00000007fec00000, 0x00000007fec00000|100%| O|  |TAMS 0x00000007fec00000, 0x00000007fec00000| Untracked 
|1147|0x00000007fec00000, 0x00000007ff000000, 0x00000007ff000000|100%| O|  |TAMS 0x00000007ff000000, 0x00000007ff000000| Untracked 
|1148|0x00000007ff000000, 0x00000007ff400000, 0x00000007ff400000|100%| O|  |TAMS 0x00000007ff400000, 0x00000007ff400000| Untracked 
|1149|0x00000007ff400000, 0x00000007ff800000, 0x00000007ff800000|100%| O|  |TAMS 0x00000007ff800000, 0x00000007ff800000| Untracked 
|1150|0x00000007ff800000, 0x00000007ffc00000, 0x00000007ffc00000|100%| O|  |TAMS 0x00000007ffc00000, 0x00000007ffc00000| Untracked 
|1151|0x00000007ffc00000, 0x0000000800000000, 0x0000000800000000|100%| O|  |TAMS 0x0000000800000000, 0x0000000800000000| Untracked 

Card table byte_map: [0x000001387b400000,0x000001387bd00000] _byte_map_base: 0x0000013877d00000

Marking Bits (Prev, Next): (CMBitMap*) 0x000001386391e230, (CMBitMap*) 0x000001386391e270
 Prev Bits: [0x0000013800000000, 0x0000013804800000)
 Next Bits: [0x0000013804800000, 0x0000013809000000)

Polling page: 0x0000013861840000

Metaspace:

Usage:
  Non-class:     66.69 MB capacity,    64.64 MB ( 97%) used,     1.90 MB (  3%) free+waste,   164.56 KB ( <1%) overhead. 
      Class:     10.51 MB capacity,     9.58 MB ( 91%) used,   870.65 KB (  8%) free+waste,    75.38 KB ( <1%) overhead. 
       Both:     77.20 MB capacity,    74.22 MB ( 96%) used,     2.75 MB (  4%) free+waste,   239.94 KB ( <1%) overhead. 

Virtual space:
  Non-class space:       68.00 MB reserved,      66.75 MB ( 98%) committed 
      Class space:        1.00 GB reserved,      10.62 MB (  1%) committed 
             Both:        1.07 GB reserved,      77.37 MB (  7%) committed 

Chunk freelists:
   Non-Class:  54.00 KB
       Class:  24.00 KB
        Both:  78.00 KB

MaxMetaspaceSize: 17179869184.00 GB
CompressedClassSpaceSize: 1.00 GB

CodeHeap 'non-profiled nmethods': size=120000Kb used=7009Kb max_used=7009Kb free=112991Kb
 bounds [0x00000138735d0000, 0x0000013873cb0000, 0x000001387ab00000]
CodeHeap 'profiled nmethods': size=120000Kb used=24547Kb max_used=24547Kb free=95452Kb
 bounds [0x000001386c0a0000, 0x000001386d8a0000, 0x00000138735d0000]
CodeHeap 'non-nmethods': size=5760Kb used=2387Kb max_used=2517Kb free=3373Kb
 bounds [0x000001386bb00000, 0x000001386bd80000, 0x000001386c0a0000]
 total_blobs=14022 nmethods=13141 adapters=793
 compilation: enabled
              stopped_count=0, restarted_count=0
 full_count=0

Compilation events (20 events):
Event: 50.327 Thread 0x000001387eaaaf00 15070       3       java.util.Vector::<init> (49 bytes)
Event: 50.327 Thread 0x000001387eaaaf00 nmethod 15070 0x000001386d89a190 code [0x000001386d89a3e0, 0x000001386d89ac78]
Event: 50.410 Thread 0x000001387eaa7770 15071       4       sun.security.provider.SHA2::resetHashes (19 bytes)
Event: 50.411 Thread 0x000001387eaa7770 nmethod 15071 0x0000013873ca2a90 code [0x0000013873ca2c00, 0x0000013873ca2cf8]
Event: 50.411 Thread 0x000001387eaa7770 15072       4       java.util.AbstractMap::isEmpty (13 bytes)
Event: 50.412 Thread 0x000001387eaa7770 nmethod 15072 0x0000013873ca2e10 code [0x0000013873ca2fa0, 0x0000013873ca3038]
Event: 50.412 Thread 0x000001387eaa7770 15073       4       java.util.Vector$1::hasMoreElements (20 bytes)
Event: 50.413 Thread 0x000001387eaa7770 nmethod 15073 0x0000013873ca3110 code [0x0000013873ca3280, 0x0000013873ca3318]
Event: 50.413 Thread 0x000001387eaa7770 15074       4       java.io.SequenceInputStream::peekNextStream (49 bytes)
Event: 50.418 Thread 0x000001387eaa7770 nmethod 15074 0x0000013873ca3410 code [0x0000013873ca35a0, 0x0000013873ca39d8]
Event: 50.418 Thread 0x000001387eaa7770 15076       4       com.android.tools.build.apkzlib.zip.FileUseMap::add (131 bytes)
Event: 50.480 Thread 0x000001387eaa7770 nmethod 15076 0x0000013873ca3c90 code [0x0000013873ca3f40, 0x0000013873ca5580]
Event: 50.480 Thread 0x000001387eaa7770 15075       4       com.android.tools.build.apkzlib.zip.FileUseMap::split (158 bytes)
Event: 50.490 Thread 0x000001387eaaaf00 15078       3       com.google.common.util.concurrent.AbstractFuture$TrustedFuture::get (5 bytes)
Event: 50.490 Thread 0x000001387eaaaf00 nmethod 15078 0x000001386d89af90 code [0x000001386d89b140, 0x000001386d89b268]
Event: 50.495 Thread 0x000001387eaa7770 nmethod 15075 0x0000013873ca6890 code [0x0000013873ca6b00, 0x0000013873ca7628]
Event: 50.495 Thread 0x000001387eaa7770 15077       4       com.android.tools.build.apkzlib.zip.FileUseMap::add (50 bytes)
Event: 50.499 Thread 0x000001387eaa7770 nmethod 15077 0x0000013873ca7e90 code [0x0000013873ca8020, 0x0000013873ca8228]
Event: 50.533 Thread 0x000001387eaaaf00 15079       3       java.util.TreeMap::lastKey (8 bytes)
Event: 50.533 Thread 0x000001387eaaaf00 nmethod 15079 0x000001386d89b310 code [0x000001386d89b4e0, 0x000001386d89b778]

GC Heap History (20 events):
Event: 42.095 GC heap after
{Heap after GC invocations=49 (full 0):
 garbage-first heap   total 401408K, used 164002K [0x00000006e0000000, 0x0000000800000000)
  region size 4096K, 3 young (12288K), 3 survivors (12288K)
 Metaspace       used 75390K, capacity 78475K, committed 78588K, reserved 1118208K
  class space    used 9781K, capacity 10739K, committed 10752K, reserved 1048576K
}
Event: 42.507 GC heap before
{Heap before GC invocations=49 (full 0):
 garbage-first heap   total 401408K, used 393378K [0x00000006e0000000, 0x0000000800000000)
  region size 4096K, 19 young (77824K), 3 survivors (12288K)
 Metaspace       used 75735K, capacity 78833K, committed 78972K, reserved 1118208K
  class space    used 9814K, capacity 10772K, committed 10880K, reserved 1048576K
}
Event: 42.523 GC heap after
{Heap after GC invocations=50 (full 0):
 garbage-first heap   total 425984K, used 246670K [0x00000006e0000000, 0x0000000800000000)
  region size 4096K, 5 young (20480K), 5 survivors (20480K)
 Metaspace       used 75735K, capacity 78833K, committed 78972K, reserved 1118208K
  class space    used 9814K, capacity 10772K, committed 10880K, reserved 1048576K
}
Event: 43.021 GC heap before
{Heap before GC invocations=51 (full 0):
 garbage-first heap   total 458752K, used 324494K [0x00000006e0000000, 0x0000000800000000)
  region size 4096K, 18 young (73728K), 5 survivors (20480K)
 Metaspace       used 75794K, capacity 78897K, committed 79228K, reserved 1118208K
  class space    used 9814K, capacity 10772K, committed 10880K, reserved 1048576K
}
Event: 43.030 GC heap after
{Heap after GC invocations=52 (full 0):
 garbage-first heap   total 458752K, used 282624K [0x00000006e0000000, 0x0000000800000000)
  region size 4096K, 4 young (16384K), 4 survivors (16384K)
 Metaspace       used 75794K, capacity 78897K, committed 79228K, reserved 1118208K
  class space    used 9814K, capacity 10772K, committed 10880K, reserved 1048576K
}
Event: 43.430 GC heap before
{Heap before GC invocations=52 (full 0):
 garbage-first heap   total 458752K, used 380928K [0x00000006e0000000, 0x0000000800000000)
  region size 4096K, 23 young (94208K), 4 survivors (16384K)
 Metaspace       used 75827K, capacity 78897K, committed 79228K, reserved 1118208K
  class space    used 9814K, capacity 10772K, committed 10880K, reserved 1048576K
}
Event: 43.440 GC heap after
{Heap after GC invocations=53 (full 0):
 garbage-first heap   total 458752K, used 313687K [0x00000006e0000000, 0x0000000800000000)
  region size 4096K, 3 young (12288K), 3 survivors (12288K)
 Metaspace       used 75827K, capacity 78897K, committed 79228K, reserved 1118208K
  class space    used 9814K, capacity 10772K, committed 10880K, reserved 1048576K
}
Event: 43.691 GC heap before
{Heap before GC invocations=53 (full 0):
 garbage-first heap   total 569344K, used 387415K [0x00000006e0000000, 0x0000000800000000)
  region size 4096K, 18 young (73728K), 3 survivors (12288K)
 Metaspace       used 75823K, capacity 78855K, committed 79228K, reserved 1118208K
  class space    used 9807K, capacity 10758K, committed 10880K, reserved 1048576K
}
Event: 43.700 GC heap after
{Heap after GC invocations=54 (full 0):
 garbage-first heap   total 569344K, used 326127K [0x00000006e0000000, 0x0000000800000000)
  region size 4096K, 1 young (4096K), 1 survivors (4096K)
 Metaspace       used 75823K, capacity 78855K, committed 79228K, reserved 1118208K
  class space    used 9807K, capacity 10758K, committed 10880K, reserved 1048576K
}
Event: 43.893 GC heap before
{Heap before GC invocations=55 (full 0):
 garbage-first heap   total 569344K, used 371183K [0x00000006e0000000, 0x0000000800000000)
  region size 4096K, 13 young (53248K), 1 survivors (4096K)
 Metaspace       used 75827K, capacity 78855K, committed 79228K, reserved 1118208K
  class space    used 9808K, capacity 10758K, committed 10880K, reserved 1048576K
}
Event: 43.906 GC heap after
{Heap after GC invocations=56 (full 0):
 garbage-first heap   total 569344K, used 341176K [0x00000006e0000000, 0x0000000800000000)
  region size 4096K, 4 young (16384K), 4 survivors (16384K)
 Metaspace       used 75827K, capacity 78855K, committed 79228K, reserved 1118208K
  class space    used 9808K, capacity 10758K, committed 10880K, reserved 1048576K
}
Event: 44.550 GC heap before
{Heap before GC invocations=56 (full 0):
 garbage-first heap   total 598016K, used 591032K [0x00000006e0000000, 0x0000000800000000)
  region size 4096K, 19 young (77824K), 4 survivors (16384K)
 Metaspace       used 75835K, capacity 78922K, committed 79228K, reserved 1118208K
  class space    used 9808K, capacity 10759K, committed 10880K, reserved 1048576K
}
Event: 44.684 GC heap after
{Heap after GC invocations=57 (full 0):
 garbage-first heap   total 634880K, used 452081K [0x00000006e0000000, 0x0000000800000000)
  region size 4096K, 4 young (16384K), 4 survivors (16384K)
 Metaspace       used 75835K, capacity 78922K, committed 79228K, reserved 1118208K
  class space    used 9808K, capacity 10759K, committed 10880K, reserved 1048576K
}
Event: 46.420 GC heap before
{Heap before GC invocations=58 (full 0):
 garbage-first heap   total 856064K, used 599537K [0x00000006e0000000, 0x0000000800000000)
  region size 4096K, 21 young (86016K), 4 survivors (16384K)
 Metaspace       used 75928K, capacity 78989K, committed 79228K, reserved 1118208K
  class space    used 9813K, capacity 10760K, committed 10880K, reserved 1048576K
}
Event: 46.475 GC heap after
{Heap after GC invocations=59 (full 0):
 garbage-first heap   total 856064K, used 501589K [0x00000006e0000000, 0x0000000800000000)
  region size 4096K, 3 young (12288K), 3 survivors (12288K)
 Metaspace       used 75928K, capacity 78989K, committed 79228K, reserved 1118208K
  class space    used 9813K, capacity 10760K, committed 10880K, reserved 1048576K
}
Event: 47.408 GC heap before
{Heap before GC invocations=59 (full 0):
 garbage-first heap   total 856064K, used 546645K [0x00000006e0000000, 0x0000000800000000)
  region size 4096K, 16 young (65536K), 3 survivors (12288K)
 Metaspace       used 75962K, capacity 78989K, committed 79228K, reserved 1118208K
  class space    used 9813K, capacity 10760K, committed 10880K, reserved 1048576K
}
Event: 47.487 GC heap after
{Heap after GC invocations=60 (full 0):
 garbage-first heap   total 856064K, used 521719K [0x00000006e0000000, 0x0000000800000000)
  region size 4096K, 6 young (24576K), 6 survivors (24576K)
 Metaspace       used 75962K, capacity 78989K, committed 79228K, reserved 1118208K
  class space    used 9813K, capacity 10760K, committed 10880K, reserved 1048576K
}
Event: 49.621 GC heap before
{Heap before GC invocations=61 (full 0):
 garbage-first heap   total 909312K, used 554487K [0x00000006e0000000, 0x0000000800000000)
  region size 4096K, 20 young (81920K), 6 survivors (24576K)
 Metaspace       used 75985K, capacity 79054K, committed 79228K, reserved 1118208K
  class space    used 9813K, capacity 10760K, committed 10880K, reserved 1048576K
}
Event: 49.674 GC heap after
{Heap after GC invocations=62 (full 0):
 garbage-first heap   total 909312K, used 519200K [0x00000006e0000000, 0x0000000800000000)
  region size 4096K, 5 young (20480K), 5 survivors (20480K)
 Metaspace       used 75985K, capacity 79054K, committed 79228K, reserved 1118208K
  class space    used 9813K, capacity 10760K, committed 10880K, reserved 1048576K
}
Event: 50.553 GC heap before
{Heap before GC invocations=63 (full 0):
 garbage-first heap   total 909312K, used 547872K [0x00000006e0000000, 0x0000000800000000)
  region size 4096K, 14 young (57344K), 5 survivors (20480K)
 Metaspace       used 76000K, capacity 79054K, committed 79228K, reserved 1118208K
  class space    used 9813K, capacity 10760K, committed 10880K, reserved 1048576K
}

Deoptimization events (20 events):
Event: 49.778 Thread 0x0000013810d01080 Uncommon trap: trap_request=0xffffffbe fr.pc=0x0000013873c9fc8c relative=0x00000000000002ec
Event: 49.778 Thread 0x0000013810d01080 Uncommon trap: reason=profile_predicate action=maybe_recompile pc=0x0000013873c9fc8c method=sun.security.provider.HashDrbg.addBytes([BI[[B)V @ 36 c2
Event: 49.778 Thread 0x0000013810d01080 DEOPT PACKING pc=0x0000013873c9fc8c sp=0x00000014e2ffe650
Event: 49.779 Thread 0x0000013810d01080 DEOPT UNPACKING pc=0x000001386bb4e42f sp=0x00000014e2ffe5b0 mode 2
Event: 49.779 Thread 0x0000013810d01080 Uncommon trap: trap_request=0xffffffbe fr.pc=0x0000013873c9fc8c relative=0x00000000000002ec
Event: 49.779 Thread 0x0000013810d01080 Uncommon trap: reason=profile_predicate action=maybe_recompile pc=0x0000013873c9fc8c method=sun.security.provider.HashDrbg.addBytes([BI[[B)V @ 36 c2
Event: 49.779 Thread 0x0000013810d01080 DEOPT PACKING pc=0x0000013873c9fc8c sp=0x00000014e2ffe650
Event: 49.779 Thread 0x0000013810d01080 DEOPT UNPACKING pc=0x000001386bb4e42f sp=0x00000014e2ffe5b0 mode 2
Event: 49.780 Thread 0x0000013810d01080 Uncommon trap: trap_request=0xffffffbe fr.pc=0x0000013873c9fc8c relative=0x00000000000002ec
Event: 49.780 Thread 0x0000013810d01080 Uncommon trap: reason=profile_predicate action=maybe_recompile pc=0x0000013873c9fc8c method=sun.security.provider.HashDrbg.addBytes([BI[[B)V @ 36 c2
Event: 49.780 Thread 0x0000013810d01080 DEOPT PACKING pc=0x0000013873c9fc8c sp=0x00000014e2ffe650
Event: 49.780 Thread 0x0000013810d01080 DEOPT UNPACKING pc=0x000001386bb4e42f sp=0x00000014e2ffe5b0 mode 2
Event: 49.780 Thread 0x0000013810d01080 Uncommon trap: trap_request=0xffffffbe fr.pc=0x0000013873c9fc8c relative=0x00000000000002ec
Event: 49.780 Thread 0x0000013810d01080 Uncommon trap: reason=profile_predicate action=maybe_recompile pc=0x0000013873c9fc8c method=sun.security.provider.HashDrbg.addBytes([BI[[B)V @ 36 c2
Event: 49.780 Thread 0x0000013810d01080 DEOPT PACKING pc=0x0000013873c9fc8c sp=0x00000014e2ffe650
Event: 49.780 Thread 0x0000013810d01080 DEOPT UNPACKING pc=0x000001386bb4e42f sp=0x00000014e2ffe5b0 mode 2
Event: 50.074 Thread 0x0000013810d01080 DEOPT PACKING pc=0x000001386d801b64 sp=0x00000014e2ffe7d0
Event: 50.075 Thread 0x0000013810d01080 DEOPT UNPACKING pc=0x000001386bb4e23f sp=0x00000014e2ffdd50 mode 0
Event: 50.533 Thread 0x0000013810cfeed0 DEOPT PACKING pc=0x000001386d81ae44 sp=0x00000014e2afd7e0
Event: 50.535 Thread 0x0000013810cfeed0 DEOPT UNPACKING pc=0x000001386bb4e23f sp=0x00000014e2afcc28 mode 0

Classes unloaded (20 events):
Event: 37.736 Thread 0x000001387ea86fe0 Unloading class 0x00000008014bd040 'java/lang/invoke/LambdaForm$DMH+0x00000008014bd040'
Event: 37.736 Thread 0x000001387ea86fe0 Unloading class 0x00000008014bdc40 'java/lang/invoke/LambdaForm$DMH+0x00000008014bdc40'
Event: 37.736 Thread 0x000001387ea86fe0 Unloading class 0x00000008014bd840 'java/lang/invoke/LambdaForm$DMH+0x00000008014bd840'
Event: 37.736 Thread 0x000001387ea86fe0 Unloading class 0x00000008014be040 'java/lang/invoke/LambdaForm$DMH+0x00000008014be040'
Event: 37.736 Thread 0x000001387ea86fe0 Unloading class 0x00000008014be840 'java/lang/invoke/LambdaForm$DMH+0x00000008014be840'
Event: 37.736 Thread 0x000001387ea86fe0 Unloading class 0x00000008014bf440 'java/lang/invoke/LambdaForm$DMH+0x00000008014bf440'
Event: 43.537 Thread 0x000001387ea86fe0 Unloading class 0x000000080159c040 'java/lang/invoke/LambdaForm$MH+0x000000080159c040'
Event: 43.537 Thread 0x000001387ea86fe0 Unloading class 0x000000080159bc40 'java/lang/invoke/LambdaForm$DMH+0x000000080159bc40'
Event: 43.537 Thread 0x000001387ea86fe0 Unloading class 0x000000080159b040 'java/lang/invoke/LambdaForm$DMH+0x000000080159b040'
Event: 43.537 Thread 0x000001387ea86fe0 Unloading class 0x000000080159a840 'java/lang/invoke/LambdaForm$DMH+0x000000080159a840'
Event: 43.537 Thread 0x000001387ea86fe0 Unloading class 0x000000080159a440 'java/lang/invoke/LambdaForm$MH+0x000000080159a440'
Event: 43.537 Thread 0x000001387ea86fe0 Unloading class 0x0000000801599c40 'java/lang/invoke/LambdaForm$MH+0x0000000801599c40'
Event: 43.537 Thread 0x000001387ea86fe0 Unloading class 0x0000000801599840 'java/lang/invoke/LambdaForm$MH+0x0000000801599840'
Event: 43.537 Thread 0x000001387ea86fe0 Unloading class 0x0000000801599040 'java/lang/invoke/LambdaForm$DMH+0x0000000801599040'
Event: 43.537 Thread 0x000001387ea86fe0 Unloading class 0x0000000801598c40 'java/lang/invoke/LambdaForm$DMH+0x0000000801598c40'
Event: 43.537 Thread 0x000001387ea86fe0 Unloading class 0x0000000801598840 'java/lang/invoke/LambdaForm$DMH+0x0000000801598840'
Event: 43.537 Thread 0x000001387ea86fe0 Unloading class 0x0000000801598040 'java/lang/invoke/LambdaForm$DMH+0x0000000801598040'
Event: 43.537 Thread 0x000001387ea86fe0 Unloading class 0x0000000801559040 'java/lang/invoke/LambdaForm$DMH+0x0000000801559040'
Event: 43.537 Thread 0x000001387ea86fe0 Unloading class 0x000000080154c040 'java/lang/invoke/LambdaForm$DMH+0x000000080154c040'
Event: 43.537 Thread 0x000001387ea86fe0 Unloading class 0x000000080154bc40 'java/lang/invoke/LambdaForm$DMH+0x000000080154bc40'

Classes redefined (0 events):
No events

Internal exceptions (20 events):
Event: 41.322 Thread 0x0000013810d058b0 Exception <a 'java/lang/NoSuchMethodError'{0x00000006f14d43e0}: static Lcom/android/build/gradle/internal/scope/DefaultApkData;.<clinit>()V> (0x00000006f14d43e0) 
thrown [./open/src/hotspot/share/prims/jni.cpp, line 1204]
Event: 41.326 Thread 0x0000013810d058b0 Exception <a 'java/lang/NoSuchMethodError'{0x00000006f1500980}: static Lcom/android/builder/files/SerializableChange;.<clinit>()V> (0x00000006f1500980) 
thrown [./open/src/hotspot/share/prims/jni.cpp, line 1204]
Event: 41.344 Thread 0x0000013810d02d60 Exception <a 'java/lang/NoSuchMethodError'{0x00000006f15c5ad0}: 'void java.lang.invoke.DirectMethodHandle$Holder.invokeSpecial(java.lang.Object, java.lang.Object, java.lang.Object, int)'> (0x00000006f15c5ad0) 
thrown [./open/src/hotspot/share/interpreter/linkResolver.cpp, line 782]
Event: 41.480 Thread 0x0000013810d04f10 Exception <a 'sun/nio/fs/WindowsException'{0x00000006f0fc1488}> (0x00000006f0fc1488) 
thrown [./open/src/hotspot/share/prims/jni.cpp, line 578]
Event: 41.647 Thread 0x0000013810d02d60 Exception <a 'java/lang/NoSuchMethodError'{0x00000006eff28660}: 'java.lang.Object java.lang.invoke.DirectMethodHandle$Holder.invokeSpecial(java.lang.Object, java.lang.Object, java.lang.Object, java.lang.Object, java.lang.Object, int, java.lang.Object, java.lang.Object)'> (0x00000006eff28660) 
thrown [./open/src/hotspot/share/interpreter/linkResolver.cpp, line 782]
Event: 41.648 Thread 0x0000013810d02890 Exception <a 'java/lang/NoSuchMethodError'{0x00000006eff7c040}: 'java.lang.Object java.lang.invoke.DirectMethodHandle$Holder.invokeSpecial(java.lang.Object, java.lang.Object, java.lang.Object, java.lang.Object, java.lang.Object, java.lang.Object, int, java.lang.Object)'> (0x00000006eff7c040) 
thrown [./open/src/hotspot/share/interpreter/linkResolver.cpp, line 782]
Event: 41.652 Thread 0x0000013810d02d60 Exception <a 'java/lang/NoSuchMethodError'{0x00000006eff96488}: 'java.lang.Object java.lang.invoke.DirectMethodHandle$Holder.invokeSpecial(java.lang.Object, java.lang.Object, java.lang.Object, java.lang.Object, java.lang.Object, java.lang.Object, int, java.lang.Object)'> (0x00000006eff96488) 
thrown [./open/src/hotspot/share/interpreter/linkResolver.cpp, line 782]
Event: 41.655 Thread 0x0000013810d02d60 Exception <a 'java/lang/NoSuchMethodError'{0x00000006eff9a850}: 'java.lang.Object java.lang.invoke.Invokers$Holder.linkToTargetMethod(java.lang.Object, java.lang.Object, java.lang.Object, java.lang.Object, int, java.lang.Object, java.lang.Object)'> (0x00000006eff9a850) 
thrown [./open/src/hotspot/share/interpreter/linkResolver.cpp, line 782]
Event: 41.663 Thread 0x0000013810cfeed0 Exception <a 'java/lang/NoSuchMethodError'{0x00000006eff5ed38}: 'java.lang.Object java.lang.invoke.Invokers$Holder.linkToTargetMethod(java.lang.Object, java.lang.Object, java.lang.Object, java.lang.Object, int, java.lang.Object, java.lang.Object)'> (0x00000006eff5ed38) 
thrown [./open/src/hotspot/share/interpreter/linkResolver.cpp, line 782]
Event: 41.665 Thread 0x0000013810d02890 Exception <a 'java/lang/NoSuchMethodError'{0x00000006eff803b8}: 'java.lang.Object java.lang.invoke.Invokers$Holder.linkToTargetMethod(java.lang.Object, java.lang.Object, java.lang.Object, java.lang.Object, int, java.lang.Object, java.lang.Object)'> (0x00000006eff803b8) 
thrown [./open/src/hotspot/share/interpreter/linkResolver.cpp, line 782]
Event: 41.665 Thread 0x0000013810d04f10 Exception <a 'java/lang/NoSuchMethodError'{0x00000006efed8740}: 'java.lang.Object java.lang.invoke.Invokers$Holder.linkToTargetMethod(java.lang.Object, java.lang.Object, java.lang.Object, java.lang.Object, int, java.lang.Object, java.lang.Object)'> (0x00000006efed8740) 
thrown [./open/src/hotspot/share/interpreter/linkResolver.cpp, line 782]
Event: 41.802 Thread 0x0000013810d02d60 Exception <a 'java/lang/NoSuchMethodError'{0x00000006eee2c8a0}: 'java.lang.Object java.lang.invoke.DirectMethodHandle$Holder.newInvokeSpecial(java.lang.Object, java.lang.Object, java.lang.Object, java.lang.Object, java.lang.Object, java.lang.Object, java.lang.Object, int)'> (0x00000006eee2c8a0) 
thrown [./open/src/hotspot/share/interpreter/linkResolver.cpp, line 782]
Event: 41.802 Thread 0x0000013810d04f10 Exception <a 'java/lang/NoSuchMethodError'{0x00000006eee91de8}: 'java.lang.Object java.lang.invoke.DirectMethodHandle$Holder.newInvokeSpecial(java.lang.Object, java.lang.Object, java.lang.Object, java.lang.Object, java.lang.Object, java.lang.Object, java.lang.Object, int)'> (0x00000006eee91de8) 
thrown [./open/src/hotspot/share/interpreter/linkResolver.cpp, line 782]
Event: 41.803 Thread 0x0000013810d04f10 Exception <a 'java/lang/NoSuchMethodError'{0x00000006eee96ec8}: 'java.lang.Object java.lang.invoke.DirectMethodHandle$Holder.invokeSpecial(java.lang.Object, java.lang.Object, java.lang.Object, java.lang.Object, java.lang.Object, java.lang.Object, java.lang.Object, java.lang.Object, int)'> (0x00000006eee96ec8) 
thrown [./open/src/hotspot/share/interpreter/linkResolver.cpp, line 782]
Event: 41.803 Thread 0x0000013810d02d60 Exception <a 'java/lang/NoSuchMethodError'{0x00000006eee31c60}: 'java.lang.Object java.lang.invoke.DirectMethodHandle$Holder.invokeSpecial(java.lang.Object, java.lang.Object, java.lang.Object, java.lang.Object, java.lang.Object, java.lang.Object, java.lang.Object, java.lang.Object, int)'> (0x00000006eee31c60) 
thrown [./open/src/hotspot/share/interpreter/linkResolver.cpp, line 782]
Event: 41.803 Thread 0x0000013810d04f10 Exception <a 'java/lang/NoSuchMethodError'{0x00000006eee9bb60}: 'java.lang.Object java.lang.invoke.Invokers$Holder.linkToTargetMethod(java.lang.Object, java.lang.Object, java.lang.Object, java.lang.Object, java.lang.Object, java.lang.Object, int, java.lang.Object)'> (0x00000006eee9bb60) 
thrown [./open/src/hotspot/share/interpreter/linkResolver.cpp, line 782]
Event: 41.803 Thread 0x0000013810d02d60 Exception <a 'java/lang/NoSuchMethodError'{0x00000006eee368f8}: 'java.lang.Object java.lang.invoke.Invokers$Holder.linkToTargetMethod(java.lang.Object, java.lang.Object, java.lang.Object, java.lang.Object, java.lang.Object, java.lang.Object, int, java.lang.Object)'> (0x00000006eee368f8) 
thrown [./open/src/hotspot/share/interpreter/linkResolver.cpp, line 782]
Event: 45.169 Thread 0x0000013810cfeed0 Exception <a 'java/lang/NoSuchMethodError'{0x0000000712b3beb0}: 'void java.lang.invoke.DirectMethodHandle$Holder.invokeSpecial(java.lang.Object, java.lang.Object, long)'> (0x0000000712b3beb0) 
thrown [./open/src/hotspot/share/interpreter/linkResolver.cpp, line 782]
Event: 45.840 Thread 0x0000013810d01080 Implicit null exception at 0x0000013873a85ea6 to 0x0000013873a86324
Event: 45.876 Thread 0x0000013810d04a40 Implicit null exception at 0x000001387381a735 to 0x000001387381aaa8

Events (20 events):
Event: 48.619 Executing VM operation: G1Concurrent
Event: 49.160 Executing VM operation: G1Concurrent done
Event: 49.504 Executing VM operation: G1Concurrent
Event: 49.556 Executing VM operation: G1Concurrent done
Event: 49.556 Executing VM operation: HandshakeAllThreads
Event: 49.568 Executing VM operation: HandshakeAllThreads done
Event: 49.619 Executing VM operation: G1TryInitiateConcMark
Event: 49.620 Executing VM operation: G1TryInitiateConcMark done
Event: 49.620 Executing VM operation: G1CollectForAllocation
Event: 49.674 Executing VM operation: G1CollectForAllocation done
Event: 50.043 Loaded shared library C:\Program Files\Java\jdk-15.0.2\bin\zip.dll
Event: 50.200 Executing VM operation: G1Concurrent
Event: 50.208 Executing VM operation: G1Concurrent done
Event: 50.506 Executing VM operation: G1Concurrent
Event: 50.520 Executing VM operation: G1Concurrent done
Event: 50.552 Executing VM operation: G1TryInitiateConcMark
Event: 50.552 Executing VM operation: G1TryInitiateConcMark done
Event: 50.552 Executing VM operation: HandshakeAllThreads
Event: 50.553 Executing VM operation: HandshakeAllThreads done
Event: 50.553 Executing VM operation: G1CollectForAllocation


Dynamic libraries:
0x00007ff601d10000 - 0x00007ff601d1f000 	C:\Program Files\Java\jdk-15.0.2\bin\java.exe
0x00007ffc0bb30000 - 0x00007ffc0bd25000 	C:\WINDOWS\SYSTEM32\ntdll.dll
0x00007ffbe0420000 - 0x00007ffbe0433000 	C:\Program Files\AVAST Software\Avast\aswhook.dll
0x00007ffc0ba30000 - 0x00007ffc0baed000 	C:\WINDOWS\System32\KERNEL32.DLL
0x00007ffc09270000 - 0x00007ffc09538000 	C:\WINDOWS\System32\KERNELBASE.dll
0x00007ffc096a0000 - 0x00007ffc097a0000 	C:\WINDOWS\System32\ucrtbase.dll
0x00007ffbfdaa0000 - 0x00007ffbfdab9000 	C:\Program Files\Java\jdk-15.0.2\bin\VCRUNTIME140.dll
0x00007ffc030b0000 - 0x00007ffc030c8000 	C:\Program Files\Java\jdk-15.0.2\bin\jli.dll
0x00007ffc0b650000 - 0x00007ffc0b6fc000 	C:\WINDOWS\System32\ADVAPI32.dll
0x00007ffc0b910000 - 0x00007ffc0b9ae000 	C:\WINDOWS\System32\msvcrt.dll
0x00007ffc0acb0000 - 0x00007ffc0ad4b000 	C:\WINDOWS\System32\sechost.dll
0x00007ffc0ab50000 - 0x00007ffc0ac7b000 	C:\WINDOWS\System32\RPCRT4.dll
0x00007ffc0a4f0000 - 0x00007ffc0a690000 	C:\WINDOWS\System32\USER32.dll
0x00007ffc09a10000 - 0x00007ffc09a32000 	C:\WINDOWS\System32\win32u.dll
0x00007ffc0ac80000 - 0x00007ffc0acaa000 	C:\WINDOWS\System32\GDI32.dll
0x00007ffbe7fa0000 - 0x00007ffbe823a000 	C:\WINDOWS\WinSxS\amd64_microsoft.windows.common-controls_6595b64144ccf1df_6.0.19041.1052_none_60b8f8fd71f5e8cb\COMCTL32.dll
0x00007ffc09900000 - 0x00007ffc09a0b000 	C:\WINDOWS\System32\gdi32full.dll
0x00007ffc09a40000 - 0x00007ffc09add000 	C:\WINDOWS\System32\msvcp_win.dll
0x00007ffbfdae0000 - 0x00007ffbfdaea000 	C:\WINDOWS\SYSTEM32\VERSION.dll
0x00007ffc0aac0000 - 0x00007ffc0aaf0000 	C:\WINDOWS\System32\IMM32.DLL
0x00007ffc03070000 - 0x00007ffc0307c000 	C:\Program Files\Java\jdk-15.0.2\bin\vcruntime140_1.dll
0x00007ffbf1a80000 - 0x00007ffbf1b11000 	C:\Program Files\Java\jdk-15.0.2\bin\msvcp140.dll
0x00007ffbaeab0000 - 0x00007ffbaf60e000 	C:\Program Files\Java\jdk-15.0.2\bin\server\jvm.dll
0x00007ffc0b550000 - 0x00007ffc0b558000 	C:\WINDOWS\System32\PSAPI.DLL
0x00007ffbe9930000 - 0x00007ffbe9957000 	C:\WINDOWS\SYSTEM32\WINMM.dll
0x00007ffbf5cd0000 - 0x00007ffbf5cd9000 	C:\WINDOWS\SYSTEM32\WSOCK32.dll
0x00007ffc0aa50000 - 0x00007ffc0aabb000 	C:\WINDOWS\System32\WS2_32.dll
0x00007ffc07b90000 - 0x00007ffc07ba2000 	C:\WINDOWS\SYSTEM32\kernel.appcore.dll
0x00007ffc01270000 - 0x00007ffc0127a000 	C:\Program Files\Java\jdk-15.0.2\bin\jimage.dll
0x00007ffc07920000 - 0x00007ffc07b04000 	C:\WINDOWS\SYSTEM32\DBGHELP.DLL
0x00007ffbfaba0000 - 0x00007ffbfabcc000 	C:\WINDOWS\SYSTEM32\dbgcore.DLL
0x00007ffc09b10000 - 0x00007ffc09b93000 	C:\WINDOWS\System32\bcryptPrimitives.dll
0x00007ffbfda70000 - 0x00007ffbfda95000 	C:\Program Files\Java\jdk-15.0.2\bin\java.dll
0x00007ffc0ae10000 - 0x00007ffc0b54f000 	C:\WINDOWS\System32\SHELL32.dll
0x00007ffc07190000 - 0x00007ffc07920000 	C:\WINDOWS\SYSTEM32\windows.storage.dll
0x00007ffc0a690000 - 0x00007ffc0a9e5000 	C:\WINDOWS\System32\combase.dll
0x00007ffc08c70000 - 0x00007ffc08c9c000 	C:\WINDOWS\SYSTEM32\Wldp.dll
0x00007ffc0a440000 - 0x00007ffc0a4ee000 	C:\WINDOWS\System32\SHCORE.dll
0x00007ffc0aaf0000 - 0x00007ffc0ab45000 	C:\WINDOWS\System32\shlwapi.dll
0x00007ffc091b0000 - 0x00007ffc091cf000 	C:\WINDOWS\SYSTEM32\profapi.dll
0x00007ffbfcf70000 - 0x00007ffbfcf89000 	C:\Program Files\Java\jdk-15.0.2\bin\net.dll
0x00007ffbf7420000 - 0x00007ffbf752b000 	C:\WINDOWS\SYSTEM32\WINHTTP.dll
0x00007ffc08980000 - 0x00007ffc089ea000 	C:\WINDOWS\system32\mswsock.dll
0x00007ffbfadc0000 - 0x00007ffbfadd2000 	C:\Program Files\Java\jdk-15.0.2\bin\nio.dll
0x00007ffbf7170000 - 0x00007ffbf7188000 	C:\Program Files\Java\jdk-15.0.2\bin\zip.dll
0x00007ffc011f0000 - 0x00007ffc01200000 	C:\Program Files\Java\jdk-15.0.2\bin\verify.dll
0x00007ffbdb610000 - 0x00007ffbdb637000 	C:\Users\Abdullah\.gradle\native\c976cfcca226fdd4bee4412e95191dd41148b7504f9625baeda1d523bc39a967\windows-amd64\native-platform.dll
0x00007ffbfe5a0000 - 0x00007ffbfe5a9000 	C:\Program Files\Java\jdk-15.0.2\bin\management.dll
0x00007ffbfe470000 - 0x00007ffbfe47b000 	C:\Program Files\Java\jdk-15.0.2\bin\management_ext.dll
0x00007ffc08b60000 - 0x00007ffc08b78000 	C:\WINDOWS\SYSTEM32\CRYPTSP.dll
0x00007ffc08320000 - 0x00007ffc08354000 	C:\WINDOWS\system32\rsaenh.dll
0x00007ffc09ae0000 - 0x00007ffc09b07000 	C:\WINDOWS\System32\bcrypt.dll
0x00007ffc09170000 - 0x00007ffc0919e000 	C:\WINDOWS\SYSTEM32\USERENV.dll
0x00007ffc08b50000 - 0x00007ffc08b5c000 	C:\WINDOWS\SYSTEM32\CRYPTBASE.dll
0x00007ffc08670000 - 0x00007ffc086ab000 	C:\WINDOWS\SYSTEM32\IPHLPAPI.DLL
0x00007ffc0ae00000 - 0x00007ffc0ae08000 	C:\WINDOWS\System32\NSI.dll
0x00007ffc070b0000 - 0x00007ffc070c7000 	C:\WINDOWS\SYSTEM32\dhcpcsvc6.DLL
0x00007ffc07090000 - 0x00007ffc070ad000 	C:\WINDOWS\SYSTEM32\dhcpcsvc.DLL
0x00007ffc086b0000 - 0x00007ffc0877c000 	C:\WINDOWS\SYSTEM32\DNSAPI.dll
0x00007ffbfe770000 - 0x00007ffbfe77d000 	C:\Program Files\Java\jdk-15.0.2\bin\sunmscapi.dll
0x00007ffc097a0000 - 0x00007ffc098ff000 	C:\WINDOWS\System32\CRYPT32.dll
0x00007ffc08ce0000 - 0x00007ffc08d07000 	C:\WINDOWS\SYSTEM32\ncrypt.dll
0x00007ffc08ca0000 - 0x00007ffc08cdb000 	C:\WINDOWS\SYSTEM32\NTASN1.dll

dbghelp: loaded successfully - version: 4.0.5 - missing functions: none
symbol engine: initialized successfully - sym options: 0x614 - pdb path: .;C:\Program Files\Java\jdk-15.0.2\bin;C:\WINDOWS\SYSTEM32;C:\Program Files\AVAST Software\Avast;C:\WINDOWS\WinSxS\amd64_microsoft.windows.common-controls_6595b64144ccf1df_6.0.19041.1052_none_60b8f8fd71f5e8cb;C:\Program Files\Java\jdk-15.0.2\bin\server;C:\Users\Abdullah\.gradle\native\c976cfcca226fdd4bee4412e95191dd41148b7504f9625baeda1d523bc39a967\windows-amd64

VM Arguments:
jvm_args: --add-opens=java.base/java.util=ALL-UNNAMED --add-opens=java.base/java.lang=ALL-UNNAMED --add-opens=java.base/java.lang.invoke=ALL-UNNAMED --add-opens=java.prefs/java.util.prefs=ALL-UNNAMED -Xmx4608m -Dfile.encoding=windows-1252 -Duser.country=US -Duser.language=en -Duser.variant 
java_command: org.gradle.launcher.daemon.bootstrap.GradleDaemon 6.3
java_class_path (initial): C:\Users\Abdullah\.gradle\wrapper\dists\gradle-6.3-all\b4awcolw9l59x95tu1obfh9i8\gradle-6.3\lib\gradle-launcher-6.3.jar
Launcher Type: SUN_STANDARD

[Global flags]
     intx CICompilerCount                          = 3                                         {product} {ergonomic}
     uint ConcGCThreads                            = 1                                         {product} {ergonomic}
     uint G1ConcRefinementThreads                  = 4                                         {product} {ergonomic}
   size_t G1HeapRegionSize                         = 4194304                                   {product} {ergonomic}
    uintx GCDrainStackTargetSize                   = 64                                        {product} {ergonomic}
   size_t InitialHeapSize                          = 67108864                                  {product} {ergonomic}
   size_t MarkStackSize                            = 4194304                                   {product} {ergonomic}
   size_t MaxHeapSize                              = 4831838208                                {product} {command line}
   size_t MaxNewSize                               = 2898264064                                {product} {ergonomic}
   size_t MinHeapDeltaBytes                        = 4194304                                   {product} {ergonomic}
   size_t MinHeapSize                              = 8388608                                   {product} {ergonomic}
    uintx NonNMethodCodeHeapSize                   = 5832780                                {pd product} {ergonomic}
    uintx NonProfiledCodeHeapSize                  = 122912730                              {pd product} {ergonomic}
    uintx ProfiledCodeHeapSize                     = 122912730                              {pd product} {ergonomic}
    uintx ReservedCodeCacheSize                    = 251658240                              {pd product} {ergonomic}
     bool SegmentedCodeCache                       = true                                      {product} {ergonomic}
   size_t SoftMaxHeapSize                          = 4831838208                             {manageable} {ergonomic}
     bool UseCompressedClassPointers               = true                                 {lp64_product} {ergonomic}
     bool UseCompressedOops                        = true                                 {lp64_product} {ergonomic}
     bool UseG1GC                                  = true                                      {product} {ergonomic}
     bool UseLargePagesIndividualAllocation        = false                                  {pd product} {ergonomic}

Logging:
Log output configuration:
 #0: stdout all=warning uptime,level,tags
 #1: stderr all=off uptime,level,tags

Environment Variables:
JAVA_HOME=C:\Program Files\Java\jdk-15.0.2
CLASSPATH=C:\Users\Abdullah\Desktop\reactnative\AwesomeProject\android\\gradle\wrapper\gradle-wrapper.jar
PATH=C:\Users\Abdullah\Desktop\reactnative\AwesomeProject\android\node_modules\.bin;C:\Users\Abdullah\Desktop\reactnative\AwesomeProject\node_modules\.bin;C:\Users\Abdullah\Desktop\reactnative\node_modules\.bin;C:\Users\Abdullah\Desktop\node_modules\.bin;C:\Users\Abdullah\node_modules\.bin;C:\Users\node_modules\.bin;C:\node_modules\.bin;C:\Program Files\nodejs;C:\Users\Abdullah\Desktop\reactnative\AwesomeProject\node_modules\.bin;C:\Program Files\Common Files\Oracle\Java\javapath;C:\ProgramData\Oracle\Java\javapath;C:\WINDOWS\system32;C:\WINDOWS;C:\WINDOWS\System32\Wbem;C:\WINDOWS\System32\WindowsPowerShell\v1.0\;E:\Program Files\MATLAB\MATLAB Production Server\R2015a\runtime\win64;E:\Program Files\MATLAB\MATLAB Production Server\R2015a\bin;C:\Program Files\MATLAB\MATLAB Production Server\R2015a\runtime\win64;C:\Program Files\MATLAB\MATLAB Production Server\R2015a\bin;C:\Program Files\MATLAB\MATLAB Production Server\R2015a\polyspace\bin;C:\WINDOWS\System32\OpenSSH\;E:\Program Files\MATLAB\MATLAB Production Server\R2015a\polyspace\bin;C:\Program Files\Git\cmd;C:\Program Files\Microsoft SQL Server\130\Tools\Binn\;C:\Program Files\Microsoft SQL Server\Client SDK\ODBC\170\Tools\Binn\;C:\Program Files\dotnet\;C:\Program Files\nodejs\;C:\Program Files\Microsoft SQL Server\Client SDK\ODBC\110\Tools\Binn\;C:\Program Files (x86)\Microsoft SQL Server\120\Tools\Binn\;C:\Program Files\Microsoft SQL Server\120\Tools\Binn\;C:\Program Files\Microsoft SQL Server\120\DTS\Binn\;C:\Program Files (x86)\Microsoft SQL Server\120\Tools\Binn\ManagementStudio\;C:\Program Files (x86)\Microsoft SQL Server\120\DTS\Binn\;D:\OpenSSL-Win64\bin;D:\Tesseract-OCR;C:\Program Files\Java\jdk-15.0.2\bin;C:\Users\Abdullah\AppData\Local\Microsoft\WindowsApps;C:\Users\Abdullah\AppData\Local\Programs\Microsoft VS Code\bin;C:\Users\Abdullah\AppData\Roaming\npm;C:\Program Files\heroku\bin;C:\Users\Abdullah\AppData\Local\Programs\Python\Python38-32\Scripts;C:\Users\Abdullah\AppData\Local\Programs\Python\Python38-
USERNAME=Abdullah
LANG=en_US.UTF-8
OS=Windows_NT
PROCESSOR_IDENTIFIER=Intel64 Family 6 Model 78 Stepping 3, GenuineIntel



---------------  S Y S T E M  ---------------

OS:
 Windows 10 , 64 bit Build 19041 (10.0.19041.1023)
OS uptime: 19 days 5:35 hours

CPU: total 4 (initial active 4) (2 cores per cpu, 2 threads per core) family 6 model 78 stepping 3 microcode 0xd6, cmov, cx8, fxsr, mmx, sse, sse2, sse3, ssse3, sse4.1, sse4.2, popcnt, vzeroupper, avx, avx2, aes, clmul, erms, rtm, 3dnowpref, lzcnt, ht, tsc, tscinvbit, bmi1, bmi2, adx, fma, clflush, clflushopt

Memory: 4k page, system-wide physical 3992M (192M free)
TotalPageFile size 14376M (AvailPageFile size 367M)
current process WorkingSet (physical memory assigned to process): 479M, peak: 758M
current process commit charge ("private bytes"): 1201M, peak: 1945M

vm_info: Java HotSpot(TM) 64-Bit Server VM (15.0.2+7-27) for windows-amd64 JRE (15.0.2+7-27), built on Dec  7 2020 20:07:01 by "mach5one" with unknown MS VC++:1925

END.
