#
# There is insufficient memory for the Java Runtime Environment to continue.
# Native memory allocation (malloc) failed to allocate 577936 bytes for Chunk::new
# Possible reasons:
#   The system is out of physical RAM or swap space
#   The process is running with CompressedOops enabled, and the Java Heap may be blocking the growth of the native heap
# Possible solutions:
#   Reduce memory load on the system
#   Increase physical memory or swap space
#   Check if swap backing store is full
#   Decrease Java heap size (-Xmx/-Xms)
#   Decrease number of Java threads
#   Decrease Java thread stack sizes (-Xss)
#   Set larger code cache with -XX:ReservedCodeCacheSize=
#   JVM is running with Zero Based Compressed Oops mode in which the Java heap is
#     placed in the first 32GB address space. The Java Heap base address is the
#     maximum limit for the native heap growth. Please use -XX:HeapBaseMinAddress
#     to set the Java Heap base and to place the Java Heap above 32GB virtual address.
# This output file may be truncated or incomplete.
#
#  Out of Memory Error (./open/src/hotspot/share/memory/arena.cpp:195), pid=2500, tid=6372
#
# JRE version: Java(TM) SE Runtime Environment (15.0.2+7) (build 15.0.2+7-27)
# Java VM: Java HotSpot(TM) 64-Bit Server VM (15.0.2+7-27, mixed mode, sharing, tiered, compressed oops, g1 gc, windows-amd64)
# No core dump will be written. Minidumps are not enabled by default on client versions of Windows
#

---------------  S U M M A R Y ------------

Command Line: --add-opens=java.base/java.util=ALL-UNNAMED --add-opens=java.base/java.lang=ALL-UNNAMED --add-opens=java.base/java.lang.invoke=ALL-UNNAMED --add-opens=java.prefs/java.util.prefs=ALL-UNNAMED -Xmx4608m -Dfile.encoding=windows-1252 -Duser.country=US -Duser.language=en -Duser.variant org.gradle.launcher.daemon.bootstrap.GradleDaemon 6.3

Host: Intel(R) Core(TM) i5-6300U CPU @ 2.40GHz, 4 cores, 3G,  Windows 10 , 64 bit Build 19041 (10.0.19041.1023)
Time: Mon Jul  5 19:45:34 2021 Pakistan Standard Time elapsed time: 272.967407 seconds (0d 0h 4m 32s)

---------------  T H R E A D  ---------------

Current thread (0x0000020a7ebe0950):  JavaThread "C2 CompilerThread0" daemon [_thread_in_native, id=6372, stack(0x000000ecdcd00000,0x000000ecdce00000)]


Current CompileTask:
C2: 272967 31693       4       java.io.WinNTFileSystem::normalize (224 bytes)

Stack: [0x000000ecdcd00000,0x000000ecdce00000]
Native frames: (J=compiled Java code, j=interpreted, Vv=VM code, C=native code)
V  [jvm.dll+0x62ae9a]
V  [jvm.dll+0x7817a9]
V  [jvm.dll+0x782f03]
V  [jvm.dll+0x783563]
V  [jvm.dll+0x216325]
V  [jvm.dll+0x97f3a]
V  [jvm.dll+0x9861c]
V  [jvm.dll+0x32e305]
V  [jvm.dll+0x2f768a]
V  [jvm.dll+0x2f6a4a]
V  [jvm.dll+0x1ea705]
V  [jvm.dll+0x1e996e]
V  [jvm.dll+0x178567]
V  [jvm.dll+0x1f9225]
V  [jvm.dll+0x1f72cc]
V  [jvm.dll+0x74495d]
V  [jvm.dll+0x73d75a]
V  [jvm.dll+0x629c56]
C  [ucrtbase.dll+0x21bb2]
C  [KERNEL32.DLL+0x17034]
C  [ntdll.dll+0x52651]


---------------  P R O C E S S  ---------------

Threads class SMR info:
_java_thread_list=0x0000020a0e123310, length=55, elements={
0x0000020a5ca0c410, 0x0000020a5caddb50, 0x0000020a7ebbaf60, 0x0000020a7ebd66d0,
0x0000020a7ebd8fa0, 0x0000020a7ebda000, 0x0000020a7ebe0950, 0x0000020a7ebe2ab0,
0x0000020a7ebe4330, 0x0000020a7f61dbc0, 0x0000020a7f61e2c0, 0x0000020a03ae4020,
0x0000020a03854800, 0x0000020a03b62030, 0x0000020a03b9f4c0, 0x0000020a03b9e180,
0x0000020a03b9e650, 0x0000020a03b9bb00, 0x0000020a05168330, 0x0000020a098d4bb0,
0x0000020a098d1b90, 0x0000020a098d33a0, 0x0000020a098cf9e0, 0x0000020a098d0850,
0x0000020a098d2060, 0x0000020a098d5550, 0x0000020a098d2ed0, 0x0000020a098ce1d0,
0x0000020a098cf510, 0x0000020a098ceb70, 0x0000020a098d0380, 0x0000020a098d11f0,
0x0000020a098d16c0, 0x0000020a098d2a00, 0x0000020a098d2530, 0x0000020a098d3870,
0x0000020a051691a0, 0x0000020a0516ae80, 0x0000020a03b9d7e0, 0x0000020a0684e670,
0x0000020a06850820, 0x0000020a0684d800, 0x0000020a0684eb40, 0x0000020a068ee140,
0x0000020a068ec460, 0x0000020a068ee610, 0x0000020a068ea2b0, 0x0000020a068ef950,
0x0000020a068eeae0, 0x0000020a068ef480, 0x0000020a068f07c0, 0x0000020a068f0c90,
0x0000020a068ece00, 0x0000020a0ebefed0, 0x0000020a0ebefa00
}

Java Threads: ( => current thread )
  0x0000020a5ca0c410 JavaThread "main" [_thread_blocked, id=12292, stack(0x000000ecdc100000,0x000000ecdc200000)]
  0x0000020a5caddb50 JavaThread "Reference Handler" daemon [_thread_blocked, id=18180, stack(0x000000ecdc800000,0x000000ecdc900000)]
  0x0000020a7ebbaf60 JavaThread "Finalizer" daemon [_thread_blocked, id=5092, stack(0x000000ecdc900000,0x000000ecdca00000)]
  0x0000020a7ebd66d0 JavaThread "Signal Dispatcher" daemon [_thread_blocked, id=6216, stack(0x000000ecdca00000,0x000000ecdcb00000)]
  0x0000020a7ebd8fa0 JavaThread "Attach Listener" daemon [_thread_blocked, id=6304, stack(0x000000ecdcb00000,0x000000ecdcc00000)]
  0x0000020a7ebda000 JavaThread "Service Thread" daemon [_thread_blocked, id=17560, stack(0x000000ecdcc00000,0x000000ecdcd00000)]
=>0x0000020a7ebe0950 JavaThread "C2 CompilerThread0" daemon [_thread_in_native, id=6372, stack(0x000000ecdcd00000,0x000000ecdce00000)]
  0x0000020a7ebe2ab0 JavaThread "C1 CompilerThread0" daemon [_thread_blocked, id=17496, stack(0x000000ecdce00000,0x000000ecdcf00000)]
  0x0000020a7ebe4330 JavaThread "Sweeper thread" daemon [_thread_blocked, id=14684, stack(0x000000ecdcf00000,0x000000ecdd000000)]
  0x0000020a7f61dbc0 JavaThread "Common-Cleaner" daemon [_thread_blocked, id=9940, stack(0x000000ecdd000000,0x000000ecdd100000)]
  0x0000020a7f61e2c0 JavaThread "Notification Thread" daemon [_thread_blocked, id=9756, stack(0x000000ecdd100000,0x000000ecdd200000)]
  0x0000020a03ae4020 JavaThread "Daemon health stats" [_thread_blocked, id=15772, stack(0x000000ecdd500000,0x000000ecdd600000)]
  0x0000020a03854800 JavaThread "Incoming local TCP Connector on port 59701" [_thread_in_native, id=2124, stack(0x000000ecdd300000,0x000000ecdd400000)]
  0x0000020a03b62030 JavaThread "Daemon periodic checks" [_thread_blocked, id=14580, stack(0x000000ecdd800000,0x000000ecdd900000)]
  0x0000020a03b9f4c0 JavaThread "Cache worker for journal cache (C:\Users\Abdullah\.gradle\caches\journal-1)" [_thread_blocked, id=6996, stack(0x000000ecde000000,0x000000ecde100000)]
  0x0000020a03b9e180 JavaThread "File lock request listener" [_thread_in_native, id=8204, stack(0x000000ecde100000,0x000000ecde200000)]
  0x0000020a03b9e650 JavaThread "Cache worker for file hash cache (C:\Users\Abdullah\.gradle\caches\6.3\fileHashes)" [_thread_blocked, id=11968, stack(0x000000ecde200000,0x000000ecde300000)]
  0x0000020a03b9bb00 JavaThread "Cache worker for execution history cache (C:\Users\Abdullah\.gradle\caches\6.3\executionHistory)" [_thread_blocked, id=6212, stack(0x000000ecde800000,0x000000ecde900000)]
  0x0000020a05168330 JavaThread "Memory manager" [_thread_blocked, id=10156, stack(0x000000ecdf000000,0x000000ecdf100000)]
  0x0000020a098d4bb0 JavaThread "Daemon Thread 2" [_thread_blocked, id=4144, stack(0x000000ecdbe00000,0x000000ecdbf00000)]
  0x0000020a098d1b90 JavaThread "Handler for socket connection from /127.0.0.1:59701 to /127.0.0.1:61454" [_thread_in_native, id=10856, stack(0x000000ecdbf00000,0x000000ecdc000000)]
  0x0000020a098d33a0 JavaThread "Cancel handler" [_thread_blocked, id=10868, stack(0x000000ecdc000000,0x000000ecdc100000)]
  0x0000020a098cf9e0 JavaThread "Daemon worker Thread 2" [_thread_in_Java, id=136, stack(0x000000ecdd900000,0x000000ecdda00000)]
  0x0000020a098d0850 JavaThread "Asynchronous log dispatcher for DefaultDaemonConnection: socket connection from /127.0.0.1:59701 to /127.0.0.1:61454" [_thread_blocked, id=20276, stack(0x000000ecdda00000,0x000000ecddb00000)]
  0x0000020a098d2060 JavaThread "Stdin handler" [_thread_blocked, id=11248, stack(0x000000ecddb00000,0x000000ecddc00000)]
  0x0000020a098d5550 JavaThread "Thread-33" [_thread_blocked, id=15656, stack(0x000000ecddc00000,0x000000ecddd00000)]
  0x0000020a098d2ed0 JavaThread "Cache worker for checksums cache (C:\Users\Abdullah\Desktop\reactnative\AwesomeProject\android\.gradle\checksums)" [_thread_blocked, id=8440, stack(0x000000ecddd00000,0x000000ecdde00000)]
  0x0000020a098ce1d0 JavaThread "Cache worker for file hash cache (C:\Users\Abdullah\Desktop\reactnative\AwesomeProject\android\.gradle\6.3\fileHashes)" [_thread_blocked, id=10884, stack(0x000000ecdde00000,0x000000ecddf00000)]
  0x0000020a098cf510 JavaThread "Cache worker for cache directory md-supplier (C:\Users\Abdullah\.gradle\caches\6.3\md-supplier)" [_thread_blocked, id=17688, stack(0x000000ecddf00000,0x000000ecde000000)]
  0x0000020a098ceb70 JavaThread "Cache worker for cache directory md-rule (C:\Users\Abdullah\.gradle\caches\6.3\md-rule)" [_thread_blocked, id=14852, stack(0x000000ecde400000,0x000000ecde500000)]
  0x0000020a098d0380 JavaThread "Build operations" [_thread_blocked, id=8684, stack(0x000000ecde500000,0x000000ecde600000)]
  0x0000020a098d11f0 JavaThread "Build operations Thread 2" [_thread_blocked, id=5304, stack(0x000000ecde600000,0x000000ecde700000)]
  0x0000020a098d16c0 JavaThread "Build operations Thread 3" [_thread_blocked, id=13608, stack(0x000000ecde700000,0x000000ecde800000)]
  0x0000020a098d2a00 JavaThread "Build operations Thread 4" [_thread_blocked, id=6632, stack(0x000000ecde900000,0x000000ecdea00000)]
  0x0000020a098d2530 JavaThread "pool-2-thread-1" [_thread_blocked, id=17748, stack(0x000000ecdeb00000,0x000000ecdec00000)]
  0x0000020a098d3870 JavaThread "Cache worker for Build Output Cleanup Cache (C:\Users\Abdullah\Desktop\reactnative\AwesomeProject\android\.gradle\buildOutputCleanup)" [_thread_blocked, id=4072, stack(0x000000ecdec00000,0x000000ecded00000)]
  0x0000020a051691a0 JavaThread "Cache worker for file content cache (C:\Users\Abdullah\.gradle\caches\6.3\fileContent)" [_thread_blocked, id=9676, stack(0x000000ecdef00000,0x000000ecdf000000)]
  0x0000020a0516ae80 JavaThread "Cache worker for file content cache (C:\Users\Abdullah\Desktop\reactnative\AwesomeProject\android\.gradle\6.3\fileContent)" [_thread_blocked, id=3848, stack(0x000000ecdf100000,0x000000ecdf200000)]
  0x0000020a03b9d7e0 JavaThread "Cache worker for execution history cache (C:\Users\Abdullah\Desktop\reactnative\AwesomeProject\android\.gradle\6.3\executionHistory)" [_thread_blocked, id=2768, stack(0x000000ecdf600000,0x000000ecdf700000)]
  0x0000020a0684e670 JavaThread "WorkerExecutor Queue Thread 3" [_thread_blocked, id=15208, stack(0x000000ecdf800000,0x000000ecdf900000)]
  0x0000020a06850820 JavaThread "WorkerExecutor Queue Thread 4" [_thread_blocked, id=11892, stack(0x000000ecdf900000,0x000000ecdfa00000)]
  0x0000020a0684d800 JavaThread "Cache worker for Java compile cache (C:\Users\Abdullah\.gradle\caches\6.3\javaCompile)" [_thread_blocked, id=15600, stack(0x000000ecdfa00000,0x000000ecdfb00000)]
  0x0000020a0684eb40 JavaThread "Cache worker for Java compile cache (C:\Users\Abdullah\Desktop\reactnative\AwesomeProject\android\.gradle\6.3\javaCompile)" [_thread_blocked, id=9700, stack(0x000000ecdfb00000,0x000000ecdfc00000)]
  0x0000020a068ee140 JavaThread "stderr" [_thread_in_native, id=16352, stack(0x000000ece0000000,0x000000ece0100000)]
  0x0000020a068ec460 JavaThread "stdout" [_thread_in_native, id=9124, stack(0x000000ece0100000,0x000000ece0200000)]
  0x0000020a068ee610 JavaThread "stderr" [_thread_in_native, id=12404, stack(0x000000ece0200000,0x000000ece0300000)]
  0x0000020a068ea2b0 JavaThread "stdout" [_thread_in_native, id=11544, stack(0x000000ece0300000,0x000000ece0400000)]
  0x0000020a068ef950 JavaThread "stderr" [_thread_in_native, id=14024, stack(0x000000ece0400000,0x000000ece0500000)]
  0x0000020a068eeae0 JavaThread "stdout" [_thread_in_native, id=15604, stack(0x000000ece0500000,0x000000ece0600000)]
  0x0000020a068ef480 JavaThread "WorkerExecutor Queue Thread 6" [_thread_blocked, id=20236, stack(0x000000ece0600000,0x000000ece0700000)]
  0x0000020a068f07c0 JavaThread "ForkJoinPool.commonPool-worker-3" daemon [_thread_blocked, id=13744, stack(0x000000ecdf700000,0x000000ecdf800000)]
  0x0000020a068f0c90 JavaThread "ForkJoinPool.commonPool-worker-5" daemon [_thread_in_native, id=976, stack(0x000000ece0700000,0x000000ece0800000)]
  0x0000020a068ece00 JavaThread "ForkJoinPool.commonPool-worker-7" daemon [_thread_blocked, id=10068, stack(0x000000ece0800000,0x000000ece0900000)]
  0x0000020a0ebefed0 JavaThread "WorkerExecutor Queue Thread 8" [_thread_blocked, id=16504, stack(0x000000ecdea00000,0x000000ecdeb00000)]
  0x0000020a0ebefa00 JavaThread "pool-5-thread-1" [_thread_in_native, id=18004, stack(0x000000ecdfc00000,0x000000ecdfd00000)]

Other Threads:
  0x0000020a7ebb7050 VMThread "VM Thread" [stack: 0x000000ecdc700000,0x000000ecdc800000] [id=15828]
  0x0000020a7f64fed0 WatcherThread [stack: 0x000000ecdd200000,0x000000ecdd300000] [id=13000]
  0x0000020a5ca5eb10 GCTaskThread "GC Thread#0" [stack: 0x000000ecdc200000,0x000000ecdc300000] [id=12320]
  0x0000020a7f605d10 GCTaskThread "GC Thread#1" [stack: 0x000000ecdd400000,0x000000ecdd500000] [id=11240]
  0x0000020a022a6900 GCTaskThread "GC Thread#2" [stack: 0x000000ecdd600000,0x000000ecdd700000] [id=9872]
  0x0000020a022a52b0 GCTaskThread "GC Thread#3" [stack: 0x000000ecdd700000,0x000000ecdd800000] [id=4040]
  0x0000020a5ca68c40 ConcurrentGCThread "G1 Main Marker" [stack: 0x000000ecdc300000,0x000000ecdc400000] [id=18256]
  0x0000020a5ca69ee0 ConcurrentGCThread "G1 Conc#0" [stack: 0x000000ecdc400000,0x000000ecdc500000] [id=18460]
  0x0000020a5ca8ef30 ConcurrentGCThread "G1 Refine#0" [stack: 0x000000ecdc500000,0x000000ecdc600000] [id=10988]
  0x0000020a024a8030 ConcurrentGCThread "G1 Refine#1" [stack: 0x000000ecded00000,0x000000ecdee00000] [id=10556]
  0x0000020a7ec607f0 ConcurrentGCThread "G1 Refine#2" [stack: 0x000000ecdee00000,0x000000ecdef00000] [id=14060]
  0x0000020a040e85c0 ConcurrentGCThread "G1 Refine#3" [stack: 0x000000ece0d00000,0x000000ece0e00000] [id=9644]
  0x0000020a5ca8fa40 ConcurrentGCThread "G1 Young RemSet Sampling" [stack: 0x000000ecdc600000,0x000000ecdc700000] [id=7284]

Threads with active compile tasks:
C2 CompilerThread0   273067 31693       4       java.io.WinNTFileSystem::normalize (224 bytes)
C1 CompilerThread0   273067 31719   !   3       org.gradle.internal.serialize.ExceptionReplacingObjectOutputStream$1::transform (15 bytes)

VM state: not at safepoint (normal execution)

VM Mutex/Monitor currently owned by a thread: None

OutOfMemory and StackOverflow Exception counts:
OutOfMemoryError java_heap_errors=24
LinkageErrors=169

Heap address: 0x00000006e0000000, size: 4608 MB, Compressed Oops mode: Zero based, Oop shift amount: 3
CDS archive(s) mapped at: [0x0000000800000000-0x0000000800b50000-0x0000000800b50000), size 11862016, SharedBaseAddress: 0x0000000800000000, ArchiveRelocationMode: 0.
Compressed class space mapped at: 0x0000000800b50000-0x0000000840b50000, size: 1073741824
Narrow klass base: 0x0000000800000000, Narrow klass shift: 3, Narrow klass range: 0x100000000

GC Precious Log:
 CPUs: 4 total, 4 available
 Memory: 3992M
 Large Page Support: Disabled
 NUMA Support: Disabled
 Compressed Oops: Enabled (Zero based)
 Heap Region Size: 4M
 Heap Min Capacity: 8M
 Heap Initial Capacity: 64M
 Heap Max Capacity: 4608M
 Pre-touch: Disabled
 Parallel Workers: 4
 Concurrent Workers: 1
 Concurrent Refinement Workers: 4
 Periodic GC: Disabled

Heap:
 garbage-first heap   total 1241088K, used 1073727K [0x00000006e0000000, 0x0000000800000000)
  region size 4096K, 82 young (335872K), 16 survivors (65536K)
 Metaspace       used 110217K, capacity 113568K, committed 113916K, reserved 1148928K
  class space    used 13189K, capacity 14221K, committed 14336K, reserved 1048576K

Heap Regions: E=young(eden), S=young(survivor), O=old, HS=humongous(starts), HC=humongous(continues), CS=collection set, F=free, OA=open archive, CA=closed archive, TAMS=top-at-mark-start (previous, next)
|   0|0x00000006e0000000, 0x00000006e0400000, 0x00000006e0400000|100%|HS|  |TAMS 0x00000006e0400000, 0x00000006e0000000| Complete 
|   1|0x00000006e0400000, 0x00000006e0800000, 0x00000006e0800000|100%| O|  |TAMS 0x00000006e0800000, 0x00000006e0400000| Untracked 
|   2|0x00000006e0800000, 0x00000006e0c00000, 0x00000006e0c00000|100%| O|  |TAMS 0x00000006e0c00000, 0x00000006e0800000| Untracked 
|   3|0x00000006e0c00000, 0x00000006e1000000, 0x00000006e1000000|100%| O|  |TAMS 0x00000006e1000000, 0x00000006e0c00000| Untracked 
|   4|0x00000006e1000000, 0x00000006e1400000, 0x00000006e1400000|100%| O|  |TAMS 0x00000006e1400000, 0x00000006e1000000| Untracked 
|   5|0x00000006e1400000, 0x00000006e1800000, 0x00000006e1800000|100%| O|  |TAMS 0x00000006e1800000, 0x00000006e1400000| Untracked 
|   6|0x00000006e1800000, 0x00000006e1c00000, 0x00000006e1c00000|100%| O|  |TAMS 0x00000006e1c00000, 0x00000006e1800000| Complete 
|   7|0x00000006e1c00000, 0x00000006e2000000, 0x00000006e2000000|100%| O|  |TAMS 0x00000006e2000000, 0x00000006e1c00000| Untracked 
|   8|0x00000006e2000000, 0x00000006e2400000, 0x00000006e2400000|100%| O|  |TAMS 0x00000006e2400000, 0x00000006e2000000| Complete 
|   9|0x00000006e2400000, 0x00000006e2800000, 0x00000006e2800000|100%| O|  |TAMS 0x00000006e2800000, 0x00000006e2400000| Untracked 
|  10|0x00000006e2800000, 0x00000006e2c00000, 0x00000006e2c00000|100%| O|  |TAMS 0x00000006e2c00000, 0x00000006e2800000| Complete 
|  11|0x00000006e2c00000, 0x00000006e3000000, 0x00000006e3000000|100%| O|  |TAMS 0x00000006e3000000, 0x00000006e2c00000| Complete 
|  12|0x00000006e3000000, 0x00000006e3400000, 0x00000006e3400000|100%| O|  |TAMS 0x00000006e3400000, 0x00000006e3000000| Untracked 
|  13|0x00000006e3400000, 0x00000006e3800000, 0x00000006e3800000|100%| O|  |TAMS 0x00000006e3800000, 0x00000006e3400000| Untracked 
|  14|0x00000006e3800000, 0x00000006e3c00000, 0x00000006e3c00000|100%| O|  |TAMS 0x00000006e3c00000, 0x00000006e3800000| Complete 
|  15|0x00000006e3c00000, 0x00000006e4000000, 0x00000006e4000000|100%| O|  |TAMS 0x00000006e4000000, 0x00000006e3c00000| Untracked 
|  16|0x00000006e4000000, 0x00000006e4400000, 0x00000006e4400000|100%| O|  |TAMS 0x00000006e4400000, 0x00000006e4000000| Complete 
|  17|0x00000006e4400000, 0x00000006e4800000, 0x00000006e4800000|100%| O|  |TAMS 0x00000006e4800000, 0x00000006e4400000| Untracked 
|  18|0x00000006e4800000, 0x00000006e4c00000, 0x00000006e4c00000|100%| O|  |TAMS 0x00000006e4c00000, 0x00000006e4800000| Complete 
|  19|0x00000006e4c00000, 0x00000006e5000000, 0x00000006e5000000|100%| O|  |TAMS 0x00000006e5000000, 0x00000006e4c00000| Untracked 
|  20|0x00000006e5000000, 0x00000006e5400000, 0x00000006e5400000|100%| O|  |TAMS 0x00000006e5400000, 0x00000006e5000000| Untracked 
|  21|0x00000006e5400000, 0x00000006e5800000, 0x00000006e5800000|100%| O|  |TAMS 0x00000006e5800000, 0x00000006e5400000| Untracked 
|  22|0x00000006e5800000, 0x00000006e5c00000, 0x00000006e5c00000|100%| O|  |TAMS 0x00000006e5c00000, 0x00000006e5800000| Untracked 
|  23|0x00000006e5c00000, 0x00000006e6000000, 0x00000006e6000000|100%| O|  |TAMS 0x00000006e6000000, 0x00000006e5c00000| Complete 
|  24|0x00000006e6000000, 0x00000006e6400000, 0x00000006e6400000|100%| O|  |TAMS 0x00000006e6400000, 0x00000006e6000000| Untracked 
|  25|0x00000006e6400000, 0x00000006e6800000, 0x00000006e6800000|100%| O|  |TAMS 0x00000006e6800000, 0x00000006e6400000| Complete 
|  26|0x00000006e6800000, 0x00000006e6c00000, 0x00000006e6c00000|100%| O|  |TAMS 0x00000006e6c00000, 0x00000006e6800000| Untracked 
|  27|0x00000006e6c00000, 0x00000006e7000000, 0x00000006e7000000|100%| O|  |TAMS 0x00000006e7000000, 0x00000006e6c00000| Complete 
|  28|0x00000006e7000000, 0x00000006e7400000, 0x00000006e7400000|100%| O|  |TAMS 0x00000006e7400000, 0x00000006e7000000| Complete 
|  29|0x00000006e7400000, 0x00000006e7800000, 0x00000006e7800000|100%| O|  |TAMS 0x00000006e7800000, 0x00000006e7400000| Untracked 
|  30|0x00000006e7800000, 0x00000006e7c00000, 0x00000006e7c00000|100%| O|  |TAMS 0x00000006e7c00000, 0x00000006e7800000| Complete 
|  31|0x00000006e7c00000, 0x00000006e8000000, 0x00000006e8000000|100%| O|  |TAMS 0x00000006e7df1600, 0x00000006e7c00000| Untracked 
|  32|0x00000006e8000000, 0x00000006e8400000, 0x00000006e8400000|100%| O|  |TAMS 0x00000006e8400000, 0x00000006e8000000| Untracked 
|  33|0x00000006e8400000, 0x00000006e8800000, 0x00000006e8800000|100%| O|  |TAMS 0x00000006e8800000, 0x00000006e8400000| Untracked 
|  34|0x00000006e8800000, 0x00000006e8c00000, 0x00000006e8c00000|100%| O|  |TAMS 0x00000006e8c00000, 0x00000006e8800000| Untracked 
|  35|0x00000006e8c00000, 0x00000006e9000000, 0x00000006e9000000|100%| O|  |TAMS 0x00000006e9000000, 0x00000006e8c00000| Complete 
|  36|0x00000006e9000000, 0x00000006e9400000, 0x00000006e9400000|100%| O|  |TAMS 0x00000006e9400000, 0x00000006e9000000| Untracked 
|  37|0x00000006e9400000, 0x00000006e9800000, 0x00000006e9800000|100%| O|  |TAMS 0x00000006e9800000, 0x00000006e9400000| Complete 
|  38|0x00000006e9800000, 0x00000006e9c00000, 0x00000006e9c00000|100%| O|  |TAMS 0x00000006e9c00000, 0x00000006e9800000| Complete 
|  39|0x00000006e9c00000, 0x00000006ea000000, 0x00000006ea000000|100%| O|  |TAMS 0x00000006ea000000, 0x00000006e9c00000| Untracked 
|  40|0x00000006ea000000, 0x00000006ea400000, 0x00000006ea400000|100%| O|  |TAMS 0x00000006ea400000, 0x00000006ea000000| Complete 
|  41|0x00000006ea400000, 0x00000006ea800000, 0x00000006ea800000|100%| O|  |TAMS 0x00000006ea800000, 0x00000006ea400000| Complete 
|  42|0x00000006ea800000, 0x00000006eac00000, 0x00000006eac00000|100%| O|  |TAMS 0x00000006eac00000, 0x00000006ea800000| Complete 
|  43|0x00000006eac00000, 0x00000006eb000000, 0x00000006eb000000|100%| O|  |TAMS 0x00000006eb000000, 0x00000006eac00000| Complete 
|  44|0x00000006eb000000, 0x00000006eb400000, 0x00000006eb400000|100%| O|  |TAMS 0x00000006eb400000, 0x00000006eb000000| Complete 
|  45|0x00000006eb400000, 0x00000006eb800000, 0x00000006eb800000|100%|HS|  |TAMS 0x00000006eb400000, 0x00000006eb400000| Complete 
|  46|0x00000006eb800000, 0x00000006ebc00000, 0x00000006ebc00000|100%|HC|  |TAMS 0x00000006eb800000, 0x00000006eb800000| Complete 
|  47|0x00000006ebc00000, 0x00000006ec000000, 0x00000006ec000000|100%|HC|  |TAMS 0x00000006ebc00000, 0x00000006ebc00000| Complete 
|  48|0x00000006ec000000, 0x00000006ec400000, 0x00000006ec400000|100%| O|  |TAMS 0x00000006ec400000, 0x00000006ec000000| Complete 
|  49|0x00000006ec400000, 0x00000006ec800000, 0x00000006ec800000|100%| O|  |TAMS 0x00000006ec800000, 0x00000006ec400000| Complete 
|  50|0x00000006ec800000, 0x00000006ecc00000, 0x00000006ecc00000|100%| O|  |TAMS 0x00000006ecc00000, 0x00000006ec800000| Complete 
|  51|0x00000006ecc00000, 0x00000006ed000000, 0x00000006ed000000|100%|HS|  |TAMS 0x00000006ecc00000, 0x00000006ecc00000| Complete 
|  52|0x00000006ed000000, 0x00000006ed400000, 0x00000006ed400000|100%| O|  |TAMS 0x00000006ed400000, 0x00000006ed000000| Complete 
|  53|0x00000006ed400000, 0x00000006ed800000, 0x00000006ed800000|100%|HS|  |TAMS 0x00000006ed400000, 0x00000006ed400000| Complete 
|  54|0x00000006ed800000, 0x00000006edc00000, 0x00000006edc00000|100%|HC|  |TAMS 0x00000006ed800000, 0x00000006ed800000| Complete 
|  55|0x00000006edc00000, 0x00000006ee000000, 0x00000006ee000000|100%| O|  |TAMS 0x00000006ee000000, 0x00000006edc00000| Complete 
|  56|0x00000006ee000000, 0x00000006ee400000, 0x00000006ee400000|100%| O|  |TAMS 0x00000006ee400000, 0x00000006ee000000| Complete 
|  57|0x00000006ee400000, 0x00000006ee800000, 0x00000006ee800000|100%| O|  |TAMS 0x00000006ee800000, 0x00000006ee400000| Complete 
|  58|0x00000006ee800000, 0x00000006eec00000, 0x00000006eec00000|100%| O|  |TAMS 0x00000006eec00000, 0x00000006ee800000| Complete 
|  59|0x00000006eec00000, 0x00000006ef000000, 0x00000006ef000000|100%| O|  |TAMS 0x00000006ef000000, 0x00000006eec00000| Complete 
|  60|0x00000006ef000000, 0x00000006ef400000, 0x00000006ef400000|100%| O|  |TAMS 0x00000006ef400000, 0x00000006ef000000| Complete 
|  61|0x00000006ef400000, 0x00000006ef800000, 0x00000006ef800000|100%| O|  |TAMS 0x00000006ef800000, 0x00000006ef400000| Complete 
|  62|0x00000006ef800000, 0x00000006efc00000, 0x00000006efc00000|100%|HS|  |TAMS 0x00000006ef800000, 0x00000006ef800000| Complete 
|  63|0x00000006efc00000, 0x00000006f0000000, 0x00000006f0000000|100%|HS|  |TAMS 0x00000006efc00000, 0x00000006efc00000| Complete 
|  64|0x00000006f0000000, 0x00000006f0400000, 0x00000006f0400000|100%| O|  |TAMS 0x00000006f0400000, 0x00000006f0000000| Complete 
|  65|0x00000006f0400000, 0x00000006f0800000, 0x00000006f0800000|100%|HS|  |TAMS 0x00000006f0400000, 0x00000006f0400000| Complete 
|  66|0x00000006f0800000, 0x00000006f0c00000, 0x00000006f0c00000|100%| O|  |TAMS 0x00000006f0c00000, 0x00000006f0800000| Complete 
|  67|0x00000006f0c00000, 0x00000006f1000000, 0x00000006f1000000|100%|HS|  |TAMS 0x00000006f0c00000, 0x00000006f0c00000| Complete 
|  68|0x00000006f1000000, 0x00000006f1400000, 0x00000006f1400000|100%|HS|  |TAMS 0x00000006f1000000, 0x00000006f1000000| Complete 
|  69|0x00000006f1400000, 0x00000006f1800000, 0x00000006f1800000|100%|HS|  |TAMS 0x00000006f1400000, 0x00000006f1400000| Complete 
|  70|0x00000006f1800000, 0x00000006f1c00000, 0x00000006f1c00000|100%| O|  |TAMS 0x00000006f1c00000, 0x00000006f1800000| Complete 
|  71|0x00000006f1c00000, 0x00000006f2000000, 0x00000006f2000000|100%|HS|  |TAMS 0x00000006f1c00000, 0x00000006f1c00000| Complete 
|  72|0x00000006f2000000, 0x00000006f2400000, 0x00000006f2400000|100%| O|  |TAMS 0x00000006f2400000, 0x00000006f2000000| Complete 
|  73|0x00000006f2400000, 0x00000006f2800000, 0x00000006f2800000|100%| O|  |TAMS 0x00000006f2800000, 0x00000006f2400000| Complete 
|  74|0x00000006f2800000, 0x00000006f2c00000, 0x00000006f2c00000|100%| O|  |TAMS 0x00000006f2c00000, 0x00000006f2800000| Complete 
|  75|0x00000006f2c00000, 0x00000006f3000000, 0x00000006f3000000|100%|HS|  |TAMS 0x00000006f2c00000, 0x00000006f2c00000| Complete 
|  76|0x00000006f3000000, 0x00000006f3400000, 0x00000006f3400000|100%| O|  |TAMS 0x00000006f3400000, 0x00000006f3000000| Complete 
|  77|0x00000006f3400000, 0x00000006f3800000, 0x00000006f3800000|100%|HS|  |TAMS 0x00000006f3400000, 0x00000006f3400000| Complete 
|  78|0x00000006f3800000, 0x00000006f3c00000, 0x00000006f3c00000|100%|HC|  |TAMS 0x00000006f3800000, 0x00000006f3800000| Complete 
|  79|0x00000006f3c00000, 0x00000006f4000000, 0x00000006f4000000|100%| O|  |TAMS 0x00000006f4000000, 0x00000006f3c00000| Complete 
|  80|0x00000006f4000000, 0x00000006f4400000, 0x00000006f4400000|100%| O|  |TAMS 0x00000006f4400000, 0x00000006f4000000| Complete 
|  81|0x00000006f4400000, 0x00000006f4800000, 0x00000006f4800000|100%|HS|  |TAMS 0x00000006f4400000, 0x00000006f4400000| Complete 
|  82|0x00000006f4800000, 0x00000006f4c00000, 0x00000006f4c00000|100%| O|  |TAMS 0x00000006f4c00000, 0x00000006f4800000| Complete 
|  83|0x00000006f4c00000, 0x00000006f5000000, 0x00000006f5000000|100%| O|  |TAMS 0x00000006f5000000, 0x00000006f4c00000| Complete 
|  84|0x00000006f5000000, 0x00000006f5400000, 0x00000006f5400000|100%| O|  |TAMS 0x00000006f5400000, 0x00000006f5000000| Complete 
|  85|0x00000006f5400000, 0x00000006f5800000, 0x00000006f5800000|100%| O|  |TAMS 0x00000006f5800000, 0x00000006f5400000| Complete 
|  86|0x00000006f5800000, 0x00000006f5c00000, 0x00000006f5c00000|100%|HS|  |TAMS 0x00000006f5800000, 0x00000006f5800000| Complete 
|  87|0x00000006f5c00000, 0x00000006f6000000, 0x00000006f6000000|100%|HC|  |TAMS 0x00000006f5c00000, 0x00000006f5c00000| Complete 
|  88|0x00000006f6000000, 0x00000006f6400000, 0x00000006f6400000|100%| O|  |TAMS 0x00000006f6400000, 0x00000006f6000000| Complete 
|  89|0x00000006f6400000, 0x00000006f6800000, 0x00000006f6800000|100%|HS|  |TAMS 0x00000006f6400000, 0x00000006f6400000| Complete 
|  90|0x00000006f6800000, 0x00000006f6c00000, 0x00000006f6c00000|100%|HC|  |TAMS 0x00000006f6800000, 0x00000006f6800000| Complete 
|  91|0x00000006f6c00000, 0x00000006f7000000, 0x00000006f7000000|100%|HS|  |TAMS 0x00000006f7000000, 0x00000006f6c00000| Complete 
|  92|0x00000006f7000000, 0x00000006f7400000, 0x00000006f7400000|100%|HC|  |TAMS 0x00000006f7400000, 0x00000006f7000000| Complete 
|  93|0x00000006f7400000, 0x00000006f7800000, 0x00000006f7800000|100%| O|  |TAMS 0x00000006f7800000, 0x00000006f7400000| Complete 
|  94|0x00000006f7800000, 0x00000006f7c00000, 0x00000006f7c00000|100%| O|  |TAMS 0x00000006f7c00000, 0x00000006f7800000| Complete 
|  95|0x00000006f7c00000, 0x00000006f8000000, 0x00000006f8000000|100%| O|  |TAMS 0x00000006f8000000, 0x00000006f7c00000| Complete 
|  96|0x00000006f8000000, 0x00000006f8400000, 0x00000006f8400000|100%|HS|  |TAMS 0x00000006f8000000, 0x00000006f8000000| Complete 
|  97|0x00000006f8400000, 0x00000006f8800000, 0x00000006f8800000|100%| O|  |TAMS 0x00000006f8800000, 0x00000006f8400000| Complete 
|  98|0x00000006f8800000, 0x00000006f8c00000, 0x00000006f8c00000|100%| O|  |TAMS 0x00000006f8c00000, 0x00000006f8800000| Complete 
|  99|0x00000006f8c00000, 0x00000006f9000000, 0x00000006f9000000|100%| O|  |TAMS 0x00000006f9000000, 0x00000006f8c00000| Complete 
| 100|0x00000006f9000000, 0x00000006f9400000, 0x00000006f9400000|100%| O|  |TAMS 0x00000006f9400000, 0x00000006f9000000| Complete 
| 101|0x00000006f9400000, 0x00000006f9800000, 0x00000006f9800000|100%| O|  |TAMS 0x00000006f9800000, 0x00000006f9400000| Complete 
| 102|0x00000006f9800000, 0x00000006f9c00000, 0x00000006f9c00000|100%|HS|  |TAMS 0x00000006f9800000, 0x00000006f9800000| Complete 
| 103|0x00000006f9c00000, 0x00000006fa000000, 0x00000006fa000000|100%|HC|  |TAMS 0x00000006f9c00000, 0x00000006f9c00000| Complete 
| 104|0x00000006fa000000, 0x00000006fa400000, 0x00000006fa400000|100%|HS|  |TAMS 0x00000006fa000000, 0x00000006fa000000| Complete 
| 105|0x00000006fa400000, 0x00000006fa800000, 0x00000006fa800000|100%|HS|  |TAMS 0x00000006fa800000, 0x00000006fa400000| Complete 
| 106|0x00000006fa800000, 0x00000006fac00000, 0x00000006fac00000|100%|HC|  |TAMS 0x00000006fac00000, 0x00000006fa800000| Complete 
| 107|0x00000006fac00000, 0x00000006fb000000, 0x00000006fb000000|100%| O|  |TAMS 0x00000006fb000000, 0x00000006fac00000| Complete 
| 108|0x00000006fb000000, 0x00000006fb400000, 0x00000006fb400000|100%| O|  |TAMS 0x00000006fb400000, 0x00000006fb000000| Complete 
| 109|0x00000006fb400000, 0x00000006fb800000, 0x00000006fb800000|100%| O|  |TAMS 0x00000006fb800000, 0x00000006fb400000| Complete 
| 110|0x00000006fb800000, 0x00000006fbc00000, 0x00000006fbc00000|100%| O|  |TAMS 0x00000006fbc00000, 0x00000006fb800000| Complete 
| 111|0x00000006fbc00000, 0x00000006fc000000, 0x00000006fc000000|100%| O|  |TAMS 0x00000006fc000000, 0x00000006fbc00000| Complete 
| 112|0x00000006fc000000, 0x00000006fc400000, 0x00000006fc400000|100%|HS|  |TAMS 0x00000006fc000000, 0x00000006fc000000| Complete 
| 113|0x00000006fc400000, 0x00000006fc800000, 0x00000006fc800000|100%|HS|  |TAMS 0x00000006fc800000, 0x00000006fc400000| Complete 
| 114|0x00000006fc800000, 0x00000006fcc00000, 0x00000006fcc00000|100%|HC|  |TAMS 0x00000006fcc00000, 0x00000006fc800000| Complete 
| 115|0x00000006fcc00000, 0x00000006fd000000, 0x00000006fd000000|100%|HS|  |TAMS 0x00000006fcc00000, 0x00000006fcc00000| Complete 
| 116|0x00000006fd000000, 0x00000006fd400000, 0x00000006fd400000|100%|HC|  |TAMS 0x00000006fd000000, 0x00000006fd000000| Complete 
| 117|0x00000006fd400000, 0x00000006fd800000, 0x00000006fd800000|100%|HS|  |TAMS 0x00000006fd400000, 0x00000006fd400000| Complete 
| 118|0x00000006fd800000, 0x00000006fdc00000, 0x00000006fdc00000|100%|HC|  |TAMS 0x00000006fd800000, 0x00000006fd800000| Complete 
| 119|0x00000006fdc00000, 0x00000006fe000000, 0x00000006fe000000|100%|HS|  |TAMS 0x00000006fdc00000, 0x00000006fdc00000| Complete 
| 120|0x00000006fe000000, 0x00000006fe400000, 0x00000006fe400000|100%|HC|  |TAMS 0x00000006fe000000, 0x00000006fe000000| Complete 
| 121|0x00000006fe400000, 0x00000006fe800000, 0x00000006fe800000|100%|HS|  |TAMS 0x00000006fe400000, 0x00000006fe400000| Complete 
| 122|0x00000006fe800000, 0x00000006fec00000, 0x00000006fec00000|100%|HC|  |TAMS 0x00000006fe800000, 0x00000006fe800000| Complete 
| 123|0x00000006fec00000, 0x00000006ff000000, 0x00000006ff000000|100%|HS|  |TAMS 0x00000006fec00000, 0x00000006fec00000| Complete 
| 124|0x00000006ff000000, 0x00000006ff400000, 0x00000006ff400000|100%|HC|  |TAMS 0x00000006ff000000, 0x00000006ff000000| Complete 
| 125|0x00000006ff400000, 0x00000006ff800000, 0x00000006ff800000|100%|HS|  |TAMS 0x00000006ff400000, 0x00000006ff400000| Complete 
| 126|0x00000006ff800000, 0x00000006ffc00000, 0x00000006ffc00000|100%|HC|  |TAMS 0x00000006ff800000, 0x00000006ff800000| Complete 
| 127|0x00000006ffc00000, 0x0000000700000000, 0x0000000700000000|100%|HS|  |TAMS 0x00000006ffc00000, 0x00000006ffc00000| Complete 
| 128|0x0000000700000000, 0x0000000700400000, 0x0000000700400000|100%|HS|  |TAMS 0x0000000700000000, 0x0000000700000000| Complete 
| 129|0x0000000700400000, 0x0000000700800000, 0x0000000700800000|100%|HS|  |TAMS 0x0000000700400000, 0x0000000700400000| Complete 
| 130|0x0000000700800000, 0x0000000700c00000, 0x0000000700c00000|100%|HC|  |TAMS 0x0000000700800000, 0x0000000700800000| Complete 
| 131|0x0000000700c00000, 0x0000000701000000, 0x0000000701000000|100%|HS|  |TAMS 0x0000000700c00000, 0x0000000700c00000| Complete 
| 132|0x0000000701000000, 0x0000000701400000, 0x0000000701400000|100%|HC|  |TAMS 0x0000000701000000, 0x0000000701000000| Complete 
| 133|0x0000000701400000, 0x0000000701800000, 0x0000000701800000|100%|HS|  |TAMS 0x0000000701400000, 0x0000000701400000| Complete 
| 134|0x0000000701800000, 0x0000000701c00000, 0x0000000701c00000|100%|HC|  |TAMS 0x0000000701800000, 0x0000000701800000| Complete 
| 135|0x0000000701c00000, 0x0000000702000000, 0x0000000702000000|100%|HS|  |TAMS 0x0000000701c00000, 0x0000000701c00000| Complete 
| 136|0x0000000702000000, 0x0000000702400000, 0x0000000702400000|100%|HC|  |TAMS 0x0000000702000000, 0x0000000702000000| Complete 
| 137|0x0000000702400000, 0x0000000702800000, 0x0000000702800000|100%|HS|  |TAMS 0x0000000702400000, 0x0000000702400000| Complete 
| 138|0x0000000702800000, 0x0000000702c00000, 0x0000000702c00000|100%|HS|  |TAMS 0x0000000702800000, 0x0000000702800000| Complete 
| 139|0x0000000702c00000, 0x0000000703000000, 0x0000000703000000|100%|HC|  |TAMS 0x0000000702c00000, 0x0000000702c00000| Complete 
| 140|0x0000000703000000, 0x0000000703400000, 0x0000000703400000|100%|HS|  |TAMS 0x0000000703000000, 0x0000000703000000| Complete 
| 141|0x0000000703400000, 0x0000000703800000, 0x0000000703800000|100%|HS|  |TAMS 0x0000000703400000, 0x0000000703400000| Complete 
| 142|0x0000000703800000, 0x0000000703c00000, 0x0000000703c00000|100%|HC|  |TAMS 0x0000000703800000, 0x0000000703800000| Complete 
| 143|0x0000000703c00000, 0x0000000704000000, 0x0000000704000000|100%|HS|  |TAMS 0x0000000703c00000, 0x0000000703c00000| Complete 
| 144|0x0000000704000000, 0x0000000704400000, 0x0000000704400000|100%|HS|  |TAMS 0x0000000704000000, 0x0000000704000000| Complete 
| 145|0x0000000704400000, 0x0000000704800000, 0x0000000704800000|100%|HS|  |TAMS 0x0000000704400000, 0x0000000704400000| Complete 
| 146|0x0000000704800000, 0x0000000704c00000, 0x0000000704c00000|100%|HC|  |TAMS 0x0000000704800000, 0x0000000704800000| Complete 
| 147|0x0000000704c00000, 0x0000000705000000, 0x0000000705000000|100%|HC|  |TAMS 0x0000000704c00000, 0x0000000704c00000| Complete 
| 148|0x0000000705000000, 0x0000000705400000, 0x0000000705400000|100%|HS|  |TAMS 0x0000000705000000, 0x0000000705000000| Complete 
| 149|0x0000000705400000, 0x0000000705800000, 0x0000000705800000|100%|HS|  |TAMS 0x0000000705400000, 0x0000000705400000| Complete 
| 150|0x0000000705800000, 0x0000000705c00000, 0x0000000705c00000|100%|HC|  |TAMS 0x0000000705800000, 0x0000000705800000| Complete 
| 151|0x0000000705c00000, 0x0000000706000000, 0x0000000706000000|100%|HS|  |TAMS 0x0000000705c00000, 0x0000000705c00000| Complete 
| 152|0x0000000706000000, 0x0000000706400000, 0x0000000706400000|100%|HS|  |TAMS 0x0000000706000000, 0x0000000706000000| Complete 
| 153|0x0000000706400000, 0x0000000706800000, 0x0000000706800000|100%|HS|  |TAMS 0x0000000706400000, 0x0000000706400000| Complete 
| 154|0x0000000706800000, 0x0000000706c00000, 0x0000000706c00000|100%|HC|  |TAMS 0x0000000706800000, 0x0000000706800000| Complete 
| 155|0x0000000706c00000, 0x0000000707000000, 0x0000000707000000|100%|HS|  |TAMS 0x0000000706c00000, 0x0000000706c00000| Complete 
| 156|0x0000000707000000, 0x0000000707000000, 0x0000000707400000|  0%| F|  |TAMS 0x0000000707000000, 0x0000000707000000| Untracked 
| 157|0x0000000707400000, 0x0000000707400000, 0x0000000707800000|  0%| F|  |TAMS 0x0000000707400000, 0x0000000707400000| Untracked 
| 158|0x0000000707800000, 0x0000000707c00000, 0x0000000707c00000|100%|HS|  |TAMS 0x0000000707800000, 0x0000000707800000| Complete 
| 159|0x0000000707c00000, 0x0000000708000000, 0x0000000708000000|100%|HC|  |TAMS 0x0000000707c00000, 0x0000000707c00000| Complete 
| 160|0x0000000708000000, 0x0000000708400000, 0x0000000708400000|100%|HS|  |TAMS 0x0000000708000000, 0x0000000708000000| Complete 
| 161|0x0000000708400000, 0x0000000708800000, 0x0000000708800000|100%|HC|  |TAMS 0x0000000708400000, 0x0000000708400000| Complete 
| 162|0x0000000708800000, 0x0000000708c00000, 0x0000000708c00000|100%|HC|  |TAMS 0x0000000708800000, 0x0000000708800000| Complete 
| 163|0x0000000708c00000, 0x0000000708c00000, 0x0000000709000000|  0%| F|  |TAMS 0x0000000708c00000, 0x0000000708c00000| Untracked 
| 164|0x0000000709000000, 0x0000000709000000, 0x0000000709400000|  0%| F|  |TAMS 0x0000000709000000, 0x0000000709000000| Untracked 
| 165|0x0000000709400000, 0x0000000709400000, 0x0000000709800000|  0%| F|  |TAMS 0x0000000709400000, 0x0000000709400000| Untracked 
| 166|0x0000000709800000, 0x0000000709c00000, 0x0000000709c00000|100%|HS|  |TAMS 0x0000000709800000, 0x0000000709800000| Complete 
| 167|0x0000000709c00000, 0x000000070a000000, 0x000000070a000000|100%|HC|  |TAMS 0x0000000709c00000, 0x0000000709c00000| Complete 
| 168|0x000000070a000000, 0x000000070a400000, 0x000000070a400000|100%|HS|  |TAMS 0x000000070a000000, 0x000000070a000000| Complete 
| 169|0x000000070a400000, 0x000000070a800000, 0x000000070a800000|100%|HS|  |TAMS 0x000000070a400000, 0x000000070a400000| Complete 
| 170|0x000000070a800000, 0x000000070ac00000, 0x000000070ac00000|100%|HC|  |TAMS 0x000000070a800000, 0x000000070a800000| Complete 
| 171|0x000000070ac00000, 0x000000070b000000, 0x000000070b000000|100%|HS|  |TAMS 0x000000070ac00000, 0x000000070ac00000| Complete 
| 172|0x000000070b000000, 0x000000070b000000, 0x000000070b400000|  0%| F|  |TAMS 0x000000070b000000, 0x000000070b000000| Untracked 
| 173|0x000000070b400000, 0x000000070b400000, 0x000000070b800000|  0%| F|  |TAMS 0x000000070b400000, 0x000000070b400000| Untracked 
| 174|0x000000070b800000, 0x000000070b800000, 0x000000070bc00000|  0%| F|  |TAMS 0x000000070b800000, 0x000000070b800000| Untracked 
| 175|0x000000070bc00000, 0x000000070bc00000, 0x000000070c000000|  0%| F|  |TAMS 0x000000070bc00000, 0x000000070bc00000| Untracked 
| 176|0x000000070c000000, 0x000000070c000000, 0x000000070c400000|  0%| F|  |TAMS 0x000000070c000000, 0x000000070c000000| Untracked 
| 177|0x000000070c400000, 0x000000070c400000, 0x000000070c800000|  0%| F|  |TAMS 0x000000070c400000, 0x000000070c400000| Untracked 
| 178|0x000000070c800000, 0x000000070c800000, 0x000000070cc00000|  0%| F|  |TAMS 0x000000070c800000, 0x000000070c800000| Untracked 
| 179|0x000000070cc00000, 0x000000070cc00000, 0x000000070d000000|  0%| F|  |TAMS 0x000000070cc00000, 0x000000070cc00000| Untracked 
| 180|0x000000070d000000, 0x000000070d000000, 0x000000070d400000|  0%| F|  |TAMS 0x000000070d000000, 0x000000070d000000| Untracked 
| 181|0x000000070d400000, 0x000000070d400000, 0x000000070d800000|  0%| F|  |TAMS 0x000000070d400000, 0x000000070d400000| Untracked 
| 182|0x000000070d800000, 0x000000070d800000, 0x000000070dc00000|  0%| F|  |TAMS 0x000000070d800000, 0x000000070d800000| Untracked 
| 183|0x000000070dc00000, 0x000000070dc00000, 0x000000070e000000|  0%| F|  |TAMS 0x000000070dc00000, 0x000000070dc00000| Untracked 
| 184|0x000000070e000000, 0x000000070e000000, 0x000000070e400000|  0%| F|  |TAMS 0x000000070e000000, 0x000000070e000000| Untracked 
| 185|0x000000070e400000, 0x000000070e400000, 0x000000070e800000|  0%| F|  |TAMS 0x000000070e400000, 0x000000070e400000| Untracked 
| 186|0x000000070e800000, 0x000000070e800000, 0x000000070ec00000|  0%| F|  |TAMS 0x000000070e800000, 0x000000070e800000| Untracked 
| 187|0x000000070ec00000, 0x000000070ec00000, 0x000000070f000000|  0%| F|  |TAMS 0x000000070ec00000, 0x000000070ec00000| Untracked 
| 188|0x000000070f000000, 0x000000070f000000, 0x000000070f400000|  0%| F|  |TAMS 0x000000070f000000, 0x000000070f000000| Untracked 
| 189|0x000000070f400000, 0x000000070f400000, 0x000000070f800000|  0%| F|  |TAMS 0x000000070f400000, 0x000000070f400000| Untracked 
| 190|0x000000070f800000, 0x000000070f800000, 0x000000070fc00000|  0%| F|  |TAMS 0x000000070f800000, 0x000000070f800000| Untracked 
| 191|0x000000070fc00000, 0x000000070fc00000, 0x0000000710000000|  0%| F|  |TAMS 0x000000070fc00000, 0x000000070fc00000| Untracked 
| 192|0x0000000710000000, 0x0000000710000000, 0x0000000710400000|  0%| F|  |TAMS 0x0000000710000000, 0x0000000710000000| Untracked 
| 193|0x0000000710400000, 0x0000000710400000, 0x0000000710800000|  0%| F|  |TAMS 0x0000000710400000, 0x0000000710400000| Untracked 
| 194|0x0000000710800000, 0x0000000710800000, 0x0000000710c00000|  0%| F|  |TAMS 0x0000000710800000, 0x0000000710800000| Untracked 
| 195|0x0000000710c00000, 0x0000000710c00000, 0x0000000711000000|  0%| F|  |TAMS 0x0000000710c00000, 0x0000000710c00000| Untracked 
| 196|0x0000000711000000, 0x0000000711000000, 0x0000000711400000|  0%| F|  |TAMS 0x0000000711000000, 0x0000000711000000| Untracked 
| 197|0x0000000711400000, 0x0000000711400000, 0x0000000711800000|  0%| F|  |TAMS 0x0000000711400000, 0x0000000711400000| Untracked 
| 198|0x0000000711800000, 0x0000000711800000, 0x0000000711c00000|  0%| F|  |TAMS 0x0000000711800000, 0x0000000711800000| Untracked 
| 199|0x0000000711c00000, 0x0000000711c00000, 0x0000000712000000|  0%| F|  |TAMS 0x0000000711c00000, 0x0000000711c00000| Untracked 
| 200|0x0000000712000000, 0x0000000712000000, 0x0000000712400000|  0%| F|  |TAMS 0x0000000712000000, 0x0000000712000000| Untracked 
| 201|0x0000000712400000, 0x0000000712400000, 0x0000000712800000|  0%| F|  |TAMS 0x0000000712400000, 0x0000000712400000| Untracked 
| 202|0x0000000712800000, 0x0000000712800000, 0x0000000712c00000|  0%| F|  |TAMS 0x0000000712800000, 0x0000000712800000| Untracked 
| 203|0x0000000712c00000, 0x0000000712c00000, 0x0000000713000000|  0%| F|  |TAMS 0x0000000712c00000, 0x0000000712c00000| Untracked 
| 204|0x0000000713000000, 0x0000000713000000, 0x0000000713400000|  0%| F|  |TAMS 0x0000000713000000, 0x0000000713000000| Untracked 
| 205|0x0000000713400000, 0x0000000713539440, 0x0000000713800000| 30%| E|  |TAMS 0x0000000713400000, 0x0000000713400000| Complete 
| 206|0x0000000713800000, 0x0000000713c00000, 0x0000000713c00000|100%| E|CS|TAMS 0x0000000713800000, 0x0000000713800000| Complete 
| 207|0x0000000713c00000, 0x0000000714000000, 0x0000000714000000|100%| E|  |TAMS 0x0000000713c00000, 0x0000000713c00000| Complete 
| 208|0x0000000714000000, 0x0000000714400000, 0x0000000714400000|100%| E|CS|TAMS 0x0000000714000000, 0x0000000714000000| Complete 
| 209|0x0000000714400000, 0x0000000714800000, 0x0000000714800000|100%| E|CS|TAMS 0x0000000714400000, 0x0000000714400000| Complete 
| 210|0x0000000714800000, 0x0000000714c00000, 0x0000000714c00000|100%| E|CS|TAMS 0x0000000714800000, 0x0000000714800000| Complete 
| 211|0x0000000714c00000, 0x0000000715000000, 0x0000000715000000|100%| E|CS|TAMS 0x0000000714c00000, 0x0000000714c00000| Complete 
| 212|0x0000000715000000, 0x0000000715400000, 0x0000000715400000|100%| E|CS|TAMS 0x0000000715000000, 0x0000000715000000| Complete 
| 213|0x0000000715400000, 0x0000000715800000, 0x0000000715800000|100%| E|CS|TAMS 0x0000000715400000, 0x0000000715400000| Complete 
| 214|0x0000000715800000, 0x0000000715c00000, 0x0000000715c00000|100%| E|CS|TAMS 0x0000000715800000, 0x0000000715800000| Complete 
| 215|0x0000000715c00000, 0x0000000716000000, 0x0000000716000000|100%| E|CS|TAMS 0x0000000715c00000, 0x0000000715c00000| Complete 
| 216|0x0000000716000000, 0x0000000716400000, 0x0000000716400000|100%| E|CS|TAMS 0x0000000716000000, 0x0000000716000000| Complete 
| 217|0x0000000716400000, 0x0000000716800000, 0x0000000716800000|100%| E|CS|TAMS 0x0000000716400000, 0x0000000716400000| Complete 
| 218|0x0000000716800000, 0x0000000716c00000, 0x0000000716c00000|100%| E|CS|TAMS 0x0000000716800000, 0x0000000716800000| Complete 
| 219|0x0000000716c00000, 0x0000000717000000, 0x0000000717000000|100%| E|CS|TAMS 0x0000000716c00000, 0x0000000716c00000| Complete 
| 220|0x0000000717000000, 0x0000000717400000, 0x0000000717400000|100%| E|CS|TAMS 0x0000000717000000, 0x0000000717000000| Complete 
| 221|0x0000000717400000, 0x0000000717800000, 0x0000000717800000|100%| E|CS|TAMS 0x0000000717400000, 0x0000000717400000| Complete 
| 222|0x0000000717800000, 0x0000000717c00000, 0x0000000717c00000|100%| E|CS|TAMS 0x0000000717800000, 0x0000000717800000| Complete 
| 223|0x0000000717c00000, 0x0000000718000000, 0x0000000718000000|100%| E|CS|TAMS 0x0000000717c00000, 0x0000000717c00000| Complete 
| 224|0x0000000718000000, 0x0000000718400000, 0x0000000718400000|100%| E|CS|TAMS 0x0000000718000000, 0x0000000718000000| Complete 
| 225|0x0000000718400000, 0x0000000718800000, 0x0000000718800000|100%| E|CS|TAMS 0x0000000718400000, 0x0000000718400000| Complete 
| 226|0x0000000718800000, 0x0000000718c00000, 0x0000000718c00000|100%| E|CS|TAMS 0x0000000718800000, 0x0000000718800000| Complete 
| 227|0x0000000718c00000, 0x0000000719000000, 0x0000000719000000|100%| E|CS|TAMS 0x0000000718c00000, 0x0000000718c00000| Complete 
| 228|0x0000000719000000, 0x0000000719400000, 0x0000000719400000|100%| E|CS|TAMS 0x0000000719000000, 0x0000000719000000| Complete 
| 229|0x0000000719400000, 0x0000000719800000, 0x0000000719800000|100%| E|CS|TAMS 0x0000000719400000, 0x0000000719400000| Complete 
| 230|0x0000000719800000, 0x0000000719c00000, 0x0000000719c00000|100%| E|CS|TAMS 0x0000000719800000, 0x0000000719800000| Complete 
| 231|0x0000000719c00000, 0x000000071a000000, 0x000000071a000000|100%| E|CS|TAMS 0x0000000719c00000, 0x0000000719c00000| Complete 
| 232|0x000000071a000000, 0x000000071a400000, 0x000000071a400000|100%| E|CS|TAMS 0x000000071a000000, 0x000000071a000000| Complete 
| 233|0x000000071a400000, 0x000000071a800000, 0x000000071a800000|100%| E|CS|TAMS 0x000000071a400000, 0x000000071a400000| Complete 
| 234|0x000000071a800000, 0x000000071ac00000, 0x000000071ac00000|100%| E|CS|TAMS 0x000000071a800000, 0x000000071a800000| Complete 
| 235|0x000000071ac00000, 0x000000071b000000, 0x000000071b000000|100%| E|CS|TAMS 0x000000071ac00000, 0x000000071ac00000| Complete 
| 236|0x000000071b000000, 0x000000071b400000, 0x000000071b400000|100%| E|CS|TAMS 0x000000071b000000, 0x000000071b000000| Complete 
| 237|0x000000071b400000, 0x000000071b800000, 0x000000071b800000|100%| E|CS|TAMS 0x000000071b400000, 0x000000071b400000| Complete 
| 238|0x000000071b800000, 0x000000071bc00000, 0x000000071bc00000|100%| E|CS|TAMS 0x000000071b800000, 0x000000071b800000| Complete 
| 239|0x000000071bc00000, 0x000000071c000000, 0x000000071c000000|100%| E|CS|TAMS 0x000000071bc00000, 0x000000071bc00000| Complete 
| 240|0x000000071c000000, 0x000000071c400000, 0x000000071c400000|100%| E|CS|TAMS 0x000000071c000000, 0x000000071c000000| Complete 
| 241|0x000000071c400000, 0x000000071c800000, 0x000000071c800000|100%| E|CS|TAMS 0x000000071c400000, 0x000000071c400000| Complete 
| 242|0x000000071c800000, 0x000000071cc00000, 0x000000071cc00000|100%| E|CS|TAMS 0x000000071c800000, 0x000000071c800000| Complete 
| 243|0x000000071cc00000, 0x000000071d000000, 0x000000071d000000|100%| E|CS|TAMS 0x000000071cc00000, 0x000000071cc00000| Complete 
| 244|0x000000071d000000, 0x000000071d400000, 0x000000071d400000|100%| E|CS|TAMS 0x000000071d000000, 0x000000071d000000| Complete 
| 245|0x000000071d400000, 0x000000071d800000, 0x000000071d800000|100%| E|CS|TAMS 0x000000071d400000, 0x000000071d400000| Complete 
| 246|0x000000071d800000, 0x000000071dc00000, 0x000000071dc00000|100%| E|CS|TAMS 0x000000071d800000, 0x000000071d800000| Complete 
| 247|0x000000071dc00000, 0x000000071e000000, 0x000000071e000000|100%| E|CS|TAMS 0x000000071dc00000, 0x000000071dc00000| Complete 
| 248|0x000000071e000000, 0x000000071e400000, 0x000000071e400000|100%| E|CS|TAMS 0x000000071e000000, 0x000000071e000000| Complete 
| 249|0x000000071e400000, 0x000000071e800000, 0x000000071e800000|100%| E|CS|TAMS 0x000000071e400000, 0x000000071e400000| Complete 
| 250|0x000000071e800000, 0x000000071ec00000, 0x000000071ec00000|100%| E|CS|TAMS 0x000000071e800000, 0x000000071e800000| Complete 
| 251|0x000000071ec00000, 0x000000071f000000, 0x000000071f000000|100%| E|CS|TAMS 0x000000071ec00000, 0x000000071ec00000| Complete 
| 252|0x000000071f000000, 0x000000071f400000, 0x000000071f400000|100%| E|CS|TAMS 0x000000071f000000, 0x000000071f000000| Complete 
| 253|0x000000071f400000, 0x000000071f800000, 0x000000071f800000|100%| E|CS|TAMS 0x000000071f400000, 0x000000071f400000| Complete 
| 254|0x000000071f800000, 0x000000071fc00000, 0x000000071fc00000|100%| E|CS|TAMS 0x000000071f800000, 0x000000071f800000| Complete 
| 255|0x000000071fc00000, 0x0000000720000000, 0x0000000720000000|100%| E|CS|TAMS 0x000000071fc00000, 0x000000071fc00000| Complete 
| 256|0x0000000720000000, 0x0000000720400000, 0x0000000720400000|100%| E|CS|TAMS 0x0000000720000000, 0x0000000720000000| Complete 
| 257|0x0000000720400000, 0x0000000720800000, 0x0000000720800000|100%| E|CS|TAMS 0x0000000720400000, 0x0000000720400000| Complete 
| 258|0x0000000720800000, 0x0000000720c00000, 0x0000000720c00000|100%| E|CS|TAMS 0x0000000720800000, 0x0000000720800000| Complete 
| 259|0x0000000720c00000, 0x0000000721000000, 0x0000000721000000|100%| E|CS|TAMS 0x0000000720c00000, 0x0000000720c00000| Complete 
| 260|0x0000000721000000, 0x0000000721400000, 0x0000000721400000|100%| E|CS|TAMS 0x0000000721000000, 0x0000000721000000| Complete 
| 261|0x0000000721400000, 0x0000000721800000, 0x0000000721800000|100%| E|CS|TAMS 0x0000000721400000, 0x0000000721400000| Complete 
| 262|0x0000000721800000, 0x0000000721c00000, 0x0000000721c00000|100%| E|CS|TAMS 0x0000000721800000, 0x0000000721800000| Complete 
| 263|0x0000000721c00000, 0x0000000722000000, 0x0000000722000000|100%| E|CS|TAMS 0x0000000721c00000, 0x0000000721c00000| Complete 
| 264|0x0000000722000000, 0x0000000722400000, 0x0000000722400000|100%| E|CS|TAMS 0x0000000722000000, 0x0000000722000000| Complete 
| 265|0x0000000722400000, 0x0000000722800000, 0x0000000722800000|100%|HS|  |TAMS 0x0000000722400000, 0x0000000722400000| Complete 
| 266|0x0000000722800000, 0x0000000722c00000, 0x0000000722c00000|100%|HS|  |TAMS 0x0000000722800000, 0x0000000722800000| Complete 
| 267|0x0000000722c00000, 0x0000000723000000, 0x0000000723000000|100%|HC|  |TAMS 0x0000000722c00000, 0x0000000722c00000| Complete 
| 268|0x0000000723000000, 0x0000000723400000, 0x0000000723400000|100%|HS|  |TAMS 0x0000000723000000, 0x0000000723000000| Complete 
| 269|0x0000000723400000, 0x0000000723800000, 0x0000000723800000|100%|HC|  |TAMS 0x0000000723400000, 0x0000000723400000| Complete 
| 270|0x0000000723800000, 0x0000000723c00000, 0x0000000723c00000|100%|HS|  |TAMS 0x0000000723800000, 0x0000000723800000| Complete 
| 271|0x0000000723c00000, 0x0000000724000000, 0x0000000724000000|100%|HC|  |TAMS 0x0000000723c00000, 0x0000000723c00000| Complete 
| 272|0x0000000724000000, 0x0000000724400000, 0x0000000724400000|100%|HC|  |TAMS 0x0000000724000000, 0x0000000724000000| Complete 
| 273|0x0000000724400000, 0x0000000724800000, 0x0000000724800000|100%|HS|  |TAMS 0x0000000724400000, 0x0000000724400000| Complete 
| 274|0x0000000724800000, 0x0000000724c00000, 0x0000000724c00000|100%|HC|  |TAMS 0x0000000724800000, 0x0000000724800000| Complete 
| 275|0x0000000724c00000, 0x0000000725000000, 0x0000000725000000|100%|HC|  |TAMS 0x0000000724c00000, 0x0000000724c00000| Complete 
| 276|0x0000000725000000, 0x0000000725400000, 0x0000000725400000|100%| S|CS|TAMS 0x0000000725000000, 0x0000000725000000| Complete 
| 277|0x0000000725400000, 0x0000000725800000, 0x0000000725800000|100%| S|CS|TAMS 0x0000000725400000, 0x0000000725400000| Complete 
| 278|0x0000000725800000, 0x0000000725c00000, 0x0000000725c00000|100%| S|CS|TAMS 0x0000000725800000, 0x0000000725800000| Complete 
| 279|0x0000000725c00000, 0x0000000726000000, 0x0000000726000000|100%| S|CS|TAMS 0x0000000725c00000, 0x0000000725c00000| Complete 
| 280|0x0000000726000000, 0x0000000726400000, 0x0000000726400000|100%| S|CS|TAMS 0x0000000726000000, 0x0000000726000000| Complete 
| 281|0x0000000726400000, 0x0000000726800000, 0x0000000726800000|100%| S|CS|TAMS 0x0000000726400000, 0x0000000726400000| Complete 
| 282|0x0000000726800000, 0x0000000726c00000, 0x0000000726c00000|100%| S|CS|TAMS 0x0000000726800000, 0x0000000726800000| Complete 
| 283|0x0000000726c00000, 0x0000000727000000, 0x0000000727000000|100%| S|CS|TAMS 0x0000000726c00000, 0x0000000726c00000| Complete 
| 284|0x0000000727000000, 0x0000000727400000, 0x0000000727400000|100%| S|CS|TAMS 0x0000000727000000, 0x0000000727000000| Complete 
| 285|0x0000000727400000, 0x0000000727800000, 0x0000000727800000|100%| S|CS|TAMS 0x0000000727400000, 0x0000000727400000| Complete 
| 286|0x0000000727800000, 0x0000000727c00000, 0x0000000727c00000|100%| S|CS|TAMS 0x0000000727800000, 0x0000000727800000| Complete 
| 287|0x0000000727c00000, 0x0000000728000000, 0x0000000728000000|100%| S|CS|TAMS 0x0000000727c00000, 0x0000000727c00000| Complete 
| 288|0x0000000728000000, 0x0000000728400000, 0x0000000728400000|100%| S|CS|TAMS 0x0000000728000000, 0x0000000728000000| Complete 
| 289|0x0000000728400000, 0x0000000728800000, 0x0000000728800000|100%| S|CS|TAMS 0x0000000728400000, 0x0000000728400000| Complete 
| 290|0x0000000728800000, 0x0000000728c00000, 0x0000000728c00000|100%| S|CS|TAMS 0x0000000728800000, 0x0000000728800000| Complete 
| 291|0x0000000728c00000, 0x0000000729000000, 0x0000000729000000|100%| S|CS|TAMS 0x0000000728c00000, 0x0000000728c00000| Complete 
|1141|0x00000007fd400000, 0x00000007fd48fe00, 0x00000007fd800000| 14%| O|  |TAMS 0x00000007fd400000, 0x00000007fd400000| Untracked 
|1142|0x00000007fd800000, 0x00000007fdc00000, 0x00000007fdc00000|100%| O|  |TAMS 0x00000007fd800000, 0x00000007fd800000| Untracked 
|1143|0x00000007fdc00000, 0x00000007fe000000, 0x00000007fe000000|100%| O|  |TAMS 0x00000007fdc00000, 0x00000007fdc00000| Untracked 
|1144|0x00000007fe000000, 0x00000007fe400000, 0x00000007fe400000|100%| O|  |TAMS 0x00000007fe000000, 0x00000007fe000000| Untracked 
|1145|0x00000007fe400000, 0x00000007fe800000, 0x00000007fe800000|100%| O|  |TAMS 0x00000007fe400000, 0x00000007fe400000| Untracked 
|1146|0x00000007fe800000, 0x00000007fec00000, 0x00000007fec00000|100%| E|CS|TAMS 0x00000007fe800000, 0x00000007fe800000| Complete 
|1147|0x00000007fec00000, 0x00000007ff000000, 0x00000007ff000000|100%| E|CS|TAMS 0x00000007fec00000, 0x00000007fec00000| Complete 
|1148|0x00000007ff000000, 0x00000007ff400000, 0x00000007ff400000|100%| E|CS|TAMS 0x00000007ff000000, 0x00000007ff000000| Complete 
|1149|0x00000007ff400000, 0x00000007ff800000, 0x00000007ff800000|100%| E|CS|TAMS 0x00000007ff400000, 0x00000007ff400000| Complete 
|1150|0x00000007ff800000, 0x00000007ffc00000, 0x00000007ffc00000|100%| E|CS|TAMS 0x00000007ff800000, 0x00000007ff800000| Complete 
|1151|0x00000007ffc00000, 0x0000000800000000, 0x0000000800000000|100%| E|CS|TAMS 0x00000007ffc00000, 0x00000007ffc00000| Complete 

Card table byte_map: [0x0000020a74540000,0x0000020a74e40000] _byte_map_base: 0x0000020a70e40000

Marking Bits (Prev, Next): (CMBitMap*) 0x0000020a5ca5f250, (CMBitMap*) 0x0000020a5ca5f210
 Prev Bits: [0x0000020a79f40000, 0x0000020a7e740000)
 Next Bits: [0x0000020a75740000, 0x0000020a79f40000)

Polling page: 0x0000020a5aa00000

Metaspace:

Usage:
  Non-class:     97.02 MB capacity,    94.75 MB ( 98%) used,     2.05 MB (  2%) free+waste,   219.12 KB ( <1%) overhead. 
      Class:     13.89 MB capacity,    12.88 MB ( 93%) used,   937.91 KB (  7%) free+waste,    94.00 KB ( <1%) overhead. 
       Both:    110.91 MB capacity,   107.63 MB ( 97%) used,     2.97 MB (  3%) free+waste,   313.12 KB ( <1%) overhead. 

Virtual space:
  Non-class space:       98.00 MB reserved,      97.25 MB (>99%) committed 
      Class space:        1.00 GB reserved,      14.00 MB (  1%) committed 
             Both:        1.10 GB reserved,     111.25 MB ( 10%) committed 

Chunk freelists:
   Non-Class:  1.00 KB
       Class:  0 bytes
        Both:  1.00 KB

MaxMetaspaceSize: 17179869184.00 GB
CompressedClassSpaceSize: 1.00 GB

CodeHeap 'non-profiled nmethods': size=120000Kb used=18180Kb max_used=18180Kb free=101819Kb
 bounds [0x0000020a6c710000, 0x0000020a6d8e0000, 0x0000020a73c40000]
CodeHeap 'profiled nmethods': size=120000Kb used=52240Kb max_used=52240Kb free=67760Kb
 bounds [0x0000020a651e0000, 0x0000020a684f0000, 0x0000020a6c710000]
CodeHeap 'non-nmethods': size=5760Kb used=2443Kb max_used=2537Kb free=3316Kb
 bounds [0x0000020a64c40000, 0x0000020a64ec0000, 0x0000020a651e0000]
 total_blobs=25181 nmethods=24237 adapters=852
 compilation: enabled
              stopped_count=0, restarted_count=0
 full_count=0

Compilation events (20 events):
Event: 272.861 Thread 0x0000020a7ebe0950 31685       4       java.lang.StackTraceElement::<init> (10 bytes)
Event: 272.862 Thread 0x0000020a7ebe0950 nmethod 31685 0x0000020a6d8cf290 code [0x0000020a6d8cf400, 0x0000020a6d8cf458]
Event: 272.862 Thread 0x0000020a7ebe2ab0 31686       1       java.lang.StackTraceElement::getLineNumber (5 bytes)
Event: 272.862 Thread 0x0000020a7ebe2ab0 nmethod 31686 0x0000020a6d8cf590 code [0x0000020a6d8cf720, 0x0000020a6d8cf7d8]
Event: 272.862 Thread 0x0000020a7ebe0950 31687  s!   4       java.lang.StackTraceElement::computeFormat (71 bytes)
Event: 272.868 Thread 0x0000020a7ebe0950 nmethod 31687 0x0000020a6d8cf890 code [0x0000020a6d8cfa20, 0x0000020a6d8d0038]
Event: 272.868 Thread 0x0000020a7ebe0950 31688       4       java.lang.Module::getLayer (43 bytes)
Event: 272.870 Thread 0x0000020a7ebe0950 nmethod 31688 0x0000020a6d8d0290 code [0x0000020a6d8d0420, 0x0000020a6d8d0618]
Event: 272.874 Thread 0x0000020a7ebe2ab0 31689       3       org.codehaus.groovy.runtime.StackTraceUtils::isApplicationClass (84 bytes)
Event: 272.878 Thread 0x0000020a7ebe0950 31690       4       com.google.common.base.Preconditions::checkState (13 bytes)
Event: 272.884 Thread 0x0000020a7ebe0950 nmethod 31690 0x0000020a6d8d0710 code [0x0000020a6d8d0880, 0x0000020a6d8d08d8]
Event: 272.885 Thread 0x0000020a7ebe2ab0 nmethod 31689 0x0000020a684d6990 code [0x0000020a684d6bc0, 0x0000020a684d7638]
Event: 272.887 Thread 0x0000020a7ebe2ab0 31691       3       com.android.dx.rop.type.Type::putIntern (27 bytes)
Event: 272.888 Thread 0x0000020a7ebe2ab0 nmethod 31691 0x0000020a684d7990 code [0x0000020a684d7b40, 0x0000020a684d7ee8]
Event: 272.889 Thread 0x0000020a7ebe2ab0 31692       3       com.android.dx.rop.cst.CstType::internInitial (44 bytes)
Event: 272.890 Thread 0x0000020a7ebe2ab0 nmethod 31692 0x0000020a684d8010 code [0x0000020a684d8280, 0x0000020a684d8b78]
Event: 272.894 Thread 0x0000020a7ebe0950 31693       4       java.io.WinNTFileSystem::normalize (224 bytes)
Event: 272.901 Thread 0x0000020a7ebe2ab0 31695   !   3       org.codehaus.groovy.util.ReferenceManager$CallBackedManager::removeStallEntries (43 bytes)
Event: 272.901 Thread 0x0000020a7ebe2ab0 nmethod 31695 0x0000020a684d8f10 code [0x0000020a684d9100, 0x0000020a684d96f8]
Event: 272.935 Thread 0x0000020a7ebe2ab0 31696       3       sun.net.util.IPAddressUtil::checkHostString (53 bytes)

GC Heap History (20 events):
Event: 228.508 GC heap before
{Heap before GC invocations=88 (full 0):
 garbage-first heap   total 724992K, used 577536K [0x00000006e0000000, 0x0000000800000000)
  region size 4096K, 28 young (114688K), 5 survivors (20480K)
 Metaspace       used 104415K, capacity 107662K, committed 107772K, reserved 1142784K
  class space    used 12571K, capacity 13556K, committed 13568K, reserved 1048576K
}
Event: 228.646 GC heap after
{Heap after GC invocations=89 (full 0):
 garbage-first heap   total 724992K, used 492467K [0x00000006e0000000, 0x0000000800000000)
  region size 4096K, 4 young (16384K), 4 survivors (16384K)
 Metaspace       used 104415K, capacity 107662K, committed 107772K, reserved 1142784K
  class space    used 12571K, capacity 13556K, committed 13568K, reserved 1048576K
}
Event: 235.699 GC heap before
{Heap before GC invocations=90 (full 0):
 garbage-first heap   total 868352K, used 549811K [0x00000006e0000000, 0x0000000800000000)
  region size 4096K, 25 young (102400K), 4 survivors (16384K)
 Metaspace       used 104558K, capacity 107802K, committed 108028K, reserved 1144832K
  class space    used 12587K, capacity 13558K, committed 13568K, reserved 1048576K
}
Event: 235.735 GC heap after
{Heap after GC invocations=91 (full 0):
 garbage-first heap   total 1101824K, used 462606K [0x00000006e0000000, 0x0000000800000000)
  region size 4096K, 2 young (8192K), 2 survivors (8192K)
 Metaspace       used 104558K, capacity 107802K, committed 108028K, reserved 1144832K
  class space    used 12587K, capacity 13558K, committed 13568K, reserved 1048576K
}
Event: 235.994 GC heap before
{Heap before GC invocations=91 (full 0):
 garbage-first heap   total 1101824K, used 503565K [0x00000006e0000000, 0x0000000800000000)
  region size 4096K, 13 young (53248K), 2 survivors (8192K)
 Metaspace       used 104999K, capacity 108250K, committed 108412K, reserved 1144832K
  class space    used 12643K, capacity 13622K, committed 13696K, reserved 1048576K
}
Event: 236.160 GC heap after
{Heap after GC invocations=92 (full 0):
 garbage-first heap   total 1101824K, used 413203K [0x00000006e0000000, 0x0000000800000000)
  region size 4096K, 2 young (8192K), 2 survivors (8192K)
 Metaspace       used 104999K, capacity 108250K, committed 108412K, reserved 1144832K
  class space    used 12643K, capacity 13622K, committed 13696K, reserved 1048576K
}
Event: 237.184 GC heap before
{Heap before GC invocations=92 (full 0):
 garbage-first heap   total 1101824K, used 458259K [0x00000006e0000000, 0x0000000800000000)
  region size 4096K, 13 young (53248K), 2 survivors (8192K)
 Metaspace       used 105498K, capacity 108736K, committed 108924K, reserved 1144832K
  class space    used 12681K, capacity 13655K, committed 13696K, reserved 1048576K
}
Event: 237.317 GC heap after
{Heap after GC invocations=93 (full 0):
 garbage-first heap   total 1101824K, used 395888K [0x00000006e0000000, 0x0000000800000000)
  region size 4096K, 2 young (8192K), 2 survivors (8192K)
 Metaspace       used 105498K, capacity 108736K, committed 108924K, reserved 1144832K
  class space    used 12681K, capacity 13655K, committed 13696K, reserved 1048576K
}
Event: 239.873 GC heap before
{Heap before GC invocations=93 (full 0):
 garbage-first heap   total 1101824K, used 641648K [0x00000006e0000000, 0x0000000800000000)
  region size 4096K, 63 young (258048K), 2 survivors (8192K)
 Metaspace       used 106215K, capacity 109475K, committed 109692K, reserved 1144832K
  class space    used 12721K, capacity 13688K, committed 13696K, reserved 1048576K
}
Event: 239.911 GC heap after
{Heap after GC invocations=94 (full 0):
 garbage-first heap   total 1101824K, used 412128K [0x00000006e0000000, 0x0000000800000000)
  region size 4096K, 6 young (24576K), 6 survivors (24576K)
 Metaspace       used 106215K, capacity 109475K, committed 109692K, reserved 1144832K
  class space    used 12721K, capacity 13688K, committed 13696K, reserved 1048576K
}
Event: 243.350 GC heap before
{Heap before GC invocations=94 (full 0):
 garbage-first heap   total 1101824K, used 883168K [0x00000006e0000000, 0x0000000800000000)
  region size 4096K, 121 young (495616K), 6 survivors (24576K)
 Metaspace       used 106679K, capacity 109907K, committed 110076K, reserved 1144832K
  class space    used 12764K, capacity 13724K, committed 13824K, reserved 1048576K
}
Event: 243.473 GC heap after
{Heap after GC invocations=95 (full 0):
 garbage-first heap   total 1101824K, used 424992K [0x00000006e0000000, 0x0000000800000000)
  region size 4096K, 9 young (36864K), 9 survivors (36864K)
 Metaspace       used 106679K, capacity 109907K, committed 110076K, reserved 1144832K
  class space    used 12764K, capacity 13724K, committed 13824K, reserved 1048576K
}
Event: 246.000 GC heap before
{Heap before GC invocations=95 (full 0):
 garbage-first heap   total 1101824K, used 879648K [0x00000006e0000000, 0x0000000800000000)
  region size 4096K, 121 young (495616K), 9 survivors (36864K)
 Metaspace       used 107482K, capacity 110781K, committed 110972K, reserved 1146880K
  class space    used 12869K, capacity 13860K, committed 13952K, reserved 1048576K
}
Event: 246.042 GC heap after
{Heap after GC invocations=96 (full 0):
 garbage-first heap   total 1101824K, used 426789K [0x00000006e0000000, 0x0000000800000000)
  region size 4096K, 9 young (36864K), 9 survivors (36864K)
 Metaspace       used 107482K, capacity 110781K, committed 110972K, reserved 1146880K
  class space    used 12869K, capacity 13860K, committed 13952K, reserved 1048576K
}
Event: 253.874 GC heap before
{Heap before GC invocations=96 (full 0):
 garbage-first heap   total 1101824K, used 885541K [0x00000006e0000000, 0x0000000800000000)
  region size 4096K, 122 young (499712K), 9 survivors (36864K)
 Metaspace       used 107977K, capacity 111315K, committed 111484K, reserved 1146880K
  class space    used 12911K, capacity 13908K, committed 13952K, reserved 1048576K
}
Event: 253.894 GC heap after
{Heap after GC invocations=97 (full 0):
 garbage-first heap   total 1101824K, used 406495K [0x00000006e0000000, 0x0000000800000000)
  region size 4096K, 4 young (16384K), 4 survivors (16384K)
 Metaspace       used 107977K, capacity 111315K, committed 111484K, reserved 1146880K
  class space    used 12911K, capacity 13908K, committed 13952K, reserved 1048576K
}
Event: 264.719 GC heap before
{Heap before GC invocations=97 (full 0):
 garbage-first heap   total 1101824K, used 779231K [0x00000006e0000000, 0x0000000800000000)
  region size 4096K, 81 young (331776K), 4 survivors (16384K)
 Metaspace       used 109565K, capacity 112934K, committed 113020K, reserved 1148928K
  class space    used 13109K, capacity 14163K, committed 14208K, reserved 1048576K
}
Event: 264.744 GC heap after
{Heap after GC invocations=98 (full 0):
 garbage-first heap   total 1101824K, used 446620K [0x00000006e0000000, 0x0000000800000000)
  region size 4096K, 7 young (28672K), 7 survivors (28672K)
 Metaspace       used 109565K, capacity 112934K, committed 113020K, reserved 1148928K
  class space    used 13109K, capacity 14163K, committed 14208K, reserved 1048576K
}
Event: 266.789 GC heap before
{Heap before GC invocations=98 (full 0):
 garbage-first heap   total 1155072K, used 1147036K [0x00000006e0000000, 0x0000000800000000)
  region size 4096K, 88 young (360448K), 7 survivors (28672K)
 Metaspace       used 109701K, capacity 112998K, committed 113276K, reserved 1148928K
  class space    used 13123K, capacity 14163K, committed 14208K, reserved 1048576K
}
Event: 267.008 GC heap after
{Heap after GC invocations=99 (full 0):
 garbage-first heap   total 1241088K, used 676415K [0x00000006e0000000, 0x0000000800000000)
  region size 4096K, 16 young (65536K), 16 survivors (65536K)
 Metaspace       used 109701K, capacity 112998K, committed 113276K, reserved 1148928K
  class space    used 13123K, capacity 14163K, committed 14208K, reserved 1048576K
}

Deoptimization events (20 events):
Event: 272.848 Thread 0x0000020a05169670 DEOPT UNPACKING pc=0x0000020a64c8e23f sp=0x000000ecdf4fe350 mode 0
Event: 272.848 Thread 0x0000020a0516bcf0 DEOPT UNPACKING pc=0x0000020a64c8e23f sp=0x000000ecdf3fe600 mode 0
Event: 272.855 Thread 0x0000020a098cf9e0 Uncommon trap: trap_request=0xffffff45 fr.pc=0x0000020a6cc25128 relative=0x0000000000003a08
Event: 272.855 Thread 0x0000020a098cf9e0 Uncommon trap: reason=unstable_if action=reinterpret pc=0x0000020a6cc25128 method=org.gradle.internal.operations.DefaultBuildOperationExecutor$3.stop()V @ 61 c2
Event: 272.855 Thread 0x0000020a098cf9e0 DEOPT PACKING pc=0x0000020a6cc25128 sp=0x000000ecdd9fcd30
Event: 272.855 Thread 0x0000020a098cf9e0 DEOPT UNPACKING pc=0x0000020a64c8e42f sp=0x000000ecdd9fcb28 mode 2
Event: 272.873 Thread 0x0000020a098cf9e0 Uncommon trap: trap_request=0xffffff45 fr.pc=0x0000020a6cc46130 relative=0x00000000000006d0
Event: 272.873 Thread 0x0000020a098cf9e0 Uncommon trap: reason=unstable_if action=reinterpret pc=0x0000020a6cc46130 method=java.util.regex.Matcher.search(I)Z @ 76 c2
Event: 272.873 Thread 0x0000020a098cf9e0 DEOPT PACKING pc=0x0000020a6cc46130 sp=0x000000ecdd9fc150
Event: 272.873 Thread 0x0000020a098cf9e0 DEOPT UNPACKING pc=0x0000020a64c8e42f sp=0x000000ecdd9fc0b8 mode 2
Event: 272.887 Thread 0x0000020a068efe20 Uncommon trap: trap_request=0xffffff45 fr.pc=0x0000020a6ce0c6e4 relative=0x0000000000000a64
Event: 272.888 Thread 0x0000020a068efe20 Uncommon trap: reason=unstable_if action=reinterpret pc=0x0000020a6ce0c6e4 method=java.util.concurrent.locks.AbstractQueuedSynchronizer$ConditionObject.awaitNanos(J)J @ 73 c2
Event: 272.888 Thread 0x0000020a068efe20 DEOPT PACKING pc=0x0000020a6ce0c6e4 sp=0x000000ecdfdfea10
Event: 272.888 Thread 0x0000020a068efe20 DEOPT UNPACKING pc=0x0000020a64c8e42f sp=0x000000ecdfdfe9b0 mode 2
Event: 272.905 Thread 0x0000020a068ec930 DEOPT PACKING pc=0x0000020a66701de4 sp=0x000000ecdffff160
Event: 272.905 Thread 0x0000020a068ec930 DEOPT UNPACKING pc=0x0000020a64c8e23f sp=0x000000ecdfffe608 mode 0
Event: 272.926 Thread 0x0000020a098cf9e0 Uncommon trap: trap_request=0xffffffde fr.pc=0x0000020a6d101338 relative=0x0000000000000d38
Event: 272.926 Thread 0x0000020a098cf9e0 Uncommon trap: reason=class_check action=maybe_recompile pc=0x0000020a6d101338 method=org.gradle.internal.work.DefaultWorkerLeaseService$DefaultWorkerLease.releaseLock()V @ 24 c2
Event: 272.926 Thread 0x0000020a098cf9e0 DEOPT PACKING pc=0x0000020a6d101338 sp=0x000000ecdd9fcf40
Event: 272.926 Thread 0x0000020a098cf9e0 DEOPT UNPACKING pc=0x0000020a64c8e42f sp=0x000000ecdd9fcec8 mode 2

Classes unloaded (4 events):
Event: 161.139 Thread 0x0000020a7ebb7050 Unloading class 0x000000080152e840 'java/lang/invoke/LambdaForm$DMH+0x000000080152e840'
Event: 161.139 Thread 0x0000020a7ebb7050 Unloading class 0x000000080152f040 'java/lang/invoke/LambdaForm$DMH+0x000000080152f040'
Event: 161.139 Thread 0x0000020a7ebb7050 Unloading class 0x000000080152fc40 'java/lang/invoke/LambdaForm$DMH+0x000000080152fc40'
Event: 217.489 Thread 0x0000020a7ebb7050 Unloading class 0x0000000801730040 'jdk/internal/reflect/GeneratedMethodAccessor306'

Classes redefined (0 events):
No events

Internal exceptions (20 events):
Event: 272.891 Thread 0x0000020a098cf9e0 Exception <a 'sun/nio/fs/WindowsException'{0x000000071463eae0}> (0x000000071463eae0) 
thrown [./open/src/hotspot/share/prims/jni.cpp, line 578]
Event: 272.892 Thread 0x0000020a098cf9e0 Exception <a 'sun/nio/fs/WindowsException'{0x000000071463fb70}> (0x000000071463fb70) 
thrown [./open/src/hotspot/share/prims/jni.cpp, line 578]
Event: 272.892 Thread 0x0000020a098cf9e0 Exception <a 'sun/nio/fs/WindowsException'{0x0000000714640c10}> (0x0000000714640c10) 
thrown [./open/src/hotspot/share/prims/jni.cpp, line 578]
Event: 272.893 Thread 0x0000020a098cf9e0 Exception <a 'sun/nio/fs/WindowsException'{0x0000000714641ca0}> (0x0000000714641ca0) 
thrown [./open/src/hotspot/share/prims/jni.cpp, line 578]
Event: 272.893 Thread 0x0000020a098cf9e0 Exception <a 'sun/nio/fs/WindowsException'{0x0000000714642d40}> (0x0000000714642d40) 
thrown [./open/src/hotspot/share/prims/jni.cpp, line 578]
Event: 272.894 Thread 0x0000020a098cf9e0 Exception <a 'sun/nio/fs/WindowsException'{0x0000000714643db0}> (0x0000000714643db0) 
thrown [./open/src/hotspot/share/prims/jni.cpp, line 578]
Event: 272.894 Thread 0x0000020a098cf9e0 Exception <a 'sun/nio/fs/WindowsException'{0x0000000714644e40}> (0x0000000714644e40) 
thrown [./open/src/hotspot/share/prims/jni.cpp, line 578]
Event: 272.895 Thread 0x0000020a098cf9e0 Exception <a 'sun/nio/fs/WindowsException'{0x0000000714645eb0}> (0x0000000714645eb0) 
thrown [./open/src/hotspot/share/prims/jni.cpp, line 578]
Event: 272.905 Thread 0x0000020a098cf9e0 Exception <a 'java/lang/ClassNotFoundException'{0x0000000714660508}: org/gradle/internal/exceptions/LocationAwareExceptionBeanInfo> (0x0000000714660508) 
thrown [./open/src/hotspot/share/classfile/systemDictionary.cpp, line 295]
Event: 272.906 Thread 0x0000020a098cf9e0 Exception <a 'java/lang/ClassNotFoundException'{0x0000000714666358}: org/gradle/internal/exceptions/ContextAwareExceptionBeanInfo> (0x0000000714666358) 
thrown [./open/src/hotspot/share/classfile/systemDictionary.cpp, line 295]
Event: 272.908 Thread 0x0000020a098cf9e0 Exception <a 'java/lang/ClassNotFoundException'{0x000000071466ca38}: org/gradle/api/GradleExceptionBeanInfo> (0x000000071466ca38) 
thrown [./open/src/hotspot/share/classfile/systemDictionary.cpp, line 295]
Event: 272.909 Thread 0x0000020a098cf9e0 Exception <a 'java/lang/ClassNotFoundException'{0x00000007146703d0}: java/lang/RuntimeExceptionBeanInfo> (0x00000007146703d0) 
thrown [./open/src/hotspot/share/classfile/systemDictionary.cpp, line 295]
Event: 272.910 Thread 0x0000020a098cf9e0 Exception <a 'java/lang/ClassNotFoundException'{0x0000000714673fe0}: java/lang/ExceptionBeanInfo> (0x0000000714673fe0) 
thrown [./open/src/hotspot/share/classfile/systemDictionary.cpp, line 295]
Event: 272.910 Thread 0x0000020a098cf9e0 Exception <a 'java/lang/ClassNotFoundException'{0x0000000714677bf0}: java/lang/ThrowableBeanInfo> (0x0000000714677bf0) 
thrown [./open/src/hotspot/share/classfile/systemDictionary.cpp, line 295]
Event: 272.911 Thread 0x0000020a098cf9e0 Exception <a 'java/lang/ClassNotFoundException'{0x000000071467b7d0}: java/lang/ThrowableCustomizer> (0x000000071467b7d0) 
thrown [./open/src/hotspot/share/classfile/systemDictionary.cpp, line 295]
Event: 272.912 Thread 0x0000020a098cf9e0 Exception <a 'java/lang/ClassNotFoundException'{0x00000007146875f0}: java/lang/ExceptionCustomizer> (0x00000007146875f0) 
thrown [./open/src/hotspot/share/classfile/systemDictionary.cpp, line 295]
Event: 272.913 Thread 0x0000020a098cf9e0 Exception <a 'java/lang/ClassNotFoundException'{0x0000000713f25020}: java/lang/RuntimeExceptionCustomizer> (0x0000000713f25020) 
thrown [./open/src/hotspot/share/classfile/systemDictionary.cpp, line 295]
Event: 272.913 Thread 0x0000020a098cf9e0 Exception <a 'java/lang/ClassNotFoundException'{0x0000000713f2dcf8}: org/gradle/api/GradleExceptionCustomizer> (0x0000000713f2dcf8) 
thrown [./open/src/hotspot/share/classfile/systemDictionary.cpp, line 295]
Event: 272.914 Thread 0x0000020a098cf9e0 Exception <a 'java/lang/ClassNotFoundException'{0x0000000713f35c60}: org/gradle/internal/exceptions/ContextAwareExceptionCustomizer> (0x0000000713f35c60) 
thrown [./open/src/hotspot/share/classfile/systemDictionary.cpp, line 295]
Event: 272.915 Thread 0x0000020a098cf9e0 Exception <a 'java/lang/ClassNotFoundException'{0x0000000713f3fa08}: org/gradle/internal/exceptions/LocationAwareExceptionCustomizer> (0x0000000713f3fa08) 
thrown [./open/src/hotspot/share/classfile/systemDictionary.cpp, line 295]

Events (20 events):
Event: 272.909 loading class java/lang/ExceptionBeanInfo
Event: 272.909 loading class java/lang/ExceptionBeanInfo done
Event: 272.910 loading class java/lang/ExceptionBeanInfo
Event: 272.910 loading class java/lang/ExceptionBeanInfo done
Event: 272.910 loading class java/lang/ThrowableBeanInfo
Event: 272.910 loading class java/lang/ThrowableBeanInfo done
Event: 272.910 loading class java/lang/ThrowableBeanInfo
Event: 272.910 loading class java/lang/ThrowableBeanInfo done
Event: 272.911 loading class java/lang/ThrowableCustomizer
Event: 272.911 loading class java/lang/ThrowableCustomizer done
Event: 272.911 loading class java/lang/ThrowableCustomizer
Event: 272.911 loading class java/lang/ThrowableCustomizer done
Event: 272.911 loading class java/lang/ExceptionCustomizer
Event: 272.911 loading class java/lang/ExceptionCustomizer done
Event: 272.912 loading class java/lang/ExceptionCustomizer
Event: 272.912 loading class java/lang/ExceptionCustomizer done
Event: 272.912 loading class java/lang/RuntimeExceptionCustomizer
Event: 272.912 loading class java/lang/RuntimeExceptionCustomizer done
Event: 272.913 loading class java/lang/RuntimeExceptionCustomizer
Event: 272.913 loading class java/lang/RuntimeExceptionCustomizer done


Dynamic libraries:
0x00007ff601d10000 - 0x00007ff601d1f000 	C:\Program Files\Java\jdk-15.0.2\bin\java.exe
0x00007ffc0bb30000 - 0x00007ffc0bd25000 	C:\WINDOWS\SYSTEM32\ntdll.dll
0x00007ffbe0420000 - 0x00007ffbe0433000 	C:\Program Files\AVAST Software\Avast\aswhook.dll
0x00007ffc0ba30000 - 0x00007ffc0baed000 	C:\WINDOWS\System32\KERNEL32.DLL
0x00007ffc09270000 - 0x00007ffc09538000 	C:\WINDOWS\System32\KERNELBASE.dll
0x00007ffc096a0000 - 0x00007ffc097a0000 	C:\WINDOWS\System32\ucrtbase.dll
0x00007ffc030b0000 - 0x00007ffc030c8000 	C:\Program Files\Java\jdk-15.0.2\bin\jli.dll
0x00007ffbfdaa0000 - 0x00007ffbfdab9000 	C:\Program Files\Java\jdk-15.0.2\bin\VCRUNTIME140.dll
0x00007ffc0b650000 - 0x00007ffc0b6fc000 	C:\WINDOWS\System32\ADVAPI32.dll
0x00007ffc0b910000 - 0x00007ffc0b9ae000 	C:\WINDOWS\System32\msvcrt.dll
0x00007ffc0acb0000 - 0x00007ffc0ad4b000 	C:\WINDOWS\System32\sechost.dll
0x00007ffc0ab50000 - 0x00007ffc0ac7b000 	C:\WINDOWS\System32\RPCRT4.dll
0x00007ffc0a4f0000 - 0x00007ffc0a690000 	C:\WINDOWS\System32\USER32.dll
0x00007ffc09a10000 - 0x00007ffc09a32000 	C:\WINDOWS\System32\win32u.dll
0x00007ffbe7fa0000 - 0x00007ffbe823a000 	C:\WINDOWS\WinSxS\amd64_microsoft.windows.common-controls_6595b64144ccf1df_6.0.19041.1052_none_60b8f8fd71f5e8cb\COMCTL32.dll
0x00007ffc0ac80000 - 0x00007ffc0acaa000 	C:\WINDOWS\System32\GDI32.dll
0x00007ffc09900000 - 0x00007ffc09a0b000 	C:\WINDOWS\System32\gdi32full.dll
0x00007ffc09a40000 - 0x00007ffc09add000 	C:\WINDOWS\System32\msvcp_win.dll
0x00007ffbfdae0000 - 0x00007ffbfdaea000 	C:\WINDOWS\SYSTEM32\VERSION.dll
0x00007ffc0aac0000 - 0x00007ffc0aaf0000 	C:\WINDOWS\System32\IMM32.DLL
0x00007ffc03070000 - 0x00007ffc0307c000 	C:\Program Files\Java\jdk-15.0.2\bin\vcruntime140_1.dll
0x00007ffbf1a80000 - 0x00007ffbf1b11000 	C:\Program Files\Java\jdk-15.0.2\bin\msvcp140.dll
0x00007ffbaeab0000 - 0x00007ffbaf60e000 	C:\Program Files\Java\jdk-15.0.2\bin\server\jvm.dll
0x00007ffc0b550000 - 0x00007ffc0b558000 	C:\WINDOWS\System32\PSAPI.DLL
0x00007ffbe9930000 - 0x00007ffbe9957000 	C:\WINDOWS\SYSTEM32\WINMM.dll
0x00007ffbf5cd0000 - 0x00007ffbf5cd9000 	C:\WINDOWS\SYSTEM32\WSOCK32.dll
0x00007ffc0aa50000 - 0x00007ffc0aabb000 	C:\WINDOWS\System32\WS2_32.dll
0x00007ffc07b90000 - 0x00007ffc07ba2000 	C:\WINDOWS\SYSTEM32\kernel.appcore.dll
0x00007ffc01270000 - 0x00007ffc0127a000 	C:\Program Files\Java\jdk-15.0.2\bin\jimage.dll
0x00007ffc07920000 - 0x00007ffc07b04000 	C:\WINDOWS\SYSTEM32\DBGHELP.DLL
0x00007ffbfaba0000 - 0x00007ffbfabcc000 	C:\WINDOWS\SYSTEM32\dbgcore.DLL
0x00007ffc09b10000 - 0x00007ffc09b93000 	C:\WINDOWS\System32\bcryptPrimitives.dll
0x00007ffbfda70000 - 0x00007ffbfda95000 	C:\Program Files\Java\jdk-15.0.2\bin\java.dll
0x00007ffc0ae10000 - 0x00007ffc0b54f000 	C:\WINDOWS\System32\SHELL32.dll
0x00007ffc07190000 - 0x00007ffc07920000 	C:\WINDOWS\SYSTEM32\windows.storage.dll
0x00007ffc0a690000 - 0x00007ffc0a9e5000 	C:\WINDOWS\System32\combase.dll
0x00007ffc08c70000 - 0x00007ffc08c9c000 	C:\WINDOWS\SYSTEM32\Wldp.dll
0x00007ffc0a440000 - 0x00007ffc0a4ee000 	C:\WINDOWS\System32\SHCORE.dll
0x00007ffc0aaf0000 - 0x00007ffc0ab45000 	C:\WINDOWS\System32\shlwapi.dll
0x00007ffc091b0000 - 0x00007ffc091cf000 	C:\WINDOWS\SYSTEM32\profapi.dll
0x00007ffbfcf70000 - 0x00007ffbfcf89000 	C:\Program Files\Java\jdk-15.0.2\bin\net.dll
0x00007ffbf7420000 - 0x00007ffbf752b000 	C:\WINDOWS\SYSTEM32\WINHTTP.dll
0x00007ffc08980000 - 0x00007ffc089ea000 	C:\WINDOWS\system32\mswsock.dll
0x00007ffbfadc0000 - 0x00007ffbfadd2000 	C:\Program Files\Java\jdk-15.0.2\bin\nio.dll
0x00007ffbf7170000 - 0x00007ffbf7188000 	C:\Program Files\Java\jdk-15.0.2\bin\zip.dll
0x00007ffc011f0000 - 0x00007ffc01200000 	C:\Program Files\Java\jdk-15.0.2\bin\verify.dll
0x00007ffbdb610000 - 0x00007ffbdb637000 	C:\Users\Abdullah\.gradle\native\c976cfcca226fdd4bee4412e95191dd41148b7504f9625baeda1d523bc39a967\windows-amd64\native-platform.dll
0x00007ffbfe5a0000 - 0x00007ffbfe5a9000 	C:\Program Files\Java\jdk-15.0.2\bin\management.dll
0x00007ffbfe470000 - 0x00007ffbfe47b000 	C:\Program Files\Java\jdk-15.0.2\bin\management_ext.dll
0x00007ffc08b60000 - 0x00007ffc08b78000 	C:\WINDOWS\SYSTEM32\CRYPTSP.dll
0x00007ffc08320000 - 0x00007ffc08354000 	C:\WINDOWS\system32\rsaenh.dll
0x00007ffc09ae0000 - 0x00007ffc09b07000 	C:\WINDOWS\System32\bcrypt.dll
0x00007ffc09170000 - 0x00007ffc0919e000 	C:\WINDOWS\SYSTEM32\USERENV.dll
0x00007ffc08b50000 - 0x00007ffc08b5c000 	C:\WINDOWS\SYSTEM32\CRYPTBASE.dll
0x00007ffc08670000 - 0x00007ffc086ab000 	C:\WINDOWS\SYSTEM32\IPHLPAPI.DLL
0x00007ffc0ae00000 - 0x00007ffc0ae08000 	C:\WINDOWS\System32\NSI.dll
0x00007ffc070b0000 - 0x00007ffc070c7000 	C:\WINDOWS\SYSTEM32\dhcpcsvc6.DLL
0x00007ffc07090000 - 0x00007ffc070ad000 	C:\WINDOWS\SYSTEM32\dhcpcsvc.DLL
0x00007ffc086b0000 - 0x00007ffc0877c000 	C:\WINDOWS\SYSTEM32\DNSAPI.dll
0x00007ffc07fb0000 - 0x00007ffc07fe3000 	C:\WINDOWS\SYSTEM32\ntmarta.dll

dbghelp: loaded successfully - version: 4.0.5 - missing functions: none
symbol engine: initialized successfully - sym options: 0x614 - pdb path: .;C:\Program Files\Java\jdk-15.0.2\bin;C:\WINDOWS\SYSTEM32;C:\Program Files\AVAST Software\Avast;C:\WINDOWS\WinSxS\amd64_microsoft.windows.common-controls_6595b64144ccf1df_6.0.19041.1052_none_60b8f8fd71f5e8cb;C:\Program Files\Java\jdk-15.0.2\bin\server;C:\Users\Abdullah\.gradle\native\c976cfcca226fdd4bee4412e95191dd41148b7504f9625baeda1d523bc39a967\windows-amd64

VM Arguments:
jvm_args: --add-opens=java.base/java.util=ALL-UNNAMED --add-opens=java.base/java.lang=ALL-UNNAMED --add-opens=java.base/java.lang.invoke=ALL-UNNAMED --add-opens=java.prefs/java.util.prefs=ALL-UNNAMED -Xmx4608m -Dfile.encoding=windows-1252 -Duser.country=US -Duser.language=en -Duser.variant 
java_command: org.gradle.launcher.daemon.bootstrap.GradleDaemon 6.3
java_class_path (initial): C:\Users\Abdullah\.gradle\wrapper\dists\gradle-6.3-all\b4awcolw9l59x95tu1obfh9i8\gradle-6.3\lib\gradle-launcher-6.3.jar
Launcher Type: SUN_STANDARD

[Global flags]
     intx CICompilerCount                          = 3                                         {product} {ergonomic}
     uint ConcGCThreads                            = 1                                         {product} {ergonomic}
     uint G1ConcRefinementThreads                  = 4                                         {product} {ergonomic}
   size_t G1HeapRegionSize                         = 4194304                                   {product} {ergonomic}
    uintx GCDrainStackTargetSize                   = 64                                        {product} {ergonomic}
   size_t InitialHeapSize                          = 67108864                                  {product} {ergonomic}
   size_t MarkStackSize                            = 4194304                                   {product} {ergonomic}
   size_t MaxHeapSize                              = 4831838208                                {product} {command line}
   size_t MaxNewSize                               = 2898264064                                {product} {ergonomic}
   size_t MinHeapDeltaBytes                        = 4194304                                   {product} {ergonomic}
   size_t MinHeapSize                              = 8388608                                   {product} {ergonomic}
    uintx NonNMethodCodeHeapSize                   = 5832780                                {pd product} {ergonomic}
    uintx NonProfiledCodeHeapSize                  = 122912730                              {pd product} {ergonomic}
    uintx ProfiledCodeHeapSize                     = 122912730                              {pd product} {ergonomic}
    uintx ReservedCodeCacheSize                    = 251658240                              {pd product} {ergonomic}
     bool SegmentedCodeCache                       = true                                      {product} {ergonomic}
   size_t SoftMaxHeapSize                          = 4831838208                             {manageable} {ergonomic}
     bool UseCompressedClassPointers               = true                                 {lp64_product} {ergonomic}
     bool UseCompressedOops                        = true                                 {lp64_product} {ergonomic}
     bool UseG1GC                                  = true                                      {product} {ergonomic}
     bool UseLargePagesIndividualAllocation        = false                                  {pd product} {ergonomic}

Logging:
Log output configuration:
 #0: stdout all=warning uptime,level,tags
 #1: stderr all=off uptime,level,tags

Environment Variables:
JAVA_HOME=C:\Program Files\Java\jdk-15.0.2
CLASSPATH=C:\Users\Abdullah\Desktop\reactnative\AwesomeProject\android\\gradle\wrapper\gradle-wrapper.jar
PATH=C:\Program Files\Common Files\Oracle\Java\javapath;C:\ProgramData\Oracle\Java\javapath;C:\WINDOWS\system32;C:\WINDOWS;C:\WINDOWS\System32\Wbem;C:\WINDOWS\System32\WindowsPowerShell\v1.0\;E:\Program Files\MATLAB\MATLAB Production Server\R2015a\runtime\win64;E:\Program Files\MATLAB\MATLAB Production Server\R2015a\bin;C:\Program Files\MATLAB\MATLAB Production Server\R2015a\runtime\win64;C:\Program Files\MATLAB\MATLAB Production Server\R2015a\bin;C:\Program Files\MATLAB\MATLAB Production Server\R2015a\polyspace\bin;C:\WINDOWS\System32\OpenSSH\;E:\Program Files\MATLAB\MATLAB Production Server\R2015a\polyspace\bin;C:\Program Files\Git\cmd;C:\Program Files\Microsoft SQL Server\130\Tools\Binn\;C:\Program Files\Microsoft SQL Server\Client SDK\ODBC\170\Tools\Binn\;C:\Program Files\dotnet\;C:\Program Files\nodejs\;C:\Program Files\Microsoft SQL Server\Client SDK\ODBC\110\Tools\Binn\;C:\Program Files (x86)\Microsoft SQL Server\120\Tools\Binn\;C:\Program Files\Microsoft SQL Server\120\Tools\Binn\;C:\Program Files\Microsoft SQL Server\120\DTS\Binn\;C:\Program Files (x86)\Microsoft SQL Server\120\Tools\Binn\ManagementStudio\;C:\Program Files (x86)\Microsoft SQL Server\120\DTS\Binn\;D:\OpenSSL-Win64\bin;D:\Tesseract-OCR;C:\Program Files\Java\jdk-15.0.2\bin;C:\Users\Abdullah\AppData\Local\Microsoft\WindowsApps;C:\Users\Abdullah\AppData\Local\Programs\Microsoft VS Code\bin;C:\Users\Abdullah\AppData\Roaming\npm;C:\Program Files\heroku\bin;C:\Users\Abdullah\AppData\Local\Programs\Python\Python38-32\Scripts;C:\Users\Abdullah\AppData\Local\Programs\Python\Python38-32;C:\Program Files\MongoDB\Server\4.4\bin;C:\Users\Abdullah\AppData\Local\Android\Sdk\platform-tools;C:\Users\Abdullah\AppData\Local\Android\Sdk\tools
USERNAME=Abdullah
LANG=en_US.UTF-8
OS=Windows_NT
PROCESSOR_IDENTIFIER=Intel64 Family 6 Model 78 Stepping 3, GenuineIntel



---------------  S Y S T E M  ---------------

OS:
 Windows 10 , 64 bit Build 19041 (10.0.19041.1023)
OS uptime: 19 days 5:40 hours

CPU: total 4 (initial active 4) (2 cores per cpu, 2 threads per core) family 6 model 78 stepping 3 microcode 0xd6, cmov, cx8, fxsr, mmx, sse, sse2, sse3, ssse3, sse4.1, sse4.2, popcnt, vzeroupper, avx, avx2, aes, clmul, erms, rtm, 3dnowpref, lzcnt, ht, tsc, tscinvbit, bmi1, bmi2, adx, fma, clflush, clflushopt

Memory: 4k page, system-wide physical 3992M (252M free)
TotalPageFile size 14644M (AvailPageFile size 16M)
current process WorkingSet (physical memory assigned to process): 1192M, peak: 1205M
current process commit charge ("private bytes"): 1736M, peak: 1737M

vm_info: Java HotSpot(TM) 64-Bit Server VM (15.0.2+7-27) for windows-amd64 JRE (15.0.2+7-27), built on Dec  7 2020 20:07:01 by "mach5one" with unknown MS VC++:1925

END.
