#
# There is insufficient memory for the Java Runtime Environment to continue.
# Native memory allocation (malloc) failed to allocate 1336576 bytes for Chunk::new
# Possible reasons:
#   The system is out of physical RAM or swap space
#   The process is running with CompressedOops enabled, and the Java Heap may be blocking the growth of the native heap
# Possible solutions:
#   Reduce memory load on the system
#   Increase physical memory or swap space
#   Check if swap backing store is full
#   Decrease Java heap size (-Xmx/-Xms)
#   Decrease number of Java threads
#   Decrease Java thread stack sizes (-Xss)
#   Set larger code cache with -XX:ReservedCodeCacheSize=
#   JVM is running with Unscaled Compressed Oops mode in which the Java heap is
#     placed in the first 4GB address space. The Java Heap base address is the
#     maximum limit for the native heap growth. Please use -XX:HeapBaseMinAddress
#     to set the Java Heap base and to place the Java Heap above 4GB virtual address.
# This output file may be truncated or incomplete.
#
#  Out of Memory Error (allocation.cpp:389), pid=9480, tid=0x0000000000002e90
#
# JRE version: OpenJDK Runtime Environment (8.0_242-b01) (build 1.8.0_242-release-1644-b01)
# Java VM: OpenJDK 64-Bit Server VM (25.242-b01 mixed mode windows-amd64 compressed oops)
# Failed to write core dump. Minidumps are not enabled by default on client versions of Windows
#

---------------  T H R E A D  ---------------

Current thread (0x000000001415f000):  JavaThread "C2 CompilerThread0" daemon [_thread_in_native, id=11920, stack(0x00000000157b0000,0x00000000158b0000)]

Stack: [0x00000000157b0000,0x00000000158b0000]
[error occurred during error reporting (printing stack bounds), id 0xc0000005]

Native frames: (J=compiled Java code, j=interpreted, Vv=VM code, C=native code)


Current CompileTask:
C2:   9038 2589       4       java.net.URLClassLoader$1::run (5 bytes)


---------------  P R O C E S S  ---------------

Java Threads: ( => current thread )
  0x0000000017d6d800 JavaThread "Cache worker for execution history cache (C:\Users\Abdullah\.gradle\caches\6.3\executionHistory)" [_thread_blocked, id=19132, stack(0x000000001ca70000,0x000000001cb70000)]
  0x0000000017d6b000 JavaThread "Cache worker for cache directory md-rule (C:\Users\Abdullah\.gradle\caches\6.3\md-rule)" [_thread_blocked, id=16560, stack(0x000000001c970000,0x000000001ca70000)]
  0x0000000017d6c000 JavaThread "Cache worker for cache directory md-supplier (C:\Users\Abdullah\.gradle\caches\6.3\md-supplier)" [_thread_blocked, id=14500, stack(0x000000001c870000,0x000000001c970000)]
  0x0000000017d6c800 JavaThread "Cache worker for file hash cache (C:\Users\Abdullah\Desktop\reactnative\AwesomeProject\android\.gradle\6.3\fileHashes)" [_thread_blocked, id=14260, stack(0x000000001c370000,0x000000001c470000)]
  0x0000000017d70800 JavaThread "Cache worker for checksums cache (C:\Users\Abdullah\Desktop\reactnative\AwesomeProject\android\.gradle\checksums)" [_thread_blocked, id=3784, stack(0x000000001c270000,0x000000001c370000)]
  0x0000000017d6a800 JavaThread "Cache worker for file hash cache (C:\Users\Abdullah\.gradle\caches\6.3\fileHashes)" [_thread_blocked, id=13040, stack(0x0000000019ed0000,0x0000000019fd0000)]
  0x0000000017d6f800 JavaThread "File lock request listener" [_thread_in_native, id=6408, stack(0x0000000019dd0000,0x0000000019ed0000)]
  0x0000000017e66000 JavaThread "Cache worker for journal cache (C:\Users\Abdullah\.gradle\caches\journal-1)" [_thread_blocked, id=5532, stack(0x0000000019cd0000,0x0000000019dd0000)]
  0x0000000017c61000 JavaThread "Thread-9" [_thread_blocked, id=2568, stack(0x00000000199d0000,0x0000000019ad0000)]
  0x0000000017c5c800 JavaThread "Stdin handler" [_thread_blocked, id=5264, stack(0x00000000198d0000,0x00000000199d0000)]
  0x0000000017c77000 JavaThread "Asynchronous log dispatcher for DefaultDaemonConnection: socket connection from /127.0.0.1:54398 to /127.0.0.1:54399" [_thread_blocked, id=804, stack(0x00000000197d0000,0x00000000198d0000)]
  0x0000000017c71800 JavaThread "Daemon worker" [_thread_in_Java, id=11536, stack(0x00000000196d0000,0x00000000197d0000)]
  0x0000000017c70800 JavaThread "Cancel handler" [_thread_blocked, id=2104, stack(0x00000000195d0000,0x00000000196d0000)]
  0x0000000017bdc000 JavaThread "Handler for socket connection from /127.0.0.1:54398 to /127.0.0.1:54399" [_thread_in_native, id=14340, stack(0x00000000192d0000,0x00000000193d0000)]
  0x0000000017bd6000 JavaThread "Daemon" [_thread_blocked, id=7296, stack(0x00000000191d0000,0x00000000192d0000)]
  0x0000000017bd3800 JavaThread "Daemon periodic checks" [_thread_blocked, id=7024, stack(0x00000000190d0000,0x00000000191d0000)]
  0x0000000017bba000 JavaThread "Incoming local TCP Connector on port 54398" [_thread_in_native, id=2704, stack(0x0000000018e90000,0x0000000018f90000)]
  0x0000000017b31800 JavaThread "Daemon health stats" [_thread_blocked, id=12332, stack(0x0000000018850000,0x0000000018950000)]
  0x0000000015aeb800 JavaThread "Service Thread" daemon [_thread_blocked, id=18584, stack(0x0000000015eb0000,0x0000000015fb0000)]
  0x0000000014168000 JavaThread "C1 CompilerThread2" daemon [_thread_in_native, id=18532, stack(0x00000000159b0000,0x0000000015ab0000)]
  0x0000000014162000 JavaThread "C2 CompilerThread1" daemon [_thread_in_native, id=12764, stack(0x00000000158b0000,0x00000000159b0000)]
=>0x000000001415f000 JavaThread "C2 CompilerThread0" daemon [_thread_in_native, id=11920, stack(0x00000000157b0000,0x00000000158b0000)]
  0x000000001415c000 JavaThread "Attach Listener" daemon [_thread_blocked, id=8464, stack(0x00000000156b0000,0x00000000157b0000)]
  0x0000000002cee800 JavaThread "Signal Dispatcher" daemon [_thread_blocked, id=10528, stack(0x00000000155b0000,0x00000000156b0000)]
  0x0000000002ce6800 JavaThread "Finalizer" daemon [_thread_blocked, id=9228, stack(0x00000000153b0000,0x00000000154b0000)]
  0x0000000014139000 JavaThread "Reference Handler" daemon [_thread_blocked, id=9500, stack(0x00000000152b0000,0x00000000153b0000)]
  0x0000000002dde000 JavaThread "main" [_thread_blocked, id=728, stack(0x0000000002aa0000,0x0000000002ba0000)]

Other Threads:
  0x0000000014116000 VMThread [stack: 0x00000000151b0000,0x00000000152b0000] [id=15464]
  0x0000000015aed800 WatcherThread [stack: 0x0000000015fb0000,0x00000000160b0000] [id=5104]

VM state:not at safepoint (normal execution)

VM Mutex/Monitor currently owned by a thread:  ([mutex/lock_event])
[0x0000000002bf0dd0] Compile_lock - owner thread: 0x0000000014168000

heap address: 0x00000000e0000000, size: 512 MB, Compressed Oops mode: 32-bit
Narrow klass base: 0x0000000000000000, Narrow klass shift: 3
Compressed class space size: 1073741824 Address: 0x0000000100000000

Heap:
 PSYoungGen      total 76288K, used 62994K [0x00000000f5580000, 0x00000000faa80000, 0x0000000100000000)
  eden space 65536K, 83% used [0x00000000f5580000,0x00000000f8aec748,0x00000000f9580000)
  from space 10752K, 77% used [0x00000000f9580000,0x00000000f9d98238,0x00000000fa000000)
  to   space 10752K, 0% used [0x00000000fa000000,0x00000000fa000000,0x00000000faa80000)
 ParOldGen       total 175104K, used 7793K [0x00000000e0000000, 0x00000000eab00000, 0x00000000f5580000)
  object space 175104K, 4% used [0x00000000e0000000,0x00000000e079c750,0x00000000eab00000)
 Metaspace       used 32314K, capacity 33362K, committed 33712K, reserved 1079296K
  class space    used 4378K, capacity 4682K, committed 4784K, reserved 1048576K

Card table byte_map: [0x00000000121a0000,0x00000000122b0000] byte_map_base: 0x0000000011aa0000

Marking Bits: (ParMarkBitMap*) 0x00000000613ef030
 Begin Bits: [0x00000000126b0000, 0x0000000012eb0000)
 End Bits:   [0x0000000012eb0000, 0x00000000136b0000)

Polling page: 0x0000000001290000

CodeCache: size=245760Kb used=9239Kb max_used=9239Kb free=236520Kb
 bounds [0x0000000002de0000, 0x00000000036f0000, 0x0000000011de0000]
 total_blobs=3092 nmethods=2403 adapters=602
 compilation: enabled

Compilation events (10 events):
Event: 9.023 Thread 0x0000000014168000 nmethod 2641 0x00000000036e0d90 code [0x00000000036e0ee0, 0x00000000036e0ff0]
Event: 9.023 Thread 0x0000000014168000 2642       3       com.sun.beans.TypeResolver::resolveInClass (9 bytes)
Event: 9.024 Thread 0x0000000014168000 nmethod 2642 0x00000000036e1050 code [0x00000000036e1220, 0x00000000036e1888]
Event: 9.024 Thread 0x0000000014168000 2643       3       java.beans.FeatureDescriptor::getReturnType (21 bytes)
Event: 9.025 Thread 0x0000000014168000 nmethod 2643 0x00000000036e1bd0 code [0x00000000036e1e60, 0x00000000036e2fb8]
Event: 9.026 Thread 0x0000000014168000 2644       3       java.beans.PropertyDescriptor::setClass0 (25 bytes)
Event: 9.026 Thread 0x0000000014168000 nmethod 2644 0x00000000036e3bd0 code [0x00000000036e3dc0, 0x00000000036e48d8]
Event: 9.027 Thread 0x0000000014168000 2645       3       java.util.concurrent.locks.AbstractQueuedSynchronizer$ConditionObject::awaitNanos (156 bytes)
Event: 9.029 Thread 0x0000000014168000 nmethod 2645 0x00000000036e4cd0 code [0x00000000036e4fe0, 0x00000000036e66f8]
Event: 9.036 Thread 0x0000000014168000 2646       3       java.beans.MethodDescriptor::<init> (7 bytes)

GC Heap History (10 events):
Event: 5.352 GC heap before
{Heap before GC invocations=2 (full 0):
 PSYoungGen      total 76288K, used 71190K [0x00000000f5580000, 0x00000000faa80000, 0x0000000100000000)
  eden space 65536K, 100% used [0x00000000f5580000,0x00000000f9580000,0x00000000f9580000)
  from space 10752K, 52% used [0x00000000f9580000,0x00000000f9b05840,0x00000000fa000000)
  to   space 10752K, 0% used [0x00000000fa000000,0x00000000fa000000,0x00000000faa80000)
 ParOldGen       total 175104K, used 16K [0x00000000e0000000, 0x00000000eab00000, 0x00000000f5580000)
  object space 175104K, 0% used [0x00000000e0000000,0x00000000e0004000,0x00000000eab00000)
 Metaspace       used 15017K, capacity 15444K, committed 15744K, reserved 1062912K
  class space    used 1975K, capacity 2132K, committed 2176K, reserved 1048576K
Event: 5.374 GC heap after
Heap after GC invocations=2 (full 0):
 PSYoungGen      total 76288K, used 9194K [0x00000000f5580000, 0x00000000faa80000, 0x0000000100000000)
  eden space 65536K, 0% used [0x00000000f5580000,0x00000000f5580000,0x00000000f9580000)
  from space 10752K, 85% used [0x00000000fa000000,0x00000000fa8faab8,0x00000000faa80000)
  to   space 10752K, 0% used [0x00000000f9580000,0x00000000f9580000,0x00000000fa000000)
 ParOldGen       total 175104K, used 24K [0x00000000e0000000, 0x00000000eab00000, 0x00000000f5580000)
  object space 175104K, 0% used [0x00000000e0000000,0x00000000e0006000,0x00000000eab00000)
 Metaspace       used 15017K, capacity 15444K, committed 15744K, reserved 1062912K
  class space    used 1975K, capacity 2132K, committed 2176K, reserved 1048576K
}
Event: 6.811 GC heap before
{Heap before GC invocations=3 (full 0):
 PSYoungGen      total 76288K, used 74730K [0x00000000f5580000, 0x00000000faa80000, 0x0000000100000000)
  eden space 65536K, 100% used [0x00000000f5580000,0x00000000f9580000,0x00000000f9580000)
  from space 10752K, 85% used [0x00000000fa000000,0x00000000fa8faab8,0x00000000faa80000)
  to   space 10752K, 0% used [0x00000000f9580000,0x00000000f9580000,0x00000000fa000000)
 ParOldGen       total 175104K, used 24K [0x00000000e0000000, 0x00000000eab00000, 0x00000000f5580000)
  object space 175104K, 0% used [0x00000000e0000000,0x00000000e0006000,0x00000000eab00000)
 Metaspace       used 20306K, capacity 20946K, committed 20992K, reserved 1067008K
  class space    used 2838K, capacity 3033K, committed 3072K, reserved 1048576K
Event: 6.826 GC heap after
Heap after GC invocations=3 (full 0):
 PSYoungGen      total 76288K, used 10722K [0x00000000f5580000, 0x00000000faa80000, 0x0000000100000000)
  eden space 65536K, 0% used [0x00000000f5580000,0x00000000f5580000,0x00000000f9580000)
  from space 10752K, 99% used [0x00000000f9580000,0x00000000f9ff8808,0x00000000fa000000)
  to   space 10752K, 0% used [0x00000000fa000000,0x00000000fa000000,0x00000000faa80000)
 ParOldGen       total 175104K, used 1721K [0x00000000e0000000, 0x00000000eab00000, 0x00000000f5580000)
  object space 175104K, 0% used [0x00000000e0000000,0x00000000e01ae620,0x00000000eab00000)
 Metaspace       used 20306K, capacity 20946K, committed 20992K, reserved 1067008K
  class space    used 2838K, capacity 3033K, committed 3072K, reserved 1048576K
}
Event: 6.978 GC heap before
{Heap before GC invocations=4 (full 0):
 PSYoungGen      total 76288K, used 15468K [0x00000000f5580000, 0x00000000faa80000, 0x0000000100000000)
  eden space 65536K, 7% used [0x00000000f5580000,0x00000000f5a22be0,0x00000000f9580000)
  from space 10752K, 99% used [0x00000000f9580000,0x00000000f9ff8808,0x00000000fa000000)
  to   space 10752K, 0% used [0x00000000fa000000,0x00000000fa000000,0x00000000faa80000)
 ParOldGen       total 175104K, used 1721K [0x00000000e0000000, 0x00000000eab00000, 0x00000000f5580000)
  object space 175104K, 0% used [0x00000000e0000000,0x00000000e01ae620,0x00000000eab00000)
 Metaspace       used 20560K, capacity 21288K, committed 21296K, reserved 1067008K
  class space    used 2881K, capacity 3112K, committed 3120K, reserved 1048576K
Event: 6.989 GC heap after
Heap after GC invocations=4 (full 0):
 PSYoungGen      total 76288K, used 7904K [0x00000000f5580000, 0x00000000faa80000, 0x0000000100000000)
  eden space 65536K, 0% used [0x00000000f5580000,0x00000000f5580000,0x00000000f9580000)
  from space 10752K, 73% used [0x00000000fa000000,0x00000000fa7b8030,0x00000000faa80000)
  to   space 10752K, 0% used [0x00000000f9580000,0x00000000f9580000,0x00000000fa000000)
 ParOldGen       total 175104K, used 1729K [0x00000000e0000000, 0x00000000eab00000, 0x00000000f5580000)
  object space 175104K, 0% used [0x00000000e0000000,0x00000000e01b0620,0x00000000eab00000)
 Metaspace       used 20560K, capacity 21288K, committed 21296K, reserved 1067008K
  class space    used 2881K, capacity 3112K, committed 3120K, reserved 1048576K
}
Event: 6.989 GC heap before
{Heap before GC invocations=5 (full 1):
 PSYoungGen      total 76288K, used 7904K [0x00000000f5580000, 0x00000000faa80000, 0x0000000100000000)
  eden space 65536K, 0% used [0x00000000f5580000,0x00000000f5580000,0x00000000f9580000)
  from space 10752K, 73% used [0x00000000fa000000,0x00000000fa7b8030,0x00000000faa80000)
  to   space 10752K, 0% used [0x00000000f9580000,0x00000000f9580000,0x00000000fa000000)
 ParOldGen       total 175104K, used 1729K [0x00000000e0000000, 0x00000000eab00000, 0x00000000f5580000)
  object space 175104K, 0% used [0x00000000e0000000,0x00000000e01b0620,0x00000000eab00000)
 Metaspace       used 20560K, capacity 21288K, committed 21296K, reserved 1067008K
  class space    used 2881K, capacity 3112K, committed 3120K, reserved 1048576K
Event: 7.040 GC heap after
Heap after GC invocations=5 (full 1):
 PSYoungGen      total 76288K, used 0K [0x00000000f5580000, 0x00000000faa80000, 0x0000000100000000)
  eden space 65536K, 0% used [0x00000000f5580000,0x00000000f5580000,0x00000000f9580000)
  from space 10752K, 0% used [0x00000000fa000000,0x00000000fa000000,0x00000000faa80000)
  to   space 10752K, 0% used [0x00000000f9580000,0x00000000f9580000,0x00000000fa000000)
 ParOldGen       total 175104K, used 7785K [0x00000000e0000000, 0x00000000eab00000, 0x00000000f5580000)
  object space 175104K, 4% used [0x00000000e0000000,0x00000000e079a750,0x00000000eab00000)
 Metaspace       used 20560K, capacity 21288K, committed 21296K, reserved 1067008K
  class space    used 2881K, capacity 3112K, committed 3120K, reserved 1048576K
}
Event: 8.291 GC heap before
{Heap before GC invocations=6 (full 1):
 PSYoungGen      total 76288K, used 65536K [0x00000000f5580000, 0x00000000faa80000, 0x0000000100000000)
  eden space 65536K, 100% used [0x00000000f5580000,0x00000000f9580000,0x00000000f9580000)
  from space 10752K, 0% used [0x00000000fa000000,0x00000000fa000000,0x00000000faa80000)
  to   space 10752K, 0% used [0x00000000f9580000,0x00000000f9580000,0x00000000fa000000)
 ParOldGen       total 175104K, used 7785K [0x00000000e0000000, 0x00000000eab00000, 0x00000000f5580000)
  object space 175104K, 4% used [0x00000000e0000000,0x00000000e079a750,0x00000000eab00000)
 Metaspace       used 28442K, capacity 29310K, committed 29616K, reserved 1075200K
  class space    used 3925K, capacity 4188K, committed 4272K, reserved 1048576K
Event: 8.300 GC heap after
Heap after GC invocations=6 (full 1):
 PSYoungGen      total 76288K, used 8288K [0x00000000f5580000, 0x00000000faa80000, 0x0000000100000000)
  eden space 65536K, 0% used [0x00000000f5580000,0x00000000f5580000,0x00000000f9580000)
  from space 10752K, 77% used [0x00000000f9580000,0x00000000f9d98238,0x00000000fa000000)
  to   space 10752K, 0% used [0x00000000fa000000,0x00000000fa000000,0x00000000faa80000)
 ParOldGen       total 175104K, used 7793K [0x00000000e0000000, 0x00000000eab00000, 0x00000000f5580000)
  object space 175104K, 4% used [0x00000000e0000000,0x00000000e079c750,0x00000000eab00000)
 Metaspace       used 28442K, capacity 29310K, committed 29616K, reserved 1075200K
  class space    used 3925K, capacity 4188K, committed 4272K, reserved 1048576K
}

Deoptimization events (10 events):
Event: 7.777 Thread 0x0000000017c71800 Uncommon trap: reason=unstable_if action=reinterpret pc=0x0000000003492828 method=java.lang.String.regionMatches(ZILjava/lang/String;II)Z @ 41
Event: 7.782 Thread 0x0000000017c71800 Uncommon trap: reason=unstable_if action=reinterpret pc=0x0000000002f7a68c method=java.lang.ClassLoader.getClassLoadingLock(Ljava/lang/String;)Ljava/lang/Object; @ 6
Event: 7.785 Thread 0x0000000017c71800 Uncommon trap: reason=unstable_if action=reinterpret pc=0x0000000002f1d7bc method=java.lang.ClassLoader.getClassLoadingLock(Ljava/lang/String;)Ljava/lang/Object; @ 6
Event: 7.837 Thread 0x0000000017c71800 Uncommon trap: reason=bimorphic action=maybe_recompile pc=0x0000000003426190 method=java.io.BufferedInputStream.read([BII)I @ 101
Event: 7.837 Thread 0x0000000017c71800 Uncommon trap: reason=bimorphic action=maybe_recompile pc=0x0000000003426190 method=java.io.BufferedInputStream.read([BII)I @ 101
Event: 7.838 Thread 0x0000000017c71800 Uncommon trap: reason=bimorphic action=maybe_recompile pc=0x0000000003426190 method=java.io.BufferedInputStream.read([BII)I @ 101
Event: 7.838 Thread 0x0000000017c71800 Uncommon trap: reason=bimorphic action=maybe_recompile pc=0x0000000003426190 method=java.io.BufferedInputStream.read([BII)I @ 101
Event: 8.285 Thread 0x0000000017c71800 Uncommon trap: reason=unstable_if action=reinterpret pc=0x00000000032d72f8 method=java.lang.String.regionMatches(ZILjava/lang/String;II)Z @ 41
Event: 8.301 Thread 0x0000000014139000 Uncommon trap: reason=unstable_if action=reinterpret pc=0x0000000003427cbc method=java.lang.ref.Reference.tryHandlePending(Z)Z @ 104
Event: 8.811 Thread 0x0000000017c71800 Uncommon trap: reason=unstable_if action=reinterpret pc=0x00000000030f78bc method=jdk.internal.org.objectweb.asm.Type.getArgumentsAndReturnSizes(Ljava/lang/String;)I @ 88

Classes redefined (0 events):
No events

Internal exceptions (10 events):
Event: 8.814 Thread 0x0000000017c71800 Exception <a 'java/lang/NoSuchMethodError': java.lang.Object.lambda$comparing$ea9a8b3a$1(Ljava/util/Comparator;Ljava/util/function/Function;Ljava/lang/Object;Ljava/lang/Object;)I> (0x00000000f7be7d58) thrown at [C:\src\AOSP-openjdk-git\hotspot\src\share\v
Event: 8.873 Thread 0x0000000017c71800 Exception <a 'java/lang/NoSuchMethodError': java.lang.Object.lambda$static$0(Lorg/gradle/api/internal/artifacts/ivyservice/resolveengine/artifact/ArtifactVisitor;)V> (0x00000000f8134fe8) thrown at [C:\src\AOSP-openjdk-git\hotspot\src\share\vm\interpreter\
Event: 8.987 Thread 0x0000000017c71800 Exception <a 'java/lang/ClassNotFoundException': sync_studio_tooling3_9q31oivv2vi285wkxtrz4gg49BeanInfo> (0x00000000f874e308) thrown at [C:\src\AOSP-openjdk-git\hotspot\src\share\vm\classfile\systemDictionary.cpp, line 210]
Event: 8.988 Thread 0x0000000017c71800 Exception <a 'java/lang/ClassNotFoundException': sync_studio_tooling3_9q31oivv2vi285wkxtrz4gg49Customizer> (0x00000000f875caf8) thrown at [C:\src\AOSP-openjdk-git\hotspot\src\share\vm\classfile\systemDictionary.cpp, line 210]
Event: 9.016 Thread 0x0000000017c71800 Exception <a 'java/lang/ClassNotFoundException': org/gradle/invocation/DefaultGradle_DecoratedBeanInfo> (0x00000000f88b07c0) thrown at [C:\src\AOSP-openjdk-git\hotspot\src\share\vm\classfile\systemDictionary.cpp, line 210]
Event: 9.017 Thread 0x0000000017c71800 Exception <a 'java/lang/ClassNotFoundException': org/gradle/invocation/DefaultGradleBeanInfo> (0x00000000f88d8be8) thrown at [C:\src\AOSP-openjdk-git\hotspot\src\share\vm\classfile\systemDictionary.cpp, line 210]
Event: 9.019 Thread 0x0000000017c71800 Exception <a 'java/lang/ClassNotFoundException': org/gradle/api/internal/project/AbstractPluginAwareBeanInfo> (0x00000000f8909df0) thrown at [C:\src\AOSP-openjdk-git\hotspot\src\share\vm\classfile\systemDictionary.cpp, line 210]
Event: 9.020 Thread 0x0000000017c71800 Exception <a 'java/lang/ClassNotFoundException': org/gradle/api/internal/project/AbstractPluginAwareCustomizer> (0x00000000f893b920) thrown at [C:\src\AOSP-openjdk-git\hotspot\src\share\vm\classfile\systemDictionary.cpp, line 210]
Event: 9.022 Thread 0x0000000017c71800 Exception <a 'java/lang/ClassNotFoundException': org/gradle/invocation/DefaultGradleCustomizer> (0x00000000f896e620) thrown at [C:\src\AOSP-openjdk-git\hotspot\src\share\vm\classfile\systemDictionary.cpp, line 210]
Event: 9.035 Thread 0x0000000017c71800 Exception <a 'java/lang/ClassNotFoundException': org/gradle/invocation/DefaultGradle_DecoratedCustomizer> (0x00000000f89e42f8) thrown at [C:\src\AOSP-openjdk-git\hotspot\src\share\vm\classfile\systemDictionary.cpp, line 210]

Events (10 events):
Event: 9.030 loading class org/gradle/invocation/DefaultGradle_DecoratedCustomizer
Event: 9.030 loading class org/gradle/invocation/DefaultGradle_DecoratedCustomizer done
Event: 9.031 loading class org/gradle/invocation/DefaultGradle_DecoratedCustomizer
Event: 9.031 loading class org/gradle/invocation/DefaultGradle_DecoratedCustomizer done
Event: 9.031 loading class org/gradle/invocation/DefaultGradle_DecoratedCustomizer
Event: 9.031 loading class org/gradle/invocation/DefaultGradle_DecoratedCustomizer done
Event: 9.035 loading class org/gradle/invocation/DefaultGradle_DecoratedCustomizer
Event: 9.035 loading class org/gradle/invocation/DefaultGradle_DecoratedCustomizer done
Event: 9.035 Thread 0x0000000017c71800 DEOPT PACKING pc=0x0000000002fcb199 sp=0x00000000197ca1a0
Event: 9.035 Thread 0x0000000017c71800 DEOPT UNPACKING pc=0x0000000002e275d0 sp=0x00000000197c9ec0 mode 0


Dynamic libraries:
0x00007ff6aadb0000 - 0x00007ff6aade1000 	D:\astd\jre\bin\java.exe
0x00007ff8535b0000 - 0x00007ff8537a5000 	C:\WINDOWS\SYSTEM32\ntdll.dll
0x00007ff81cb40000 - 0x00007ff81cb53000 	C:\Program Files\AVAST Software\Avast\aswhook.dll
0x00007ff851640000 - 0x00007ff8516fd000 	C:\WINDOWS\System32\KERNEL32.DLL
0x00007ff851210000 - 0x00007ff8514d8000 	C:\WINDOWS\System32\KERNELBASE.dll
0x00007ff8534c0000 - 0x00007ff85356c000 	C:\WINDOWS\System32\ADVAPI32.dll
0x00007ff852de0000 - 0x00007ff852e7e000 	C:\WINDOWS\System32\msvcrt.dll
0x00007ff8531e0000 - 0x00007ff85327b000 	C:\WINDOWS\System32\sechost.dll
0x00007ff851b30000 - 0x00007ff851c5b000 	C:\WINDOWS\System32\RPCRT4.dll
0x00007ff851d20000 - 0x00007ff851ec0000 	C:\WINDOWS\System32\USER32.dll
0x00007ff8514e0000 - 0x00007ff851502000 	C:\WINDOWS\System32\win32u.dll
0x00007ff851610000 - 0x00007ff85163a000 	C:\WINDOWS\System32\GDI32.dll
0x00007ff851100000 - 0x00007ff85120b000 	C:\WINDOWS\System32\gdi32full.dll
0x00007ff851570000 - 0x00007ff85160d000 	C:\WINDOWS\System32\msvcp_win.dll
0x00007ff850cf0000 - 0x00007ff850df0000 	C:\WINDOWS\System32\ucrtbase.dll
0x00007ff81ef70000 - 0x00007ff81f20a000 	C:\WINDOWS\WinSxS\amd64_microsoft.windows.common-controls_6595b64144ccf1df_6.0.19041.844_none_ca00b6081b84eb1d\COMCTL32.dll
0x00007ff851a30000 - 0x00007ff851a60000 	C:\WINDOWS\System32\IMM32.DLL
0x0000000060b40000 - 0x0000000060c12000 	D:\astd\jre\jre\bin\msvcr100.dll
0x0000000060c20000 - 0x000000006146b000 	D:\astd\jre\jre\bin\server\jvm.dll
0x00007ff851c60000 - 0x00007ff851c68000 	C:\WINDOWS\System32\PSAPI.DLL
0x00007ff84c810000 - 0x00007ff84c81a000 	C:\WINDOWS\SYSTEM32\VERSION.dll
0x00007ff828a70000 - 0x00007ff828a97000 	C:\WINDOWS\SYSTEM32\WINMM.dll
0x00007ff842a60000 - 0x00007ff842a69000 	C:\WINDOWS\SYSTEM32\WSOCK32.dll
0x00007ff852430000 - 0x00007ff85249b000 	C:\WINDOWS\System32\WS2_32.dll
0x00007ff84b830000 - 0x00007ff84b83f000 	D:\astd\jre\jre\bin\verify.dll
0x00007ff836670000 - 0x00007ff836699000 	D:\astd\jre\jre\bin\java.dll
0x00007ff849330000 - 0x00007ff849346000 	D:\astd\jre\jre\bin\zip.dll
0x00007ff8524a0000 - 0x00007ff852be2000 	C:\WINDOWS\System32\SHELL32.dll
0x00007ff84ee30000 - 0x00007ff84f5c1000 	C:\WINDOWS\SYSTEM32\windows.storage.dll
0x00007ff852e80000 - 0x00007ff8531d5000 	C:\WINDOWS\System32\combase.dll
0x00007ff8506f0000 - 0x00007ff85071c000 	C:\WINDOWS\SYSTEM32\Wldp.dll
0x00007ff851c70000 - 0x00007ff851d1e000 	C:\WINDOWS\System32\SHCORE.dll
0x00007ff851ad0000 - 0x00007ff851b25000 	C:\WINDOWS\System32\shlwapi.dll
0x00007ff850c30000 - 0x00007ff850c4f000 	C:\WINDOWS\SYSTEM32\profapi.dll
0x00007ff83ebb0000 - 0x00007ff83ebca000 	D:\astd\jre\jre\bin\net.dll
0x00007ff850460000 - 0x00007ff8504ca000 	C:\WINDOWS\system32\mswsock.dll
0x00007ff837270000 - 0x00007ff837283000 	D:\astd\jre\jre\bin\nio.dll
0x00007ff837300000 - 0x00007ff837327000 	C:\Users\Abdullah\.gradle\native\c976cfcca226fdd4bee4412e95191dd41148b7504f9625baeda1d523bc39a967\windows-amd64\native-platform.dll
0x00007ff84b6b0000 - 0x00007ff84b6bd000 	D:\astd\jre\jre\bin\management.dll
0x00007ff850630000 - 0x00007ff850648000 	C:\WINDOWS\SYSTEM32\CRYPTSP.dll
0x00007ff84fda0000 - 0x00007ff84fdd4000 	C:\WINDOWS\system32\rsaenh.dll
0x00007ff8510d0000 - 0x00007ff8510f7000 	C:\WINDOWS\System32\bcrypt.dll
0x00007ff850bb0000 - 0x00007ff850bde000 	C:\WINDOWS\SYSTEM32\USERENV.dll
0x00007ff850fa0000 - 0x00007ff851020000 	C:\WINDOWS\System32\bcryptprimitives.dll
0x00007ff850650000 - 0x00007ff85065c000 	C:\WINDOWS\SYSTEM32\CRYPTBASE.dll
0x00007ff8500f0000 - 0x00007ff85012b000 	C:\WINDOWS\SYSTEM32\IPHLPAPI.DLL
0x00007ff851ac0000 - 0x00007ff851ac8000 	C:\WINDOWS\System32\NSI.dll
0x00007ff84a9a0000 - 0x00007ff84a9b7000 	C:\WINDOWS\SYSTEM32\dhcpcsvc6.DLL
0x00007ff84a700000 - 0x00007ff84a71d000 	C:\WINDOWS\SYSTEM32\dhcpcsvc.DLL
0x00007ff850130000 - 0x00007ff8501fc000 	C:\WINDOWS\SYSTEM32\DNSAPI.dll

VM Arguments:
jvm_args: -XX:MaxMetaspaceSize=256m -XX:+HeapDumpOnOutOfMemoryError -Xms256m -Xmx512m -Dfile.encoding=windows-1252 -Duser.country=US -Duser.language=en -Duser.variant 
java_command: org.gradle.launcher.daemon.bootstrap.GradleDaemon 6.3
java_class_path (initial): C:\Users\Abdullah\.gradle\wrapper\dists\gradle-6.3-bin\8tpu6egwsccjzp10c1jckl0rx\gradle-6.3\lib\gradle-launcher-6.3.jar
Launcher Type: SUN_STANDARD

Environment Variables:
JAVA_HOME=C:\Program Files\Java\jdk-15.0.2
PATH=C:\Program Files\Common Files\Oracle\Java\javapath;C:\ProgramData\Oracle\Java\javapath;C:\WINDOWS\system32;C:\WINDOWS;C:\WINDOWS\System32\Wbem;C:\WINDOWS\System32\WindowsPowerShell\v1.0\;E:\Program Files\MATLAB\MATLAB Production Server\R2015a\runtime\win64;E:\Program Files\MATLAB\MATLAB Production Server\R2015a\bin;C:\Program Files\MATLAB\MATLAB Production Server\R2015a\runtime\win64;C:\Program Files\MATLAB\MATLAB Production Server\R2015a\bin;C:\Program Files\MATLAB\MATLAB Production Server\R2015a\polyspace\bin;C:\WINDOWS\System32\OpenSSH\;E:\Program Files\MATLAB\MATLAB Production Server\R2015a\polyspace\bin;C:\Program Files\Git\cmd;C:\Program Files\Microsoft SQL Server\130\Tools\Binn\;C:\Program Files\Microsoft SQL Server\Client SDK\ODBC\170\Tools\Binn\;C:\Program Files\dotnet\;C:\Program Files\nodejs\;C:\Program Files\Microsoft SQL Server\Client SDK\ODBC\110\Tools\Binn\;C:\Program Files (x86)\Microsoft SQL Server\120\Tools\Binn\;C:\Program Files\Microsoft SQL Server\120\Tools\Binn\;C:\Program Files\Microsoft SQL Server\120\DTS\Binn\;C:\Program Files (x86)\Microsoft SQL Server\120\Tools\Binn\ManagementStudio\;C:\Program Files (x86)\Microsoft SQL Server\120\DTS\Binn\;D:\OpenSSL-Win64\bin;D:\Tesseract-OCR;C:\Program Files\Java\jdk-15.0.2\bin;C:\Users\Abdullah\AppData\Local\Microsoft\WindowsApps;C:\Users\Abdullah\AppData\Local\Programs\Microsoft VS Code\bin;C:\Users\Abdullah\AppData\Roaming\npm;C:\Program Files\heroku\bin;C:\Users\Abdullah\AppData\Local\Programs\Python\Python38-32\Scripts;C:\Users\Abdullah\AppData\Local\Programs\Python\Python38-32;C:\Program Files\MongoDB\Server\4.4\bin;C:\Users\Abdullah\AppData\Local\Android\Sdk\platform-tools;C:\Users\Abdullah\AppData\Local\Android\Sdk\tools
USERNAME=Abdullah
OS=Windows_NT
PROCESSOR_IDENTIFIER=Intel64 Family 6 Model 78 Stepping 3, GenuineIntel



---------------  S Y S T E M  ---------------

OS: Windows 10.0 , 64 bit Build 19041 (10.0.19041.928)

CPU:total 4 (initial active 4) (2 cores per cpu, 2 threads per core) family 6 model 78 stepping 3, cmov, cx8, fxsr, mmx, sse, sse2, sse3, ssse3, sse4.1, sse4.2, popcnt, avx, avx2, aes, clmul, erms, rtm, 3dnowpref, lzcnt, ht, tsc, tscinvbit, bmi1, bmi2, adx

Memory: 4k page, physical 4088416k(266584k free), swap 14105792k(5412k free)

vm_info: OpenJDK 64-Bit Server VM (25.242-b01) for windows-amd64 JRE (1.8.0_242-release-1644-b01), built by "builder" with MS VC++ 10.0 (VS2010)

time: Thu Apr 29 06:44:02 2021
timezone: Pakistan Standard Time
elapsed time: 9 seconds (0d 0h 0m 9s)

