#
# There is insufficient memory for the Java Runtime Environment to continue.
# Native memory allocation (malloc) failed to allocate 1865712 bytes for Chunk::new
# Possible reasons:
#   The system is out of physical RAM or swap space
#   The process is running with CompressedOops enabled, and the Java Heap may be blocking the growth of the native heap
# Possible solutions:
#   Reduce memory load on the system
#   Increase physical memory or swap space
#   Check if swap backing store is full
#   Decrease Java heap size (-Xmx/-Xms)
#   Decrease number of Java threads
#   Decrease Java thread stack sizes (-Xss)
#   Set larger code cache with -XX:ReservedCodeCacheSize=
#   JVM is running with Unscaled Compressed Oops mode in which the Java heap is
#     placed in the first 4GB address space. The Java Heap base address is the
#     maximum limit for the native heap growth. Please use -XX:HeapBaseMinAddress
#     to set the Java Heap base and to place the Java Heap above 4GB virtual address.
# This output file may be truncated or incomplete.
#
#  Out of Memory Error (allocation.cpp:389), pid=13560, tid=0x0000000000003b14
#
# JRE version: OpenJDK Runtime Environment (8.0_242-b01) (build 1.8.0_242-release-1644-b01)
# Java VM: OpenJDK 64-Bit Server VM (25.242-b01 mixed mode windows-amd64 compressed oops)
# Failed to write core dump. Minidumps are not enabled by default on client versions of Windows
#

---------------  T H R E A D  ---------------

Current thread (0x000000001397a000):  JavaThread "C2 CompilerThread0" daemon [_thread_in_native, id=15124, stack(0x0000000014fd0000,0x00000000150d0000)]

Stack: [0x0000000014fd0000,0x00000000150d0000]
[error occurred during error reporting (printing stack bounds), id 0xc0000005]

Native frames: (J=compiled Java code, j=interpreted, Vv=VM code, C=native code)


Current CompileTask:
C2:   8962 2578       4       java.net.URLClassLoader$1::run (5 bytes)


---------------  P R O C E S S  ---------------

Java Threads: ( => current thread )
  0x000000001398a000 JavaThread "Cache worker for execution history cache (C:\Users\Abdullah\.gradle\caches\6.3\executionHistory)" [_thread_blocked, id=3016, stack(0x000000001d3c0000,0x000000001d4c0000)]
  0x0000000013989000 JavaThread "Cache worker for cache directory md-rule (C:\Users\Abdullah\.gradle\caches\6.3\md-rule)" [_thread_blocked, id=11504, stack(0x000000001c280000,0x000000001c380000)]
  0x0000000013988800 JavaThread "Cache worker for cache directory md-supplier (C:\Users\Abdullah\.gradle\caches\6.3\md-supplier)" [_thread_blocked, id=19284, stack(0x000000001c180000,0x000000001c280000)]
  0x0000000013987800 JavaThread "Cache worker for file hash cache (C:\Users\Abdullah\Desktop\reactnative\AwesomeProject\android\.gradle\6.3\fileHashes)" [_thread_blocked, id=4716, stack(0x000000001ba90000,0x000000001bb90000)]
  0x0000000013986000 JavaThread "Cache worker for checksums cache (C:\Users\Abdullah\Desktop\reactnative\AwesomeProject\android\.gradle\checksums)" [_thread_blocked, id=8356, stack(0x000000001bc80000,0x000000001bd80000)]
  0x000000001398d000 JavaThread "Cache worker for file hash cache (C:\Users\Abdullah\.gradle\caches\6.3\fileHashes)" [_thread_blocked, id=10328, stack(0x00000000196f0000,0x00000000197f0000)]
  0x0000000013987000 JavaThread "File lock request listener" [_thread_in_native, id=2884, stack(0x00000000195f0000,0x00000000196f0000)]
  0x0000000017533800 JavaThread "Cache worker for journal cache (C:\Users\Abdullah\.gradle\caches\journal-1)" [_thread_blocked, id=8520, stack(0x00000000194f0000,0x00000000195f0000)]
  0x00000000174aa000 JavaThread "Thread-9" [_thread_blocked, id=8752, stack(0x00000000191f0000,0x00000000192f0000)]
  0x00000000174a7800 JavaThread "Stdin handler" [_thread_blocked, id=16288, stack(0x00000000190f0000,0x00000000191f0000)]
  0x00000000174b5800 JavaThread "Asynchronous log dispatcher for DefaultDaemonConnection: socket connection from /127.0.0.1:54387 to /127.0.0.1:54388" [_thread_blocked, id=14044, stack(0x0000000018ff0000,0x00000000190f0000)]
  0x00000000174ae800 JavaThread "Daemon worker" [_thread_in_vm, id=13140, stack(0x0000000018ef0000,0x0000000018ff0000)]
  0x00000000174eb000 JavaThread "Cancel handler" [_thread_blocked, id=1356, stack(0x0000000018df0000,0x0000000018ef0000)]
  0x000000001743e800 JavaThread "Handler for socket connection from /127.0.0.1:54387 to /127.0.0.1:54388" [_thread_in_native, id=17224, stack(0x0000000018af0000,0x0000000018bf0000)]
  0x00000000173d3000 JavaThread "Daemon" [_thread_blocked, id=12196, stack(0x00000000189f0000,0x0000000018af0000)]
  0x00000000173d0800 JavaThread "Daemon periodic checks" [_thread_blocked, id=15716, stack(0x00000000188f0000,0x00000000189f0000)]
  0x0000000017454800 JavaThread "Incoming local TCP Connector on port 54387" [_thread_in_native, id=11496, stack(0x00000000186b0000,0x00000000187b0000)]
  0x0000000017332800 JavaThread "Daemon health stats" [_thread_blocked, id=10336, stack(0x0000000018070000,0x0000000018170000)]
  0x00000000139ce000 JavaThread "Service Thread" daemon [_thread_blocked, id=4268, stack(0x00000000156d0000,0x00000000157d0000)]
  0x000000001398c000 JavaThread "C1 CompilerThread2" daemon [_thread_blocked, id=8824, stack(0x00000000151d0000,0x00000000152d0000)]
  0x000000001397f800 JavaThread "C2 CompilerThread1" daemon [_thread_in_native, id=1464, stack(0x00000000150d0000,0x00000000151d0000)]
=>0x000000001397a000 JavaThread "C2 CompilerThread0" daemon [_thread_in_native, id=15124, stack(0x0000000014fd0000,0x00000000150d0000)]
  0x0000000013977800 JavaThread "Attach Listener" daemon [_thread_blocked, id=11604, stack(0x0000000014ed0000,0x0000000014fd0000)]
  0x0000000013972000 JavaThread "Signal Dispatcher" daemon [_thread_blocked, id=19368, stack(0x0000000014dd0000,0x0000000014ed0000)]
  0x000000000254a800 JavaThread "Finalizer" daemon [_thread_blocked, id=12888, stack(0x0000000014bd0000,0x0000000014cd0000)]
  0x0000000002542000 JavaThread "Reference Handler" daemon [_thread_blocked, id=5484, stack(0x0000000014ad0000,0x0000000014bd0000)]
  0x0000000000ade000 JavaThread "main" [_thread_blocked, id=17100, stack(0x0000000002350000,0x0000000002450000)]

Other Threads:
  0x0000000013936000 VMThread [stack: 0x00000000149d0000,0x0000000014ad0000] [id=14608]
  0x000000001530b800 WatcherThread [stack: 0x00000000157d0000,0x00000000158d0000] [id=18932]

VM state:not at safepoint (normal execution)

VM Mutex/Monitor currently owned by a thread: None

heap address: 0x00000000e0000000, size: 512 MB, Compressed Oops mode: 32-bit
Narrow klass base: 0x0000000000000000, Narrow klass shift: 3
Compressed class space size: 1073741824 Address: 0x0000000100000000

Heap:
 PSYoungGen      total 76288K, used 70103K [0x00000000f5580000, 0x00000000fdc80000, 0x0000000100000000)
  eden space 65536K, 94% used [0x00000000f5580000,0x00000000f91fd440,0x00000000f9580000)
  from space 10752K, 75% used [0x00000000f9580000,0x00000000f9d788a0,0x00000000fa000000)
  to   space 12800K, 0% used [0x00000000fd000000,0x00000000fd000000,0x00000000fdc80000)
 ParOldGen       total 175104K, used 7788K [0x00000000e0000000, 0x00000000eab00000, 0x00000000f5580000)
  object space 175104K, 4% used [0x00000000e0000000,0x00000000e079b0f0,0x00000000eab00000)
 Metaspace       used 32466K, capacity 33538K, committed 33712K, reserved 1079296K
  class space    used 4394K, capacity 4696K, committed 4784K, reserved 1048576K

Card table byte_map: [0x0000000011910000,0x0000000011a20000] byte_map_base: 0x0000000011210000

Marking Bits: (ParMarkBitMap*) 0x00000000613ef030
 Begin Bits: [0x0000000011ed0000, 0x00000000126d0000)
 End Bits:   [0x00000000126d0000, 0x0000000012ed0000)

Polling page: 0x0000000000a50000

CodeCache: size=245760Kb used=9613Kb max_used=9626Kb free=236146Kb
 bounds [0x0000000002550000, 0x0000000002ec0000, 0x0000000011550000]
 total_blobs=3193 nmethods=2504 adapters=602
 compilation: enabled

Compilation events (10 events):
Event: 8.946 Thread 0x000000001398c000 2738       3       groovyjarjarasm.asm.SymbolTable::get (13 bytes)
Event: 8.946 Thread 0x000000001398c000 nmethod 2738 0x0000000002eaed10 code [0x0000000002eaee60, 0x0000000002eaeff0]
Event: 8.948 Thread 0x000000001398c000 2739       3       org.codehaus.groovy.reflection.ClassInfo::isSAM (13 bytes)
Event: 8.948 Thread 0x000000001398c000 nmethod 2739 0x0000000002eae850 code [0x0000000002eae9c0, 0x0000000002eaec08]
Event: 8.949 Thread 0x000000001398c000 2741       3       java.util.ComparableTimSort::binarySort (223 bytes)
Event: 8.950 Thread 0x000000001398c000 nmethod 2741 0x0000000002ead350 code [0x0000000002ead540, 0x0000000002eae018]
Event: 8.952 Thread 0x000000001398c000 2742       3       groovy.lang.MetaClassImpl::establishStaticMetaProperty (262 bytes)
Event: 8.954 Thread 0x000000001398c000 nmethod 2742 0x0000000002eaa050 code [0x0000000002eaa2c0, 0x0000000002eab678]
Event: 8.954 Thread 0x000000001397f800 nmethod 2727 0x0000000002ebbb10 code [0x0000000002ebbc80, 0x0000000002ebc3b8]
Event: 8.954 Thread 0x000000001397f800 2637       4       java.lang.Class$MethodArray::addIfNotPresent (47 bytes)

GC Heap History (10 events):
Event: 4.913 GC heap before
{Heap before GC invocations=2 (full 0):
 PSYoungGen      total 76288K, used 71142K [0x00000000f5580000, 0x00000000faa80000, 0x0000000100000000)
  eden space 65536K, 100% used [0x00000000f5580000,0x00000000f9580000,0x00000000f9580000)
  from space 10752K, 52% used [0x00000000f9580000,0x00000000f9af9800,0x00000000fa000000)
  to   space 10752K, 0% used [0x00000000fa000000,0x00000000fa000000,0x00000000faa80000)
 ParOldGen       total 175104K, used 16K [0x00000000e0000000, 0x00000000eab00000, 0x00000000f5580000)
  object space 175104K, 0% used [0x00000000e0000000,0x00000000e0004000,0x00000000eab00000)
 Metaspace       used 15005K, capacity 15436K, committed 15744K, reserved 1062912K
  class space    used 1975K, capacity 2132K, committed 2176K, reserved 1048576K
Event: 4.924 GC heap after
Heap after GC invocations=2 (full 0):
 PSYoungGen      total 76288K, used 9149K [0x00000000f5580000, 0x00000000faa80000, 0x0000000100000000)
  eden space 65536K, 0% used [0x00000000f5580000,0x00000000f5580000,0x00000000f9580000)
  from space 10752K, 85% used [0x00000000fa000000,0x00000000fa8ef4b8,0x00000000faa80000)
  to   space 10752K, 0% used [0x00000000f9580000,0x00000000f9580000,0x00000000fa000000)
 ParOldGen       total 175104K, used 24K [0x00000000e0000000, 0x00000000eab00000, 0x00000000f5580000)
  object space 175104K, 0% used [0x00000000e0000000,0x00000000e0006000,0x00000000eab00000)
 Metaspace       used 15005K, capacity 15436K, committed 15744K, reserved 1062912K
  class space    used 1975K, capacity 2132K, committed 2176K, reserved 1048576K
}
Event: 6.311 GC heap before
{Heap before GC invocations=3 (full 0):
 PSYoungGen      total 76288K, used 74685K [0x00000000f5580000, 0x00000000faa80000, 0x0000000100000000)
  eden space 65536K, 100% used [0x00000000f5580000,0x00000000f9580000,0x00000000f9580000)
  from space 10752K, 85% used [0x00000000fa000000,0x00000000fa8ef4b8,0x00000000faa80000)
  to   space 10752K, 0% used [0x00000000f9580000,0x00000000f9580000,0x00000000fa000000)
 ParOldGen       total 175104K, used 24K [0x00000000e0000000, 0x00000000eab00000, 0x00000000f5580000)
  object space 175104K, 0% used [0x00000000e0000000,0x00000000e0006000,0x00000000eab00000)
 Metaspace       used 20321K, capacity 20970K, committed 20992K, reserved 1067008K
  class space    used 2843K, capacity 3065K, committed 3072K, reserved 1048576K
Event: 6.327 GC heap after
Heap after GC invocations=3 (full 0):
 PSYoungGen      total 76288K, used 10741K [0x00000000f5580000, 0x00000000faa80000, 0x0000000100000000)
  eden space 65536K, 0% used [0x00000000f5580000,0x00000000f5580000,0x00000000f9580000)
  from space 10752K, 99% used [0x00000000f9580000,0x00000000f9ffd6c0,0x00000000fa000000)
  to   space 10752K, 0% used [0x00000000fa000000,0x00000000fa000000,0x00000000faa80000)
 ParOldGen       total 175104K, used 1743K [0x00000000e0000000, 0x00000000eab00000, 0x00000000f5580000)
  object space 175104K, 0% used [0x00000000e0000000,0x00000000e01b3cb0,0x00000000eab00000)
 Metaspace       used 20321K, capacity 20970K, committed 20992K, reserved 1067008K
  class space    used 2843K, capacity 3065K, committed 3072K, reserved 1048576K
}
Event: 6.451 GC heap before
{Heap before GC invocations=4 (full 0):
 PSYoungGen      total 76288K, used 15149K [0x00000000f5580000, 0x00000000faa80000, 0x0000000100000000)
  eden space 65536K, 6% used [0x00000000f5580000,0x00000000f59cddc8,0x00000000f9580000)
  from space 10752K, 99% used [0x00000000f9580000,0x00000000f9ffd6c0,0x00000000fa000000)
  to   space 10752K, 0% used [0x00000000fa000000,0x00000000fa000000,0x00000000faa80000)
 ParOldGen       total 175104K, used 1743K [0x00000000e0000000, 0x00000000eab00000, 0x00000000f5580000)
  object space 175104K, 0% used [0x00000000e0000000,0x00000000e01b3cb0,0x00000000eab00000)
 Metaspace       used 20555K, capacity 21286K, committed 21296K, reserved 1067008K
  class space    used 2882K, capacity 3113K, committed 3120K, reserved 1048576K
Event: 6.460 GC heap after
Heap after GC invocations=4 (full 0):
 PSYoungGen      total 76288K, used 7860K [0x00000000f5580000, 0x00000000fea80000, 0x0000000100000000)
  eden space 65536K, 0% used [0x00000000f5580000,0x00000000f5580000,0x00000000f9580000)
  from space 10752K, 73% used [0x00000000fa000000,0x00000000fa7ad040,0x00000000faa80000)
  to   space 10752K, 0% used [0x00000000f9580000,0x00000000f9580000,0x00000000fa000000)
 ParOldGen       total 175104K, used 1751K [0x00000000e0000000, 0x00000000eab00000, 0x00000000f5580000)
  object space 175104K, 1% used [0x00000000e0000000,0x00000000e01b5cb0,0x00000000eab00000)
 Metaspace       used 20555K, capacity 21286K, committed 21296K, reserved 1067008K
  class space    used 2882K, capacity 3113K, committed 3120K, reserved 1048576K
}
Event: 6.460 GC heap before
{Heap before GC invocations=5 (full 1):
 PSYoungGen      total 76288K, used 7860K [0x00000000f5580000, 0x00000000fea80000, 0x0000000100000000)
  eden space 65536K, 0% used [0x00000000f5580000,0x00000000f5580000,0x00000000f9580000)
  from space 10752K, 73% used [0x00000000fa000000,0x00000000fa7ad040,0x00000000faa80000)
  to   space 10752K, 0% used [0x00000000f9580000,0x00000000f9580000,0x00000000fa000000)
 ParOldGen       total 175104K, used 1751K [0x00000000e0000000, 0x00000000eab00000, 0x00000000f5580000)
  object space 175104K, 1% used [0x00000000e0000000,0x00000000e01b5cb0,0x00000000eab00000)
 Metaspace       used 20555K, capacity 21286K, committed 21296K, reserved 1067008K
  class space    used 2882K, capacity 3113K, committed 3120K, reserved 1048576K
Event: 6.509 GC heap after
Heap after GC invocations=5 (full 1):
 PSYoungGen      total 76288K, used 0K [0x00000000f5580000, 0x00000000fea80000, 0x0000000100000000)
  eden space 65536K, 0% used [0x00000000f5580000,0x00000000f5580000,0x00000000f9580000)
  from space 10752K, 0% used [0x00000000fa000000,0x00000000fa000000,0x00000000faa80000)
  to   space 10752K, 0% used [0x00000000f9580000,0x00000000f9580000,0x00000000fa000000)
 ParOldGen       total 175104K, used 7780K [0x00000000e0000000, 0x00000000eab00000, 0x00000000f5580000)
  object space 175104K, 4% used [0x00000000e0000000,0x00000000e07990f0,0x00000000eab00000)
 Metaspace       used 20555K, capacity 21286K, committed 21296K, reserved 1067008K
  class space    used 2882K, capacity 3113K, committed 3120K, reserved 1048576K
}
Event: 7.855 GC heap before
{Heap before GC invocations=6 (full 1):
 PSYoungGen      total 76288K, used 65536K [0x00000000f5580000, 0x00000000fea80000, 0x0000000100000000)
  eden space 65536K, 100% used [0x00000000f5580000,0x00000000f9580000,0x00000000f9580000)
  from space 10752K, 0% used [0x00000000fa000000,0x00000000fa000000,0x00000000faa80000)
  to   space 10752K, 0% used [0x00000000f9580000,0x00000000f9580000,0x00000000fa000000)
 ParOldGen       total 175104K, used 7780K [0x00000000e0000000, 0x00000000eab00000, 0x00000000f5580000)
  object space 175104K, 4% used [0x00000000e0000000,0x00000000e07990f0,0x00000000eab00000)
 Metaspace       used 28448K, capacity 29296K, committed 29616K, reserved 1075200K
  class space    used 3923K, capacity 4187K, committed 4272K, reserved 1048576K
Event: 7.865 GC heap after
Heap after GC invocations=6 (full 1):
 PSYoungGen      total 76288K, used 8162K [0x00000000f5580000, 0x00000000fdc80000, 0x0000000100000000)
  eden space 65536K, 0% used [0x00000000f5580000,0x00000000f5580000,0x00000000f9580000)
  from space 10752K, 75% used [0x00000000f9580000,0x00000000f9d788a0,0x00000000fa000000)
  to   space 12800K, 0% used [0x00000000fd000000,0x00000000fd000000,0x00000000fdc80000)
 ParOldGen       total 175104K, used 7788K [0x00000000e0000000, 0x00000000eab00000, 0x00000000f5580000)
  object space 175104K, 4% used [0x00000000e0000000,0x00000000e079b0f0,0x00000000eab00000)
 Metaspace       used 28448K, capacity 29296K, committed 29616K, reserved 1075200K
  class space    used 3923K, capacity 4187K, committed 4272K, reserved 1048576K
}

Deoptimization events (10 events):
Event: 7.335 Thread 0x00000000174ae800 Uncommon trap: reason=unstable_if action=reinterpret pc=0x0000000002c03580 method=java.lang.String.regionMatches(ZILjava/lang/String;II)Z @ 41
Event: 7.351 Thread 0x00000000174ae800 Uncommon trap: reason=unstable_if action=reinterpret pc=0x00000000027e764c method=java.lang.ClassLoader.getClassLoadingLock(Ljava/lang/String;)Ljava/lang/Object; @ 6
Event: 7.423 Thread 0x00000000174ae800 Uncommon trap: reason=bimorphic action=maybe_recompile pc=0x0000000002b8b6d0 method=java.io.BufferedInputStream.read([BII)I @ 101
Event: 7.423 Thread 0x00000000174ae800 Uncommon trap: reason=bimorphic action=maybe_recompile pc=0x0000000002b8b6d0 method=java.io.BufferedInputStream.read([BII)I @ 101
Event: 7.424 Thread 0x00000000174ae800 Uncommon trap: reason=bimorphic action=maybe_recompile pc=0x0000000002b8b6d0 method=java.io.BufferedInputStream.read([BII)I @ 101
Event: 7.425 Thread 0x00000000174ae800 Uncommon trap: reason=bimorphic action=maybe_recompile pc=0x0000000002b8b6d0 method=java.io.BufferedInputStream.read([BII)I @ 101
Event: 7.866 Thread 0x0000000002542000 Uncommon trap: reason=unstable_if action=reinterpret pc=0x00000000028721bc method=java.lang.ref.Reference.tryHandlePending(Z)Z @ 104
Event: 7.884 Thread 0x00000000174ae800 Uncommon trap: reason=unstable_if action=reinterpret pc=0x0000000002b6e96c method=java.lang.String.regionMatches(ZILjava/lang/String;II)Z @ 41
Event: 8.410 Thread 0x00000000174ae800 Uncommon trap: reason=unstable_if action=reinterpret pc=0x00000000027226fc method=jdk.internal.org.objectweb.asm.Type.getArgumentsAndReturnSizes(Ljava/lang/String;)I @ 88
Event: 8.895 Thread 0x00000000174ae800 Uncommon trap: reason=unstable_if action=reinterpret pc=0x0000000002db0cc0 method=org.objectweb.asm.ByteVector.putShort(I)Lorg/objectweb/asm/ByteVector; @ 13

Classes redefined (0 events):
No events

Internal exceptions (10 events):
Event: 8.745 Thread 0x00000000174ae800 Exception <a 'java/lang/ClassNotFoundException': org/gradle/api/internal/project/AbstractPluginAwareBeanInfo> (0x00000000f8a25cc0) thrown at [C:\src\AOSP-openjdk-git\hotspot\src\share\vm\classfile\systemDictionary.cpp, line 210]
Event: 8.746 Thread 0x00000000174ae800 Exception <a 'java/lang/ClassNotFoundException': org/gradle/api/internal/project/AbstractPluginAwareCustomizer> (0x00000000f8a577f0) thrown at [C:\src\AOSP-openjdk-git\hotspot\src\share\vm\classfile\systemDictionary.cpp, line 210]
Event: 8.748 Thread 0x00000000174ae800 Exception <a 'java/lang/ClassNotFoundException': org/gradle/invocation/DefaultGradleCustomizer> (0x00000000f8a8a4f0) thrown at [C:\src\AOSP-openjdk-git\hotspot\src\share\vm\classfile\systemDictionary.cpp, line 210]
Event: 8.752 Thread 0x00000000174ae800 Exception <a 'java/lang/ClassNotFoundException': org/gradle/invocation/DefaultGradle_DecoratedCustomizer> (0x00000000f8affbd0) thrown at [C:\src\AOSP-openjdk-git\hotspot\src\share\vm\classfile\systemDictionary.cpp, line 210]
Event: 8.803 Thread 0x00000000174ae800 Exception <a 'java/lang/ClassNotFoundException': ijinit1_3mpdqsu3cdxsq8fj8r5p9cb1nBeanInfo> (0x00000000f8c95088) thrown at [C:\src\AOSP-openjdk-git\hotspot\src\share\vm\classfile\systemDictionary.cpp, line 210]
Event: 8.803 Thread 0x00000000174ae800 Exception <a 'java/lang/ClassNotFoundException': ijinit1_3mpdqsu3cdxsq8fj8r5p9cb1nCustomizer> (0x00000000f8ca1c98) thrown at [C:\src\AOSP-openjdk-git\hotspot\src\share\vm\classfile\systemDictionary.cpp, line 210]
Event: 8.927 Thread 0x00000000174ae800 Exception <a 'java/lang/ClassNotFoundException': ijinit1_3mpdqsu3cdxsq8fj8r5p9cb1nBeanInfo> (0x00000000f903ecc8) thrown at [C:\src\AOSP-openjdk-git\hotspot\src\share\vm\classfile\systemDictionary.cpp, line 210]
Event: 8.927 Thread 0x00000000174ae800 Exception <a 'java/lang/ClassNotFoundException': ijinit1_3mpdqsu3cdxsq8fj8r5p9cb1nCustomizer> (0x00000000f904b840) thrown at [C:\src\AOSP-openjdk-git\hotspot\src\share\vm\classfile\systemDictionary.cpp, line 210]
Event: 8.950 Thread 0x00000000174ae800 Exception <a 'java/lang/ClassNotFoundException': org/gradle/api/internal/plugins/DefaultObjectConfigurationActionBeanInfo> (0x00000000f910cb60) thrown at [C:\src\AOSP-openjdk-git\hotspot\src\share\vm\classfile\systemDictionary.cpp, line 210]
Event: 8.952 Thread 0x00000000174ae800 Exception <a 'java/lang/ClassNotFoundException': org/gradle/api/internal/plugins/DefaultObjectConfigurationActionCustomizer> (0x00000000f91459b8) thrown at [C:\src\AOSP-openjdk-git\hotspot\src\share\vm\classfile\systemDictionary.cpp, line 210]

Events (10 events):
Event: 8.955 loading class org/gradle/model/internal/inspect/ModelRuleSourceDetector$3
Event: 8.955 loading class org/gradle/model/internal/inspect/ModelRuleSourceDetector$3 done
Event: 8.956 loading class com/google/common/collect/Iterables$5
Event: 8.956 loading class com/google/common/collect/Iterables$5 done
Event: 8.956 loading class com/google/common/base/Predicates
Event: 8.956 loading class com/google/common/base/Predicates done
Event: 8.958 loading class com/google/common/base/Predicates$ObjectPredicate
Event: 8.958 loading class com/google/common/base/Predicates$ObjectPredicate done
Event: 8.959 loading class com/google/common/base/Predicates$ObjectPredicate$1
Event: 8.959 loading class com/google/common/base/Predicates$ObjectPredicate$1 done


Dynamic libraries:
0x00007ff6aadb0000 - 0x00007ff6aade1000 	D:\astd\jre\bin\java.exe
0x00007ff8535b0000 - 0x00007ff8537a5000 	C:\WINDOWS\SYSTEM32\ntdll.dll
0x00007ff81cb40000 - 0x00007ff81cb53000 	C:\Program Files\AVAST Software\Avast\aswhook.dll
0x00007ff851640000 - 0x00007ff8516fd000 	C:\WINDOWS\System32\KERNEL32.DLL
0x00007ff851210000 - 0x00007ff8514d8000 	C:\WINDOWS\System32\KERNELBASE.dll
0x00007ff8534c0000 - 0x00007ff85356c000 	C:\WINDOWS\System32\ADVAPI32.dll
0x00007ff852de0000 - 0x00007ff852e7e000 	C:\WINDOWS\System32\msvcrt.dll
0x00007ff8531e0000 - 0x00007ff85327b000 	C:\WINDOWS\System32\sechost.dll
0x00007ff851b30000 - 0x00007ff851c5b000 	C:\WINDOWS\System32\RPCRT4.dll
0x00007ff851d20000 - 0x00007ff851ec0000 	C:\WINDOWS\System32\USER32.dll
0x00007ff8514e0000 - 0x00007ff851502000 	C:\WINDOWS\System32\win32u.dll
0x00007ff851610000 - 0x00007ff85163a000 	C:\WINDOWS\System32\GDI32.dll
0x00007ff851100000 - 0x00007ff85120b000 	C:\WINDOWS\System32\gdi32full.dll
0x00007ff851570000 - 0x00007ff85160d000 	C:\WINDOWS\System32\msvcp_win.dll
0x00007ff850cf0000 - 0x00007ff850df0000 	C:\WINDOWS\System32\ucrtbase.dll
0x00007ff81ef70000 - 0x00007ff81f20a000 	C:\WINDOWS\WinSxS\amd64_microsoft.windows.common-controls_6595b64144ccf1df_6.0.19041.844_none_ca00b6081b84eb1d\COMCTL32.dll
0x00007ff851a30000 - 0x00007ff851a60000 	C:\WINDOWS\System32\IMM32.DLL
0x0000000060b40000 - 0x0000000060c12000 	D:\astd\jre\jre\bin\msvcr100.dll
0x0000000060c20000 - 0x000000006146b000 	D:\astd\jre\jre\bin\server\jvm.dll
0x00007ff851c60000 - 0x00007ff851c68000 	C:\WINDOWS\System32\PSAPI.DLL
0x00007ff84c810000 - 0x00007ff84c81a000 	C:\WINDOWS\SYSTEM32\VERSION.dll
0x00007ff842a60000 - 0x00007ff842a69000 	C:\WINDOWS\SYSTEM32\WSOCK32.dll
0x00007ff828a70000 - 0x00007ff828a97000 	C:\WINDOWS\SYSTEM32\WINMM.dll
0x00007ff852430000 - 0x00007ff85249b000 	C:\WINDOWS\System32\WS2_32.dll
0x00007ff84b830000 - 0x00007ff84b83f000 	D:\astd\jre\jre\bin\verify.dll
0x00007ff836670000 - 0x00007ff836699000 	D:\astd\jre\jre\bin\java.dll
0x00007ff849330000 - 0x00007ff849346000 	D:\astd\jre\jre\bin\zip.dll
0x00007ff8524a0000 - 0x00007ff852be2000 	C:\WINDOWS\System32\SHELL32.dll
0x00007ff84ee30000 - 0x00007ff84f5c1000 	C:\WINDOWS\SYSTEM32\windows.storage.dll
0x00007ff852e80000 - 0x00007ff8531d5000 	C:\WINDOWS\System32\combase.dll
0x00007ff8506f0000 - 0x00007ff85071c000 	C:\WINDOWS\SYSTEM32\Wldp.dll
0x00007ff851c70000 - 0x00007ff851d1e000 	C:\WINDOWS\System32\SHCORE.dll
0x00007ff851ad0000 - 0x00007ff851b25000 	C:\WINDOWS\System32\shlwapi.dll
0x00007ff850c30000 - 0x00007ff850c4f000 	C:\WINDOWS\SYSTEM32\profapi.dll
0x00007ff83ebb0000 - 0x00007ff83ebca000 	D:\astd\jre\jre\bin\net.dll
0x00007ff850460000 - 0x00007ff8504ca000 	C:\WINDOWS\system32\mswsock.dll
0x00007ff837270000 - 0x00007ff837283000 	D:\astd\jre\jre\bin\nio.dll
0x00007ff837300000 - 0x00007ff837327000 	C:\Users\Abdullah\.gradle\native\c976cfcca226fdd4bee4412e95191dd41148b7504f9625baeda1d523bc39a967\windows-amd64\native-platform.dll
0x00007ff84b6b0000 - 0x00007ff84b6bd000 	D:\astd\jre\jre\bin\management.dll
0x00007ff850630000 - 0x00007ff850648000 	C:\WINDOWS\SYSTEM32\CRYPTSP.dll
0x00007ff84fda0000 - 0x00007ff84fdd4000 	C:\WINDOWS\system32\rsaenh.dll
0x00007ff8510d0000 - 0x00007ff8510f7000 	C:\WINDOWS\System32\bcrypt.dll
0x00007ff850bb0000 - 0x00007ff850bde000 	C:\WINDOWS\SYSTEM32\USERENV.dll
0x00007ff850fa0000 - 0x00007ff851020000 	C:\WINDOWS\System32\bcryptprimitives.dll
0x00007ff850650000 - 0x00007ff85065c000 	C:\WINDOWS\SYSTEM32\CRYPTBASE.dll
0x00007ff8500f0000 - 0x00007ff85012b000 	C:\WINDOWS\SYSTEM32\IPHLPAPI.DLL
0x00007ff851ac0000 - 0x00007ff851ac8000 	C:\WINDOWS\System32\NSI.dll
0x00007ff84a9a0000 - 0x00007ff84a9b7000 	C:\WINDOWS\SYSTEM32\dhcpcsvc6.DLL
0x00007ff84a700000 - 0x00007ff84a71d000 	C:\WINDOWS\SYSTEM32\dhcpcsvc.DLL
0x00007ff850130000 - 0x00007ff8501fc000 	C:\WINDOWS\SYSTEM32\DNSAPI.dll

VM Arguments:
jvm_args: -XX:MaxMetaspaceSize=256m -XX:+HeapDumpOnOutOfMemoryError -Xms256m -Xmx512m -Dfile.encoding=windows-1252 -Duser.country=US -Duser.language=en -Duser.variant 
java_command: org.gradle.launcher.daemon.bootstrap.GradleDaemon 6.3
java_class_path (initial): C:\Users\Abdullah\.gradle\wrapper\dists\gradle-6.3-bin\8tpu6egwsccjzp10c1jckl0rx\gradle-6.3\lib\gradle-launcher-6.3.jar
Launcher Type: SUN_STANDARD

Environment Variables:
JAVA_HOME=C:\Program Files\Java\jdk-15.0.2
PATH=C:\Program Files\Common Files\Oracle\Java\javapath;C:\ProgramData\Oracle\Java\javapath;C:\WINDOWS\system32;C:\WINDOWS;C:\WINDOWS\System32\Wbem;C:\WINDOWS\System32\WindowsPowerShell\v1.0\;E:\Program Files\MATLAB\MATLAB Production Server\R2015a\runtime\win64;E:\Program Files\MATLAB\MATLAB Production Server\R2015a\bin;C:\Program Files\MATLAB\MATLAB Production Server\R2015a\runtime\win64;C:\Program Files\MATLAB\MATLAB Production Server\R2015a\bin;C:\Program Files\MATLAB\MATLAB Production Server\R2015a\polyspace\bin;C:\WINDOWS\System32\OpenSSH\;E:\Program Files\MATLAB\MATLAB Production Server\R2015a\polyspace\bin;C:\Program Files\Git\cmd;C:\Program Files\Microsoft SQL Server\130\Tools\Binn\;C:\Program Files\Microsoft SQL Server\Client SDK\ODBC\170\Tools\Binn\;C:\Program Files\dotnet\;C:\Program Files\nodejs\;C:\Program Files\Microsoft SQL Server\Client SDK\ODBC\110\Tools\Binn\;C:\Program Files (x86)\Microsoft SQL Server\120\Tools\Binn\;C:\Program Files\Microsoft SQL Server\120\Tools\Binn\;C:\Program Files\Microsoft SQL Server\120\DTS\Binn\;C:\Program Files (x86)\Microsoft SQL Server\120\Tools\Binn\ManagementStudio\;C:\Program Files (x86)\Microsoft SQL Server\120\DTS\Binn\;D:\OpenSSL-Win64\bin;D:\Tesseract-OCR;C:\Program Files\Java\jdk-15.0.2\bin;C:\Users\Abdullah\AppData\Local\Microsoft\WindowsApps;C:\Users\Abdullah\AppData\Local\Programs\Microsoft VS Code\bin;C:\Users\Abdullah\AppData\Roaming\npm;C:\Program Files\heroku\bin;C:\Users\Abdullah\AppData\Local\Programs\Python\Python38-32\Scripts;C:\Users\Abdullah\AppData\Local\Programs\Python\Python38-32;C:\Program Files\MongoDB\Server\4.4\bin;C:\Users\Abdullah\AppData\Local\Android\Sdk\platform-tools;C:\Users\Abdullah\AppData\Local\Android\Sdk\tools
USERNAME=Abdullah
OS=Windows_NT
PROCESSOR_IDENTIFIER=Intel64 Family 6 Model 78 Stepping 3, GenuineIntel



---------------  S Y S T E M  ---------------

OS: Windows 10.0 , 64 bit Build 19041 (10.0.19041.928)

CPU:total 4 (initial active 4) (2 cores per cpu, 2 threads per core) family 6 model 78 stepping 3, cmov, cx8, fxsr, mmx, sse, sse2, sse3, ssse3, sse4.1, sse4.2, popcnt, avx, avx2, aes, clmul, erms, rtm, 3dnowpref, lzcnt, ht, tsc, tscinvbit, bmi1, bmi2, adx

Memory: 4k page, physical 4088416k(251140k free), swap 14105792k(6076k free)

vm_info: OpenJDK 64-Bit Server VM (25.242-b01) for windows-amd64 JRE (1.8.0_242-release-1644-b01), built by "builder" with MS VC++ 10.0 (VS2010)

time: Thu Apr 29 06:43:41 2021
timezone: Pakistan Standard Time
elapsed time: 8 seconds (0d 0h 0m 8s)

