#
# There is insufficient memory for the Java Runtime Environment to continue.
# Native memory allocation (mmap) failed to map 84934656 bytes for G1 virtual space
# Possible reasons:
#   The system is out of physical RAM or swap space
#   The process is running with CompressedOops enabled, and the Java Heap may be blocking the growth of the native heap
# Possible solutions:
#   Reduce memory load on the system
#   Increase physical memory or swap space
#   Check if swap backing store is full
#   Decrease Java heap size (-Xmx/-Xms)
#   Decrease number of Java threads
#   Decrease Java thread stack sizes (-Xss)
#   Set larger code cache with -XX:ReservedCodeCacheSize=
#   JVM is running with Unscaled Compressed Oops mode in which the Java heap is
#     placed in the first 4GB address space. The Java Heap base address is the
#     maximum limit for the native heap growth. Please use -XX:HeapBaseMinAddress
#     to set the Java Heap base and to place the Java Heap above 4GB virtual address.
# This output file may be truncated or incomplete.
#
#  Out of Memory Error (./open/src/hotspot/os/windows/os_windows.cpp:3321), pid=7044, tid=7872
#
# JRE version: Java(TM) SE Runtime Environment (15.0.2+7) (build 15.0.2+7-27)
# Java VM: Java HotSpot(TM) 64-Bit Server VM (15.0.2+7-27, mixed mode, sharing, tiered, compressed oops, g1 gc, windows-amd64)
# No core dump will be written. Minidumps are not enabled by default on client versions of Windows
#

---------------  S U M M A R Y ------------

Command Line: --add-opens=java.base/java.util=ALL-UNNAMED --add-opens=java.base/java.lang=ALL-UNNAMED --add-opens=java.base/java.lang.invoke=ALL-UNNAMED --add-opens=java.prefs/java.util.prefs=ALL-UNNAMED -XX:MaxMetaspaceSize=256m -XX:+HeapDumpOnOutOfMemoryError -Xms256m -Xmx512m -Dfile.encoding=windows-1252 -Duser.country=US -Duser.language=en -Duser.variant org.gradle.launcher.daemon.bootstrap.GradleDaemon 6.3

Host: Intel(R) Core(TM) i5-6300U CPU @ 2.40GHz, 4 cores, 3G,  Windows 10 , 64 bit Build 19041 (10.0.19041.804)
Time: Sun Apr 11 20:26:38 2021 Pakistan Standard Time elapsed time: 9570.990404 seconds (0d 2h 39m 30s)

---------------  T H R E A D  ---------------

Current thread (0x0000013320faafc0):  VMThread "VM Thread" [stack: 0x0000000100c00000,0x0000000100d00000] [id=7872]

Stack: [0x0000000100c00000,0x0000000100d00000]
[error occurred during error reporting (printing stack bounds), id 0xc0000005, EXCEPTION_ACCESS_VIOLATION (0xc0000005) at pc=0x000001330e7f10ad]

Native frames: (J=compiled Java code, j=interpreted, Vv=VM code, C=native code)
V  [jvm.dll+0x62ae9a]
V  [jvm.dll+0x7817a9]
V  [jvm.dll+0x782f03]
V  [jvm.dll+0x7834c5]
V  [jvm.dll+0x78347b]
V  [jvm.dll+0x62a2b9]
V  [jvm.dll+0x62aa88]
C  [ntdll.dll+0xa1f6f]
C  [ntdll.dll+0x51454]
C  [ntdll.dll+0xa0a9e]
C  0x000001330e7f10ad

VM_Operation (0x00000001008ff1e0): G1Concurrent, mode: safepoint, requested by thread 0x00000133065e9b60


---------------  P R O C E S S  ---------------

Threads class SMR info:
_java_thread_list=0x00000133297cbfd0, length=45, elements={
0x00000133065c01f0, 0x0000013320fb39d0, 0x0000013320fb41b0, 0x0000013320fcfde0,
0x0000013320fd03b0, 0x0000013320fd2a80, 0x0000013320fe5070, 0x0000013320fefc20,
0x0000013321004880, 0x0000013321a3bf50, 0x0000013321a3ce70, 0x0000013322e005f0,
0x000001332303a340, 0x0000013323128310, 0x00000133232fa370, 0x00000133232fd390,
0x00000133232fa840, 0x00000133232fad10, 0x00000133226c6100, 0x00000133226c9ac0,
0x0000013322c8a720, 0x0000013322c8abf0, 0x0000013322c898b0, 0x0000013322c893e0,
0x0000013322c86890, 0x0000013322c89d80, 0x0000013322c86d60, 0x0000013322c8b0c0,
0x0000013322c8bf30, 0x0000013322c8a250, 0x0000013322c8b590, 0x0000013322c8ba60,
0x0000013322c8c400, 0x0000013322c8c8d0, 0x0000013322c85ef0, 0x0000013322c88a40,
0x0000013322c87700, 0x0000013322c8cda0, 0x0000013322c85550, 0x0000013322c880a0,
0x00000133232f99d0, 0x00000133232fc9f0, 0x00000133232fb6b0, 0x00000133232fc050,
0x00000133232fcec0
}

Java Threads: ( => current thread )
  0x00000133065c01f0 JavaThread "main" [_thread_blocked, id=3356, stack(0x0000000100600000,0x0000000100700000)]
  0x0000013320fb39d0 JavaThread "Reference Handler" daemon [_thread_blocked, id=3120, stack(0x0000000100d00000,0x0000000100e00000)]
  0x0000013320fb41b0 JavaThread "Finalizer" daemon [_thread_blocked, id=4008, stack(0x0000000100e00000,0x0000000100f00000)]
  0x0000013320fcfde0 JavaThread "Signal Dispatcher" daemon [_thread_blocked, id=68, stack(0x0000000100f00000,0x0000000101000000)]
  0x0000013320fd03b0 JavaThread "Attach Listener" daemon [_thread_blocked, id=16520, stack(0x0000000101000000,0x0000000101100000)]
  0x0000013320fd2a80 JavaThread "Service Thread" daemon [_thread_blocked, id=14692, stack(0x0000000101100000,0x0000000101200000)]
  0x0000013320fe5070 JavaThread "C2 CompilerThread0" daemon [_thread_blocked, id=15308, stack(0x0000000101200000,0x0000000101300000)]
  0x0000013320fefc20 JavaThread "C1 CompilerThread0" daemon [_thread_blocked, id=13924, stack(0x0000000101300000,0x0000000101400000)]
  0x0000013321004880 JavaThread "Sweeper thread" daemon [_thread_blocked, id=4852, stack(0x0000000101400000,0x0000000101500000)]
  0x0000013321a3bf50 JavaThread "Common-Cleaner" daemon [_thread_blocked, id=7360, stack(0x0000000101500000,0x0000000101600000)]
  0x0000013321a3ce70 JavaThread "Notification Thread" daemon [_thread_blocked, id=8604, stack(0x0000000101600000,0x0000000101700000)]
  0x0000013322e005f0 JavaThread "Daemon health stats" [_thread_blocked, id=5852, stack(0x0000000101b00000,0x0000000101c00000)]
  0x000001332303a340 JavaThread "Incoming local TCP Connector on port 64808" [_thread_in_native, id=12704, stack(0x0000000101c00000,0x0000000101d00000)]
  0x0000013323128310 JavaThread "Daemon periodic checks" [_thread_blocked, id=6368, stack(0x0000000101d00000,0x0000000101e00000)]
  0x00000133232fa370 JavaThread "Cache worker for journal cache (C:\Users\Abdullah\.gradle\caches\journal-1)" [_thread_blocked, id=9696, stack(0x0000000102500000,0x0000000102600000)]
  0x00000133232fd390 JavaThread "File lock request listener" [_thread_in_native, id=16720, stack(0x0000000102600000,0x0000000102700000)]
  0x00000133232fa840 JavaThread "Cache worker for file hash cache (C:\Users\Abdullah\.gradle\caches\6.3\fileHashes)" [_thread_blocked, id=14664, stack(0x0000000102700000,0x0000000102800000)]
  0x00000133232fad10 JavaThread "Cache worker for execution history cache (C:\Users\Abdullah\.gradle\caches\6.3\executionHistory)" [_thread_blocked, id=6260, stack(0x0000000102d00000,0x0000000102e00000)]
  0x00000133226c6100 JavaThread "Memory manager" [_thread_blocked, id=19176, stack(0x0000000103500000,0x0000000103600000)]
  0x00000133226c9ac0 JavaThread "Cache worker for file content cache (C:\Users\Abdullah\.gradle\caches\6.3\fileContent)" [_thread_blocked, id=14176, stack(0x0000000103600000,0x0000000103700000)]
  0x0000013322c8a720 JavaThread "Monitor" [_thread_in_native, id=7260, stack(0x0000000103f00000,0x0000000104000000)]
  0x0000013322c8abf0 JavaThread "Device List Monitor" [_thread_in_native, id=7336, stack(0x0000000104000000,0x0000000104100000)]
  0x0000013322c898b0 JavaThread "Java2D Disposer" daemon [_thread_blocked, id=13504, stack(0x0000000104200000,0x0000000104300000)]
  0x0000013322c893e0 JavaThread "AWT-Windows" daemon [_thread_in_native, id=8568, stack(0x0000000104400000,0x0000000104500000)]
  0x0000013322c86890 JavaThread "Daemon Thread 6" [_thread_blocked, id=15700, stack(0x0000000100400000,0x0000000100500000)]
  0x0000013322c89d80 JavaThread "Handler for socket connection from /127.0.0.1:64808 to /127.0.0.1:55204" [_thread_in_native, id=12264, stack(0x0000000100500000,0x0000000100600000)]
  0x0000013322c86d60 JavaThread "Cancel handler" [_thread_blocked, id=16140, stack(0x0000000101e00000,0x0000000101f00000)]
  0x0000013322c8b0c0 JavaThread "Daemon worker Thread 6" [_thread_blocked, id=15960, stack(0x0000000101f00000,0x0000000102000000)]
  0x0000013322c8bf30 JavaThread "Asynchronous log dispatcher for DefaultDaemonConnection: socket connection from /127.0.0.1:64808 to /127.0.0.1:55204" [_thread_blocked, id=17324, stack(0x0000000102000000,0x0000000102100000)]
  0x0000013322c8a250 JavaThread "Stdin handler" [_thread_blocked, id=4280, stack(0x0000000102100000,0x0000000102200000)]
  0x0000013322c8b590 JavaThread "Thread-109" [_thread_blocked, id=2772, stack(0x0000000102200000,0x0000000102300000)]
  0x0000013322c8ba60 JavaThread "Cache worker for checksums cache (C:\Users\Abdullah\Desktop\reactnative\AwesomeProject\android\.gradle\checksums)" [_thread_blocked, id=19076, stack(0x0000000102300000,0x0000000102400000)]
  0x0000013322c8c400 JavaThread "Cache worker for file hash cache (C:\Users\Abdullah\Desktop\reactnative\AwesomeProject\android\.gradle\6.3\fileHashes)" [_thread_blocked, id=8128, stack(0x0000000102400000,0x0000000102500000)]
  0x0000013322c8c8d0 JavaThread "Cache worker for cache directory md-supplier (C:\Users\Abdullah\.gradle\caches\6.3\md-supplier)" [_thread_blocked, id=18960, stack(0x0000000102800000,0x0000000102900000)]
  0x0000013322c85ef0 JavaThread "Cache worker for cache directory md-rule (C:\Users\Abdullah\.gradle\caches\6.3\md-rule)" [_thread_blocked, id=5392, stack(0x0000000102900000,0x0000000102a00000)]
  0x0000013322c88a40 JavaThread "Build operations" [_thread_blocked, id=14896, stack(0x0000000102b00000,0x0000000102c00000)]
  0x0000013322c87700 JavaThread "Build operations Thread 2" [_thread_blocked, id=12388, stack(0x0000000102c00000,0x0000000102d00000)]
  0x0000013322c8cda0 JavaThread "Build operations Thread 3" [_thread_blocked, id=16892, stack(0x0000000102e00000,0x0000000102f00000)]
  0x0000013322c85550 JavaThread "Build operations Thread 4" [_thread_blocked, id=7544, stack(0x0000000102f00000,0x0000000103000000)]
  0x0000013322c880a0 JavaThread "pool-5-thread-1" [_thread_blocked, id=9360, stack(0x0000000102a00000,0x0000000102b00000)]
  0x00000133232f99d0 JavaThread "Cache worker for Build Output Cleanup Cache (C:\Users\Abdullah\Desktop\reactnative\AwesomeProject\android\.gradle\buildOutputCleanup)" [_thread_blocked, id=11768, stack(0x0000000103000000,0x0000000103100000)]
  0x00000133232fc9f0 JavaThread "Cache worker for file content cache (C:\Users\Abdullah\Desktop\reactnative\AwesomeProject\android\.gradle\6.3\fileContent)" [_thread_blocked, id=7648, stack(0x0000000103100000,0x0000000103200000)]
  0x00000133232fb6b0 JavaThread "Execution worker for ':'" [_thread_blocked, id=18904, stack(0x0000000103300000,0x0000000103400000)]
  0x00000133232fc050 JavaThread "Execution worker for ':' Thread 2" [_thread_blocked, id=4044, stack(0x0000000103400000,0x0000000103500000)]
  0x00000133232fcec0 JavaThread "Execution worker for ':' Thread 3" [_thread_blocked, id=17564, stack(0x0000000103700000,0x0000000103800000)]

Other Threads:
=>0x0000013320faafc0 VMThread "VM Thread" [stack: 0x0000000100c00000,0x0000000100d00000] [id=7872]
  0x0000013321a61800 WatcherThread [stack: 0x0000000101700000,0x0000000101800000] [id=16012]
  0x00000133065e4a10 GCTaskThread "GC Thread#0" [stack: 0x0000000100700000,0x0000000100800000] [id=9800]
  0x0000013322230c20 GCTaskThread "GC Thread#1" [stack: 0x0000000101800000,0x0000000101900000] [id=12960]
  0x0000013322230290 GCTaskThread "GC Thread#2" [stack: 0x0000000101900000,0x0000000101a00000] [id=15380]
  0x000001332222ff60 GCTaskThread "GC Thread#3" [stack: 0x0000000101a00000,0x0000000101b00000] [id=10784]
  0x00000133065e9b60 ConcurrentGCThread "G1 Main Marker" [stack: 0x0000000100800000,0x0000000100900000] [id=18148]
  0x00000133065eaef0 ConcurrentGCThread "G1 Conc#0" [stack: 0x0000000100900000,0x0000000100a00000] [id=5544]
  0x000001330668dbe0 ConcurrentGCThread "G1 Refine#0" [stack: 0x0000000100a00000,0x0000000100b00000] [id=4848]
  0x0000013324c0eb80 ConcurrentGCThread "G1 Refine#1" [stack: 0x0000000103200000,0x0000000103300000] [id=16348]
  0x0000013326bd0c00 ConcurrentGCThread "G1 Refine#2" [stack: 0x0000000103800000,0x0000000103900000] [id=1736]
  0x0000013326bcd960 ConcurrentGCThread "G1 Refine#3" [stack: 0x0000000103900000,0x0000000103a00000] [id=5592]
  0x000001330668e3f0 ConcurrentGCThread "G1 Young RemSet Sampling" [stack: 0x0000000100b00000,0x0000000100c00000] [id=12564]

Threads with active compile tasks:

VM state: at safepoint (normal execution)

VM Mutex/Monitor currently owned by a thread:  ([mutex/lock_event])
[0x00000133065b9f40] Threads_lock - owner thread: 0x0000013320faafc0
[0x00000133065b9be0] Heap_lock - owner thread: 0x00000133065e9b60

Heap address: 0x00000000e0000000, size: 512 MB, Compressed Oops mode: 32-bit
CDS archive(s) mapped at: [0x0000000800000000-0x0000000800b50000-0x0000000800b50000), size 11862016, SharedBaseAddress: 0x0000000800000000, ArchiveRelocationMode: 0.
Compressed class space mapped at: 0x0000000800b50000-0x0000000810350000, size: 260046848
Narrow klass base: 0x0000000800000000, Narrow klass shift: 3, Narrow klass range: 0x100000000

GC Precious Log:
 CPUs: 4 total, 4 available
 Memory: 3992M
 Large Page Support: Disabled
 NUMA Support: Disabled
 Compressed Oops: Enabled (32-bit)
 Heap Region Size: 1M
 Heap Min Capacity: 256M
 Heap Initial Capacity: 256M
 Heap Max Capacity: 512M
 Pre-touch: Disabled
 Parallel Workers: 4
 Concurrent Workers: 1
 Concurrent Refinement Workers: 4
 Periodic GC: Disabled

Heap:
 garbage-first heap   total 414720K, used 247808K [0x00000000e0000000, 0x0000000100000000)
  region size 1024K, 57 young (58368K), 9 survivors (9216K)
 Metaspace       used 97004K, capacity 100900K, committed 101632K, reserved 342016K
  class space    used 12159K, capacity 13265K, committed 13568K, reserved 253952K

Heap Regions: E=young(eden), S=young(survivor), O=old, HS=humongous(starts), HC=humongous(continues), CS=collection set, F=free, OA=open archive, CA=closed archive, TAMS=top-at-mark-start (previous, next)
|   0|0x00000000e0000000, 0x00000000e0100000, 0x00000000e0100000|100%| O|  |TAMS 0x00000000e0100000, 0x00000000e0000000| Updating 
|   1|0x00000000e0100000, 0x00000000e0200000, 0x00000000e0200000|100%| O|  |TAMS 0x00000000e0200000, 0x00000000e0100000| Updating 
|   2|0x00000000e0200000, 0x00000000e0300000, 0x00000000e0300000|100%| O|  |TAMS 0x00000000e0300000, 0x00000000e0200000| Updating 
|   3|0x00000000e0300000, 0x00000000e0400000, 0x00000000e0400000|100%|HS|  |TAMS 0x00000000e0400000, 0x00000000e0300000| Complete 
|   4|0x00000000e0400000, 0x00000000e0500000, 0x00000000e0500000|100%|HC|  |TAMS 0x00000000e0500000, 0x00000000e0400000| Complete 
|   5|0x00000000e0500000, 0x00000000e0600000, 0x00000000e0600000|100%|HC|  |TAMS 0x00000000e0600000, 0x00000000e0500000| Complete 
|   6|0x00000000e0600000, 0x00000000e0700000, 0x00000000e0700000|100%| O|  |TAMS 0x00000000e0700000, 0x00000000e0600000| Updating 
|   7|0x00000000e0700000, 0x00000000e0800000, 0x00000000e0800000|100%| O|  |TAMS 0x00000000e0800000, 0x00000000e0700000| Updating 
|   8|0x00000000e0800000, 0x00000000e0900000, 0x00000000e0900000|100%| O|  |TAMS 0x00000000e0900000, 0x00000000e0800000| Updating 
|   9|0x00000000e0900000, 0x00000000e0a00000, 0x00000000e0a00000|100%| O|  |TAMS 0x00000000e0a00000, 0x00000000e0900000| Updating 
|  10|0x00000000e0a00000, 0x00000000e0b00000, 0x00000000e0b00000|100%| O|  |TAMS 0x00000000e0b00000, 0x00000000e0a00000| Updating 
|  11|0x00000000e0b00000, 0x00000000e0c00000, 0x00000000e0c00000|100%| O|  |TAMS 0x00000000e0c00000, 0x00000000e0b00000| Updating 
|  12|0x00000000e0c00000, 0x00000000e0d00000, 0x00000000e0d00000|100%|HS|  |TAMS 0x00000000e0d00000, 0x00000000e0c00000| Complete 
|  13|0x00000000e0d00000, 0x00000000e0e00000, 0x00000000e0e00000|100%|HC|  |TAMS 0x00000000e0e00000, 0x00000000e0d00000| Complete 
|  14|0x00000000e0e00000, 0x00000000e0f00000, 0x00000000e0f00000|100%| O|  |TAMS 0x00000000e0f00000, 0x00000000e0e00000| Updating 
|  15|0x00000000e0f00000, 0x00000000e1000000, 0x00000000e1000000|100%| O|  |TAMS 0x00000000e1000000, 0x00000000e0f00000| Updating 
|  16|0x00000000e1000000, 0x00000000e1100000, 0x00000000e1100000|100%| O|  |TAMS 0x00000000e1100000, 0x00000000e1000000| Updating 
|  17|0x00000000e1100000, 0x00000000e1200000, 0x00000000e1200000|100%| O|  |TAMS 0x00000000e1200000, 0x00000000e1100000| Updating 
|  18|0x00000000e1200000, 0x00000000e1300000, 0x00000000e1300000|100%| O|  |TAMS 0x00000000e1300000, 0x00000000e1200000| Updating 
|  19|0x00000000e1300000, 0x00000000e1400000, 0x00000000e1400000|100%| O|  |TAMS 0x00000000e1400000, 0x00000000e1300000| Updating 
|  20|0x00000000e1400000, 0x00000000e1500000, 0x00000000e1500000|100%| O|  |TAMS 0x00000000e1500000, 0x00000000e1400000| Updating 
|  21|0x00000000e1500000, 0x00000000e1600000, 0x00000000e1600000|100%| O|  |TAMS 0x00000000e1600000, 0x00000000e1500000| Updating 
|  22|0x00000000e1600000, 0x00000000e1700000, 0x00000000e1700000|100%| O|  |TAMS 0x00000000e1700000, 0x00000000e1600000| Updating 
|  23|0x00000000e1700000, 0x00000000e1800000, 0x00000000e1800000|100%| O|  |TAMS 0x00000000e1800000, 0x00000000e1700000| Updating 
|  24|0x00000000e1800000, 0x00000000e1900000, 0x00000000e1900000|100%| O|  |TAMS 0x00000000e1900000, 0x00000000e1800000| Updating 
|  25|0x00000000e1900000, 0x00000000e1a00000, 0x00000000e1a00000|100%| O|  |TAMS 0x00000000e1a00000, 0x00000000e1900000| Updating 
|  26|0x00000000e1a00000, 0x00000000e1b00000, 0x00000000e1b00000|100%| O|  |TAMS 0x00000000e1b00000, 0x00000000e1a00000| Updating 
|  27|0x00000000e1b00000, 0x00000000e1c00000, 0x00000000e1c00000|100%| O|  |TAMS 0x00000000e1c00000, 0x00000000e1b00000| Updating 
|  28|0x00000000e1c00000, 0x00000000e1d00000, 0x00000000e1d00000|100%| O|  |TAMS 0x00000000e1d00000, 0x00000000e1c00000| Updating 
|  29|0x00000000e1d00000, 0x00000000e1e00000, 0x00000000e1e00000|100%| O|  |TAMS 0x00000000e1e00000, 0x00000000e1d00000| Updating 
|  30|0x00000000e1e00000, 0x00000000e1f00000, 0x00000000e1f00000|100%| O|  |TAMS 0x00000000e1f00000, 0x00000000e1e00000| Updating 
|  31|0x00000000e1f00000, 0x00000000e2000000, 0x00000000e2000000|100%| O|  |TAMS 0x00000000e2000000, 0x00000000e1f00000| Updating 
|  32|0x00000000e2000000, 0x00000000e2100000, 0x00000000e2100000|100%| O|  |TAMS 0x00000000e2100000, 0x00000000e2000000| Updating 
|  33|0x00000000e2100000, 0x00000000e2200000, 0x00000000e2200000|100%| O|  |TAMS 0x00000000e2200000, 0x00000000e2100000| Updating 
|  34|0x00000000e2200000, 0x00000000e2300000, 0x00000000e2300000|100%| O|  |TAMS 0x00000000e2300000, 0x00000000e2200000| Updating 
|  35|0x00000000e2300000, 0x00000000e2400000, 0x00000000e2400000|100%| O|  |TAMS 0x00000000e2400000, 0x00000000e2300000| Updating 
|  36|0x00000000e2400000, 0x00000000e2500000, 0x00000000e2500000|100%| O|  |TAMS 0x00000000e2500000, 0x00000000e2400000| Updating 
|  37|0x00000000e2500000, 0x00000000e2600000, 0x00000000e2600000|100%| O|  |TAMS 0x00000000e2600000, 0x00000000e2500000| Updating 
|  38|0x00000000e2600000, 0x00000000e2600000, 0x00000000e2700000|  0%| F|  |TAMS 0x00000000e2600000, 0x00000000e2600000| Untracked 
|  39|0x00000000e2700000, 0x00000000e2700000, 0x00000000e2800000|  0%| F|  |TAMS 0x00000000e2700000, 0x00000000e2700000| Untracked 
|  40|0x00000000e2800000, 0x00000000e2900000, 0x00000000e2900000|100%| O|  |TAMS 0x00000000e2900000, 0x00000000e2800000| Updating 
|  41|0x00000000e2900000, 0x00000000e2a00000, 0x00000000e2a00000|100%| O|  |TAMS 0x00000000e2a00000, 0x00000000e2900000| Updating 
|  42|0x00000000e2a00000, 0x00000000e2b00000, 0x00000000e2b00000|100%| O|  |TAMS 0x00000000e2b00000, 0x00000000e2a00000| Updating 
|  43|0x00000000e2b00000, 0x00000000e2c00000, 0x00000000e2c00000|100%| O|  |TAMS 0x00000000e2c00000, 0x00000000e2b00000| Updating 
|  44|0x00000000e2c00000, 0x00000000e2d00000, 0x00000000e2d00000|100%| O|  |TAMS 0x00000000e2d00000, 0x00000000e2c00000| Updating 
|  45|0x00000000e2d00000, 0x00000000e2e00000, 0x00000000e2e00000|100%| O|  |TAMS 0x00000000e2e00000, 0x00000000e2d00000| Updating 
|  46|0x00000000e2e00000, 0x00000000e2f00000, 0x00000000e2f00000|100%| O|  |TAMS 0x00000000e2f00000, 0x00000000e2e00000| Updating 
|  47|0x00000000e2f00000, 0x00000000e3000000, 0x00000000e3000000|100%| O|  |TAMS 0x00000000e3000000, 0x00000000e2f00000| Updating 
|  48|0x00000000e3000000, 0x00000000e3100000, 0x00000000e3100000|100%| O|  |TAMS 0x00000000e3100000, 0x00000000e3000000| Updating 
|  49|0x00000000e3100000, 0x00000000e3200000, 0x00000000e3200000|100%| O|  |TAMS 0x00000000e3200000, 0x00000000e3100000| Updating 
|  50|0x00000000e3200000, 0x00000000e3300000, 0x00000000e3300000|100%| O|  |TAMS 0x00000000e3300000, 0x00000000e3200000| Updating 
|  51|0x00000000e3300000, 0x00000000e3400000, 0x00000000e3400000|100%| O|  |TAMS 0x00000000e3400000, 0x00000000e3300000| Updating 
|  52|0x00000000e3400000, 0x00000000e3500000, 0x00000000e3500000|100%| O|  |TAMS 0x00000000e3500000, 0x00000000e3400000| Updating 
|  53|0x00000000e3500000, 0x00000000e3600000, 0x00000000e3600000|100%| O|  |TAMS 0x00000000e3600000, 0x00000000e3500000| Updating 
|  54|0x00000000e3600000, 0x00000000e3700000, 0x00000000e3700000|100%| O|  |TAMS 0x00000000e3700000, 0x00000000e3600000| Updating 
|  55|0x00000000e3700000, 0x00000000e3800000, 0x00000000e3800000|100%| O|  |TAMS 0x00000000e3800000, 0x00000000e3700000| Updating 
|  56|0x00000000e3800000, 0x00000000e3900000, 0x00000000e3900000|100%| O|  |TAMS 0x00000000e3900000, 0x00000000e3800000| Updating 
|  57|0x00000000e3900000, 0x00000000e3a00000, 0x00000000e3a00000|100%| O|  |TAMS 0x00000000e3a00000, 0x00000000e3900000| Updating 
|  58|0x00000000e3a00000, 0x00000000e3b00000, 0x00000000e3b00000|100%| O|  |TAMS 0x00000000e3b00000, 0x00000000e3a00000| Updating 
|  59|0x00000000e3b00000, 0x00000000e3b00000, 0x00000000e3c00000|  0%| F|  |TAMS 0x00000000e3b00000, 0x00000000e3b00000| Untracked 
|  60|0x00000000e3c00000, 0x00000000e3d00000, 0x00000000e3d00000|100%| O|  |TAMS 0x00000000e3d00000, 0x00000000e3c00000| Updating 
|  61|0x00000000e3d00000, 0x00000000e3d00000, 0x00000000e3e00000|  0%| F|  |TAMS 0x00000000e3d00000, 0x00000000e3d00000| Untracked 
|  62|0x00000000e3e00000, 0x00000000e3f00000, 0x00000000e3f00000|100%| O|  |TAMS 0x00000000e3f00000, 0x00000000e3e00000| Updating 
|  63|0x00000000e3f00000, 0x00000000e4000000, 0x00000000e4000000|100%| O|  |TAMS 0x00000000e4000000, 0x00000000e3f00000| Updating 
|  64|0x00000000e4000000, 0x00000000e4100000, 0x00000000e4100000|100%| O|  |TAMS 0x00000000e4100000, 0x00000000e4000000| Updating 
|  65|0x00000000e4100000, 0x00000000e4200000, 0x00000000e4200000|100%| O|  |TAMS 0x00000000e4200000, 0x00000000e4100000| Updating 
|  66|0x00000000e4200000, 0x00000000e4300000, 0x00000000e4300000|100%| O|  |TAMS 0x00000000e4300000, 0x00000000e4200000| Updating 
|  67|0x00000000e4300000, 0x00000000e4300000, 0x00000000e4400000|  0%| F|  |TAMS 0x00000000e4300000, 0x00000000e4300000| Untracked 
|  68|0x00000000e4400000, 0x00000000e4500000, 0x00000000e4500000|100%| O|  |TAMS 0x00000000e4500000, 0x00000000e4400000| Updating 
|  69|0x00000000e4500000, 0x00000000e4600000, 0x00000000e4600000|100%| O|  |TAMS 0x00000000e4600000, 0x00000000e4500000| Updating 
|  70|0x00000000e4600000, 0x00000000e4700000, 0x00000000e4700000|100%| O|  |TAMS 0x00000000e4700000, 0x00000000e4600000| Updating 
|  71|0x00000000e4700000, 0x00000000e4800000, 0x00000000e4800000|100%| O|  |TAMS 0x00000000e4800000, 0x00000000e4700000| Updating 
|  72|0x00000000e4800000, 0x00000000e4900000, 0x00000000e4900000|100%| O|  |TAMS 0x00000000e4900000, 0x00000000e4800000| Updating 
|  73|0x00000000e4900000, 0x00000000e4900000, 0x00000000e4a00000|  0%| F|  |TAMS 0x00000000e4900000, 0x00000000e4900000| Untracked 
|  74|0x00000000e4a00000, 0x00000000e4a00000, 0x00000000e4b00000|  0%| F|  |TAMS 0x00000000e4a00000, 0x00000000e4a00000| Untracked 
|  75|0x00000000e4b00000, 0x00000000e4c00000, 0x00000000e4c00000|100%| O|  |TAMS 0x00000000e4c00000, 0x00000000e4b00000| Updating 
|  76|0x00000000e4c00000, 0x00000000e4d00000, 0x00000000e4d00000|100%| O|  |TAMS 0x00000000e4d00000, 0x00000000e4c00000| Updating 
|  77|0x00000000e4d00000, 0x00000000e4e00000, 0x00000000e4e00000|100%| O|  |TAMS 0x00000000e4e00000, 0x00000000e4d00000| Updating 
|  78|0x00000000e4e00000, 0x00000000e4f00000, 0x00000000e4f00000|100%| O|  |TAMS 0x00000000e4f00000, 0x00000000e4e00000| Updating 
|  79|0x00000000e4f00000, 0x00000000e5000000, 0x00000000e5000000|100%| O|  |TAMS 0x00000000e5000000, 0x00000000e4f00000| Updating 
|  80|0x00000000e5000000, 0x00000000e5100000, 0x00000000e5100000|100%| O|  |TAMS 0x00000000e5100000, 0x00000000e5000000| Updating 
|  81|0x00000000e5100000, 0x00000000e5200000, 0x00000000e5200000|100%| O|  |TAMS 0x00000000e5200000, 0x00000000e5100000| Updating 
|  82|0x00000000e5200000, 0x00000000e5300000, 0x00000000e5300000|100%| O|  |TAMS 0x00000000e5300000, 0x00000000e5200000| Updating 
|  83|0x00000000e5300000, 0x00000000e5400000, 0x00000000e5400000|100%| O|  |TAMS 0x00000000e5400000, 0x00000000e5300000| Updating 
|  84|0x00000000e5400000, 0x00000000e5500000, 0x00000000e5500000|100%| O|  |TAMS 0x00000000e5500000, 0x00000000e5400000| Updating 
|  85|0x00000000e5500000, 0x00000000e5500000, 0x00000000e5600000|  0%| F|  |TAMS 0x00000000e5500000, 0x00000000e5500000| Untracked 
|  86|0x00000000e5600000, 0x00000000e5600000, 0x00000000e5700000|  0%| F|  |TAMS 0x00000000e5600000, 0x00000000e5600000| Untracked 
|  87|0x00000000e5700000, 0x00000000e5800000, 0x00000000e5800000|100%| O|  |TAMS 0x00000000e5800000, 0x00000000e5700000| Updating 
|  88|0x00000000e5800000, 0x00000000e5900000, 0x00000000e5900000|100%| O|  |TAMS 0x00000000e5900000, 0x00000000e5800000| Updating 
|  89|0x00000000e5900000, 0x00000000e5a00000, 0x00000000e5a00000|100%| O|  |TAMS 0x00000000e5a00000, 0x00000000e5900000| Updating 
|  90|0x00000000e5a00000, 0x00000000e5b00000, 0x00000000e5b00000|100%| O|  |TAMS 0x00000000e5b00000, 0x00000000e5a00000| Updating 
|  91|0x00000000e5b00000, 0x00000000e5b00000, 0x00000000e5c00000|  0%| F|  |TAMS 0x00000000e5b00000, 0x00000000e5b00000| Untracked 
|  92|0x00000000e5c00000, 0x00000000e5d00000, 0x00000000e5d00000|100%| O|  |TAMS 0x00000000e5d00000, 0x00000000e5c00000| Updating 
|  93|0x00000000e5d00000, 0x00000000e5e00000, 0x00000000e5e00000|100%| O|  |TAMS 0x00000000e5e00000, 0x00000000e5d00000| Updating 
|  94|0x00000000e5e00000, 0x00000000e5f00000, 0x00000000e5f00000|100%| O|  |TAMS 0x00000000e5f00000, 0x00000000e5e00000| Updating 
|  95|0x00000000e5f00000, 0x00000000e6000000, 0x00000000e6000000|100%| O|  |TAMS 0x00000000e6000000, 0x00000000e5f00000| Updating 
|  96|0x00000000e6000000, 0x00000000e6100000, 0x00000000e6100000|100%| O|  |TAMS 0x00000000e6100000, 0x00000000e6000000| Updating 
|  97|0x00000000e6100000, 0x00000000e6200000, 0x00000000e6200000|100%| O|  |TAMS 0x00000000e6200000, 0x00000000e6100000| Updating 
|  98|0x00000000e6200000, 0x00000000e6300000, 0x00000000e6300000|100%| O|  |TAMS 0x00000000e6300000, 0x00000000e6200000| Updating 
|  99|0x00000000e6300000, 0x00000000e6400000, 0x00000000e6400000|100%| O|  |TAMS 0x00000000e6400000, 0x00000000e6300000| Updating 
| 100|0x00000000e6400000, 0x00000000e6500000, 0x00000000e6500000|100%| O|  |TAMS 0x00000000e6500000, 0x00000000e6400000| Updating 
| 101|0x00000000e6500000, 0x00000000e6500000, 0x00000000e6600000|  0%| F|  |TAMS 0x00000000e6500000, 0x00000000e6500000| Untracked 
| 102|0x00000000e6600000, 0x00000000e6600000, 0x00000000e6700000|  0%| F|  |TAMS 0x00000000e6600000, 0x00000000e6600000| Untracked 
| 103|0x00000000e6700000, 0x00000000e6700000, 0x00000000e6800000|  0%| F|  |TAMS 0x00000000e6700000, 0x00000000e6700000| Untracked 
| 104|0x00000000e6800000, 0x00000000e6900000, 0x00000000e6900000|100%| O|  |TAMS 0x00000000e6900000, 0x00000000e6800000| Updating 
| 105|0x00000000e6900000, 0x00000000e6900000, 0x00000000e6a00000|  0%| F|  |TAMS 0x00000000e6900000, 0x00000000e6900000| Untracked 
| 106|0x00000000e6a00000, 0x00000000e6a00000, 0x00000000e6b00000|  0%| F|  |TAMS 0x00000000e6a00000, 0x00000000e6a00000| Untracked 
| 107|0x00000000e6b00000, 0x00000000e6b00000, 0x00000000e6c00000|  0%| F|  |TAMS 0x00000000e6b00000, 0x00000000e6b00000| Untracked 
| 108|0x00000000e6c00000, 0x00000000e6c00000, 0x00000000e6d00000|  0%| F|  |TAMS 0x00000000e6c00000, 0x00000000e6c00000| Untracked 
| 109|0x00000000e6d00000, 0x00000000e6d00000, 0x00000000e6e00000|  0%| F|  |TAMS 0x00000000e6d00000, 0x00000000e6d00000| Untracked 
| 110|0x00000000e6e00000, 0x00000000e6e00000, 0x00000000e6f00000|  0%| F|  |TAMS 0x00000000e6e00000, 0x00000000e6e00000| Untracked 
| 111|0x00000000e6f00000, 0x00000000e7000000, 0x00000000e7000000|100%| O|  |TAMS 0x00000000e7000000, 0x00000000e6f00000| Updating 
| 112|0x00000000e7000000, 0x00000000e7100000, 0x00000000e7100000|100%| O|  |TAMS 0x00000000e7100000, 0x00000000e7000000| Updating 
| 113|0x00000000e7100000, 0x00000000e7200000, 0x00000000e7200000|100%| O|  |TAMS 0x00000000e7200000, 0x00000000e7100000| Updating 
| 114|0x00000000e7200000, 0x00000000e7200000, 0x00000000e7300000|  0%| F|  |TAMS 0x00000000e7200000, 0x00000000e7200000| Untracked 
| 115|0x00000000e7300000, 0x00000000e7400000, 0x00000000e7400000|100%| O|  |TAMS 0x00000000e7400000, 0x00000000e7300000| Updating 
| 116|0x00000000e7400000, 0x00000000e7400000, 0x00000000e7500000|  0%| F|  |TAMS 0x00000000e7400000, 0x00000000e7400000| Untracked 
| 117|0x00000000e7500000, 0x00000000e7600000, 0x00000000e7600000|100%| O|  |TAMS 0x00000000e7600000, 0x00000000e7500000| Updating 
| 118|0x00000000e7600000, 0x00000000e7700000, 0x00000000e7700000|100%| O|  |TAMS 0x00000000e7700000, 0x00000000e7600000| Updating 
| 119|0x00000000e7700000, 0x00000000e7800000, 0x00000000e7800000|100%| O|  |TAMS 0x00000000e7800000, 0x00000000e7700000| Updating 
| 120|0x00000000e7800000, 0x00000000e7900000, 0x00000000e7900000|100%| O|  |TAMS 0x00000000e7900000, 0x00000000e7800000| Updating 
| 121|0x00000000e7900000, 0x00000000e7a00000, 0x00000000e7a00000|100%| O|  |TAMS 0x00000000e7a00000, 0x00000000e7900000| Updating 
| 122|0x00000000e7a00000, 0x00000000e7b00000, 0x00000000e7b00000|100%| O|  |TAMS 0x00000000e7b00000, 0x00000000e7a00000| Updating 
| 123|0x00000000e7b00000, 0x00000000e7c00000, 0x00000000e7c00000|100%| O|  |TAMS 0x00000000e7c00000, 0x00000000e7b00000| Updating 
| 124|0x00000000e7c00000, 0x00000000e7c00000, 0x00000000e7d00000|  0%| F|  |TAMS 0x00000000e7c00000, 0x00000000e7c00000| Untracked 
| 125|0x00000000e7d00000, 0x00000000e7e00000, 0x00000000e7e00000|100%| O|  |TAMS 0x00000000e7e00000, 0x00000000e7d00000| Updating 
| 126|0x00000000e7e00000, 0x00000000e7f00000, 0x00000000e7f00000|100%| O|  |TAMS 0x00000000e7f00000, 0x00000000e7e00000| Updating 
| 127|0x00000000e7f00000, 0x00000000e8000000, 0x00000000e8000000|100%| O|  |TAMS 0x00000000e8000000, 0x00000000e7f00000| Updating 
| 128|0x00000000e8000000, 0x00000000e8100000, 0x00000000e8100000|100%| O|  |TAMS 0x00000000e8100000, 0x00000000e8000000| Updating 
| 129|0x00000000e8100000, 0x00000000e8200000, 0x00000000e8200000|100%| O|  |TAMS 0x00000000e8200000, 0x00000000e8100000| Updating 
| 130|0x00000000e8200000, 0x00000000e8300000, 0x00000000e8300000|100%| O|  |TAMS 0x00000000e8300000, 0x00000000e8200000| Updating 
| 131|0x00000000e8300000, 0x00000000e8400000, 0x00000000e8400000|100%| O|  |TAMS 0x00000000e8400000, 0x00000000e8300000| Updating 
| 132|0x00000000e8400000, 0x00000000e8500000, 0x00000000e8500000|100%| O|  |TAMS 0x00000000e8500000, 0x00000000e8400000| Updating 
| 133|0x00000000e8500000, 0x00000000e8600000, 0x00000000e8600000|100%| O|  |TAMS 0x00000000e8600000, 0x00000000e8500000| Updating 
| 134|0x00000000e8600000, 0x00000000e8700000, 0x00000000e8700000|100%| O|  |TAMS 0x00000000e8700000, 0x00000000e8600000| Updating 
| 135|0x00000000e8700000, 0x00000000e8800000, 0x00000000e8800000|100%| O|  |TAMS 0x00000000e8800000, 0x00000000e8700000| Updating 
| 136|0x00000000e8800000, 0x00000000e8900000, 0x00000000e8900000|100%| O|  |TAMS 0x00000000e8900000, 0x00000000e8800000| Updating 
| 137|0x00000000e8900000, 0x00000000e8a00000, 0x00000000e8a00000|100%| O|  |TAMS 0x00000000e8a00000, 0x00000000e8900000| Updating 
| 138|0x00000000e8a00000, 0x00000000e8b00000, 0x00000000e8b00000|100%| O|  |TAMS 0x00000000e8b00000, 0x00000000e8a00000| Updating 
| 139|0x00000000e8b00000, 0x00000000e8c00000, 0x00000000e8c00000|100%| O|  |TAMS 0x00000000e8c00000, 0x00000000e8b00000| Updating 
| 140|0x00000000e8c00000, 0x00000000e8d00000, 0x00000000e8d00000|100%| O|  |TAMS 0x00000000e8d00000, 0x00000000e8c00000| Updating 
| 141|0x00000000e8d00000, 0x00000000e8e00000, 0x00000000e8e00000|100%| O|  |TAMS 0x00000000e8e00000, 0x00000000e8d00000| Updating 
| 142|0x00000000e8e00000, 0x00000000e8f00000, 0x00000000e8f00000|100%| O|  |TAMS 0x00000000e8f00000, 0x00000000e8e00000| Updating 
| 143|0x00000000e8f00000, 0x00000000e9000000, 0x00000000e9000000|100%| O|  |TAMS 0x00000000e9000000, 0x00000000e8f00000| Updating 
| 144|0x00000000e9000000, 0x00000000e9100000, 0x00000000e9100000|100%| O|  |TAMS 0x00000000e9100000, 0x00000000e9000000| Updating 
| 145|0x00000000e9100000, 0x00000000e9200000, 0x00000000e9200000|100%| O|  |TAMS 0x00000000e9200000, 0x00000000e9100000| Updating 
| 146|0x00000000e9200000, 0x00000000e9300000, 0x00000000e9300000|100%| O|  |TAMS 0x00000000e9300000, 0x00000000e9200000| Updating 
| 147|0x00000000e9300000, 0x00000000e9400000, 0x00000000e9400000|100%| O|  |TAMS 0x00000000e9400000, 0x00000000e9300000| Updating 
| 148|0x00000000e9400000, 0x00000000e9500000, 0x00000000e9500000|100%| O|  |TAMS 0x00000000e9500000, 0x00000000e9400000| Updating 
| 149|0x00000000e9500000, 0x00000000e9600000, 0x00000000e9600000|100%| O|  |TAMS 0x00000000e9600000, 0x00000000e9500000| Updating 
| 150|0x00000000e9600000, 0x00000000e9700000, 0x00000000e9700000|100%| O|  |TAMS 0x00000000e9700000, 0x00000000e9600000| Updating 
| 151|0x00000000e9700000, 0x00000000e9800000, 0x00000000e9800000|100%| O|  |TAMS 0x00000000e9800000, 0x00000000e9700000| Updating 
| 152|0x00000000e9800000, 0x00000000e9900000, 0x00000000e9900000|100%| O|  |TAMS 0x00000000e9900000, 0x00000000e9800000| Updating 
| 153|0x00000000e9900000, 0x00000000e9a00000, 0x00000000e9a00000|100%| O|  |TAMS 0x00000000e9a00000, 0x00000000e9900000| Updating 
| 154|0x00000000e9a00000, 0x00000000e9b00000, 0x00000000e9b00000|100%| O|  |TAMS 0x00000000e9b00000, 0x00000000e9a00000| Updating 
| 155|0x00000000e9b00000, 0x00000000e9c00000, 0x00000000e9c00000|100%| O|  |TAMS 0x00000000e9c00000, 0x00000000e9b00000| Updating 
| 156|0x00000000e9c00000, 0x00000000e9d00000, 0x00000000e9d00000|100%| O|  |TAMS 0x00000000e9d00000, 0x00000000e9c00000| Updating 
| 157|0x00000000e9d00000, 0x00000000e9e00000, 0x00000000e9e00000|100%| O|  |TAMS 0x00000000e9e00000, 0x00000000e9d00000| Updating 
| 158|0x00000000e9e00000, 0x00000000e9f00000, 0x00000000e9f00000|100%| O|  |TAMS 0x00000000e9f00000, 0x00000000e9e00000| Updating 
| 159|0x00000000e9f00000, 0x00000000ea000000, 0x00000000ea000000|100%| O|  |TAMS 0x00000000ea000000, 0x00000000e9f00000| Updating 
| 160|0x00000000ea000000, 0x00000000ea100000, 0x00000000ea100000|100%| O|  |TAMS 0x00000000ea100000, 0x00000000ea000000| Updating 
| 161|0x00000000ea100000, 0x00000000ea200000, 0x00000000ea200000|100%| O|  |TAMS 0x00000000ea200000, 0x00000000ea100000| Updating 
| 162|0x00000000ea200000, 0x00000000ea300000, 0x00000000ea300000|100%| O|  |TAMS 0x00000000ea300000, 0x00000000ea200000| Updating 
| 163|0x00000000ea300000, 0x00000000ea400000, 0x00000000ea400000|100%| O|  |TAMS 0x00000000ea400000, 0x00000000ea300000| Updating 
| 164|0x00000000ea400000, 0x00000000ea500000, 0x00000000ea500000|100%| O|  |TAMS 0x00000000ea500000, 0x00000000ea400000| Updating 
| 165|0x00000000ea500000, 0x00000000ea500000, 0x00000000ea600000|  0%| F|  |TAMS 0x00000000ea500000, 0x00000000ea500000| Untracked 
| 166|0x00000000ea600000, 0x00000000ea600000, 0x00000000ea700000|  0%| F|  |TAMS 0x00000000ea600000, 0x00000000ea600000| Untracked 
| 167|0x00000000ea700000, 0x00000000ea800000, 0x00000000ea800000|100%| O|  |TAMS 0x00000000ea800000, 0x00000000ea700000| Updating 
| 168|0x00000000ea800000, 0x00000000ea900000, 0x00000000ea900000|100%| O|  |TAMS 0x00000000ea900000, 0x00000000ea800000| Updating 
| 169|0x00000000ea900000, 0x00000000eaa00000, 0x00000000eaa00000|100%| O|  |TAMS 0x00000000eaa00000, 0x00000000ea900000| Updating 
| 170|0x00000000eaa00000, 0x00000000eab00000, 0x00000000eab00000|100%| O|  |TAMS 0x00000000eab00000, 0x00000000eaa00000| Updating 
| 171|0x00000000eab00000, 0x00000000eac00000, 0x00000000eac00000|100%| O|  |TAMS 0x00000000eac00000, 0x00000000eab00000| Updating 
| 172|0x00000000eac00000, 0x00000000ead00000, 0x00000000ead00000|100%| O|  |TAMS 0x00000000ead00000, 0x00000000eac00000| Updating 
| 173|0x00000000ead00000, 0x00000000eae00000, 0x00000000eae00000|100%| O|  |TAMS 0x00000000eae00000, 0x00000000ead00000| Updating 
| 174|0x00000000eae00000, 0x00000000eaf00000, 0x00000000eaf00000|100%| O|  |TAMS 0x00000000eaf00000, 0x00000000eae00000| Updating 
| 175|0x00000000eaf00000, 0x00000000eb000000, 0x00000000eb000000|100%| O|  |TAMS 0x00000000eb000000, 0x00000000eaf00000| Updating 
| 176|0x00000000eb000000, 0x00000000eb100000, 0x00000000eb100000|100%| O|  |TAMS 0x00000000eb100000, 0x00000000eb000000| Updating 
| 177|0x00000000eb100000, 0x00000000eb200000, 0x00000000eb200000|100%| O|  |TAMS 0x00000000eb200000, 0x00000000eb100000| Updating 
| 178|0x00000000eb200000, 0x00000000eb300000, 0x00000000eb300000|100%| O|  |TAMS 0x00000000eb300000, 0x00000000eb200000| Updating 
| 179|0x00000000eb300000, 0x00000000eb400000, 0x00000000eb400000|100%| O|  |TAMS 0x00000000eb317800, 0x00000000eb300000| Untracked 
| 180|0x00000000eb400000, 0x00000000eb500000, 0x00000000eb500000|100%| O|  |TAMS 0x00000000eb400000, 0x00000000eb400000| Untracked 
| 181|0x00000000eb500000, 0x00000000eb600000, 0x00000000eb600000|100%| O|  |TAMS 0x00000000eb500000, 0x00000000eb500000| Untracked 
| 182|0x00000000eb600000, 0x00000000eb700000, 0x00000000eb700000|100%| O|  |TAMS 0x00000000eb600000, 0x00000000eb600000| Untracked 
| 183|0x00000000eb700000, 0x00000000eb800000, 0x00000000eb800000|100%| O|  |TAMS 0x00000000eb700000, 0x00000000eb700000| Untracked 
| 184|0x00000000eb800000, 0x00000000eb900000, 0x00000000eb900000|100%| O|  |TAMS 0x00000000eb800000, 0x00000000eb800000| Untracked 
| 185|0x00000000eb900000, 0x00000000eba00000, 0x00000000eba00000|100%| O|  |TAMS 0x00000000eb900000, 0x00000000eb900000| Untracked 
| 186|0x00000000eba00000, 0x00000000ebb00000, 0x00000000ebb00000|100%| O|  |TAMS 0x00000000eba00000, 0x00000000eba00000| Untracked 
| 187|0x00000000ebb00000, 0x00000000ebc00000, 0x00000000ebc00000|100%| O|  |TAMS 0x00000000ebb00000, 0x00000000ebb00000| Untracked 
| 188|0x00000000ebc00000, 0x00000000ebd00000, 0x00000000ebd00000|100%| O|  |TAMS 0x00000000ebc00000, 0x00000000ebc00000| Untracked 
| 189|0x00000000ebd00000, 0x00000000ebe00000, 0x00000000ebe00000|100%| O|  |TAMS 0x00000000ebe00000, 0x00000000ebd00000| Updating 
| 190|0x00000000ebe00000, 0x00000000ebf00000, 0x00000000ebf00000|100%| O|  |TAMS 0x00000000ebe00000, 0x00000000ebe00000| Untracked 
| 191|0x00000000ebf00000, 0x00000000ec000000, 0x00000000ec000000|100%| O|  |TAMS 0x00000000ebf00000, 0x00000000ebf00000| Untracked 
| 192|0x00000000ec000000, 0x00000000ec100000, 0x00000000ec100000|100%| O|  |TAMS 0x00000000ec000000, 0x00000000ec000000| Untracked 
| 193|0x00000000ec100000, 0x00000000ec200000, 0x00000000ec200000|100%| O|  |TAMS 0x00000000ec100000, 0x00000000ec100000| Untracked 
| 194|0x00000000ec200000, 0x00000000ec300000, 0x00000000ec300000|100%| O|  |TAMS 0x00000000ec200000, 0x00000000ec200000| Untracked 
| 195|0x00000000ec300000, 0x00000000ec400000, 0x00000000ec400000|100%| O|  |TAMS 0x00000000ec300000, 0x00000000ec300000| Untracked 
| 196|0x00000000ec400000, 0x00000000ec500000, 0x00000000ec500000|100%| O|  |TAMS 0x00000000ec400000, 0x00000000ec400000| Untracked 
| 197|0x00000000ec500000, 0x00000000ec600000, 0x00000000ec600000|100%| O|  |TAMS 0x00000000ec500000, 0x00000000ec500000| Untracked 
| 198|0x00000000ec600000, 0x00000000ec700000, 0x00000000ec700000|100%| O|  |TAMS 0x00000000ec600000, 0x00000000ec600000| Untracked 
| 199|0x00000000ec700000, 0x00000000ec800000, 0x00000000ec800000|100%| O|  |TAMS 0x00000000ec700000, 0x00000000ec700000| Untracked 
| 200|0x00000000ec800000, 0x00000000ec900000, 0x00000000ec900000|100%| O|  |TAMS 0x00000000ec800000, 0x00000000ec800000| Untracked 
| 201|0x00000000ec900000, 0x00000000eca00000, 0x00000000eca00000|100%| O|  |TAMS 0x00000000ec900000, 0x00000000ec900000| Untracked 
| 202|0x00000000eca00000, 0x00000000ecb00000, 0x00000000ecb00000|100%| O|  |TAMS 0x00000000eca00000, 0x00000000eca00000| Untracked 
| 203|0x00000000ecb00000, 0x00000000ecc00000, 0x00000000ecc00000|100%| O|  |TAMS 0x00000000ecb00000, 0x00000000ecb00000| Untracked 
| 204|0x00000000ecc00000, 0x00000000ecd00000, 0x00000000ecd00000|100%| O|  |TAMS 0x00000000ecc00000, 0x00000000ecc00000| Untracked 
| 205|0x00000000ecd00000, 0x00000000ece00000, 0x00000000ece00000|100%| O|  |TAMS 0x00000000ecd00000, 0x00000000ecd00000| Untracked 
| 206|0x00000000ece00000, 0x00000000ecf00000, 0x00000000ecf00000|100%| O|  |TAMS 0x00000000ece00000, 0x00000000ece00000| Untracked 
| 207|0x00000000ecf00000, 0x00000000ed000000, 0x00000000ed000000|100%| O|  |TAMS 0x00000000ecf00000, 0x00000000ecf00000| Untracked 
| 208|0x00000000ed000000, 0x00000000ed100000, 0x00000000ed100000|100%| O|  |TAMS 0x00000000ed000000, 0x00000000ed000000| Untracked 
| 209|0x00000000ed100000, 0x00000000ed200000, 0x00000000ed200000|100%| O|  |TAMS 0x00000000ed100000, 0x00000000ed100000| Untracked 
| 210|0x00000000ed200000, 0x00000000ed200000, 0x00000000ed300000|  0%| F|  |TAMS 0x00000000ed200000, 0x00000000ed200000| Untracked 
| 211|0x00000000ed300000, 0x00000000ed300000, 0x00000000ed400000|  0%| F|  |TAMS 0x00000000ed300000, 0x00000000ed300000| Untracked 
| 212|0x00000000ed400000, 0x00000000ed400000, 0x00000000ed500000|  0%| F|  |TAMS 0x00000000ed400000, 0x00000000ed400000| Untracked 
| 213|0x00000000ed500000, 0x00000000ed500000, 0x00000000ed600000|  0%| F|  |TAMS 0x00000000ed500000, 0x00000000ed500000| Untracked 
| 214|0x00000000ed600000, 0x00000000ed600000, 0x00000000ed700000|  0%| F|  |TAMS 0x00000000ed600000, 0x00000000ed600000| Untracked 
| 215|0x00000000ed700000, 0x00000000ed700000, 0x00000000ed800000|  0%| F|  |TAMS 0x00000000ed700000, 0x00000000ed700000| Untracked 
| 216|0x00000000ed800000, 0x00000000ed800000, 0x00000000ed900000|  0%| F|  |TAMS 0x00000000ed800000, 0x00000000ed800000| Untracked 
| 217|0x00000000ed900000, 0x00000000ed900000, 0x00000000eda00000|  0%| F|  |TAMS 0x00000000ed900000, 0x00000000ed900000| Untracked 
| 218|0x00000000eda00000, 0x00000000eda00000, 0x00000000edb00000|  0%| F|  |TAMS 0x00000000eda00000, 0x00000000eda00000| Untracked 
| 219|0x00000000edb00000, 0x00000000edb00000, 0x00000000edc00000|  0%| F|  |TAMS 0x00000000edb00000, 0x00000000edb00000| Untracked 
| 220|0x00000000edc00000, 0x00000000edc00000, 0x00000000edd00000|  0%| F|  |TAMS 0x00000000edc00000, 0x00000000edc00000| Untracked 
| 221|0x00000000edd00000, 0x00000000edd00000, 0x00000000ede00000|  0%| F|  |TAMS 0x00000000edd00000, 0x00000000edd00000| Untracked 
| 222|0x00000000ede00000, 0x00000000ede00000, 0x00000000edf00000|  0%| F|  |TAMS 0x00000000ede00000, 0x00000000ede00000| Untracked 
| 223|0x00000000edf00000, 0x00000000edf00000, 0x00000000ee000000|  0%| F|  |TAMS 0x00000000edf00000, 0x00000000edf00000| Untracked 
| 224|0x00000000ee000000, 0x00000000ee000000, 0x00000000ee100000|  0%| F|  |TAMS 0x00000000ee000000, 0x00000000ee000000| Untracked 
| 225|0x00000000ee100000, 0x00000000ee100000, 0x00000000ee200000|  0%| F|  |TAMS 0x00000000ee100000, 0x00000000ee100000| Untracked 
| 226|0x00000000ee200000, 0x00000000ee200000, 0x00000000ee300000|  0%| F|  |TAMS 0x00000000ee200000, 0x00000000ee200000| Untracked 
| 227|0x00000000ee300000, 0x00000000ee300000, 0x00000000ee400000|  0%| F|  |TAMS 0x00000000ee300000, 0x00000000ee300000| Untracked 
| 228|0x00000000ee400000, 0x00000000ee400000, 0x00000000ee500000|  0%| F|  |TAMS 0x00000000ee400000, 0x00000000ee400000| Untracked 
| 229|0x00000000ee500000, 0x00000000ee500000, 0x00000000ee600000|  0%| F|  |TAMS 0x00000000ee500000, 0x00000000ee500000| Untracked 
| 230|0x00000000ee600000, 0x00000000ee600000, 0x00000000ee700000|  0%| F|  |TAMS 0x00000000ee600000, 0x00000000ee600000| Untracked 
| 231|0x00000000ee700000, 0x00000000ee700000, 0x00000000ee800000|  0%| F|  |TAMS 0x00000000ee700000, 0x00000000ee700000| Untracked 
| 232|0x00000000ee800000, 0x00000000ee800000, 0x00000000ee900000|  0%| F|  |TAMS 0x00000000ee800000, 0x00000000ee800000| Untracked 
| 233|0x00000000ee900000, 0x00000000ee900000, 0x00000000eea00000|  0%| F|  |TAMS 0x00000000ee900000, 0x00000000ee900000| Untracked 
| 234|0x00000000eea00000, 0x00000000eea00000, 0x00000000eeb00000|  0%| F|  |TAMS 0x00000000eea00000, 0x00000000eea00000| Untracked 
| 235|0x00000000eeb00000, 0x00000000eeb00000, 0x00000000eec00000|  0%| F|  |TAMS 0x00000000eeb00000, 0x00000000eeb00000| Untracked 
| 236|0x00000000eec00000, 0x00000000eec00000, 0x00000000eed00000|  0%| F|  |TAMS 0x00000000eec00000, 0x00000000eec00000| Untracked 
| 237|0x00000000eed00000, 0x00000000eed00000, 0x00000000eee00000|  0%| F|  |TAMS 0x00000000eed00000, 0x00000000eed00000| Untracked 
| 238|0x00000000eee00000, 0x00000000eee00000, 0x00000000eef00000|  0%| F|  |TAMS 0x00000000eee00000, 0x00000000eee00000| Untracked 
| 239|0x00000000eef00000, 0x00000000eef00000, 0x00000000ef000000|  0%| F|  |TAMS 0x00000000eef00000, 0x00000000eef00000| Untracked 
| 240|0x00000000ef000000, 0x00000000ef000000, 0x00000000ef100000|  0%| F|  |TAMS 0x00000000ef000000, 0x00000000ef000000| Untracked 
| 241|0x00000000ef100000, 0x00000000ef100000, 0x00000000ef200000|  0%| F|  |TAMS 0x00000000ef100000, 0x00000000ef100000| Untracked 
| 242|0x00000000ef200000, 0x00000000ef200000, 0x00000000ef300000|  0%| F|  |TAMS 0x00000000ef200000, 0x00000000ef200000| Untracked 
| 243|0x00000000ef300000, 0x00000000ef300000, 0x00000000ef400000|  0%| F|  |TAMS 0x00000000ef300000, 0x00000000ef300000| Untracked 
| 244|0x00000000ef400000, 0x00000000ef400000, 0x00000000ef500000|  0%| F|  |TAMS 0x00000000ef400000, 0x00000000ef400000| Untracked 
| 245|0x00000000ef500000, 0x00000000ef500000, 0x00000000ef600000|  0%| F|  |TAMS 0x00000000ef500000, 0x00000000ef500000| Untracked 
| 246|0x00000000ef600000, 0x00000000ef600000, 0x00000000ef700000|  0%| F|  |TAMS 0x00000000ef600000, 0x00000000ef600000| Untracked 
| 247|0x00000000ef700000, 0x00000000ef700000, 0x00000000ef800000|  0%| F|  |TAMS 0x00000000ef700000, 0x00000000ef700000| Untracked 
| 248|0x00000000ef800000, 0x00000000ef800000, 0x00000000ef900000|  0%| F|  |TAMS 0x00000000ef800000, 0x00000000ef800000| Untracked 
| 249|0x00000000ef900000, 0x00000000ef900000, 0x00000000efa00000|  0%| F|  |TAMS 0x00000000ef900000, 0x00000000ef900000| Untracked 
| 250|0x00000000efa00000, 0x00000000efa00000, 0x00000000efb00000|  0%| F|  |TAMS 0x00000000efa00000, 0x00000000efa00000| Untracked 
| 251|0x00000000efb00000, 0x00000000efb00000, 0x00000000efc00000|  0%| F|  |TAMS 0x00000000efb00000, 0x00000000efb00000| Untracked 
| 252|0x00000000efc00000, 0x00000000efc00000, 0x00000000efd00000|  0%| F|  |TAMS 0x00000000efc00000, 0x00000000efc00000| Untracked 
| 253|0x00000000efd00000, 0x00000000efd00000, 0x00000000efe00000|  0%| F|  |TAMS 0x00000000efd00000, 0x00000000efd00000| Untracked 
| 254|0x00000000efe00000, 0x00000000efe00000, 0x00000000eff00000|  0%| F|  |TAMS 0x00000000efe00000, 0x00000000efe00000| Untracked 
| 255|0x00000000eff00000, 0x00000000f0000000, 0x00000000f0000000|100%| S|CS|TAMS 0x00000000eff00000, 0x00000000eff00000| Complete 
| 256|0x00000000f0000000, 0x00000000f0100000, 0x00000000f0100000|100%| S|CS|TAMS 0x00000000f0000000, 0x00000000f0000000| Complete 
| 257|0x00000000f0100000, 0x00000000f0200000, 0x00000000f0200000|100%| S|CS|TAMS 0x00000000f0100000, 0x00000000f0100000| Complete 
| 258|0x00000000f0200000, 0x00000000f0300000, 0x00000000f0300000|100%| S|CS|TAMS 0x00000000f0200000, 0x00000000f0200000| Complete 
| 259|0x00000000f0300000, 0x00000000f0400000, 0x00000000f0400000|100%| S|CS|TAMS 0x00000000f0300000, 0x00000000f0300000| Complete 
| 260|0x00000000f0400000, 0x00000000f0500000, 0x00000000f0500000|100%| S|CS|TAMS 0x00000000f0400000, 0x00000000f0400000| Complete 
| 261|0x00000000f0500000, 0x00000000f0600000, 0x00000000f0600000|100%| S|CS|TAMS 0x00000000f0500000, 0x00000000f0500000| Complete 
| 262|0x00000000f0600000, 0x00000000f0700000, 0x00000000f0700000|100%| S|CS|TAMS 0x00000000f0600000, 0x00000000f0600000| Complete 
| 263|0x00000000f0700000, 0x00000000f0800000, 0x00000000f0800000|100%| S|CS|TAMS 0x00000000f0700000, 0x00000000f0700000| Complete 
| 264|0x00000000f0800000, 0x00000000f0800000, 0x00000000f0900000|  0%| F|  |TAMS 0x00000000f0800000, 0x00000000f0800000| Untracked 
| 265|0x00000000f0900000, 0x00000000f0900000, 0x00000000f0a00000|  0%| F|  |TAMS 0x00000000f0900000, 0x00000000f0900000| Untracked 
| 266|0x00000000f0a00000, 0x00000000f0a00000, 0x00000000f0b00000|  0%| F|  |TAMS 0x00000000f0a00000, 0x00000000f0a00000| Untracked 
| 267|0x00000000f0b00000, 0x00000000f0b00000, 0x00000000f0c00000|  0%| F|  |TAMS 0x00000000f0b00000, 0x00000000f0b00000| Untracked 
| 268|0x00000000f0c00000, 0x00000000f0c00000, 0x00000000f0d00000|  0%| F|  |TAMS 0x00000000f0c00000, 0x00000000f0c00000| Untracked 
| 269|0x00000000f0d00000, 0x00000000f0d00000, 0x00000000f0e00000|  0%| F|  |TAMS 0x00000000f0d00000, 0x00000000f0d00000| Untracked 
| 270|0x00000000f0e00000, 0x00000000f0e00000, 0x00000000f0f00000|  0%| F|  |TAMS 0x00000000f0e00000, 0x00000000f0e00000| Untracked 
| 271|0x00000000f0f00000, 0x00000000f0f00000, 0x00000000f1000000|  0%| F|  |TAMS 0x00000000f0f00000, 0x00000000f0f00000| Untracked 
| 272|0x00000000f1000000, 0x00000000f1000000, 0x00000000f1100000|  0%| F|  |TAMS 0x00000000f1000000, 0x00000000f1000000| Untracked 
| 273|0x00000000f1100000, 0x00000000f1100000, 0x00000000f1200000|  0%| F|  |TAMS 0x00000000f1100000, 0x00000000f1100000| Untracked 
| 274|0x00000000f1200000, 0x00000000f1200000, 0x00000000f1300000|  0%| F|  |TAMS 0x00000000f1200000, 0x00000000f1200000| Untracked 
| 275|0x00000000f1300000, 0x00000000f1300000, 0x00000000f1400000|  0%| F|  |TAMS 0x00000000f1300000, 0x00000000f1300000| Untracked 
| 276|0x00000000f1400000, 0x00000000f1463d58, 0x00000000f1500000| 38%| E|  |TAMS 0x00000000f1400000, 0x00000000f1400000| Complete 
| 277|0x00000000f1500000, 0x00000000f1600000, 0x00000000f1600000|100%| E|CS|TAMS 0x00000000f1500000, 0x00000000f1500000| Complete 
| 278|0x00000000f1600000, 0x00000000f1700000, 0x00000000f1700000|100%| E|CS|TAMS 0x00000000f1600000, 0x00000000f1600000| Complete 
| 279|0x00000000f1700000, 0x00000000f1800000, 0x00000000f1800000|100%| E|CS|TAMS 0x00000000f1700000, 0x00000000f1700000| Complete 
| 280|0x00000000f1800000, 0x00000000f1900000, 0x00000000f1900000|100%| E|CS|TAMS 0x00000000f1800000, 0x00000000f1800000| Complete 
| 281|0x00000000f1900000, 0x00000000f1a00000, 0x00000000f1a00000|100%| E|CS|TAMS 0x00000000f1900000, 0x00000000f1900000| Complete 
| 282|0x00000000f1a00000, 0x00000000f1b00000, 0x00000000f1b00000|100%| E|CS|TAMS 0x00000000f1a00000, 0x00000000f1a00000| Complete 
| 283|0x00000000f1b00000, 0x00000000f1c00000, 0x00000000f1c00000|100%| E|CS|TAMS 0x00000000f1b00000, 0x00000000f1b00000| Complete 
| 284|0x00000000f1c00000, 0x00000000f1d00000, 0x00000000f1d00000|100%| E|CS|TAMS 0x00000000f1c00000, 0x00000000f1c00000| Complete 
| 285|0x00000000f1d00000, 0x00000000f1e00000, 0x00000000f1e00000|100%| E|CS|TAMS 0x00000000f1d00000, 0x00000000f1d00000| Complete 
| 286|0x00000000f1e00000, 0x00000000f1f00000, 0x00000000f1f00000|100%| E|CS|TAMS 0x00000000f1e00000, 0x00000000f1e00000| Complete 
| 287|0x00000000f1f00000, 0x00000000f2000000, 0x00000000f2000000|100%| E|CS|TAMS 0x00000000f1f00000, 0x00000000f1f00000| Complete 
| 288|0x00000000f2000000, 0x00000000f2100000, 0x00000000f2100000|100%| E|CS|TAMS 0x00000000f2000000, 0x00000000f2000000| Complete 
| 289|0x00000000f2100000, 0x00000000f2200000, 0x00000000f2200000|100%| E|CS|TAMS 0x00000000f2100000, 0x00000000f2100000| Complete 
| 290|0x00000000f2200000, 0x00000000f2300000, 0x00000000f2300000|100%| E|CS|TAMS 0x00000000f2200000, 0x00000000f2200000| Complete 
| 291|0x00000000f2300000, 0x00000000f2400000, 0x00000000f2400000|100%| E|CS|TAMS 0x00000000f2300000, 0x00000000f2300000| Complete 
| 292|0x00000000f2400000, 0x00000000f2500000, 0x00000000f2500000|100%| E|CS|TAMS 0x00000000f2400000, 0x00000000f2400000| Complete 
| 293|0x00000000f2500000, 0x00000000f2600000, 0x00000000f2600000|100%| E|CS|TAMS 0x00000000f2500000, 0x00000000f2500000| Complete 
| 294|0x00000000f2600000, 0x00000000f2700000, 0x00000000f2700000|100%| E|CS|TAMS 0x00000000f2600000, 0x00000000f2600000| Complete 
| 295|0x00000000f2700000, 0x00000000f2800000, 0x00000000f2800000|100%| E|CS|TAMS 0x00000000f2700000, 0x00000000f2700000| Complete 
| 296|0x00000000f2800000, 0x00000000f2900000, 0x00000000f2900000|100%| E|CS|TAMS 0x00000000f2800000, 0x00000000f2800000| Complete 
| 297|0x00000000f2900000, 0x00000000f2a00000, 0x00000000f2a00000|100%| E|CS|TAMS 0x00000000f2900000, 0x00000000f2900000| Complete 
| 298|0x00000000f2a00000, 0x00000000f2b00000, 0x00000000f2b00000|100%| E|CS|TAMS 0x00000000f2a00000, 0x00000000f2a00000| Complete 
| 299|0x00000000f2b00000, 0x00000000f2c00000, 0x00000000f2c00000|100%| E|CS|TAMS 0x00000000f2b00000, 0x00000000f2b00000| Complete 
| 300|0x00000000f2c00000, 0x00000000f2d00000, 0x00000000f2d00000|100%| E|CS|TAMS 0x00000000f2c00000, 0x00000000f2c00000| Complete 
| 301|0x00000000f2d00000, 0x00000000f2e00000, 0x00000000f2e00000|100%| E|CS|TAMS 0x00000000f2d00000, 0x00000000f2d00000| Complete 
| 302|0x00000000f2e00000, 0x00000000f2f00000, 0x00000000f2f00000|100%| E|CS|TAMS 0x00000000f2e00000, 0x00000000f2e00000| Complete 
| 303|0x00000000f2f00000, 0x00000000f3000000, 0x00000000f3000000|100%| E|CS|TAMS 0x00000000f2f00000, 0x00000000f2f00000| Complete 
| 304|0x00000000f3000000, 0x00000000f3100000, 0x00000000f3100000|100%| E|CS|TAMS 0x00000000f3000000, 0x00000000f3000000| Complete 
| 305|0x00000000f3100000, 0x00000000f3200000, 0x00000000f3200000|100%| E|CS|TAMS 0x00000000f3100000, 0x00000000f3100000| Complete 
| 306|0x00000000f3200000, 0x00000000f3300000, 0x00000000f3300000|100%| E|CS|TAMS 0x00000000f3200000, 0x00000000f3200000| Complete 
| 307|0x00000000f3300000, 0x00000000f3400000, 0x00000000f3400000|100%| E|CS|TAMS 0x00000000f3300000, 0x00000000f3300000| Complete 
| 308|0x00000000f3400000, 0x00000000f3500000, 0x00000000f3500000|100%| E|CS|TAMS 0x00000000f3400000, 0x00000000f3400000| Complete 
| 309|0x00000000f3500000, 0x00000000f3600000, 0x00000000f3600000|100%| E|CS|TAMS 0x00000000f3500000, 0x00000000f3500000| Complete 
| 310|0x00000000f3600000, 0x00000000f3700000, 0x00000000f3700000|100%| E|CS|TAMS 0x00000000f3600000, 0x00000000f3600000| Complete 
| 311|0x00000000f3700000, 0x00000000f3800000, 0x00000000f3800000|100%| E|CS|TAMS 0x00000000f3700000, 0x00000000f3700000| Complete 
| 312|0x00000000f3800000, 0x00000000f3900000, 0x00000000f3900000|100%| E|CS|TAMS 0x00000000f3800000, 0x00000000f3800000| Complete 
| 313|0x00000000f3900000, 0x00000000f3a00000, 0x00000000f3a00000|100%| E|CS|TAMS 0x00000000f3900000, 0x00000000f3900000| Complete 
| 314|0x00000000f3a00000, 0x00000000f3b00000, 0x00000000f3b00000|100%| E|CS|TAMS 0x00000000f3a00000, 0x00000000f3a00000| Complete 
| 315|0x00000000f3b00000, 0x00000000f3c00000, 0x00000000f3c00000|100%| E|CS|TAMS 0x00000000f3b00000, 0x00000000f3b00000| Complete 
| 316|0x00000000f3c00000, 0x00000000f3d00000, 0x00000000f3d00000|100%| E|CS|TAMS 0x00000000f3c00000, 0x00000000f3c00000| Complete 
| 317|0x00000000f3d00000, 0x00000000f3e00000, 0x00000000f3e00000|100%| E|CS|TAMS 0x00000000f3d00000, 0x00000000f3d00000| Complete 
| 318|0x00000000f3e00000, 0x00000000f3f00000, 0x00000000f3f00000|100%| E|CS|TAMS 0x00000000f3e00000, 0x00000000f3e00000| Complete 
| 319|0x00000000f3f00000, 0x00000000f4000000, 0x00000000f4000000|100%| E|CS|TAMS 0x00000000f3f00000, 0x00000000f3f00000| Complete 
| 320|0x00000000f4000000, 0x00000000f4100000, 0x00000000f4100000|100%| E|CS|TAMS 0x00000000f4000000, 0x00000000f4000000| Complete 
| 321|0x00000000f4100000, 0x00000000f4200000, 0x00000000f4200000|100%| E|CS|TAMS 0x00000000f4100000, 0x00000000f4100000| Complete 
| 322|0x00000000f4200000, 0x00000000f4300000, 0x00000000f4300000|100%| E|CS|TAMS 0x00000000f4200000, 0x00000000f4200000| Complete 
| 323|0x00000000f4300000, 0x00000000f4400000, 0x00000000f4400000|100%| E|CS|TAMS 0x00000000f4300000, 0x00000000f4300000| Complete 

Card table byte_map: [0x000001331d7f0000,0x000001331d8f0000] _byte_map_base: 0x000001331d0f0000

Marking Bits (Prev, Next): (CMBitMap*) 0x00000133065e5200, (CMBitMap*) 0x00000133065e5240
 Prev Bits: [0x000001331d9f0000, 0x000001331e1f0000)
 Next Bits: [0x000001331e1f0000, 0x000001331e9f0000)

Polling page: 0x0000013304560000

Metaspace:

Usage:
  Non-class:     85.58 MB capacity,    82.86 MB ( 97%) used,     2.54 MB (  3%) free+waste,   193.44 KB ( <1%) overhead. 
      Class:     12.95 MB capacity,    11.87 MB ( 92%) used,  1019.00 KB (  8%) free+waste,    86.88 KB ( <1%) overhead. 
       Both:     98.54 MB capacity,    94.73 MB ( 96%) used,     3.53 MB (  4%) free+waste,   280.31 KB ( <1%) overhead. 

Virtual space:
  Non-class space:       86.00 MB reserved,      86.00 MB (100%) committed 
      Class space:      248.00 MB reserved,      13.25 MB (  5%) committed 
             Both:      334.00 MB reserved,      99.25 MB ( 30%) committed 

Chunk freelists:
   Non-Class:  365.00 KB
       Class:  207.00 KB
        Both:  572.00 KB

MaxMetaspaceSize: 256.00 MB
CompressedClassSpaceSize: 248.00 MB

CodeHeap 'non-profiled nmethods': size=120000Kb used=14440Kb max_used=14440Kb free=105559Kb
 bounds [0x00000133162c0000, 0x00000133170e0000, 0x000001331d7f0000]
CodeHeap 'profiled nmethods': size=120000Kb used=30128Kb max_used=30128Kb free=89871Kb
 bounds [0x000001330ed90000, 0x0000013310b00000, 0x00000133162c0000]
CodeHeap 'non-nmethods': size=5760Kb used=2410Kb max_used=2561Kb free=3349Kb
 bounds [0x000001330e7f0000, 0x000001330ea90000, 0x000001330ed90000]
 total_blobs=17387 nmethods=16475 adapters=824
 compilation: enabled
              stopped_count=0, restarted_count=0
 full_count=0

Compilation events (20 events):
Event: 9570.525 Thread 0x0000013320fefc20 nmethod 20107% 0x0000013310aeff90 code [0x0000013310af0b40, 0x0000013310af9608]
Event: 9570.635 Thread 0x0000013320fe5070 nmethod 20047 0x00000133170cc110 code [0x00000133170cc500, 0x00000133170d1c28]
Event: 9570.636 Thread 0x0000013320fe5070 20087       4       java.util.ComparableTimSort::binarySort (223 bytes)
Event: 9570.669 Thread 0x0000013320fe5070 nmethod 20087 0x00000133170d4690 code [0x00000133170d4880, 0x00000133170d5af8]
Event: 9570.669 Thread 0x0000013320fe5070 20057       4       java.util.stream.ReferencePipeline::collect (124 bytes)
Event: 9570.677 Thread 0x0000013320fe5070 nmethod 20057 0x00000133170d6110 code [0x00000133170d62c0, 0x00000133170d6698]
Event: 9570.678 Thread 0x0000013320fe5070 20094       4       org.gradle.internal.instantiation.generator.AbstractClassGenerator::isPropertyProperty (33 bytes)
Event: 9570.680 Thread 0x0000013320fe5070 nmethod 20094 0x00000133170d6b10 code [0x00000133170d6ca0, 0x00000133170d6e78]
Event: 9570.680 Thread 0x0000013320fe5070 20071       4       org.gradle.api.internal.collections.DefaultPendingSource::removeByProvider (50 bytes)
Event: 9570.696 Thread 0x0000013320fe5070 nmethod 20071 0x00000133170d6f90 code [0x00000133170d7140, 0x00000133170d7778]
Event: 9570.696 Thread 0x0000013320fe5070 20106       4       com.google.common.collect.HashMultimap::containsKey (6 bytes)
Event: 9570.703 Thread 0x0000013320fe5070 nmethod 20106 0x00000133170d7f10 code [0x00000133170d80a0, 0x00000133170d83b8]
Event: 9570.703 Thread 0x0000013320fe5070 20056       4       com.google.common.collect.AbstractMapBasedMultimap$WrappedCollection$WrappedIterator::hasNext (14 bytes)
Event: 9570.718 Thread 0x0000013320fe5070 nmethod 20056 0x00000133170d8710 code [0x00000133170d88e0, 0x00000133170d9198]
Event: 9570.719 Thread 0x0000013320fe5070 20074       4       com.google.common.collect.AbstractMapBasedMultimap::<init> (19 bytes)
Event: 9570.721 Thread 0x0000013320fe5070 nmethod 20074 0x00000133170d9890 code [0x00000133170d9a20, 0x00000133170d9bf8]
Event: 9570.721 Thread 0x0000013320fe5070 20058       4       org.gradle.api.internal.tasks.properties.PropertyVisitor$Adapter::<init> (5 bytes)
Event: 9570.721 Thread 0x0000013320fe5070 nmethod 20058 0x00000133170d9d10 code [0x00000133170d9e80, 0x00000133170d9ed8]
Event: 9570.721 Thread 0x0000013320fe5070 20104       4       org.gradle.execution.plan.Node::isIncludeInGraph (26 bytes)
Event: 9570.722 Thread 0x0000013320fe5070 nmethod 20104 0x00000133170da010 code [0x00000133170da1a0, 0x00000133170da238]

GC Heap History (20 events):
Event: 1148.989 GC heap before
{Heap before GC invocations=39 (full 0):
 garbage-first heap   total 331776K, used 220160K [0x00000000e0000000, 0x0000000100000000)
  region size 1024K, 81 young (82944K), 9 survivors (9216K)
 Metaspace       used 80668K, capacity 83569K, committed 83712K, reserved 327680K
  class space    used 10002K, capacity 10918K, committed 11008K, reserved 253952K
}
Event: 1149.097 GC heap after
{Heap after GC invocations=40 (full 0):
 garbage-first heap   total 331776K, used 163328K [0x00000000e0000000, 0x0000000100000000)
  region size 1024K, 11 young (11264K), 11 survivors (11264K)
 Metaspace       used 80668K, capacity 83569K, committed 83712K, reserved 327680K
  class space    used 10002K, capacity 10918K, committed 11008K, reserved 253952K
}
Event: 1151.259 GC heap before
{Heap before GC invocations=40 (full 0):
 garbage-first heap   total 331776K, used 235008K [0x00000000e0000000, 0x0000000100000000)
  region size 1024K, 82 young (83968K), 11 survivors (11264K)
 Metaspace       used 80682K, capacity 83639K, committed 83968K, reserved 327680K
  class space    used 10003K, capacity 10919K, committed 11008K, reserved 253952K
}
Event: 1151.334 GC heap after
{Heap after GC invocations=41 (full 0):
 garbage-first heap   total 331776K, used 172032K [0x00000000e0000000, 0x0000000100000000)
  region size 1024K, 8 young (8192K), 8 survivors (8192K)
 Metaspace       used 80682K, capacity 83639K, committed 83968K, reserved 327680K
  class space    used 10003K, capacity 10919K, committed 11008K, reserved 253952K
}
Event: 1153.782 GC heap before
{Heap before GC invocations=41 (full 0):
 garbage-first heap   total 331776K, used 254976K [0x00000000e0000000, 0x0000000100000000)
  region size 1024K, 89 young (91136K), 8 survivors (8192K)
 Metaspace       used 80717K, capacity 83639K, committed 83968K, reserved 327680K
  class space    used 10003K, capacity 10919K, committed 11008K, reserved 253952K
}
Event: 1153.821 GC heap after
{Heap after GC invocations=42 (full 0):
 garbage-first heap   total 331776K, used 174080K [0x00000000e0000000, 0x0000000100000000)
  region size 1024K, 2 young (2048K), 2 survivors (2048K)
 Metaspace       used 80717K, capacity 83639K, committed 83968K, reserved 327680K
  class space    used 10003K, capacity 10919K, committed 11008K, reserved 253952K
}
Event: 1155.603 GC heap before
{Heap before GC invocations=42 (full 0):
 garbage-first heap   total 331776K, used 261120K [0x00000000e0000000, 0x0000000100000000)
  region size 1024K, 88 young (90112K), 2 survivors (2048K)
 Metaspace       used 80719K, capacity 83639K, committed 83968K, reserved 327680K
  class space    used 10004K, capacity 10919K, committed 11008K, reserved 253952K
}
Event: 1155.619 GC heap after
{Heap after GC invocations=43 (full 0):
 garbage-first heap   total 331776K, used 175257K [0x00000000e0000000, 0x0000000100000000)
  region size 1024K, 4 young (4096K), 4 survivors (4096K)
 Metaspace       used 80719K, capacity 83639K, committed 83968K, reserved 327680K
  class space    used 10004K, capacity 10919K, committed 11008K, reserved 253952K
}
Event: 3953.323 GC heap before
{Heap before GC invocations=43 (full 0):
 garbage-first heap   total 331776K, used 266393K [0x00000000e0000000, 0x0000000100000000)
  region size 1024K, 94 young (96256K), 4 survivors (4096K)
 Metaspace       used 80855K, capacity 83782K, committed 83968K, reserved 327680K
  class space    used 10005K, capacity 10922K, committed 11008K, reserved 253952K
}
Event: 3953.510 GC heap after
{Heap after GC invocations=44 (full 0):
 garbage-first heap   total 331776K, used 174375K [0x00000000e0000000, 0x0000000100000000)
  region size 1024K, 3 young (3072K), 3 survivors (3072K)
 Metaspace       used 80855K, capacity 83782K, committed 83968K, reserved 327680K
  class space    used 10005K, capacity 10922K, committed 11008K, reserved 253952K
}
Event: 9442.658 GC heap before
{Heap before GC invocations=44 (full 0):
 garbage-first heap   total 331776K, used 271655K [0x00000000e0000000, 0x0000000100000000)
  region size 1024K, 98 young (100352K), 3 survivors (3072K)
 Metaspace       used 80869K, capacity 83782K, committed 83968K, reserved 327680K
  class space    used 10005K, capacity 10922K, committed 11008K, reserved 253952K
}
Event: 9442.752 GC heap after
{Heap after GC invocations=45 (full 0):
 garbage-first heap   total 331776K, used 174547K [0x00000000e0000000, 0x0000000100000000)
  region size 1024K, 3 young (3072K), 3 survivors (3072K)
 Metaspace       used 80869K, capacity 83782K, committed 83968K, reserved 327680K
  class space    used 10005K, capacity 10922K, committed 11008K, reserved 253952K
}
Event: 9564.612 GC heap before
{Heap before GC invocations=45 (full 0):
 garbage-first heap   total 331776K, used 276947K [0x00000000e0000000, 0x0000000100000000)
  region size 1024K, 103 young (105472K), 3 survivors (3072K)
 Metaspace       used 89409K, capacity 92598K, committed 92672K, reserved 335872K
  class space    used 11043K, capacity 12000K, committed 12032K, reserved 253952K
}
Event: 9564.639 GC heap after
{Heap after GC invocations=46 (full 0):
 garbage-first heap   total 331776K, used 182729K [0x00000000e0000000, 0x0000000100000000)
  region size 1024K, 11 young (11264K), 11 survivors (11264K)
 Metaspace       used 89409K, capacity 92598K, committed 92672K, reserved 335872K
  class space    used 11043K, capacity 12000K, committed 12032K, reserved 253952K
}
Event: 9567.997 GC heap before
{Heap before GC invocations=46 (full 0):
 garbage-first heap   total 331776K, used 275913K [0x00000000e0000000, 0x0000000100000000)
  region size 1024K, 102 young (104448K), 11 survivors (11264K)
 Metaspace       used 95372K, capacity 99386K, committed 99584K, reserved 342016K
  class space    used 11980K, capacity 13220K, committed 13312K, reserved 253952K
}
Event: 9568.091 GC heap after
{Heap after GC invocations=47 (full 0):
 garbage-first heap   total 331776K, used 197726K [0x00000000e0000000, 0x0000000100000000)
  region size 1024K, 13 young (13312K), 13 survivors (13312K)
 Metaspace       used 95372K, capacity 99386K, committed 99584K, reserved 342016K
  class space    used 11980K, capacity 13220K, committed 13312K, reserved 253952K
}
Event: 9569.504 GC heap before
{Heap before GC invocations=47 (full 0):
 garbage-first heap   total 331776K, used 273502K [0x00000000e0000000, 0x0000000100000000)
  region size 1024K, 87 young (89088K), 13 survivors (13312K)
 Metaspace       used 96978K, capacity 101146K, committed 101248K, reserved 342016K
  class space    used 12191K, capacity 13419K, committed 13440K, reserved 253952K
}
Event: 9569.564 GC heap after
{Heap after GC invocations=48 (full 0):
 garbage-first heap   total 331776K, used 211968K [0x00000000e0000000, 0x0000000100000000)
  region size 1024K, 11 young (11264K), 11 survivors (11264K)
 Metaspace       used 96978K, capacity 101146K, committed 101248K, reserved 342016K
  class space    used 12191K, capacity 13419K, committed 13440K, reserved 253952K
}
Event: 9570.237 GC heap before
{Heap before GC invocations=48 (full 0):
 garbage-first heap   total 331776K, used 273408K [0x00000000e0000000, 0x0000000100000000)
  region size 1024K, 71 young (72704K), 11 survivors (11264K)
 Metaspace       used 97098K, capacity 101210K, committed 101248K, reserved 342016K
  class space    used 12209K, capacity 13419K, committed 13440K, reserved 253952K
}
Event: 9570.291 GC heap after
{Heap after GC invocations=49 (full 0):
 garbage-first heap   total 331776K, used 224256K [0x00000000e0000000, 0x0000000100000000)
  region size 1024K, 9 young (9216K), 9 survivors (9216K)
 Metaspace       used 97098K, capacity 101210K, committed 101248K, reserved 342016K
  class space    used 12209K, capacity 13419K, committed 13440K, reserved 253952K
}

Deoptimization events (20 events):
Event: 9570.326 Thread 0x0000013322c8b0c0 DEOPT PACKING pc=0x00000133169d01b8 sp=0x0000000101ffb640
Event: 9570.326 Thread 0x0000013322c8b0c0 DEOPT UNPACKING pc=0x000001330e83e42f sp=0x0000000101ffb608 mode 2
Event: 9570.346 Thread 0x0000013322c8b0c0 DEOPT PACKING pc=0x00000133100c29f9 sp=0x0000000101ffbdd0
Event: 9570.346 Thread 0x0000013322c8b0c0 DEOPT UNPACKING pc=0x000001330e83e23f sp=0x0000000101ffb338 mode 0
Event: 9570.363 Thread 0x0000013322c8b0c0 DEOPT PACKING pc=0x000001330fc03db2 sp=0x0000000101ffb1c0
Event: 9570.363 Thread 0x0000013322c8b0c0 DEOPT UNPACKING pc=0x000001330e83e23f sp=0x0000000101ffa668 mode 0
Event: 9570.432 Thread 0x0000013322c8b0c0 DEOPT PACKING pc=0x000001330fae721a sp=0x0000000101ffab20
Event: 9570.432 Thread 0x0000013322c8b0c0 DEOPT UNPACKING pc=0x000001330e83e23f sp=0x0000000101ff9fb8 mode 0
Event: 9570.484 Thread 0x0000013322c8b0c0 DEOPT PACKING pc=0x00000133101f167b sp=0x0000000101ffb9c0
Event: 9570.484 Thread 0x0000013322c8b0c0 DEOPT UNPACKING pc=0x000001330e83e23f sp=0x0000000101ffaef0 mode 0
Event: 9570.493 Thread 0x0000013322c8b0c0 DEOPT PACKING pc=0x00000133100ecb5e sp=0x0000000101ffbdb0
Event: 9570.493 Thread 0x0000013322c8b0c0 DEOPT UNPACKING pc=0x000001330e83e23f sp=0x0000000101ffb338 mode 0
Event: 9570.500 Thread 0x0000013322c8b0c0 DEOPT PACKING pc=0x000001331069f958 sp=0x0000000101ffc490
Event: 9570.500 Thread 0x0000013322c8b0c0 DEOPT UNPACKING pc=0x000001330e83e23f sp=0x0000000101ffba98 mode 0
Event: 9570.505 Thread 0x0000013322c8b0c0 DEOPT PACKING pc=0x000001331073bd5f sp=0x0000000101ffc460
Event: 9570.505 Thread 0x0000013322c8b0c0 DEOPT UNPACKING pc=0x000001330e83e23f sp=0x0000000101ffba90 mode 0
Event: 9570.510 Thread 0x0000013322c8b0c0 DEOPT PACKING pc=0x000001331068b365 sp=0x0000000101ffc400
Event: 9570.510 Thread 0x0000013322c8b0c0 DEOPT UNPACKING pc=0x000001330e83e23f sp=0x0000000101ffba98 mode 0
Event: 9570.513 Thread 0x0000013322c8b0c0 DEOPT PACKING pc=0x000001331073c662 sp=0x0000000101ffc460
Event: 9570.513 Thread 0x0000013322c8b0c0 DEOPT UNPACKING pc=0x000001330e83e23f sp=0x0000000101ffba98 mode 0

Classes unloaded (20 events):
Event: 9570.781 Thread 0x0000013320faafc0 Unloading class 0x0000000801463040 'jdk/internal/reflect/GeneratedMethodAccessor82'
Event: 9570.781 Thread 0x0000013320faafc0 Unloading class 0x0000000801427840 'com/android/build/gradle/internal/api/LibraryVariantImpl_Decorated$hasProperty'
Event: 9570.781 Thread 0x0000013320faafc0 Unloading class 0x000000080139f840 'jdk/internal/reflect/GeneratedMethodAccessor65'
Event: 9570.781 Thread 0x0000013320faafc0 Unloading class 0x000000080139c040 'jdk/internal/reflect/GeneratedMethodAccessor60'
Event: 9570.781 Thread 0x0000013320faafc0 Unloading class 0x000000080139b840 'jdk/internal/reflect/GeneratedMethodAccessor59'
Event: 9570.781 Thread 0x0000013320faafc0 Unloading class 0x000000080139b440 'jdk/internal/reflect/GeneratedMethodAccessor58'
Event: 9570.781 Thread 0x0000013320faafc0 Unloading class 0x000000080139b040 'jdk/internal/reflect/GeneratedMethodAccessor57'
Event: 9570.781 Thread 0x0000013320faafc0 Unloading class 0x000000080139ac40 'jdk/internal/reflect/GeneratedMethodAccessor56'
Event: 9570.781 Thread 0x0000013320faafc0 Unloading class 0x0000000801383040 'build_cku6gmv63jj8sxl9ruq3pqz9y$safeExtGet'
Event: 9570.781 Thread 0x0000013320faafc0 Unloading class 0x000000080136cc40 'jdk/internal/reflect/GeneratedMethodAccessor51'
Event: 9570.781 Thread 0x0000013320faafc0 Unloading class 0x000000080136f840 'io/invertase/gradle/common/Utilities$isGradleVersionLT'
Event: 9570.781 Thread 0x0000013320faafc0 Unloading class 0x0000000801355040 'io/invertase/gradle/common/PackageJson$getForProject'
Event: 9570.781 Thread 0x0000013320faafc0 Unloading class 0x0000000801353840 'io/invertase/gradle/common/WithExtensions$getName'
Event: 9570.781 Thread 0x0000013320faafc0 Unloading class 0x0000000801378040 'io/invertase/gradle/build/ProjectExtension$getOption$3'
Event: 9570.781 Thread 0x0000013320faafc0 Unloading class 0x0000000801368040 'io/invertase/gradle/build/ProjectExtension$getVersionsRoot$2'
Event: 9570.781 Thread 0x0000013320faafc0 Unloading class 0x0000000801356040 'io/invertase/gradle/build/ProjectExtension$getVersion$1'
Event: 9570.781 Thread 0x0000013320faafc0 Unloading class 0x0000000801352040 'io/invertase/gradle/build/ProjectExtension$setProject$0'
Event: 9570.781 Thread 0x0000013320faafc0 Unloading class 0x0000000801351840 'io/invertase/gradle/build/ProjectExtension$getSharedInstance'
Event: 9570.781 Thread 0x0000013320faafc0 Unloading class 0x0000000801308040 'com/android/build/gradle/internal/api/ApplicationVariantImpl_Decorated$hasProperty'
Event: 9570.781 Thread 0x0000013320faafc0 Unloading class 0x00000008012b1840 'com/android/build/gradle/api/BaseVariant$registerGeneratedResFolders'

Classes redefined (0 events):
No events

Internal exceptions (20 events):
Event: 9568.392 Thread 0x0000013322c8b0c0 Exception <a 'java/lang/ClassNotFoundException'{0x00000000f3c33510}: com/android/build/gradle/tasks/AndroidJavaCompile_DecoratedBeanInfo> (0x00000000f3c33510) 
thrown [./open/src/hotspot/share/classfile/systemDictionary.cpp, line 295]
Event: 9568.392 Thread 0x0000013322c8b0c0 Exception <a 'java/lang/ClassNotFoundException'{0x00000000f3c3fc30}: com/android/build/gradle/tasks/AndroidJavaCompileBeanInfo> (0x00000000f3c3fc30) 
thrown [./open/src/hotspot/share/classfile/systemDictionary.cpp, line 295]
Event: 9568.393 Thread 0x0000013322c8b0c0 Exception <a 'java/lang/ClassNotFoundException'{0x00000000f3c4b5e8}: com/android/build/gradle/tasks/AndroidJavaCompileCustomizer> (0x00000000f3c4b5e8) 
thrown [./open/src/hotspot/share/classfile/systemDictionary.cpp, line 295]
Event: 9568.397 Thread 0x0000013322c8b0c0 Exception <a 'java/lang/ClassNotFoundException'{0x00000000f3b8fb30}: com/android/build/gradle/tasks/AndroidJavaCompile_DecoratedCustomizer> (0x00000000f3b8fb30) 
thrown [./open/src/hotspot/share/classfile/systemDictionary.cpp, line 295]
Event: 9568.456 Thread 0x0000013322c8b0c0 Exception <a 'java/lang/ClassNotFoundException'{0x00000000f396f178}: build_1c949muoip6tg0gni6rrqdsxzBeanInfo> (0x00000000f396f178) 
thrown [./open/src/hotspot/share/classfile/systemDictionary.cpp, line 295]
Event: 9568.456 Thread 0x0000013322c8b0c0 Exception <a 'java/lang/ClassNotFoundException'{0x00000000f3975088}: build_1c949muoip6tg0gni6rrqdsxzCustomizer> (0x00000000f3975088) 
thrown [./open/src/hotspot/share/classfile/systemDictionary.cpp, line 295]
Event: 9568.470 Thread 0x0000013322c8b0c0 Exception <a 'java/lang/ClassNotFoundException'{0x00000000f385ae98}: build_1c949muoip6tg0gni6rrqdsxz$_run_closure1BeanInfo> (0x00000000f385ae98) 
thrown [./open/src/hotspot/share/classfile/systemDictionary.cpp, line 295]
Event: 9568.471 Thread 0x0000013322c8b0c0 Exception <a 'java/lang/ClassNotFoundException'{0x00000000f3862ef0}: build_1c949muoip6tg0gni6rrqdsxz$_run_closure1Customizer> (0x00000000f3862ef0) 
thrown [./open/src/hotspot/share/classfile/systemDictionary.cpp, line 295]
Event: 9568.519 Thread 0x0000013322c8b0c0 Exception <a 'java/lang/ClassNotFoundException'{0x00000000f366e408}: build_7i0aglutcgdzob9udi193gt3nBeanInfo> (0x00000000f366e408) 
thrown [./open/src/hotspot/share/classfile/systemDictionary.cpp, line 295]
Event: 9568.520 Thread 0x0000013322c8b0c0 Exception <a 'java/lang/ClassNotFoundException'{0x00000000f3674318}: build_7i0aglutcgdzob9udi193gt3nCustomizer> (0x00000000f3674318) 
thrown [./open/src/hotspot/share/classfile/systemDictionary.cpp, line 295]
Event: 9568.534 Thread 0x0000013322c8b0c0 Exception <a 'java/lang/ClassNotFoundException'{0x00000000f355d210}: build_7i0aglutcgdzob9udi193gt3n$_run_closure1BeanInfo> (0x00000000f355d210) 
thrown [./open/src/hotspot/share/classfile/systemDictionary.cpp, line 295]
Event: 9568.534 Thread 0x0000013322c8b0c0 Exception <a 'java/lang/ClassNotFoundException'{0x00000000f3565268}: build_7i0aglutcgdzob9udi193gt3n$_run_closure1Customizer> (0x00000000f3565268) 
thrown [./open/src/hotspot/share/classfile/systemDictionary.cpp, line 295]
Event: 9568.572 Thread 0x0000013322c8b0c0 Exception <a 'java/lang/ClassNotFoundException'{0x00000000f336f368}: build_8lovnsbil6pu3o7zcu62ncnhBeanInfo> (0x00000000f336f368) 
thrown [./open/src/hotspot/share/classfile/systemDictionary.cpp, line 295]
Event: 9568.572 Thread 0x0000013322c8b0c0 Exception <a 'java/lang/ClassNotFoundException'{0x00000000f3375258}: build_8lovnsbil6pu3o7zcu62ncnhCustomizer> (0x00000000f3375258) 
thrown [./open/src/hotspot/share/classfile/systemDictionary.cpp, line 295]
Event: 9568.596 Thread 0x0000013322c8b0c0 Exception <a 'java/lang/ClassNotFoundException'{0x00000000f325e070}: build_8lovnsbil6pu3o7zcu62ncnh$_run_closure1BeanInfo> (0x00000000f325e070) 
thrown [./open/src/hotspot/share/classfile/systemDictionary.cpp, line 295]
Event: 9568.596 Thread 0x0000013322c8b0c0 Exception <a 'java/lang/ClassNotFoundException'{0x00000000f32660a0}: build_8lovnsbil6pu3o7zcu62ncnh$_run_closure1Customizer> (0x00000000f32660a0) 
thrown [./open/src/hotspot/share/classfile/systemDictionary.cpp, line 295]
Event: 9568.639 Thread 0x0000013322c8b0c0 Exception <a 'java/lang/ClassNotFoundException'{0x00000000f306b2a8}: build_ahxvoopp12ufpiy2srp3maej6BeanInfo> (0x00000000f306b2a8) 
thrown [./open/src/hotspot/share/classfile/systemDictionary.cpp, line 295]
Event: 9568.640 Thread 0x0000013322c8b0c0 Exception <a 'java/lang/ClassNotFoundException'{0x00000000f30711b8}: build_ahxvoopp12ufpiy2srp3maej6Customizer> (0x00000000f30711b8) 
thrown [./open/src/hotspot/share/classfile/systemDictionary.cpp, line 295]
Event: 9568.654 Thread 0x0000013322c8b0c0 Exception <a 'java/lang/ClassNotFoundException'{0x00000000f2f56c60}: build_ahxvoopp12ufpiy2srp3maej6$_run_closure1BeanInfo> (0x00000000f2f56c60) 
thrown [./open/src/hotspot/share/classfile/systemDictionary.cpp, line 295]
Event: 9568.654 Thread 0x0000013322c8b0c0 Exception <a 'java/lang/ClassNotFoundException'{0x00000000f2f5ecb8}: build_ahxvoopp12ufpiy2srp3maej6$_run_closure1Customizer> (0x00000000f2f5ecb8) 
thrown [./open/src/hotspot/share/classfile/systemDictionary.cpp, line 295]

Events (20 events):
Event: 9569.795 Executing VM operation: ICBufferFull
Event: 9569.795 Executing VM operation: ICBufferFull done
Event: 9569.880 Executing VM operation: ICBufferFull
Event: 9569.880 Executing VM operation: ICBufferFull done
Event: 9570.000 Executing VM operation: ICBufferFull
Event: 9570.000 Executing VM operation: ICBufferFull done
Event: 9570.022 Executing VM operation: ICBufferFull
Event: 9570.023 Executing VM operation: ICBufferFull done
Event: 9570.045 Executing VM operation: ICBufferFull
Event: 9570.045 Executing VM operation: ICBufferFull done
Event: 9570.097 Executing VM operation: ICBufferFull
Event: 9570.097 Executing VM operation: ICBufferFull done
Event: 9570.102 Executing VM operation: ICBufferFull
Event: 9570.102 Executing VM operation: ICBufferFull done
Event: 9570.236 Executing VM operation: G1CollectForAllocation
Event: 9570.292 Executing VM operation: G1CollectForAllocation done
Event: 9570.521 Thread 0x00000133232fb6b0 Thread added: 0x00000133232fb6b0
Event: 9570.522 Thread 0x00000133232fc050 Thread added: 0x00000133232fc050
Event: 9570.522 Thread 0x00000133232fcec0 Thread added: 0x00000133232fcec0
Event: 9570.771 Executing VM operation: G1Concurrent


Dynamic libraries:
0x00007ff6c1410000 - 0x00007ff6c141f000 	C:\Program Files\Java\jdk-15.0.2\bin\java.exe
0x00007ffe08eb0000 - 0x00007ffe090a5000 	C:\WINDOWS\SYSTEM32\ntdll.dll
0x00007ffdd1d70000 - 0x00007ffdd1d82000 	C:\Program Files\AVAST Software\Avast\aswhook.dll
0x00007ffe07b70000 - 0x00007ffe07c2d000 	C:\WINDOWS\System32\KERNEL32.DLL
0x00007ffe06620000 - 0x00007ffe068e9000 	C:\WINDOWS\System32\KERNELBASE.dll
0x00007ffe069f0000 - 0x00007ffe06af0000 	C:\WINDOWS\System32\ucrtbase.dll
0x00007ffdf1db0000 - 0x00007ffdf1dc9000 	C:\Program Files\Java\jdk-15.0.2\bin\VCRUNTIME140.dll
0x00007ffdf1dd0000 - 0x00007ffdf1de8000 	C:\Program Files\Java\jdk-15.0.2\bin\jli.dll
0x00007ffe085b0000 - 0x00007ffe0865c000 	C:\WINDOWS\System32\ADVAPI32.dll
0x00007ffe06f40000 - 0x00007ffe06fde000 	C:\WINDOWS\System32\msvcrt.dll
0x00007ffe08510000 - 0x00007ffe085ac000 	C:\WINDOWS\System32\sechost.dll
0x00007ffe06fe0000 - 0x00007ffe0710b000 	C:\WINDOWS\System32\RPCRT4.dll
0x00007ffe074c0000 - 0x00007ffe07660000 	C:\WINDOWS\System32\USER32.dll
0x00007ffe065f0000 - 0x00007ffe06612000 	C:\WINDOWS\System32\win32u.dll
0x00007ffdd1170000 - 0x00007ffdd140a000 	C:\WINDOWS\WinSxS\amd64_microsoft.windows.common-controls_6595b64144ccf1df_6.0.19041.844_none_ca00b6081b84eb1d\COMCTL32.dll
0x00007ffe088d0000 - 0x00007ffe088fa000 	C:\WINDOWS\System32\GDI32.dll
0x00007ffe06b20000 - 0x00007ffe06c2b000 	C:\WINDOWS\System32\gdi32full.dll
0x00007ffe06c30000 - 0x00007ffe06ccd000 	C:\WINDOWS\System32\msvcp_win.dll
0x00007ffdfb6b0000 - 0x00007ffdfb6ba000 	C:\WINDOWS\SYSTEM32\VERSION.dll
0x00007ffe06f10000 - 0x00007ffe06f40000 	C:\WINDOWS\System32\IMM32.DLL
0x00007ffe004c0000 - 0x00007ffe004cc000 	C:\Program Files\Java\jdk-15.0.2\bin\vcruntime140_1.dll
0x00007ffdb7290000 - 0x00007ffdb7321000 	C:\Program Files\Java\jdk-15.0.2\bin\msvcp140.dll
0x00007ffda73b0000 - 0x00007ffda7f0e000 	C:\Program Files\Java\jdk-15.0.2\bin\server\jvm.dll
0x00007ffe086d0000 - 0x00007ffe086d8000 	C:\WINDOWS\System32\PSAPI.DLL
0x00007ffdddb30000 - 0x00007ffdddb57000 	C:\WINDOWS\SYSTEM32\WINMM.dll
0x00007ffdeff40000 - 0x00007ffdeff49000 	C:\WINDOWS\SYSTEM32\WSOCK32.dll
0x00007ffe08660000 - 0x00007ffe086cb000 	C:\WINDOWS\System32\WS2_32.dll
0x00007ffe04f00000 - 0x00007ffe04f12000 	C:\WINDOWS\SYSTEM32\kernel.appcore.dll
0x00007ffe004a0000 - 0x00007ffe004aa000 	C:\Program Files\Java\jdk-15.0.2\bin\jimage.dll
0x00007ffe04cb0000 - 0x00007ffe04e94000 	C:\WINDOWS\SYSTEM32\DBGHELP.DLL
0x00007ffdf5630000 - 0x00007ffdf565c000 	C:\WINDOWS\SYSTEM32\dbgcore.DLL
0x00007ffe06cd0000 - 0x00007ffe06d50000 	C:\WINDOWS\System32\bcryptPrimitives.dll
0x00007ffdbfb80000 - 0x00007ffdbfba5000 	C:\Program Files\Java\jdk-15.0.2\bin\java.dll
0x00007ffe07c30000 - 0x00007ffe08372000 	C:\WINDOWS\System32\SHELL32.dll
0x00007ffe043e0000 - 0x00007ffe04b70000 	C:\WINDOWS\SYSTEM32\windows.storage.dll
0x00007ffe08ab0000 - 0x00007ffe08e05000 	C:\WINDOWS\System32\combase.dll
0x00007ffe05ff0000 - 0x00007ffe0601c000 	C:\WINDOWS\SYSTEM32\Wldp.dll
0x00007ffe07370000 - 0x00007ffe0741e000 	C:\WINDOWS\System32\SHCORE.dll
0x00007ffe08e10000 - 0x00007ffe08e65000 	C:\WINDOWS\System32\shlwapi.dll
0x00007ffe06530000 - 0x00007ffe0654f000 	C:\WINDOWS\SYSTEM32\profapi.dll
0x00007ffdc9b00000 - 0x00007ffdc9b19000 	C:\Program Files\Java\jdk-15.0.2\bin\net.dll
0x00007ffdf3db0000 - 0x00007ffdf3ebc000 	C:\WINDOWS\SYSTEM32\WINHTTP.dll
0x00007ffe05d70000 - 0x00007ffe05dda000 	C:\WINDOWS\system32\mswsock.dll
0x00007ffdc0cd0000 - 0x00007ffdc0ce2000 	C:\Program Files\Java\jdk-15.0.2\bin\nio.dll
0x00007ffdc0ab0000 - 0x00007ffdc0ac8000 	C:\Program Files\Java\jdk-15.0.2\bin\zip.dll
0x00007ffdf86f0000 - 0x00007ffdf8700000 	C:\Program Files\Java\jdk-15.0.2\bin\verify.dll
0x00007ffdbfa60000 - 0x00007ffdbfa87000 	C:\Users\Abdullah\.gradle\native\c976cfcca226fdd4bee4412e95191dd41148b7504f9625baeda1d523bc39a967\windows-amd64\native-platform.dll
0x00007ffdfa120000 - 0x00007ffdfa129000 	C:\Program Files\Java\jdk-15.0.2\bin\management.dll
0x00007ffdf5660000 - 0x00007ffdf566b000 	C:\Program Files\Java\jdk-15.0.2\bin\management_ext.dll
0x00007ffe05f40000 - 0x00007ffe05f58000 	C:\WINDOWS\SYSTEM32\CRYPTSP.dll
0x00007ffe056b0000 - 0x00007ffe056e4000 	C:\WINDOWS\system32\rsaenh.dll
0x00007ffe06af0000 - 0x00007ffe06b17000 	C:\WINDOWS\System32\bcrypt.dll
0x00007ffe064b0000 - 0x00007ffe064de000 	C:\WINDOWS\SYSTEM32\USERENV.dll
0x00007ffe05f60000 - 0x00007ffe05f6c000 	C:\WINDOWS\SYSTEM32\CRYPTBASE.dll
0x00007ffe05a00000 - 0x00007ffe05a3b000 	C:\WINDOWS\SYSTEM32\IPHLPAPI.DLL
0x00007ffe07660000 - 0x00007ffe07668000 	C:\WINDOWS\System32\NSI.dll
0x00007ffe04bd0000 - 0x00007ffe04be7000 	C:\WINDOWS\SYSTEM32\dhcpcsvc6.DLL
0x00007ffe04bb0000 - 0x00007ffe04bcd000 	C:\WINDOWS\SYSTEM32\dhcpcsvc.DLL
0x00007ffe05a40000 - 0x00007ffe05b0b000 	C:\WINDOWS\SYSTEM32\DNSAPI.dll
0x00007ffdbd7b0000 - 0x00007ffdbd930000 	C:\Program Files\Java\jdk-15.0.2\bin\awt.dll
0x00007ffe086e0000 - 0x00007ffe087ad000 	C:\WINDOWS\System32\OLEAUT32.dll
0x00007ffe00310000 - 0x00007ffe003a0000 	C:\WINDOWS\SYSTEM32\apphelp.dll
0x00007ffe00540000 - 0x00007ffe005de000 	C:\WINDOWS\system32\uxtheme.dll
0x00007ffe087b0000 - 0x00007ffe088c5000 	C:\WINDOWS\System32\MSCTF.dll
0x00007ffe07110000 - 0x00007ffe0723a000 	C:\WINDOWS\System32\ole32.dll

dbghelp: loaded successfully - version: 4.0.5 - missing functions: none
symbol engine: initialized successfully - sym options: 0x614 - pdb path: .;C:\Program Files\Java\jdk-15.0.2\bin;C:\WINDOWS\SYSTEM32;C:\Program Files\AVAST Software\Avast;C:\WINDOWS\WinSxS\amd64_microsoft.windows.common-controls_6595b64144ccf1df_6.0.19041.844_none_ca00b6081b84eb1d;C:\Program Files\Java\jdk-15.0.2\bin\server;C:\Users\Abdullah\.gradle\native\c976cfcca226fdd4bee4412e95191dd41148b7504f9625baeda1d523bc39a967\windows-amd64

VM Arguments:
jvm_args: --add-opens=java.base/java.util=ALL-UNNAMED --add-opens=java.base/java.lang=ALL-UNNAMED --add-opens=java.base/java.lang.invoke=ALL-UNNAMED --add-opens=java.prefs/java.util.prefs=ALL-UNNAMED -XX:MaxMetaspaceSize=256m -XX:+HeapDumpOnOutOfMemoryError -Xms256m -Xmx512m -Dfile.encoding=windows-1252 -Duser.country=US -Duser.language=en -Duser.variant 
java_command: org.gradle.launcher.daemon.bootstrap.GradleDaemon 6.3
java_class_path (initial): C:\Users\Abdullah\.gradle\wrapper\dists\gradle-6.3-all\b4awcolw9l59x95tu1obfh9i8\gradle-6.3\lib\gradle-launcher-6.3.jar
Launcher Type: SUN_STANDARD

[Global flags]
     intx CICompilerCount                          = 3                                         {product} {ergonomic}
   size_t CompressedClassSpaceSize                 = 260046848                                 {product} {ergonomic}
     uint ConcGCThreads                            = 1                                         {product} {ergonomic}
     uint G1ConcRefinementThreads                  = 4                                         {product} {ergonomic}
   size_t G1HeapRegionSize                         = 1048576                                   {product} {ergonomic}
    uintx GCDrainStackTargetSize                   = 64                                        {product} {ergonomic}
     bool HeapDumpOnOutOfMemoryError               = true                                   {manageable} {command line}
   size_t InitialHeapSize                          = 268435456                                 {product} {command line}
   size_t MarkStackSize                            = 4194304                                   {product} {ergonomic}
   size_t MaxHeapSize                              = 536870912                                 {product} {command line}
   size_t MaxMetaspaceSize                         = 268435456                                 {product} {command line}
   size_t MaxNewSize                               = 321912832                                 {product} {ergonomic}
   size_t MinHeapDeltaBytes                        = 1048576                                   {product} {ergonomic}
   size_t MinHeapSize                              = 268435456                                 {product} {command line}
    uintx NonNMethodCodeHeapSize                   = 5832780                                {pd product} {ergonomic}
    uintx NonProfiledCodeHeapSize                  = 122912730                              {pd product} {ergonomic}
    uintx ProfiledCodeHeapSize                     = 122912730                              {pd product} {ergonomic}
    uintx ReservedCodeCacheSize                    = 251658240                              {pd product} {ergonomic}
     bool SegmentedCodeCache                       = true                                      {product} {ergonomic}
   size_t SoftMaxHeapSize                          = 536870912                              {manageable} {ergonomic}
     bool UseCompressedClassPointers               = true                                 {lp64_product} {ergonomic}
     bool UseCompressedOops                        = true                                 {lp64_product} {ergonomic}
     bool UseG1GC                                  = true                                      {product} {ergonomic}
     bool UseLargePagesIndividualAllocation        = false                                  {pd product} {ergonomic}

Logging:
Log output configuration:
 #0: stdout all=warning uptime,level,tags
 #1: stderr all=off uptime,level,tags

Environment Variables:
JAVA_HOME=C:\Program Files\Java\jdk-15.0.2
CLASSPATH=C:\Users\Abdullah\Desktop\reactnative\AwesomeProject\android\\gradle\wrapper\gradle-wrapper.jar
PATH=C:\Users\Abdullah\Desktop\reactnative\AwesomeProject\android\node_modules\.bin;C:\Users\Abdullah\Desktop\reactnative\AwesomeProject\node_modules\.bin;C:\Users\Abdullah\Desktop\reactnative\node_modules\.bin;C:\Users\Abdullah\Desktop\node_modules\.bin;C:\Users\Abdullah\node_modules\.bin;C:\Users\node_modules\.bin;C:\node_modules\.bin;C:\Program Files\nodejs;C:\Users\Abdullah\Desktop\reactnative\AwesomeProject\node_modules\.bin;C:\Program Files\Common Files\Oracle\Java\javapath;C:\ProgramData\Oracle\Java\javapath;C:\WINDOWS\system32;C:\WINDOWS;C:\WINDOWS\System32\Wbem;C:\WINDOWS\System32\WindowsPowerShell\v1.0\;E:\Program Files\MATLAB\MATLAB Production Server\R2015a\runtime\win64;E:\Program Files\MATLAB\MATLAB Production Server\R2015a\bin;C:\Program Files\MATLAB\MATLAB Production Server\R2015a\runtime\win64;C:\Program Files\MATLAB\MATLAB Production Server\R2015a\bin;C:\Program Files\MATLAB\MATLAB Production Server\R2015a\polyspace\bin;C:\WINDOWS\System32\OpenSSH\;E:\Program Files\MATLAB\MATLAB Production Server\R2015a\polyspace\bin;C:\Program Files\Git\cmd;C:\Program Files\Microsoft SQL Server\130\Tools\Binn\;C:\Program Files\Microsoft SQL Server\Client SDK\ODBC\170\Tools\Binn\;C:\Program Files\dotnet\;C:\Program Files\nodejs\;C:\Program Files\Microsoft SQL Server\Client SDK\ODBC\110\Tools\Binn\;C:\Program Files (x86)\Microsoft SQL Server\120\Tools\Binn\;C:\Program Files\Microsoft SQL Server\120\Tools\Binn\;C:\Program Files\Microsoft SQL Server\120\DTS\Binn\;C:\Program Files (x86)\Microsoft SQL Server\120\Tools\Binn\ManagementStudio\;C:\Program Files (x86)\Microsoft SQL Server\120\DTS\Binn\;D:\OpenSSL-Win64\bin;D:\Tesseract-OCR;C:\Program Files\Java\jdk-15.0.2\bin;C:\Users\Abdullah\AppData\Local\Microsoft\WindowsApps;C:\Users\Abdullah\AppData\Local\Programs\Microsoft VS Code\bin;C:\Users\Abdullah\AppData\Roaming\npm;C:\Program Files\heroku\bin;C:\Users\Abdullah\AppData\Local\Programs\Python\Python38-32\Scripts;C:\Users\Abdullah\AppData\Local\Programs\Python\Python38-
USERNAME=Abdullah
LANG=en_US.UTF-8
OS=Windows_NT
PROCESSOR_IDENTIFIER=Intel64 Family 6 Model 78 Stepping 3, GenuineIntel



---------------  S Y S T E M  ---------------

OS:
 Windows 10 , 64 bit Build 19041 (10.0.19041.804)
OS uptime: 26 days 19:08 hours

CPU: total 4 (initial active 4) (2 cores per cpu, 2 threads per core) family 6 model 78 stepping 3 microcode 0xd6, cmov, cx8, fxsr, mmx, sse, sse2, sse3, ssse3, sse4.1, sse4.2, popcnt, vzeroupper, avx, avx2, aes, clmul, erms, rtm, 3dnowpref, lzcnt, ht, tsc, tscinvbit, bmi1, bmi2, adx, fma, clflush, clflushopt

Memory: 4k page, system-wide physical 3992M (360M free)
TotalPageFile size 14644M (AvailPageFile size 12M)
current process WorkingSet (physical memory assigned to process): 492M, peak: 505M
current process commit charge ("private bytes"): 645M, peak: 726M

vm_info: Java HotSpot(TM) 64-Bit Server VM (15.0.2+7-27) for windows-amd64 JRE (15.0.2+7-27), built on Dec  7 2020 20:07:01 by "mach5one" with unknown MS VC++:1925

END.
